[2024-10-30T11:06:58.521+0000] {local_task_job_runner.py:120} INFO - ::group::Pre task execution logs
[2024-10-30T11:06:58.954+0000] {taskinstance.py:2076} INFO - Dependencies all met for dep_context=non-requeueable deps ti=<TaskInstance: Stock-Data-Pipeline.get_technical_indicators_s3 manual__2024-10-30T00:33:57.081828+00:00 [queued]>
[2024-10-30T11:06:59.042+0000] {taskinstance.py:2076} INFO - Dependencies all met for dep_context=requeueable deps ti=<TaskInstance: Stock-Data-Pipeline.get_technical_indicators_s3 manual__2024-10-30T00:33:57.081828+00:00 [queued]>
[2024-10-30T11:06:59.044+0000] {taskinstance.py:2306} INFO - Starting attempt 2 of 2
[2024-10-30T11:06:59.159+0000] {taskinstance.py:2330} INFO - Executing <Task(PythonOperator): get_technical_indicators_s3> on 2024-10-30 00:33:57.081828+00:00
[2024-10-30T11:06:59.249+0000] {logging_mixin.py:188} WARNING - /home/***/.local/lib/python3.12/site-packages/***/task/task_runner/standard_task_runner.py:61 DeprecationWarning: This process (pid=19904) is multi-threaded, use of fork() may lead to deadlocks in the child.
[2024-10-30T11:06:59.251+0000] {standard_task_runner.py:90} INFO - Running: ['***', 'tasks', 'run', 'Stock-Data-Pipeline', 'get_technical_indicators_s3', 'manual__2024-10-30T00:33:57.081828+00:00', '--job-id', '269', '--raw', '--subdir', 'DAGS_FOLDER/stock_data_pipeline.py', '--cfg-path', '/tmp/tmpo8txrsk1']
[2024-10-30T11:06:59.271+0000] {standard_task_runner.py:63} INFO - Started process 19966 to run task
[2024-10-30T11:06:59.275+0000] {standard_task_runner.py:91} INFO - Job 269: Subtask get_technical_indicators_s3
[2024-10-30T11:06:59.396+0000] {logging_mixin.py:188} WARNING - /home/***/.local/lib/python3.12/site-packages/***/settings.py:195 DeprecationWarning: The sql_alchemy_conn option in [core] has been moved to the sql_alchemy_conn option in [database] - the old setting has been used, but please update your config.
[2024-10-30T11:06:59.687+0000] {task_command.py:426} INFO - Running <TaskInstance: Stock-Data-Pipeline.get_technical_indicators_s3 manual__2024-10-30T00:33:57.081828+00:00 [running]> on host cf1c99cdc1a8
[2024-10-30T11:07:00.238+0000] {taskinstance.py:2648} INFO - Exporting env vars: AIRFLOW_CTX_DAG_OWNER='***' AIRFLOW_CTX_DAG_ID='Stock-Data-Pipeline' AIRFLOW_CTX_TASK_ID='get_technical_indicators_s3' AIRFLOW_CTX_EXECUTION_DATE='2024-10-30T00:33:57.081828+00:00' AIRFLOW_CTX_TRY_NUMBER='2' AIRFLOW_CTX_DAG_RUN_ID='manual__2024-10-30T00:33:57.081828+00:00'
[2024-10-30T11:07:00.255+0000] {taskinstance.py:430} INFO - ::endgroup::
[2024-10-30T11:07:00.379+0000] {logging_mixin.py:188} INFO - Downloading bronze/technical_indicators_data.parquet from S3
[2024-10-30T11:07:00.540+0000] {credentials.py:1147} INFO - Found credentials in environment variables.
[2024-10-30T11:07:09.022+0000] {python.py:237} INFO - Done. Returned value was:            date symbol       SMA       EMA       WMA      DEMA        T3
0    2000-01-14   AAPL    0.7472    0.7472    0.7679       NaN       NaN
1    2000-01-14   AMZN    4.2343    4.2343    4.3191       NaN       NaN
2    2000-01-14    IBM   54.5151   54.5151   56.3007       NaN       NaN
3    2000-01-14   MSFT   31.0721   31.0721   32.9764       NaN       NaN
4    2000-01-21   AAPL    0.7572    0.7498    0.7705       NaN       NaN
...         ...    ...       ...       ...       ...       ...       ...
6222 2024-10-28  GOOGL  162.8209  164.8753  163.9057  164.3533  163.9471
6223 2024-10-28    IBM  216.0040  215.6309  221.1849  228.1437  213.3045
6220 2024-10-28   AAPL  227.1020  226.9323  228.6140  233.2498  229.5555
6221 2024-10-28   AMZN  184.3195  185.4626  186.6287  188.2526  182.1488
6224 2024-10-28   MSFT  421.6150  422.8427  422.7774  422.7184  421.8436

[6225 rows x 7 columns]
[2024-10-30T11:07:09.050+0000] {taskinstance.py:441} INFO - ::group::Post task execution logs
[2024-10-30T11:07:09.182+0000] {taskinstance.py:1206} INFO - Marking task as SUCCESS. dag_id=Stock-Data-Pipeline, task_id=get_technical_indicators_s3, run_id=manual__2024-10-30T00:33:57.081828+00:00, execution_date=20241030T003357, start_date=20241030T110658, end_date=20241030T110709
[2024-10-30T11:07:09.446+0000] {local_task_job_runner.py:240} INFO - Task exited with return code 0
[2024-10-30T11:07:09.501+0000] {taskinstance.py:3503} INFO - 0 downstream tasks scheduled from follow-on schedule check
[2024-10-30T11:07:09.504+0000] {local_task_job_runner.py:222} INFO - ::endgroup::
