[2024-10-29T18:02:18.109+0000] {local_task_job_runner.py:120} INFO - ::group::Pre task execution logs
[2024-10-29T18:02:18.142+0000] {taskinstance.py:2076} INFO - Dependencies all met for dep_context=non-requeueable deps ti=<TaskInstance: join_and_feature_engineer_all_data.join_and_merge manual__2024-10-29T14:30:15.385142+00:00 [queued]>
[2024-10-29T18:02:18.153+0000] {taskinstance.py:2076} INFO - Dependencies all met for dep_context=requeueable deps ti=<TaskInstance: join_and_feature_engineer_all_data.join_and_merge manual__2024-10-29T14:30:15.385142+00:00 [queued]>
[2024-10-29T18:02:18.154+0000] {taskinstance.py:2306} INFO - Starting attempt 9 of 9
[2024-10-29T18:02:18.166+0000] {taskinstance.py:2330} INFO - Executing <Task(PythonOperator): join_and_merge> on 2024-10-29 14:30:15.385142+00:00
[2024-10-29T18:02:18.178+0000] {logging_mixin.py:188} WARNING - /home/***/.local/lib/python3.12/site-packages/***/task/task_runner/standard_task_runner.py:61 DeprecationWarning: This process (pid=3932) is multi-threaded, use of fork() may lead to deadlocks in the child.
[2024-10-29T18:02:18.180+0000] {standard_task_runner.py:63} INFO - Started process 3941 to run task
[2024-10-29T18:02:18.179+0000] {standard_task_runner.py:90} INFO - Running: ['***', 'tasks', 'run', 'join_and_feature_engineer_all_data', 'join_and_merge', 'manual__2024-10-29T14:30:15.385142+00:00', '--job-id', '231', '--raw', '--subdir', 'DAGS_FOLDER/stock_data_pipelines.py', '--cfg-path', '/tmp/tmpn6dvcmjx']
[2024-10-29T18:02:18.183+0000] {standard_task_runner.py:91} INFO - Job 231: Subtask join_and_merge
[2024-10-29T18:02:18.205+0000] {logging_mixin.py:188} WARNING - /home/***/.local/lib/python3.12/site-packages/***/settings.py:195 DeprecationWarning: The sql_alchemy_conn option in [core] has been moved to the sql_alchemy_conn option in [database] - the old setting has been used, but please update your config.
[2024-10-29T18:02:18.277+0000] {task_command.py:426} INFO - Running <TaskInstance: join_and_feature_engineer_all_data.join_and_merge manual__2024-10-29T14:30:15.385142+00:00 [running]> on host a5e3407ec3e4
[2024-10-29T18:02:18.393+0000] {taskinstance.py:2648} INFO - Exporting env vars: AIRFLOW_CTX_DAG_OWNER='***' AIRFLOW_CTX_DAG_ID='join_and_feature_engineer_all_data' AIRFLOW_CTX_TASK_ID='join_and_merge' AIRFLOW_CTX_EXECUTION_DATE='2024-10-29T14:30:15.385142+00:00' AIRFLOW_CTX_TRY_NUMBER='9' AIRFLOW_CTX_DAG_RUN_ID='manual__2024-10-29T14:30:15.385142+00:00'
[2024-10-29T18:02:18.395+0000] {taskinstance.py:430} INFO - ::endgroup::
[2024-10-29T18:02:18.474+0000] {logging_mixin.py:188} INFO - Empty DataFrame
Columns: [timestamp, open, high, low, close, volume, symbol, {]
Index: []
[2024-10-29T18:02:18.556+0000] {logging_mixin.py:188} INFO -   transaction_date ticker  ... shares share_price
0       2024-09-30    IBM  ...  396.0      221.08
1       2024-09-30    IBM  ...  250.0      221.08
2       2024-09-30    IBM  ...  453.0      221.08
3       2024-09-30    IBM  ...  357.0      221.08
4       2024-09-30    IBM  ...  419.0      221.08
5       2024-09-30    IBM  ...  396.0      221.08
6       2024-09-30    IBM  ...  396.0      221.08
7       2024-09-30    IBM  ...  396.0      221.08
8       2024-09-30    IBM  ...  419.0      221.08
9       2024-09-30    IBM  ...  250.0      221.08

[10 rows x 8 columns]
[2024-10-29T18:02:18.596+0000] {logging_mixin.py:188} INFO -         date symbol      SMA      EMA      WMA  DEMA  T3
0 2000-01-14   AAPL   0.7472   0.7472   0.7679   NaN NaN
1 2000-01-14   AMZN   4.2343   4.2343   4.3191   NaN NaN
2 2000-01-14    IBM  54.5151  54.5151  56.3007   NaN NaN
3 2000-01-14   MSFT  31.0721  31.0721  32.9764   NaN NaN
4 2000-01-21   AAPL   0.7572   0.7498   0.7705   NaN NaN
5 2000-01-21   AMZN   4.2274   4.0412   4.1260   NaN NaN
6 2000-01-21    IBM  56.0072  55.7270  57.5127   NaN NaN
7 2000-01-21   MSFT  31.9062  31.7033  33.6077   NaN NaN
8 2000-01-28   AAPL   0.7714   0.7621   0.7815   NaN NaN
9 2000-01-28   AMZN   4.1871   3.9206   3.9716   NaN NaN
[2024-10-29T18:02:18.627+0000] {python.py:237} INFO - Done. Returned value was: Empty DataFrame
Columns: [timestamp, open, high, low, close, volume, {, transaction_date, executive, executive_title, security_type, acquisition_or_disposal, shares, share_price, date, symbol, SMA, EMA, WMA, DEMA, T3]
Index: []
[2024-10-29T18:02:18.629+0000] {taskinstance.py:441} INFO - ::group::Post task execution logs
[2024-10-29T18:02:18.672+0000] {taskinstance.py:1206} INFO - Marking task as SUCCESS. dag_id=join_and_feature_engineer_all_data, task_id=join_and_merge, run_id=manual__2024-10-29T14:30:15.385142+00:00, execution_date=20241029T143015, start_date=20241029T180218, end_date=20241029T180218
[2024-10-29T18:02:18.717+0000] {local_task_job_runner.py:240} INFO - Task exited with return code 0
[2024-10-29T18:02:18.742+0000] {taskinstance.py:3503} INFO - 1 downstream tasks scheduled from follow-on schedule check
[2024-10-29T18:02:18.744+0000] {local_task_job_runner.py:222} INFO - ::endgroup::
