[2024-10-29T18:28:04.944+0000] {local_task_job_runner.py:120} INFO - ::group::Pre task execution logs
[2024-10-29T18:28:04.975+0000] {taskinstance.py:2076} INFO - Dependencies all met for dep_context=non-requeueable deps ti=<TaskInstance: join_and_feature_engineer_all_data.join_and_merge manual__2024-10-29T14:30:15.385142+00:00 [queued]>
[2024-10-29T18:28:04.982+0000] {taskinstance.py:2076} INFO - Dependencies all met for dep_context=requeueable deps ti=<TaskInstance: join_and_feature_engineer_all_data.join_and_merge manual__2024-10-29T14:30:15.385142+00:00 [queued]>
[2024-10-29T18:28:04.983+0000] {taskinstance.py:2306} INFO - Starting attempt 10 of 10
[2024-10-29T18:28:04.992+0000] {taskinstance.py:2330} INFO - Executing <Task(PythonOperator): join_and_merge> on 2024-10-29 14:30:15.385142+00:00
[2024-10-29T18:28:05.001+0000] {logging_mixin.py:188} WARNING - /home/***/.local/lib/python3.12/site-packages/***/task/task_runner/standard_task_runner.py:61 DeprecationWarning: This process (pid=5749) is multi-threaded, use of fork() may lead to deadlocks in the child.
[2024-10-29T18:28:05.003+0000] {standard_task_runner.py:63} INFO - Started process 5755 to run task
[2024-10-29T18:28:05.003+0000] {standard_task_runner.py:90} INFO - Running: ['***', 'tasks', 'run', 'join_and_feature_engineer_all_data', 'join_and_merge', 'manual__2024-10-29T14:30:15.385142+00:00', '--job-id', '242', '--raw', '--subdir', 'DAGS_FOLDER/stock_data_pipelines.py', '--cfg-path', '/tmp/tmpysm0w9i1']
[2024-10-29T18:28:05.006+0000] {standard_task_runner.py:91} INFO - Job 242: Subtask join_and_merge
[2024-10-29T18:28:05.026+0000] {logging_mixin.py:188} WARNING - /home/***/.local/lib/python3.12/site-packages/***/settings.py:195 DeprecationWarning: The sql_alchemy_conn option in [core] has been moved to the sql_alchemy_conn option in [database] - the old setting has been used, but please update your config.
[2024-10-29T18:28:05.070+0000] {task_command.py:426} INFO - Running <TaskInstance: join_and_feature_engineer_all_data.join_and_merge manual__2024-10-29T14:30:15.385142+00:00 [running]> on host a5e3407ec3e4
[2024-10-29T18:28:05.163+0000] {taskinstance.py:2648} INFO - Exporting env vars: AIRFLOW_CTX_DAG_OWNER='***' AIRFLOW_CTX_DAG_ID='join_and_feature_engineer_all_data' AIRFLOW_CTX_TASK_ID='join_and_merge' AIRFLOW_CTX_EXECUTION_DATE='2024-10-29T14:30:15.385142+00:00' AIRFLOW_CTX_TRY_NUMBER='10' AIRFLOW_CTX_DAG_RUN_ID='manual__2024-10-29T14:30:15.385142+00:00'
[2024-10-29T18:28:05.165+0000] {taskinstance.py:430} INFO - ::endgroup::
[2024-10-29T18:28:05.231+0000] {logging_mixin.py:188} INFO -     timestamp    open     high      low   close   volume symbol
99 2024-06-06  167.38  168.440  166.800  168.20  2207263    IBM
98 2024-06-07  168.18  171.305  168.060  170.01  3475495    IBM
97 2024-06-10  169.55  170.760  168.880  170.38  3444684    IBM
96 2024-06-11  169.98  170.000  166.810  169.32  2951251    IBM
95 2024-06-12  171.35  172.470  168.101  169.00  3522698    IBM
94 2024-06-13  169.01  169.590  168.335  169.12  3525717    IBM
93 2024-06-14  168.29  169.470  167.230  169.21  2777717    IBM
92 2024-06-17  168.76  169.720  167.500  169.50  3239815    IBM
91 2024-06-18  170.00  170.750  168.380  170.55  3386442    IBM
90 2024-06-20  174.08  174.280  171.220  173.92  4723078    IBM
[2024-10-29T18:28:05.287+0000] {logging_mixin.py:188} INFO -   transaction_date ticker  ... shares share_price
0       2024-09-30    IBM  ...  396.0      221.08
1       2024-09-30    IBM  ...  250.0      221.08
2       2024-09-30    IBM  ...  453.0      221.08
3       2024-09-30    IBM  ...  357.0      221.08
4       2024-09-30    IBM  ...  419.0      221.08
5       2024-09-30    IBM  ...  396.0      221.08
6       2024-09-30    IBM  ...  396.0      221.08
7       2024-09-30    IBM  ...  396.0      221.08
8       2024-09-30    IBM  ...  419.0      221.08
9       2024-09-30    IBM  ...  250.0      221.08

[10 rows x 8 columns]
[2024-10-29T18:28:05.325+0000] {logging_mixin.py:188} INFO -         date symbol      SMA      EMA      WMA  DEMA  T3
0 2000-01-14   AAPL   0.7472   0.7472   0.7679   NaN NaN
1 2000-01-14   AMZN   4.2343   4.2343   4.3191   NaN NaN
2 2000-01-14    IBM  54.5151  54.5151  56.3007   NaN NaN
3 2000-01-14   MSFT  31.0721  31.0721  32.9764   NaN NaN
4 2000-01-21   AAPL   0.7572   0.7498   0.7705   NaN NaN
5 2000-01-21   AMZN   4.2274   4.0412   4.1260   NaN NaN
6 2000-01-21    IBM  56.0072  55.7270  57.5127   NaN NaN
7 2000-01-21   MSFT  31.9062  31.7033  33.6077   NaN NaN
8 2000-01-28   AAPL   0.7714   0.7621   0.7815   NaN NaN
9 2000-01-28   AMZN   4.1871   3.9206   3.9716   NaN NaN
[2024-10-29T18:28:05.361+0000] {python.py:237} INFO - Done. Returned value was:     timestamp    open     high      low  ...       EMA       WMA      DEMA        T3
0  2024-06-06  167.38  168.440  166.800  ...  170.9446  169.0373  167.3198  179.8414
1  2024-06-07  168.18  171.305  168.060  ...  170.9446  169.0373  167.3198  179.8414
2  2024-06-10  169.55  170.760  168.880  ...       NaN       NaN       NaN       NaN
3  2024-06-11  169.98  170.000  166.810  ...       NaN       NaN       NaN       NaN
4  2024-06-12  171.35  172.470  168.101  ...       NaN       NaN       NaN       NaN
..        ...     ...      ...      ...  ...       ...       ...       ...       ...
95 2024-10-22  231.99  232.970  230.670  ...       NaN       NaN       NaN       NaN
96 2024-10-23  230.41  233.340  230.260  ...       NaN       NaN       NaN       NaN
97 2024-10-24  220.80  221.320  216.160  ...  215.6600  220.8827  230.9825  209.0509
98 2024-10-25  216.80  218.650  214.385  ...  215.6600  220.8827  230.9825  209.0509
99 2024-10-28  215.50  216.250  212.700  ...  215.6309  221.1849  228.1437  213.3045

[100 rows x 20 columns]
[2024-10-29T18:28:05.377+0000] {taskinstance.py:441} INFO - ::group::Post task execution logs
[2024-10-29T18:28:05.414+0000] {taskinstance.py:1206} INFO - Marking task as SUCCESS. dag_id=join_and_feature_engineer_all_data, task_id=join_and_merge, run_id=manual__2024-10-29T14:30:15.385142+00:00, execution_date=20241029T143015, start_date=20241029T182804, end_date=20241029T182805
[2024-10-29T18:28:05.460+0000] {local_task_job_runner.py:240} INFO - Task exited with return code 0
[2024-10-29T18:28:05.487+0000] {taskinstance.py:3503} INFO - 1 downstream tasks scheduled from follow-on schedule check
[2024-10-29T18:28:05.489+0000] {local_task_job_runner.py:222} INFO - ::endgroup::
