[2024-10-29T17:40:48.054+0000] {local_task_job_runner.py:120} INFO - ::group::Pre task execution logs
[2024-10-29T17:40:48.096+0000] {taskinstance.py:2076} INFO - Dependencies all met for dep_context=non-requeueable deps ti=<TaskInstance: join_and_feature_engineer_all_data.join_and_merge manual__2024-10-29T14:30:15.385142+00:00 [queued]>
[2024-10-29T17:40:48.105+0000] {taskinstance.py:2076} INFO - Dependencies all met for dep_context=requeueable deps ti=<TaskInstance: join_and_feature_engineer_all_data.join_and_merge manual__2024-10-29T14:30:15.385142+00:00 [queued]>
[2024-10-29T17:40:48.106+0000] {taskinstance.py:2306} INFO - Starting attempt 8 of 8
[2024-10-29T17:40:48.116+0000] {taskinstance.py:2330} INFO - Executing <Task(PythonOperator): join_and_merge> on 2024-10-29 14:30:15.385142+00:00
[2024-10-29T17:40:48.130+0000] {logging_mixin.py:188} WARNING - /home/***/.local/lib/python3.12/site-packages/***/task/task_runner/standard_task_runner.py:61 DeprecationWarning: This process (pid=2396) is multi-threaded, use of fork() may lead to deadlocks in the child.
[2024-10-29T17:40:48.133+0000] {standard_task_runner.py:63} INFO - Started process 2401 to run task
[2024-10-29T17:40:48.133+0000] {standard_task_runner.py:90} INFO - Running: ['***', 'tasks', 'run', 'join_and_feature_engineer_all_data', 'join_and_merge', 'manual__2024-10-29T14:30:15.385142+00:00', '--job-id', '226', '--raw', '--subdir', 'DAGS_FOLDER/stock_data_pipelines.py', '--cfg-path', '/tmp/tmpgrck2ppv']
[2024-10-29T17:40:48.138+0000] {standard_task_runner.py:91} INFO - Job 226: Subtask join_and_merge
[2024-10-29T17:40:48.163+0000] {logging_mixin.py:188} WARNING - /home/***/.local/lib/python3.12/site-packages/***/settings.py:195 DeprecationWarning: The sql_alchemy_conn option in [core] has been moved to the sql_alchemy_conn option in [database] - the old setting has been used, but please update your config.
[2024-10-29T17:40:48.227+0000] {task_command.py:426} INFO - Running <TaskInstance: join_and_feature_engineer_all_data.join_and_merge manual__2024-10-29T14:30:15.385142+00:00 [running]> on host a5e3407ec3e4
[2024-10-29T17:40:48.323+0000] {taskinstance.py:2648} INFO - Exporting env vars: AIRFLOW_CTX_DAG_OWNER='***' AIRFLOW_CTX_DAG_ID='join_and_feature_engineer_all_data' AIRFLOW_CTX_TASK_ID='join_and_merge' AIRFLOW_CTX_EXECUTION_DATE='2024-10-29T14:30:15.385142+00:00' AIRFLOW_CTX_TRY_NUMBER='8' AIRFLOW_CTX_DAG_RUN_ID='manual__2024-10-29T14:30:15.385142+00:00'
[2024-10-29T17:40:48.325+0000] {taskinstance.py:430} INFO - ::endgroup::
[2024-10-29T17:40:48.540+0000] {python.py:237} INFO - Done. Returned value was: Empty DataFrame
Columns: [timestamp, open, high, low, close, volume, {, transaction_date, executive, executive_title, security_type, acquisition_or_disposal, shares, share_price, date, symbol, SMA, EMA, WMA, DEMA, T3]
Index: []
[2024-10-29T17:40:48.542+0000] {taskinstance.py:441} INFO - ::group::Post task execution logs
[2024-10-29T17:40:48.579+0000] {taskinstance.py:1206} INFO - Marking task as SUCCESS. dag_id=join_and_feature_engineer_all_data, task_id=join_and_merge, run_id=manual__2024-10-29T14:30:15.385142+00:00, execution_date=20241029T143015, start_date=20241029T174048, end_date=20241029T174048
[2024-10-29T17:40:48.633+0000] {local_task_job_runner.py:240} INFO - Task exited with return code 0
[2024-10-29T17:40:48.656+0000] {taskinstance.py:3503} INFO - 1 downstream tasks scheduled from follow-on schedule check
[2024-10-29T17:40:48.658+0000] {local_task_job_runner.py:222} INFO - ::endgroup::
