[2024-10-28T18:30:11.491+0000] {local_task_job_runner.py:120} INFO - ::group::Pre task execution logs
[2024-10-28T18:30:11.524+0000] {taskinstance.py:2076} INFO - Dependencies all met for dep_context=non-requeueable deps ti=<TaskInstance: fetch_and_clean_technical_indicators_data.clean_technical_indicators_data manual__2024-10-28T18:18:35.942088+00:00 [queued]>
[2024-10-28T18:30:11.531+0000] {taskinstance.py:2076} INFO - Dependencies all met for dep_context=requeueable deps ti=<TaskInstance: fetch_and_clean_technical_indicators_data.clean_technical_indicators_data manual__2024-10-28T18:18:35.942088+00:00 [queued]>
[2024-10-28T18:30:11.532+0000] {taskinstance.py:2306} INFO - Starting attempt 4 of 4
[2024-10-28T18:30:11.541+0000] {taskinstance.py:2330} INFO - Executing <Task(PythonOperator): clean_technical_indicators_data> on 2024-10-28 18:18:35.942088+00:00
[2024-10-28T18:30:11.553+0000] {logging_mixin.py:188} WARNING - /home/***/.local/lib/python3.12/site-packages/***/task/task_runner/standard_task_runner.py:61 DeprecationWarning: This process (pid=8347) is multi-threaded, use of fork() may lead to deadlocks in the child.
[2024-10-28T18:30:11.556+0000] {standard_task_runner.py:63} INFO - Started process 8349 to run task
[2024-10-28T18:30:11.554+0000] {standard_task_runner.py:90} INFO - Running: ['***', 'tasks', 'run', 'fetch_and_clean_technical_indicators_data', 'clean_technical_indicators_data', 'manual__2024-10-28T18:18:35.942088+00:00', '--job-id', '79', '--raw', '--subdir', 'DAGS_FOLDER/stock_data_pipelines.py', '--cfg-path', '/tmp/tmpm2y17onj']
[2024-10-28T18:30:11.558+0000] {standard_task_runner.py:91} INFO - Job 79: Subtask clean_technical_indicators_data
[2024-10-28T18:30:11.579+0000] {logging_mixin.py:188} WARNING - /home/***/.local/lib/python3.12/site-packages/***/settings.py:195 DeprecationWarning: The sql_alchemy_conn option in [core] has been moved to the sql_alchemy_conn option in [database] - the old setting has been used, but please update your config.
[2024-10-28T18:30:11.632+0000] {task_command.py:426} INFO - Running <TaskInstance: fetch_and_clean_technical_indicators_data.clean_technical_indicators_data manual__2024-10-28T18:18:35.942088+00:00 [running]> on host 66a068bd0545
[2024-10-28T18:30:11.742+0000] {taskinstance.py:2648} INFO - Exporting env vars: AIRFLOW_CTX_DAG_OWNER='***' AIRFLOW_CTX_DAG_ID='fetch_and_clean_technical_indicators_data' AIRFLOW_CTX_TASK_ID='clean_technical_indicators_data' AIRFLOW_CTX_EXECUTION_DATE='2024-10-28T18:18:35.942088+00:00' AIRFLOW_CTX_TRY_NUMBER='4' AIRFLOW_CTX_DAG_RUN_ID='manual__2024-10-28T18:18:35.942088+00:00'
[2024-10-28T18:30:11.744+0000] {taskinstance.py:430} INFO - ::endgroup::
[2024-10-28T18:30:11.813+0000] {logging_mixin.py:188} INFO - Warning: DataFrame contains missing values.
[2024-10-28T18:30:11.816+0000] {logging_mixin.py:188} INFO - Warning: Column 'SMA' is not numeric.
[2024-10-28T18:30:11.818+0000] {logging_mixin.py:188} INFO - Warning: Column 'EMA' is not numeric.
[2024-10-28T18:30:11.820+0000] {logging_mixin.py:188} INFO - Warning: Column 'DEMA' is not numeric.
[2024-10-28T18:30:11.821+0000] {logging_mixin.py:188} INFO - Warning: Column 'T3' is not numeric.
[2024-10-28T18:30:11.827+0000] {python.py:237} INFO - Done. Returned value was:            date symbol       SMA       EMA       WMA      DEMA        T3
0    2000-01-14    IBM   54.5151   54.5151   56.3007       NaN       NaN
1    2000-01-21    IBM   56.0072   55.7270   57.5127       NaN       NaN
2    2000-01-28    IBM   57.3296   56.9212   58.6559       NaN       NaN
3    2000-02-04    IBM   57.6296   56.9224   58.5828       NaN       NaN
4    2000-02-11    IBM   58.1950   57.3537   58.8855       NaN       NaN
...         ...    ...       ...       ...       ...       ...       ...
1289 2024-09-27    IBM  197.5098  199.6566  203.1946  211.7622  191.5116
1290 2024-10-04    IBM  201.3934  203.4736  207.4020  216.5012  195.5050
1291 2024-10-11    IBM  204.7804  207.4565  211.7632  221.3743  199.7742
1292 2024-10-18    IBM  209.8420  212.2044  216.9976  227.4764  204.3517
1293 2024-10-25    IBM  213.8380  215.6600  220.8827  230.9825  209.0509

[1294 rows x 7 columns]
[2024-10-28T18:30:11.839+0000] {taskinstance.py:441} INFO - ::group::Post task execution logs
[2024-10-28T18:30:11.892+0000] {taskinstance.py:1206} INFO - Marking task as SUCCESS. dag_id=fetch_and_clean_technical_indicators_data, task_id=clean_technical_indicators_data, run_id=manual__2024-10-28T18:18:35.942088+00:00, execution_date=20241028T181835, start_date=20241028T183011, end_date=20241028T183011
[2024-10-28T18:30:11.931+0000] {local_task_job_runner.py:240} INFO - Task exited with return code 0
[2024-10-28T18:30:11.954+0000] {taskinstance.py:3503} INFO - 1 downstream tasks scheduled from follow-on schedule check
[2024-10-28T18:30:11.956+0000] {local_task_job_runner.py:222} INFO - ::endgroup::
