[2024-10-28T21:49:29.133+0000] {local_task_job_runner.py:120} INFO - ::group::Pre task execution logs
[2024-10-28T21:49:29.159+0000] {taskinstance.py:2076} INFO - Dependencies all met for dep_context=non-requeueable deps ti=<TaskInstance: fetch_and_clean_news_sentiment_data.fetch_news_sentiment_data manual__2024-10-28T21:29:07.834630+00:00 [queued]>
[2024-10-28T21:49:29.164+0000] {taskinstance.py:2076} INFO - Dependencies all met for dep_context=requeueable deps ti=<TaskInstance: fetch_and_clean_news_sentiment_data.fetch_news_sentiment_data manual__2024-10-28T21:29:07.834630+00:00 [queued]>
[2024-10-28T21:49:29.167+0000] {taskinstance.py:2306} INFO - Starting attempt 2 of 2
[2024-10-28T21:49:29.175+0000] {taskinstance.py:2330} INFO - Executing <Task(PythonOperator): fetch_news_sentiment_data> on 2024-10-28 21:29:07.834630+00:00
[2024-10-28T21:49:29.183+0000] {logging_mixin.py:188} WARNING - /home/***/.local/lib/python3.12/site-packages/***/task/task_runner/standard_task_runner.py:61 DeprecationWarning: This process (pid=20327) is multi-threaded, use of fork() may lead to deadlocks in the child.
[2024-10-28T21:49:29.185+0000] {standard_task_runner.py:63} INFO - Started process 20336 to run task
[2024-10-28T21:49:29.185+0000] {standard_task_runner.py:90} INFO - Running: ['***', 'tasks', 'run', 'fetch_and_clean_news_sentiment_data', 'fetch_news_sentiment_data', 'manual__2024-10-28T21:29:07.834630+00:00', '--job-id', '89', '--raw', '--subdir', 'DAGS_FOLDER/stock_data_pipelines.py', '--cfg-path', '/tmp/tmpkn5xfhyd']
[2024-10-28T21:49:29.188+0000] {standard_task_runner.py:91} INFO - Job 89: Subtask fetch_news_sentiment_data
[2024-10-28T21:49:29.206+0000] {logging_mixin.py:188} WARNING - /home/***/.local/lib/python3.12/site-packages/***/settings.py:195 DeprecationWarning: The sql_alchemy_conn option in [core] has been moved to the sql_alchemy_conn option in [database] - the old setting has been used, but please update your config.
[2024-10-28T21:49:29.255+0000] {task_command.py:426} INFO - Running <TaskInstance: fetch_and_clean_news_sentiment_data.fetch_news_sentiment_data manual__2024-10-28T21:29:07.834630+00:00 [running]> on host 66a068bd0545
[2024-10-28T21:49:29.328+0000] {taskinstance.py:2648} INFO - Exporting env vars: AIRFLOW_CTX_DAG_OWNER='***' AIRFLOW_CTX_DAG_ID='fetch_and_clean_news_sentiment_data' AIRFLOW_CTX_TASK_ID='fetch_news_sentiment_data' AIRFLOW_CTX_EXECUTION_DATE='2024-10-28T21:29:07.834630+00:00' AIRFLOW_CTX_TRY_NUMBER='2' AIRFLOW_CTX_DAG_RUN_ID='manual__2024-10-28T21:29:07.834630+00:00'
[2024-10-28T21:49:29.330+0000] {taskinstance.py:430} INFO - ::endgroup::
[2024-10-28T21:49:30.228+0000] {python.py:237} INFO - Done. Returned value was:                                                 title  ...                                   ticker_sentiment
0   Why NextEra Energy Stock Is Moving Lower After...  ...  [{'ticker': 'PGPGF', 'relevance_score': '0.147...
1   Bitcoin Up 2%, Dogecoin Surges 11%: Crypto Mar...  ...  [{'ticker': 'CLSK', 'relevance_score': '0.0986...
2   EyePoint Pharmaceuticals Announces Proposed Pu...  ...  [{'ticker': 'BR', 'relevance_score': '0.058903...
3   TransMedics Group Stock Sinks On Q3 Earnings: ...  ...  [{'ticker': 'TMDX', 'relevance_score': '0.7698...
4   CVR Energy Reports Third Quarter 2024 Results ...  ...  [{'ticker': 'CVI', 'relevance_score': '0.20009...
5   Glancy Prongay & Murray LLP Reminds Investors ...  ...  [{'ticker': 'META', 'relevance_score': '0.0532...
6   Byline Bank Named a 2024 Best Workplace in Ill...  ...  [{'ticker': 'META', 'relevance_score': '0.0688...
7   If You Invested $100 In This Stock 5 Years Ago...  ...  [{'ticker': 'FERG', 'relevance_score': '0.9545...
8   $1000 Invested In This Stock 5 Years Ago Would...  ...  [{'ticker': 'TMDX', 'relevance_score': '0.9545...
9   Prediction markets without funding friction: K...  ...  [{'ticker': 'APG', 'relevance_score': '0.02900...
10  Symbotic Announces Date for Reporting Fourth Q...  ...  [{'ticker': 'WMGTF', 'relevance_score': '0.147...
11  Dogecoin Price Pumps After Elon Musk Shares D....  ...  [{'ticker': 'TSLA', 'relevance_score': '0.1152...
12  VF Corp Q2 Earnings: Revenue Beat, EPS Beat, C...  ...  [{'ticker': 'VFC', 'relevance_score': '0.61842...
13  Glancy Prongay & Murray LLP Reminds Investors ...  ...  [{'ticker': 'MRNA', 'relevance_score': '0.1529...
14  This Is What Whales Are Betting On Walmart - W...  ...  [{'ticker': 'WMT', 'relevance_score': '0.85054...
15  This Is What Whales Are Betting On Marvell Tec...  ...  [{'ticker': 'C', 'relevance_score': '0.094762'...
16  Looking At Las Vegas Sands's Recent Unusual Op...  ...  [{'ticker': 'LVS', 'relevance_score': '0.78237...
17  Ring Energy Announces Timing of Third Quarter ...  ...                                                 []
18  Ring Energy Announces Timing of Third Quarter ...  ...                                                 []
19  Kamala Harris Connects With Gamers Via Fortnit...  ...  [{'ticker': 'GOOG', 'relevance_score': '0.0911...
20  BEN BREAKING NEWS: Franklin Resources, Inc. In...  ...  [{'ticker': 'META', 'relevance_score': '0.0761...
21  Spartan Capital Securities, LLC Serves as Sole...  ...  [{'ticker': 'HCSG', 'relevance_score': '0.1169...
22  Advisory: Fortis Inc. to Hold Teleconference o...  ...  [{'ticker': 'FTS', 'relevance_score': '0.74239...
23  Ford Q3 Earnings: Revenue Beat, EPS Beat, EV S...  ...  [{'ticker': 'F', 'relevance_score': '0.262052'...
24  Navajo Power Home Delivers Affordable Clean En...  ...                                                 []
25  A Look Into Flex Inc's Price Over Earnings - F...  ...                                                 []
26  Here's How Much You Would Have Made Owning Ste...  ...  [{'ticker': 'STRL', 'relevance_score': '0.9545...
27  Bullish Monday For Marijuana Stocks - Greenlan...  ...  [{'ticker': 'MGWFF', 'relevance_score': '0.258...
28                           FactSet to Acquire Irwin  ...                                                 []
29         Interpublic Declares Common Stock Dividend  ...                                                 []
30  NEO Battery Materials Announces Closing of Non...  ...                                                 []
31  NewAmsterdam Pharma to Participate in Upcoming...  ...  [{'ticker': 'NAMS', 'relevance_score': '0.3564...
32  NewAmsterdam Pharma to Participate in Upcoming...  ...  [{'ticker': 'NAMS', 'relevance_score': '0.3310...
33  USCB Financial Holdings, Inc. Declares Quarter...  ...  [{'ticker': 'USCB', 'relevance_score': '0.5411...
34  Interpublic Declares Common Stock Dividend - I...  ...                                                 []
35  Inspirato Announces Third Quarter Financial an...  ...  [{'ticker': 'META', 'relevance_score': '0.0160...
36  FactSet to Acquire Irwin - FactSet Research Sy...  ...                                                 []
37  USCB Financial Holdings, Inc. Declares Quarter...  ...  [{'ticker': 'USCB', 'relevance_score': '0.5356...
38  Nokia Corporation: Repurchase of own shares on...  ...  [{'ticker': 'NOK', 'relevance_score': '0.85664...
39  Origin Bancorp, Inc. Appoints Cecil Jones to B...  ...  [{'ticker': 'OBK', 'relevance_score': '0.36338...
40  Origin Bancorp, Inc. Appoints Cecil Jones to B...  ...  [{'ticker': 'OBK', 'relevance_score': '0.40950...
41  CPS Technologies Corp. Conference Call Notific...  ...  [{'ticker': 'CPSH', 'relevance_score': '0.2149...
42  Alphabet Bulls Charge Ahead Of Q3: Will Meta's...  ...  [{'ticker': 'GOOG', 'relevance_score': '0.4257...
43  AMD Q3 Earnings On Deck: Mixed Signals On Char...  ...  [{'ticker': 'AMD', 'relevance_score': '0.86638...
44  CRTC approves Google's application and paves w...  ...  [{'ticker': 'GOOG', 'relevance_score': '0.4131...
45  Coinbase to sponsor NBA team in aftermath of F...  ...  [{'ticker': 'BORUF', 'relevance_score': '0.110...
46  Jamie Dimon Rips 'Stupid Calculations' In Prop...  ...                                                 []
47  APA Corporation Appoints Kenneth Fisher to Boa...  ...  [{'ticker': 'APA', 'relevance_score': '0.53348...
48  APA Corporation Appoints Kenneth Fisher to Boa...  ...  [{'ticker': 'APA', 'relevance_score': '0.59796...
49  PROCEPT BioRobotics Corporation Announces Prop...  ...  [{'ticker': 'MS', 'relevance_score': '0.110209...

[50 rows x 13 columns]
[2024-10-28T21:49:30.266+0000] {taskinstance.py:441} INFO - ::group::Post task execution logs
[2024-10-28T21:49:30.314+0000] {taskinstance.py:1206} INFO - Marking task as SUCCESS. dag_id=fetch_and_clean_news_sentiment_data, task_id=fetch_news_sentiment_data, run_id=manual__2024-10-28T21:29:07.834630+00:00, execution_date=20241028T212907, start_date=20241028T214929, end_date=20241028T214930
[2024-10-28T21:49:30.356+0000] {local_task_job_runner.py:240} INFO - Task exited with return code 0
[2024-10-28T21:49:30.375+0000] {taskinstance.py:3503} INFO - 1 downstream tasks scheduled from follow-on schedule check
[2024-10-28T21:49:30.377+0000] {local_task_job_runner.py:222} INFO - ::endgroup::
