[2024-10-28T18:24:56.539+0000] {local_task_job_runner.py:120} INFO - ::group::Pre task execution logs
[2024-10-28T18:24:56.571+0000] {taskinstance.py:2076} INFO - Dependencies all met for dep_context=non-requeueable deps ti=<TaskInstance: fetch_and_clean_technical_indicators_data.store_technical_indicators_data_s3 manual__2024-10-28T18:18:35.942088+00:00 [queued]>
[2024-10-28T18:24:56.578+0000] {taskinstance.py:2076} INFO - Dependencies all met for dep_context=requeueable deps ti=<TaskInstance: fetch_and_clean_technical_indicators_data.store_technical_indicators_data_s3 manual__2024-10-28T18:18:35.942088+00:00 [queued]>
[2024-10-28T18:24:56.579+0000] {taskinstance.py:2306} INFO - Starting attempt 2 of 2
[2024-10-28T18:24:56.588+0000] {taskinstance.py:2330} INFO - Executing <Task(PythonOperator): store_technical_indicators_data_s3> on 2024-10-28 18:18:35.942088+00:00
[2024-10-28T18:24:56.596+0000] {logging_mixin.py:188} WARNING - /home/***/.local/lib/python3.12/site-packages/***/task/task_runner/standard_task_runner.py:61 DeprecationWarning: This process (pid=7940) is multi-threaded, use of fork() may lead to deadlocks in the child.
[2024-10-28T18:24:56.597+0000] {standard_task_runner.py:63} INFO - Started process 7949 to run task
[2024-10-28T18:24:56.597+0000] {standard_task_runner.py:90} INFO - Running: ['***', 'tasks', 'run', 'fetch_and_clean_technical_indicators_data', 'store_technical_indicators_data_s3', 'manual__2024-10-28T18:18:35.942088+00:00', '--job-id', '71', '--raw', '--subdir', 'DAGS_FOLDER/stock_data_pipelines.py', '--cfg-path', '/tmp/tmpqywwi9r9']
[2024-10-28T18:24:56.601+0000] {standard_task_runner.py:91} INFO - Job 71: Subtask store_technical_indicators_data_s3
[2024-10-28T18:24:56.619+0000] {logging_mixin.py:188} WARNING - /home/***/.local/lib/python3.12/site-packages/***/settings.py:195 DeprecationWarning: The sql_alchemy_conn option in [core] has been moved to the sql_alchemy_conn option in [database] - the old setting has been used, but please update your config.
[2024-10-28T18:24:56.663+0000] {task_command.py:426} INFO - Running <TaskInstance: fetch_and_clean_technical_indicators_data.store_technical_indicators_data_s3 manual__2024-10-28T18:18:35.942088+00:00 [running]> on host 66a068bd0545
[2024-10-28T18:24:56.760+0000] {taskinstance.py:2648} INFO - Exporting env vars: AIRFLOW_CTX_DAG_OWNER='***' AIRFLOW_CTX_DAG_ID='fetch_and_clean_technical_indicators_data' AIRFLOW_CTX_TASK_ID='store_technical_indicators_data_s3' AIRFLOW_CTX_EXECUTION_DATE='2024-10-28T18:18:35.942088+00:00' AIRFLOW_CTX_TRY_NUMBER='2' AIRFLOW_CTX_DAG_RUN_ID='manual__2024-10-28T18:18:35.942088+00:00'
[2024-10-28T18:24:56.762+0000] {taskinstance.py:430} INFO - ::endgroup::
[2024-10-28T18:24:56.910+0000] {credentials.py:1147} INFO - Found credentials in environment variables.
[2024-10-28T18:24:59.832+0000] {python.py:237} INFO - Done. Returned value was: None
[2024-10-28T18:24:59.836+0000] {taskinstance.py:441} INFO - ::group::Post task execution logs
[2024-10-28T18:24:59.865+0000] {taskinstance.py:1206} INFO - Marking task as SUCCESS. dag_id=fetch_and_clean_technical_indicators_data, task_id=store_technical_indicators_data_s3, run_id=manual__2024-10-28T18:18:35.942088+00:00, execution_date=20241028T181835, start_date=20241028T182456, end_date=20241028T182459
[2024-10-28T18:24:59.939+0000] {local_task_job_runner.py:240} INFO - Task exited with return code 0
[2024-10-28T18:24:59.958+0000] {taskinstance.py:3503} INFO - 0 downstream tasks scheduled from follow-on schedule check
[2024-10-28T18:24:59.960+0000] {local_task_job_runner.py:222} INFO - ::endgroup::
