[2024-10-31T12:46:17.981+0000] {processor.py:161} INFO - Started process (PID=52423) to work on /opt/airflow/dags/stock_data.py
[2024-10-31T12:46:17.983+0000] {processor.py:830} INFO - Processing file /opt/airflow/dags/stock_data.py for tasks to queue
[2024-10-31T12:46:17.985+0000] {logging_mixin.py:188} INFO - [2024-10-31T12:46:17.984+0000] {dagbag.py:545} INFO - Filling up the DagBag from /opt/airflow/dags/stock_data.py
[2024-10-31T12:46:20.331+0000] {logging_mixin.py:188} INFO - [2024-10-31T12:46:20.328+0000] {dagbag.py:355} ERROR - Failed to import: /opt/airflow/dags/stock_data.py
Traceback (most recent call last):
  File "/home/airflow/.local/lib/python3.12/site-packages/airflow/models/dagbag.py", line 351, in parse
    loader.exec_module(new_module)
  File "<frozen importlib._bootstrap_external>", line 995, in exec_module
  File "<frozen importlib._bootstrap>", line 488, in _call_with_frames_removed
  File "/opt/airflow/dags/stock_data.py", line 18, in <module>
    from utils.stock_data_elt import (
ModuleNotFoundError: No module named 'utils.stock_data_elt'
[2024-10-31T12:46:20.333+0000] {processor.py:842} WARNING - No viable dags retrieved from /opt/airflow/dags/stock_data.py
[2024-10-31T12:46:20.371+0000] {processor.py:183} INFO - Processing /opt/airflow/dags/stock_data.py took 2.400 seconds
[2024-10-31T12:46:50.705+0000] {processor.py:161} INFO - Started process (PID=52487) to work on /opt/airflow/dags/stock_data.py
[2024-10-31T12:46:50.706+0000] {processor.py:830} INFO - Processing file /opt/airflow/dags/stock_data.py for tasks to queue
[2024-10-31T12:46:50.708+0000] {logging_mixin.py:188} INFO - [2024-10-31T12:46:50.707+0000] {dagbag.py:545} INFO - Filling up the DagBag from /opt/airflow/dags/stock_data.py
[2024-10-31T12:46:52.629+0000] {logging_mixin.py:188} INFO - [2024-10-31T12:46:52.627+0000] {dagbag.py:355} ERROR - Failed to import: /opt/airflow/dags/stock_data.py
Traceback (most recent call last):
  File "/home/airflow/.local/lib/python3.12/site-packages/airflow/models/dagbag.py", line 351, in parse
    loader.exec_module(new_module)
  File "<frozen importlib._bootstrap_external>", line 995, in exec_module
  File "<frozen importlib._bootstrap>", line 488, in _call_with_frames_removed
  File "/opt/airflow/dags/stock_data.py", line 18, in <module>
    from utils.stock_data_elt import (
ModuleNotFoundError: No module named 'utils.stock_data_elt'
[2024-10-31T12:46:52.630+0000] {processor.py:842} WARNING - No viable dags retrieved from /opt/airflow/dags/stock_data.py
[2024-10-31T12:46:52.653+0000] {processor.py:183} INFO - Processing /opt/airflow/dags/stock_data.py took 1.955 seconds
[2024-10-31T12:47:22.961+0000] {processor.py:161} INFO - Started process (PID=52543) to work on /opt/airflow/dags/stock_data.py
[2024-10-31T12:47:22.964+0000] {processor.py:830} INFO - Processing file /opt/airflow/dags/stock_data.py for tasks to queue
[2024-10-31T12:47:22.966+0000] {logging_mixin.py:188} INFO - [2024-10-31T12:47:22.966+0000] {dagbag.py:545} INFO - Filling up the DagBag from /opt/airflow/dags/stock_data.py
[2024-10-31T12:47:25.155+0000] {logging_mixin.py:188} INFO - [2024-10-31T12:47:25.152+0000] {dagbag.py:355} ERROR - Failed to import: /opt/airflow/dags/stock_data.py
Traceback (most recent call last):
  File "/home/airflow/.local/lib/python3.12/site-packages/airflow/models/dagbag.py", line 351, in parse
    loader.exec_module(new_module)
  File "<frozen importlib._bootstrap_external>", line 995, in exec_module
  File "<frozen importlib._bootstrap>", line 488, in _call_with_frames_removed
  File "/opt/airflow/dags/stock_data.py", line 18, in <module>
    from utils.stock_data_elt import (
ModuleNotFoundError: No module named 'utils.stock_data_elt'
[2024-10-31T12:47:25.156+0000] {processor.py:842} WARNING - No viable dags retrieved from /opt/airflow/dags/stock_data.py
[2024-10-31T12:47:25.183+0000] {processor.py:183} INFO - Processing /opt/airflow/dags/stock_data.py took 2.248 seconds
[2024-10-31T12:47:55.653+0000] {processor.py:161} INFO - Started process (PID=52588) to work on /opt/airflow/dags/stock_data.py
[2024-10-31T12:47:55.656+0000] {processor.py:830} INFO - Processing file /opt/airflow/dags/stock_data.py for tasks to queue
[2024-10-31T12:47:55.658+0000] {logging_mixin.py:188} INFO - [2024-10-31T12:47:55.658+0000] {dagbag.py:545} INFO - Filling up the DagBag from /opt/airflow/dags/stock_data.py
[2024-10-31T12:47:57.290+0000] {logging_mixin.py:188} INFO - [2024-10-31T12:47:57.288+0000] {dagbag.py:355} ERROR - Failed to import: /opt/airflow/dags/stock_data.py
Traceback (most recent call last):
  File "/home/airflow/.local/lib/python3.12/site-packages/airflow/models/dagbag.py", line 351, in parse
    loader.exec_module(new_module)
  File "<frozen importlib._bootstrap_external>", line 995, in exec_module
  File "<frozen importlib._bootstrap>", line 488, in _call_with_frames_removed
  File "/opt/airflow/dags/stock_data.py", line 5, in <module>
    from utils.feature_engineer_and_join_data import (
ModuleNotFoundError: No module named 'utils.feature_engineer_and_join_data'
[2024-10-31T12:47:57.291+0000] {processor.py:842} WARNING - No viable dags retrieved from /opt/airflow/dags/stock_data.py
[2024-10-31T12:47:57.325+0000] {processor.py:183} INFO - Processing /opt/airflow/dags/stock_data.py took 1.681 seconds
[2024-10-31T12:48:27.733+0000] {processor.py:161} INFO - Started process (PID=52632) to work on /opt/airflow/dags/stock_data.py
[2024-10-31T12:48:27.735+0000] {processor.py:830} INFO - Processing file /opt/airflow/dags/stock_data.py for tasks to queue
[2024-10-31T12:48:27.736+0000] {logging_mixin.py:188} INFO - [2024-10-31T12:48:27.736+0000] {dagbag.py:545} INFO - Filling up the DagBag from /opt/airflow/dags/stock_data.py
[2024-10-31T12:48:29.200+0000] {logging_mixin.py:188} INFO - [2024-10-31T12:48:29.197+0000] {dagbag.py:355} ERROR - Failed to import: /opt/airflow/dags/stock_data.py
Traceback (most recent call last):
  File "/home/airflow/.local/lib/python3.12/site-packages/airflow/models/dagbag.py", line 351, in parse
    loader.exec_module(new_module)
  File "<frozen importlib._bootstrap_external>", line 995, in exec_module
  File "<frozen importlib._bootstrap>", line 488, in _call_with_frames_removed
  File "/opt/airflow/dags/stock_data.py", line 5, in <module>
    from utils.feature_engineer_and_join_data import (
ModuleNotFoundError: No module named 'utils.feature_engineer_and_join_data'
[2024-10-31T12:48:29.201+0000] {processor.py:842} WARNING - No viable dags retrieved from /opt/airflow/dags/stock_data.py
[2024-10-31T12:48:29.229+0000] {processor.py:183} INFO - Processing /opt/airflow/dags/stock_data.py took 1.503 seconds
[2024-10-31T12:49:00.217+0000] {processor.py:161} INFO - Started process (PID=52670) to work on /opt/airflow/dags/stock_data.py
[2024-10-31T12:49:00.220+0000] {processor.py:830} INFO - Processing file /opt/airflow/dags/stock_data.py for tasks to queue
[2024-10-31T12:49:00.221+0000] {logging_mixin.py:188} INFO - [2024-10-31T12:49:00.221+0000] {dagbag.py:545} INFO - Filling up the DagBag from /opt/airflow/dags/stock_data.py
[2024-10-31T12:49:01.476+0000] {logging_mixin.py:188} INFO - [2024-10-31T12:49:01.474+0000] {dagbag.py:355} ERROR - Failed to import: /opt/airflow/dags/stock_data.py
Traceback (most recent call last):
  File "/home/airflow/.local/lib/python3.12/site-packages/airflow/models/dagbag.py", line 351, in parse
    loader.exec_module(new_module)
  File "<frozen importlib._bootstrap_external>", line 995, in exec_module
  File "<frozen importlib._bootstrap>", line 488, in _call_with_frames_removed
  File "/opt/airflow/dags/stock_data.py", line 5, in <module>
    from utils.feature_engineer_and_join_data import (
ModuleNotFoundError: No module named 'utils.feature_engineer_and_join_data'
[2024-10-31T12:49:01.476+0000] {processor.py:842} WARNING - No viable dags retrieved from /opt/airflow/dags/stock_data.py
[2024-10-31T12:49:01.500+0000] {processor.py:183} INFO - Processing /opt/airflow/dags/stock_data.py took 1.291 seconds
[2024-10-31T12:49:31.608+0000] {processor.py:161} INFO - Started process (PID=52710) to work on /opt/airflow/dags/stock_data.py
[2024-10-31T12:49:31.610+0000] {processor.py:830} INFO - Processing file /opt/airflow/dags/stock_data.py for tasks to queue
[2024-10-31T12:49:31.613+0000] {logging_mixin.py:188} INFO - [2024-10-31T12:49:31.613+0000] {dagbag.py:545} INFO - Filling up the DagBag from /opt/airflow/dags/stock_data.py
[2024-10-31T12:49:32.881+0000] {logging_mixin.py:188} INFO - [2024-10-31T12:49:32.879+0000] {dagbag.py:355} ERROR - Failed to import: /opt/airflow/dags/stock_data.py
Traceback (most recent call last):
  File "/home/airflow/.local/lib/python3.12/site-packages/airflow/models/dagbag.py", line 351, in parse
    loader.exec_module(new_module)
  File "<frozen importlib._bootstrap_external>", line 995, in exec_module
  File "<frozen importlib._bootstrap>", line 488, in _call_with_frames_removed
  File "/opt/airflow/dags/stock_data.py", line 5, in <module>
    from utils.feature_engineer_and_join_data import (
ModuleNotFoundError: No module named 'utils.feature_engineer_and_join_data'
[2024-10-31T12:49:32.883+0000] {processor.py:842} WARNING - No viable dags retrieved from /opt/airflow/dags/stock_data.py
[2024-10-31T12:49:32.907+0000] {processor.py:183} INFO - Processing /opt/airflow/dags/stock_data.py took 1.306 seconds
[2024-10-31T12:50:03.977+0000] {processor.py:161} INFO - Started process (PID=52750) to work on /opt/airflow/dags/stock_data.py
[2024-10-31T12:50:03.981+0000] {processor.py:830} INFO - Processing file /opt/airflow/dags/stock_data.py for tasks to queue
[2024-10-31T12:50:03.982+0000] {logging_mixin.py:188} INFO - [2024-10-31T12:50:03.982+0000] {dagbag.py:545} INFO - Filling up the DagBag from /opt/airflow/dags/stock_data.py
[2024-10-31T12:50:05.162+0000] {logging_mixin.py:188} INFO - [2024-10-31T12:50:05.160+0000] {dagbag.py:355} ERROR - Failed to import: /opt/airflow/dags/stock_data.py
Traceback (most recent call last):
  File "/home/airflow/.local/lib/python3.12/site-packages/airflow/models/dagbag.py", line 351, in parse
    loader.exec_module(new_module)
  File "<frozen importlib._bootstrap_external>", line 995, in exec_module
  File "<frozen importlib._bootstrap>", line 488, in _call_with_frames_removed
  File "/opt/airflow/dags/stock_data.py", line 5, in <module>
    from utils.feature_engineer_and_join_data import (
ModuleNotFoundError: No module named 'utils.feature_engineer_and_join_data'
[2024-10-31T12:50:05.163+0000] {processor.py:842} WARNING - No viable dags retrieved from /opt/airflow/dags/stock_data.py
[2024-10-31T12:50:05.185+0000] {processor.py:183} INFO - Processing /opt/airflow/dags/stock_data.py took 1.219 seconds
[2024-10-31T12:50:35.876+0000] {processor.py:161} INFO - Started process (PID=52799) to work on /opt/airflow/dags/stock_data.py
[2024-10-31T12:50:35.879+0000] {processor.py:830} INFO - Processing file /opt/airflow/dags/stock_data.py for tasks to queue
[2024-10-31T12:50:35.881+0000] {logging_mixin.py:188} INFO - [2024-10-31T12:50:35.881+0000] {dagbag.py:545} INFO - Filling up the DagBag from /opt/airflow/dags/stock_data.py
[2024-10-31T12:50:37.471+0000] {logging_mixin.py:188} INFO - [2024-10-31T12:50:37.468+0000] {dagbag.py:355} ERROR - Failed to import: /opt/airflow/dags/stock_data.py
Traceback (most recent call last):
  File "/home/airflow/.local/lib/python3.12/site-packages/airflow/models/dagbag.py", line 351, in parse
    loader.exec_module(new_module)
  File "<frozen importlib._bootstrap_external>", line 995, in exec_module
  File "<frozen importlib._bootstrap>", line 488, in _call_with_frames_removed
  File "/opt/airflow/dags/stock_data.py", line 5, in <module>
    from utils.feature_engineer_and_join_data import (
ModuleNotFoundError: No module named 'utils.feature_engineer_and_join_data'
[2024-10-31T12:50:37.472+0000] {processor.py:842} WARNING - No viable dags retrieved from /opt/airflow/dags/stock_data.py
[2024-10-31T12:50:37.502+0000] {processor.py:183} INFO - Processing /opt/airflow/dags/stock_data.py took 1.637 seconds
[2024-10-31T12:50:56.542+0000] {processor.py:161} INFO - Started process (PID=52835) to work on /opt/airflow/dags/stock_data.py
[2024-10-31T12:50:56.546+0000] {processor.py:830} INFO - Processing file /opt/airflow/dags/stock_data.py for tasks to queue
[2024-10-31T12:50:56.549+0000] {logging_mixin.py:188} INFO - [2024-10-31T12:50:56.548+0000] {dagbag.py:545} INFO - Filling up the DagBag from /opt/airflow/dags/stock_data.py
[2024-10-31T12:50:58.251+0000] {logging_mixin.py:188} INFO - [2024-10-31T12:50:58.248+0000] {dagbag.py:355} ERROR - Failed to import: /opt/airflow/dags/stock_data.py
Traceback (most recent call last):
  File "/home/airflow/.local/lib/python3.12/site-packages/airflow/models/dagbag.py", line 351, in parse
    loader.exec_module(new_module)
  File "<frozen importlib._bootstrap_external>", line 995, in exec_module
  File "<frozen importlib._bootstrap>", line 488, in _call_with_frames_removed
  File "/opt/airflow/dags/stock_data.py", line 18, in <module>
    from utils.stock_data_elt import (
ModuleNotFoundError: No module named 'utils.stock_data_elt'
[2024-10-31T12:50:58.251+0000] {processor.py:842} WARNING - No viable dags retrieved from /opt/airflow/dags/stock_data.py
[2024-10-31T12:50:58.278+0000] {processor.py:183} INFO - Processing /opt/airflow/dags/stock_data.py took 1.749 seconds
[2024-10-31T12:51:08.575+0000] {processor.py:161} INFO - Started process (PID=52854) to work on /opt/airflow/dags/stock_data.py
[2024-10-31T12:51:08.580+0000] {processor.py:830} INFO - Processing file /opt/airflow/dags/stock_data.py for tasks to queue
[2024-10-31T12:51:08.584+0000] {logging_mixin.py:188} INFO - [2024-10-31T12:51:08.583+0000] {dagbag.py:545} INFO - Filling up the DagBag from /opt/airflow/dags/stock_data.py
[2024-10-31T12:51:10.747+0000] {processor.py:840} INFO - DAG(s) 'Stock-Data-Pipeline' retrieved from /opt/airflow/dags/stock_data.py
[2024-10-31T12:51:10.875+0000] {logging_mixin.py:188} INFO - [2024-10-31T12:51:10.875+0000] {dag.py:3096} INFO - Sync 1 DAGs
[2024-10-31T12:51:10.884+0000] {logging_mixin.py:188} INFO - [2024-10-31T12:51:10.884+0000] {dag.py:3954} INFO - Setting next_dagrun for Stock-Data-Pipeline to None, run_after=None
[2024-10-31T12:51:10.901+0000] {processor.py:183} INFO - Processing /opt/airflow/dags/stock_data.py took 2.389 seconds
[2024-10-31T12:51:41.095+0000] {processor.py:161} INFO - Started process (PID=52909) to work on /opt/airflow/dags/stock_data.py
[2024-10-31T12:51:41.098+0000] {processor.py:830} INFO - Processing file /opt/airflow/dags/stock_data.py for tasks to queue
[2024-10-31T12:51:41.099+0000] {logging_mixin.py:188} INFO - [2024-10-31T12:51:41.099+0000] {dagbag.py:545} INFO - Filling up the DagBag from /opt/airflow/dags/stock_data.py
[2024-10-31T12:51:43.192+0000] {processor.py:840} INFO - DAG(s) 'Stock-Data-Pipeline' retrieved from /opt/airflow/dags/stock_data.py
[2024-10-31T12:51:43.228+0000] {logging_mixin.py:188} INFO - [2024-10-31T12:51:43.228+0000] {dag.py:3096} INFO - Sync 1 DAGs
[2024-10-31T12:51:43.238+0000] {logging_mixin.py:188} INFO - [2024-10-31T12:51:43.238+0000] {dag.py:3954} INFO - Setting next_dagrun for Stock-Data-Pipeline to None, run_after=None
[2024-10-31T12:51:43.251+0000] {processor.py:183} INFO - Processing /opt/airflow/dags/stock_data.py took 2.166 seconds
[2024-10-31T12:52:13.480+0000] {processor.py:161} INFO - Started process (PID=52957) to work on /opt/airflow/dags/stock_data.py
[2024-10-31T12:52:13.484+0000] {processor.py:830} INFO - Processing file /opt/airflow/dags/stock_data.py for tasks to queue
[2024-10-31T12:52:13.486+0000] {logging_mixin.py:188} INFO - [2024-10-31T12:52:13.486+0000] {dagbag.py:545} INFO - Filling up the DagBag from /opt/airflow/dags/stock_data.py
[2024-10-31T12:52:15.328+0000] {processor.py:840} INFO - DAG(s) 'Stock-Data-Pipeline' retrieved from /opt/airflow/dags/stock_data.py
[2024-10-31T12:52:15.363+0000] {logging_mixin.py:188} INFO - [2024-10-31T12:52:15.363+0000] {dag.py:3096} INFO - Sync 1 DAGs
[2024-10-31T12:52:15.373+0000] {logging_mixin.py:188} INFO - [2024-10-31T12:52:15.373+0000] {dag.py:3954} INFO - Setting next_dagrun for Stock-Data-Pipeline to None, run_after=None
[2024-10-31T12:52:15.388+0000] {processor.py:183} INFO - Processing /opt/airflow/dags/stock_data.py took 1.919 seconds
[2024-10-31T12:52:45.853+0000] {processor.py:161} INFO - Started process (PID=53013) to work on /opt/airflow/dags/stock_data.py
[2024-10-31T12:52:45.858+0000] {processor.py:830} INFO - Processing file /opt/airflow/dags/stock_data.py for tasks to queue
[2024-10-31T12:52:45.860+0000] {logging_mixin.py:188} INFO - [2024-10-31T12:52:45.860+0000] {dagbag.py:545} INFO - Filling up the DagBag from /opt/airflow/dags/stock_data.py
[2024-10-31T12:52:48.711+0000] {processor.py:840} INFO - DAG(s) 'Stock-Data-Pipeline' retrieved from /opt/airflow/dags/stock_data.py
[2024-10-31T12:52:48.757+0000] {logging_mixin.py:188} INFO - [2024-10-31T12:52:48.756+0000] {dag.py:3096} INFO - Sync 1 DAGs
[2024-10-31T12:52:48.769+0000] {logging_mixin.py:188} INFO - [2024-10-31T12:52:48.768+0000] {dag.py:3954} INFO - Setting next_dagrun for Stock-Data-Pipeline to None, run_after=None
[2024-10-31T12:52:48.786+0000] {processor.py:183} INFO - Processing /opt/airflow/dags/stock_data.py took 2.946 seconds
[2024-10-31T12:53:19.214+0000] {processor.py:161} INFO - Started process (PID=53061) to work on /opt/airflow/dags/stock_data.py
[2024-10-31T12:53:19.217+0000] {processor.py:830} INFO - Processing file /opt/airflow/dags/stock_data.py for tasks to queue
[2024-10-31T12:53:19.218+0000] {logging_mixin.py:188} INFO - [2024-10-31T12:53:19.218+0000] {dagbag.py:545} INFO - Filling up the DagBag from /opt/airflow/dags/stock_data.py
[2024-10-31T12:53:20.937+0000] {processor.py:840} INFO - DAG(s) 'Stock-Data-Pipeline' retrieved from /opt/airflow/dags/stock_data.py
[2024-10-31T12:53:20.970+0000] {logging_mixin.py:188} INFO - [2024-10-31T12:53:20.970+0000] {dag.py:3096} INFO - Sync 1 DAGs
[2024-10-31T12:53:20.979+0000] {logging_mixin.py:188} INFO - [2024-10-31T12:53:20.979+0000] {dag.py:3954} INFO - Setting next_dagrun for Stock-Data-Pipeline to None, run_after=None
[2024-10-31T12:53:20.992+0000] {processor.py:183} INFO - Processing /opt/airflow/dags/stock_data.py took 1.786 seconds
[2024-10-31T12:53:51.330+0000] {processor.py:161} INFO - Started process (PID=53116) to work on /opt/airflow/dags/stock_data.py
[2024-10-31T12:53:51.332+0000] {processor.py:830} INFO - Processing file /opt/airflow/dags/stock_data.py for tasks to queue
[2024-10-31T12:53:51.334+0000] {logging_mixin.py:188} INFO - [2024-10-31T12:53:51.334+0000] {dagbag.py:545} INFO - Filling up the DagBag from /opt/airflow/dags/stock_data.py
[2024-10-31T12:53:53.241+0000] {processor.py:840} INFO - DAG(s) 'Stock-Data-Pipeline' retrieved from /opt/airflow/dags/stock_data.py
[2024-10-31T12:53:53.273+0000] {logging_mixin.py:188} INFO - [2024-10-31T12:53:53.273+0000] {dag.py:3096} INFO - Sync 1 DAGs
[2024-10-31T12:53:53.282+0000] {logging_mixin.py:188} INFO - [2024-10-31T12:53:53.281+0000] {dag.py:3954} INFO - Setting next_dagrun for Stock-Data-Pipeline to None, run_after=None
[2024-10-31T12:53:53.294+0000] {processor.py:183} INFO - Processing /opt/airflow/dags/stock_data.py took 1.973 seconds
[2024-10-31T12:54:23.645+0000] {processor.py:161} INFO - Started process (PID=53171) to work on /opt/airflow/dags/stock_data.py
[2024-10-31T12:54:23.648+0000] {processor.py:830} INFO - Processing file /opt/airflow/dags/stock_data.py for tasks to queue
[2024-10-31T12:54:23.650+0000] {logging_mixin.py:188} INFO - [2024-10-31T12:54:23.650+0000] {dagbag.py:545} INFO - Filling up the DagBag from /opt/airflow/dags/stock_data.py
[2024-10-31T12:54:25.369+0000] {processor.py:840} INFO - DAG(s) 'Stock-Data-Pipeline' retrieved from /opt/airflow/dags/stock_data.py
[2024-10-31T12:54:25.407+0000] {logging_mixin.py:188} INFO - [2024-10-31T12:54:25.407+0000] {dag.py:3096} INFO - Sync 1 DAGs
[2024-10-31T12:54:25.418+0000] {logging_mixin.py:188} INFO - [2024-10-31T12:54:25.417+0000] {dag.py:3954} INFO - Setting next_dagrun for Stock-Data-Pipeline to None, run_after=None
[2024-10-31T12:54:25.433+0000] {processor.py:183} INFO - Processing /opt/airflow/dags/stock_data.py took 1.800 seconds
[2024-10-31T12:54:55.888+0000] {processor.py:161} INFO - Started process (PID=53226) to work on /opt/airflow/dags/stock_data.py
[2024-10-31T12:54:55.891+0000] {processor.py:830} INFO - Processing file /opt/airflow/dags/stock_data.py for tasks to queue
[2024-10-31T12:54:55.893+0000] {logging_mixin.py:188} INFO - [2024-10-31T12:54:55.892+0000] {dagbag.py:545} INFO - Filling up the DagBag from /opt/airflow/dags/stock_data.py
[2024-10-31T12:54:57.473+0000] {processor.py:840} INFO - DAG(s) 'Stock-Data-Pipeline' retrieved from /opt/airflow/dags/stock_data.py
[2024-10-31T12:54:57.507+0000] {logging_mixin.py:188} INFO - [2024-10-31T12:54:57.507+0000] {dag.py:3096} INFO - Sync 1 DAGs
[2024-10-31T12:54:57.518+0000] {logging_mixin.py:188} INFO - [2024-10-31T12:54:57.518+0000] {dag.py:3954} INFO - Setting next_dagrun for Stock-Data-Pipeline to None, run_after=None
[2024-10-31T12:54:57.532+0000] {processor.py:183} INFO - Processing /opt/airflow/dags/stock_data.py took 1.654 seconds
[2024-10-31T12:55:24.431+0000] {processor.py:161} INFO - Started process (PID=53267) to work on /opt/airflow/dags/stock_data.py
[2024-10-31T12:55:24.435+0000] {processor.py:830} INFO - Processing file /opt/airflow/dags/stock_data.py for tasks to queue
[2024-10-31T12:55:24.439+0000] {logging_mixin.py:188} INFO - [2024-10-31T12:55:24.438+0000] {dagbag.py:545} INFO - Filling up the DagBag from /opt/airflow/dags/stock_data.py
[2024-10-31T12:55:26.617+0000] {processor.py:840} INFO - DAG(s) 'Stock-Data-Pipeline' retrieved from /opt/airflow/dags/stock_data.py
[2024-10-31T12:55:26.653+0000] {logging_mixin.py:188} INFO - [2024-10-31T12:55:26.653+0000] {dag.py:3096} INFO - Sync 1 DAGs
[2024-10-31T12:55:26.667+0000] {logging_mixin.py:188} INFO - [2024-10-31T12:55:26.666+0000] {dag.py:3954} INFO - Setting next_dagrun for Stock-Data-Pipeline to None, run_after=None
[2024-10-31T12:55:26.687+0000] {processor.py:183} INFO - Processing /opt/airflow/dags/stock_data.py took 2.298 seconds
[2024-10-31T12:55:57.089+0000] {processor.py:161} INFO - Started process (PID=53327) to work on /opt/airflow/dags/stock_data.py
[2024-10-31T12:55:57.092+0000] {processor.py:830} INFO - Processing file /opt/airflow/dags/stock_data.py for tasks to queue
[2024-10-31T12:55:57.094+0000] {logging_mixin.py:188} INFO - [2024-10-31T12:55:57.093+0000] {dagbag.py:545} INFO - Filling up the DagBag from /opt/airflow/dags/stock_data.py
[2024-10-31T12:55:59.348+0000] {processor.py:840} INFO - DAG(s) 'Stock-Data-Pipeline' retrieved from /opt/airflow/dags/stock_data.py
[2024-10-31T12:55:59.381+0000] {logging_mixin.py:188} INFO - [2024-10-31T12:55:59.381+0000] {dag.py:3096} INFO - Sync 1 DAGs
[2024-10-31T12:55:59.391+0000] {logging_mixin.py:188} INFO - [2024-10-31T12:55:59.390+0000] {dag.py:3954} INFO - Setting next_dagrun for Stock-Data-Pipeline to None, run_after=None
[2024-10-31T12:55:59.403+0000] {processor.py:183} INFO - Processing /opt/airflow/dags/stock_data.py took 2.324 seconds
[2024-10-31T12:56:29.755+0000] {processor.py:161} INFO - Started process (PID=53378) to work on /opt/airflow/dags/stock_data.py
[2024-10-31T12:56:29.757+0000] {processor.py:830} INFO - Processing file /opt/airflow/dags/stock_data.py for tasks to queue
[2024-10-31T12:56:29.759+0000] {logging_mixin.py:188} INFO - [2024-10-31T12:56:29.759+0000] {dagbag.py:545} INFO - Filling up the DagBag from /opt/airflow/dags/stock_data.py
[2024-10-31T12:56:31.430+0000] {processor.py:840} INFO - DAG(s) 'Stock-Data-Pipeline' retrieved from /opt/airflow/dags/stock_data.py
[2024-10-31T12:56:31.468+0000] {logging_mixin.py:188} INFO - [2024-10-31T12:56:31.468+0000] {dag.py:3096} INFO - Sync 1 DAGs
[2024-10-31T12:56:31.481+0000] {logging_mixin.py:188} INFO - [2024-10-31T12:56:31.480+0000] {dag.py:3954} INFO - Setting next_dagrun for Stock-Data-Pipeline to None, run_after=None
[2024-10-31T12:56:31.497+0000] {processor.py:183} INFO - Processing /opt/airflow/dags/stock_data.py took 1.752 seconds
[2024-10-31T12:57:01.829+0000] {processor.py:161} INFO - Started process (PID=53433) to work on /opt/airflow/dags/stock_data.py
[2024-10-31T12:57:01.832+0000] {processor.py:830} INFO - Processing file /opt/airflow/dags/stock_data.py for tasks to queue
[2024-10-31T12:57:01.834+0000] {logging_mixin.py:188} INFO - [2024-10-31T12:57:01.833+0000] {dagbag.py:545} INFO - Filling up the DagBag from /opt/airflow/dags/stock_data.py
[2024-10-31T12:57:03.391+0000] {processor.py:840} INFO - DAG(s) 'Stock-Data-Pipeline' retrieved from /opt/airflow/dags/stock_data.py
[2024-10-31T12:57:03.422+0000] {logging_mixin.py:188} INFO - [2024-10-31T12:57:03.422+0000] {dag.py:3096} INFO - Sync 1 DAGs
[2024-10-31T12:57:03.431+0000] {logging_mixin.py:188} INFO - [2024-10-31T12:57:03.431+0000] {dag.py:3954} INFO - Setting next_dagrun for Stock-Data-Pipeline to None, run_after=None
[2024-10-31T12:57:03.443+0000] {processor.py:183} INFO - Processing /opt/airflow/dags/stock_data.py took 1.622 seconds
[2024-10-31T12:57:33.855+0000] {processor.py:161} INFO - Started process (PID=53481) to work on /opt/airflow/dags/stock_data.py
[2024-10-31T12:57:33.859+0000] {processor.py:830} INFO - Processing file /opt/airflow/dags/stock_data.py for tasks to queue
[2024-10-31T12:57:33.862+0000] {logging_mixin.py:188} INFO - [2024-10-31T12:57:33.861+0000] {dagbag.py:545} INFO - Filling up the DagBag from /opt/airflow/dags/stock_data.py
[2024-10-31T12:57:35.532+0000] {processor.py:840} INFO - DAG(s) 'Stock-Data-Pipeline' retrieved from /opt/airflow/dags/stock_data.py
[2024-10-31T12:57:35.572+0000] {logging_mixin.py:188} INFO - [2024-10-31T12:57:35.571+0000] {dag.py:3096} INFO - Sync 1 DAGs
[2024-10-31T12:57:35.583+0000] {logging_mixin.py:188} INFO - [2024-10-31T12:57:35.583+0000] {dag.py:3954} INFO - Setting next_dagrun for Stock-Data-Pipeline to None, run_after=None
[2024-10-31T12:57:35.601+0000] {processor.py:183} INFO - Processing /opt/airflow/dags/stock_data.py took 1.755 seconds
[2024-10-31T12:58:06.097+0000] {processor.py:161} INFO - Started process (PID=53529) to work on /opt/airflow/dags/stock_data.py
[2024-10-31T12:58:06.099+0000] {processor.py:830} INFO - Processing file /opt/airflow/dags/stock_data.py for tasks to queue
[2024-10-31T12:58:06.101+0000] {logging_mixin.py:188} INFO - [2024-10-31T12:58:06.100+0000] {dagbag.py:545} INFO - Filling up the DagBag from /opt/airflow/dags/stock_data.py
[2024-10-31T12:58:07.782+0000] {processor.py:840} INFO - DAG(s) 'Stock-Data-Pipeline' retrieved from /opt/airflow/dags/stock_data.py
[2024-10-31T12:58:07.825+0000] {logging_mixin.py:188} INFO - [2024-10-31T12:58:07.824+0000] {dag.py:3096} INFO - Sync 1 DAGs
[2024-10-31T12:58:07.836+0000] {logging_mixin.py:188} INFO - [2024-10-31T12:58:07.836+0000] {dag.py:3954} INFO - Setting next_dagrun for Stock-Data-Pipeline to None, run_after=None
[2024-10-31T12:58:07.851+0000] {processor.py:183} INFO - Processing /opt/airflow/dags/stock_data.py took 1.765 seconds
[2024-10-31T12:58:38.644+0000] {processor.py:161} INFO - Started process (PID=53577) to work on /opt/airflow/dags/stock_data.py
[2024-10-31T12:58:38.647+0000] {processor.py:830} INFO - Processing file /opt/airflow/dags/stock_data.py for tasks to queue
[2024-10-31T12:58:38.648+0000] {logging_mixin.py:188} INFO - [2024-10-31T12:58:38.648+0000] {dagbag.py:545} INFO - Filling up the DagBag from /opt/airflow/dags/stock_data.py
[2024-10-31T12:58:40.452+0000] {processor.py:840} INFO - DAG(s) 'Stock-Data-Pipeline' retrieved from /opt/airflow/dags/stock_data.py
[2024-10-31T12:58:40.509+0000] {logging_mixin.py:188} INFO - [2024-10-31T12:58:40.509+0000] {dag.py:3096} INFO - Sync 1 DAGs
[2024-10-31T12:58:40.521+0000] {logging_mixin.py:188} INFO - [2024-10-31T12:58:40.521+0000] {dag.py:3954} INFO - Setting next_dagrun for Stock-Data-Pipeline to None, run_after=None
[2024-10-31T12:58:40.535+0000] {processor.py:183} INFO - Processing /opt/airflow/dags/stock_data.py took 1.901 seconds
[2024-10-31T12:59:10.834+0000] {processor.py:161} INFO - Started process (PID=53632) to work on /opt/airflow/dags/stock_data.py
[2024-10-31T12:59:10.837+0000] {processor.py:830} INFO - Processing file /opt/airflow/dags/stock_data.py for tasks to queue
[2024-10-31T12:59:10.838+0000] {logging_mixin.py:188} INFO - [2024-10-31T12:59:10.838+0000] {dagbag.py:545} INFO - Filling up the DagBag from /opt/airflow/dags/stock_data.py
[2024-10-31T12:59:12.394+0000] {processor.py:840} INFO - DAG(s) 'Stock-Data-Pipeline' retrieved from /opt/airflow/dags/stock_data.py
[2024-10-31T12:59:12.431+0000] {logging_mixin.py:188} INFO - [2024-10-31T12:59:12.431+0000] {dag.py:3096} INFO - Sync 1 DAGs
[2024-10-31T12:59:12.442+0000] {logging_mixin.py:188} INFO - [2024-10-31T12:59:12.442+0000] {dag.py:3954} INFO - Setting next_dagrun for Stock-Data-Pipeline to None, run_after=None
[2024-10-31T12:59:12.458+0000] {processor.py:183} INFO - Processing /opt/airflow/dags/stock_data.py took 1.634 seconds
[2024-10-31T12:59:42.940+0000] {processor.py:161} INFO - Started process (PID=53679) to work on /opt/airflow/dags/stock_data.py
[2024-10-31T12:59:42.943+0000] {processor.py:830} INFO - Processing file /opt/airflow/dags/stock_data.py for tasks to queue
[2024-10-31T12:59:42.945+0000] {logging_mixin.py:188} INFO - [2024-10-31T12:59:42.944+0000] {dagbag.py:545} INFO - Filling up the DagBag from /opt/airflow/dags/stock_data.py
[2024-10-31T12:59:44.522+0000] {processor.py:840} INFO - DAG(s) 'Stock-Data-Pipeline' retrieved from /opt/airflow/dags/stock_data.py
[2024-10-31T12:59:44.560+0000] {logging_mixin.py:188} INFO - [2024-10-31T12:59:44.559+0000] {dag.py:3096} INFO - Sync 1 DAGs
[2024-10-31T12:59:44.571+0000] {logging_mixin.py:188} INFO - [2024-10-31T12:59:44.571+0000] {dag.py:3954} INFO - Setting next_dagrun for Stock-Data-Pipeline to None, run_after=None
[2024-10-31T12:59:44.586+0000] {processor.py:183} INFO - Processing /opt/airflow/dags/stock_data.py took 1.654 seconds
[2024-10-31T13:00:15.438+0000] {processor.py:161} INFO - Started process (PID=53735) to work on /opt/airflow/dags/stock_data.py
[2024-10-31T13:00:15.442+0000] {processor.py:830} INFO - Processing file /opt/airflow/dags/stock_data.py for tasks to queue
[2024-10-31T13:00:15.443+0000] {logging_mixin.py:188} INFO - [2024-10-31T13:00:15.443+0000] {dagbag.py:545} INFO - Filling up the DagBag from /opt/airflow/dags/stock_data.py
[2024-10-31T13:00:17.186+0000] {processor.py:840} INFO - DAG(s) 'Stock-Data-Pipeline' retrieved from /opt/airflow/dags/stock_data.py
[2024-10-31T13:00:17.236+0000] {logging_mixin.py:188} INFO - [2024-10-31T13:00:17.235+0000] {dag.py:3096} INFO - Sync 1 DAGs
[2024-10-31T13:00:17.249+0000] {logging_mixin.py:188} INFO - [2024-10-31T13:00:17.249+0000] {dag.py:3954} INFO - Setting next_dagrun for Stock-Data-Pipeline to None, run_after=None
[2024-10-31T13:00:17.265+0000] {processor.py:183} INFO - Processing /opt/airflow/dags/stock_data.py took 1.836 seconds
[2024-10-31T13:00:47.949+0000] {processor.py:161} INFO - Started process (PID=53790) to work on /opt/airflow/dags/stock_data.py
[2024-10-31T13:00:47.952+0000] {processor.py:830} INFO - Processing file /opt/airflow/dags/stock_data.py for tasks to queue
[2024-10-31T13:00:47.953+0000] {logging_mixin.py:188} INFO - [2024-10-31T13:00:47.953+0000] {dagbag.py:545} INFO - Filling up the DagBag from /opt/airflow/dags/stock_data.py
[2024-10-31T13:00:49.603+0000] {processor.py:840} INFO - DAG(s) 'Stock-Data-Pipeline' retrieved from /opt/airflow/dags/stock_data.py
[2024-10-31T13:00:49.674+0000] {logging_mixin.py:188} INFO - [2024-10-31T13:00:49.673+0000] {dag.py:3096} INFO - Sync 1 DAGs
[2024-10-31T13:00:49.693+0000] {logging_mixin.py:188} INFO - [2024-10-31T13:00:49.692+0000] {dag.py:3954} INFO - Setting next_dagrun for Stock-Data-Pipeline to None, run_after=None
[2024-10-31T13:00:49.714+0000] {processor.py:183} INFO - Processing /opt/airflow/dags/stock_data.py took 1.771 seconds
[2024-10-31T13:01:20.098+0000] {processor.py:161} INFO - Started process (PID=53838) to work on /opt/airflow/dags/stock_data.py
[2024-10-31T13:01:20.100+0000] {processor.py:830} INFO - Processing file /opt/airflow/dags/stock_data.py for tasks to queue
[2024-10-31T13:01:20.101+0000] {logging_mixin.py:188} INFO - [2024-10-31T13:01:20.101+0000] {dagbag.py:545} INFO - Filling up the DagBag from /opt/airflow/dags/stock_data.py
[2024-10-31T13:01:21.608+0000] {processor.py:840} INFO - DAG(s) 'Stock-Data-Pipeline' retrieved from /opt/airflow/dags/stock_data.py
[2024-10-31T13:01:21.644+0000] {logging_mixin.py:188} INFO - [2024-10-31T13:01:21.644+0000] {dag.py:3096} INFO - Sync 1 DAGs
[2024-10-31T13:01:21.653+0000] {logging_mixin.py:188} INFO - [2024-10-31T13:01:21.653+0000] {dag.py:3954} INFO - Setting next_dagrun for Stock-Data-Pipeline to None, run_after=None
[2024-10-31T13:01:21.668+0000] {processor.py:183} INFO - Processing /opt/airflow/dags/stock_data.py took 1.577 seconds
[2024-10-31T13:01:52.001+0000] {processor.py:161} INFO - Started process (PID=53893) to work on /opt/airflow/dags/stock_data.py
[2024-10-31T13:01:52.003+0000] {processor.py:830} INFO - Processing file /opt/airflow/dags/stock_data.py for tasks to queue
[2024-10-31T13:01:52.005+0000] {logging_mixin.py:188} INFO - [2024-10-31T13:01:52.004+0000] {dagbag.py:545} INFO - Filling up the DagBag from /opt/airflow/dags/stock_data.py
[2024-10-31T13:01:53.722+0000] {processor.py:840} INFO - DAG(s) 'Stock-Data-Pipeline' retrieved from /opt/airflow/dags/stock_data.py
[2024-10-31T13:01:53.759+0000] {logging_mixin.py:188} INFO - [2024-10-31T13:01:53.759+0000] {dag.py:3096} INFO - Sync 1 DAGs
[2024-10-31T13:01:53.777+0000] {logging_mixin.py:188} INFO - [2024-10-31T13:01:53.777+0000] {dag.py:3954} INFO - Setting next_dagrun for Stock-Data-Pipeline to None, run_after=None
[2024-10-31T13:01:53.794+0000] {processor.py:183} INFO - Processing /opt/airflow/dags/stock_data.py took 1.801 seconds
[2024-10-31T13:02:24.276+0000] {processor.py:161} INFO - Started process (PID=53941) to work on /opt/airflow/dags/stock_data.py
[2024-10-31T13:02:24.280+0000] {processor.py:830} INFO - Processing file /opt/airflow/dags/stock_data.py for tasks to queue
[2024-10-31T13:02:24.282+0000] {logging_mixin.py:188} INFO - [2024-10-31T13:02:24.281+0000] {dagbag.py:545} INFO - Filling up the DagBag from /opt/airflow/dags/stock_data.py
[2024-10-31T13:02:25.823+0000] {processor.py:840} INFO - DAG(s) 'Stock-Data-Pipeline' retrieved from /opt/airflow/dags/stock_data.py
[2024-10-31T13:02:25.859+0000] {logging_mixin.py:188} INFO - [2024-10-31T13:02:25.858+0000] {dag.py:3096} INFO - Sync 1 DAGs
[2024-10-31T13:02:25.868+0000] {logging_mixin.py:188} INFO - [2024-10-31T13:02:25.868+0000] {dag.py:3954} INFO - Setting next_dagrun for Stock-Data-Pipeline to None, run_after=None
[2024-10-31T13:02:25.880+0000] {processor.py:183} INFO - Processing /opt/airflow/dags/stock_data.py took 1.617 seconds
[2024-10-31T13:02:56.192+0000] {processor.py:161} INFO - Started process (PID=53996) to work on /opt/airflow/dags/stock_data.py
[2024-10-31T13:02:56.195+0000] {processor.py:830} INFO - Processing file /opt/airflow/dags/stock_data.py for tasks to queue
[2024-10-31T13:02:56.197+0000] {logging_mixin.py:188} INFO - [2024-10-31T13:02:56.197+0000] {dagbag.py:545} INFO - Filling up the DagBag from /opt/airflow/dags/stock_data.py
[2024-10-31T13:02:58.391+0000] {processor.py:840} INFO - DAG(s) 'Stock-Data-Pipeline' retrieved from /opt/airflow/dags/stock_data.py
[2024-10-31T13:02:58.432+0000] {logging_mixin.py:188} INFO - [2024-10-31T13:02:58.432+0000] {dag.py:3096} INFO - Sync 1 DAGs
[2024-10-31T13:02:58.445+0000] {logging_mixin.py:188} INFO - [2024-10-31T13:02:58.444+0000] {dag.py:3954} INFO - Setting next_dagrun for Stock-Data-Pipeline to None, run_after=None
[2024-10-31T13:02:58.461+0000] {processor.py:183} INFO - Processing /opt/airflow/dags/stock_data.py took 2.278 seconds
[2024-10-31T13:03:28.954+0000] {processor.py:161} INFO - Started process (PID=54044) to work on /opt/airflow/dags/stock_data.py
[2024-10-31T13:03:28.957+0000] {processor.py:830} INFO - Processing file /opt/airflow/dags/stock_data.py for tasks to queue
[2024-10-31T13:03:28.958+0000] {logging_mixin.py:188} INFO - [2024-10-31T13:03:28.958+0000] {dagbag.py:545} INFO - Filling up the DagBag from /opt/airflow/dags/stock_data.py
[2024-10-31T13:03:30.800+0000] {processor.py:840} INFO - DAG(s) 'Stock-Data-Pipeline' retrieved from /opt/airflow/dags/stock_data.py
[2024-10-31T13:03:30.837+0000] {logging_mixin.py:188} INFO - [2024-10-31T13:03:30.836+0000] {dag.py:3096} INFO - Sync 1 DAGs
[2024-10-31T13:03:30.847+0000] {logging_mixin.py:188} INFO - [2024-10-31T13:03:30.847+0000] {dag.py:3954} INFO - Setting next_dagrun for Stock-Data-Pipeline to None, run_after=None
[2024-10-31T13:03:30.861+0000] {processor.py:183} INFO - Processing /opt/airflow/dags/stock_data.py took 1.919 seconds
[2024-10-31T13:04:01.287+0000] {processor.py:161} INFO - Started process (PID=54099) to work on /opt/airflow/dags/stock_data.py
[2024-10-31T13:04:01.289+0000] {processor.py:830} INFO - Processing file /opt/airflow/dags/stock_data.py for tasks to queue
[2024-10-31T13:04:01.290+0000] {logging_mixin.py:188} INFO - [2024-10-31T13:04:01.290+0000] {dagbag.py:545} INFO - Filling up the DagBag from /opt/airflow/dags/stock_data.py
[2024-10-31T13:04:03.142+0000] {processor.py:840} INFO - DAG(s) 'Stock-Data-Pipeline' retrieved from /opt/airflow/dags/stock_data.py
[2024-10-31T13:04:03.182+0000] {logging_mixin.py:188} INFO - [2024-10-31T13:04:03.182+0000] {dag.py:3096} INFO - Sync 1 DAGs
[2024-10-31T13:04:03.192+0000] {logging_mixin.py:188} INFO - [2024-10-31T13:04:03.192+0000] {dag.py:3954} INFO - Setting next_dagrun for Stock-Data-Pipeline to None, run_after=None
[2024-10-31T13:04:03.206+0000] {processor.py:183} INFO - Processing /opt/airflow/dags/stock_data.py took 1.928 seconds
[2024-10-31T13:04:34.052+0000] {processor.py:161} INFO - Started process (PID=54147) to work on /opt/airflow/dags/stock_data.py
[2024-10-31T13:04:34.055+0000] {processor.py:830} INFO - Processing file /opt/airflow/dags/stock_data.py for tasks to queue
[2024-10-31T13:04:34.057+0000] {logging_mixin.py:188} INFO - [2024-10-31T13:04:34.057+0000] {dagbag.py:545} INFO - Filling up the DagBag from /opt/airflow/dags/stock_data.py
[2024-10-31T13:04:35.652+0000] {processor.py:840} INFO - DAG(s) 'Stock-Data-Pipeline' retrieved from /opt/airflow/dags/stock_data.py
[2024-10-31T13:04:35.691+0000] {logging_mixin.py:188} INFO - [2024-10-31T13:04:35.691+0000] {dag.py:3096} INFO - Sync 1 DAGs
[2024-10-31T13:04:35.702+0000] {logging_mixin.py:188} INFO - [2024-10-31T13:04:35.702+0000] {dag.py:3954} INFO - Setting next_dagrun for Stock-Data-Pipeline to None, run_after=None
[2024-10-31T13:04:35.715+0000] {processor.py:183} INFO - Processing /opt/airflow/dags/stock_data.py took 1.675 seconds
[2024-10-31T13:05:06.252+0000] {processor.py:161} INFO - Started process (PID=54202) to work on /opt/airflow/dags/stock_data.py
[2024-10-31T13:05:06.256+0000] {processor.py:830} INFO - Processing file /opt/airflow/dags/stock_data.py for tasks to queue
[2024-10-31T13:05:06.257+0000] {logging_mixin.py:188} INFO - [2024-10-31T13:05:06.256+0000] {dagbag.py:545} INFO - Filling up the DagBag from /opt/airflow/dags/stock_data.py
[2024-10-31T13:05:07.782+0000] {processor.py:840} INFO - DAG(s) 'Stock-Data-Pipeline' retrieved from /opt/airflow/dags/stock_data.py
[2024-10-31T13:05:07.818+0000] {logging_mixin.py:188} INFO - [2024-10-31T13:05:07.818+0000] {dag.py:3096} INFO - Sync 1 DAGs
[2024-10-31T13:05:07.828+0000] {logging_mixin.py:188} INFO - [2024-10-31T13:05:07.827+0000] {dag.py:3954} INFO - Setting next_dagrun for Stock-Data-Pipeline to None, run_after=None
[2024-10-31T13:05:07.841+0000] {processor.py:183} INFO - Processing /opt/airflow/dags/stock_data.py took 1.597 seconds
[2024-10-31T13:05:38.669+0000] {processor.py:161} INFO - Started process (PID=54250) to work on /opt/airflow/dags/stock_data.py
[2024-10-31T13:05:38.672+0000] {processor.py:830} INFO - Processing file /opt/airflow/dags/stock_data.py for tasks to queue
[2024-10-31T13:05:38.674+0000] {logging_mixin.py:188} INFO - [2024-10-31T13:05:38.673+0000] {dagbag.py:545} INFO - Filling up the DagBag from /opt/airflow/dags/stock_data.py
[2024-10-31T13:05:40.565+0000] {processor.py:840} INFO - DAG(s) 'Stock-Data-Pipeline' retrieved from /opt/airflow/dags/stock_data.py
[2024-10-31T13:05:40.603+0000] {logging_mixin.py:188} INFO - [2024-10-31T13:05:40.603+0000] {dag.py:3096} INFO - Sync 1 DAGs
[2024-10-31T13:05:40.614+0000] {logging_mixin.py:188} INFO - [2024-10-31T13:05:40.613+0000] {dag.py:3954} INFO - Setting next_dagrun for Stock-Data-Pipeline to None, run_after=None
[2024-10-31T13:05:40.626+0000] {processor.py:183} INFO - Processing /opt/airflow/dags/stock_data.py took 1.969 seconds
[2024-10-31T13:06:11.009+0000] {processor.py:161} INFO - Started process (PID=54305) to work on /opt/airflow/dags/stock_data.py
[2024-10-31T13:06:11.013+0000] {processor.py:830} INFO - Processing file /opt/airflow/dags/stock_data.py for tasks to queue
[2024-10-31T13:06:11.016+0000] {logging_mixin.py:188} INFO - [2024-10-31T13:06:11.015+0000] {dagbag.py:545} INFO - Filling up the DagBag from /opt/airflow/dags/stock_data.py
[2024-10-31T13:06:12.711+0000] {processor.py:840} INFO - DAG(s) 'Stock-Data-Pipeline' retrieved from /opt/airflow/dags/stock_data.py
[2024-10-31T13:06:12.749+0000] {logging_mixin.py:188} INFO - [2024-10-31T13:06:12.749+0000] {dag.py:3096} INFO - Sync 1 DAGs
[2024-10-31T13:06:12.761+0000] {logging_mixin.py:188} INFO - [2024-10-31T13:06:12.761+0000] {dag.py:3954} INFO - Setting next_dagrun for Stock-Data-Pipeline to None, run_after=None
[2024-10-31T13:06:12.776+0000] {processor.py:183} INFO - Processing /opt/airflow/dags/stock_data.py took 1.779 seconds
[2024-10-31T13:06:42.994+0000] {processor.py:161} INFO - Started process (PID=54353) to work on /opt/airflow/dags/stock_data.py
[2024-10-31T13:06:43.000+0000] {processor.py:830} INFO - Processing file /opt/airflow/dags/stock_data.py for tasks to queue
[2024-10-31T13:06:43.004+0000] {logging_mixin.py:188} INFO - [2024-10-31T13:06:43.002+0000] {dagbag.py:545} INFO - Filling up the DagBag from /opt/airflow/dags/stock_data.py
[2024-10-31T13:06:45.064+0000] {processor.py:840} INFO - DAG(s) 'Stock-Data-Pipeline' retrieved from /opt/airflow/dags/stock_data.py
[2024-10-31T13:06:45.110+0000] {logging_mixin.py:188} INFO - [2024-10-31T13:06:45.110+0000] {dag.py:3096} INFO - Sync 1 DAGs
[2024-10-31T13:06:45.127+0000] {logging_mixin.py:188} INFO - [2024-10-31T13:06:45.126+0000] {dag.py:3954} INFO - Setting next_dagrun for Stock-Data-Pipeline to None, run_after=None
[2024-10-31T13:06:45.143+0000] {processor.py:183} INFO - Processing /opt/airflow/dags/stock_data.py took 2.163 seconds
[2024-10-31T13:07:15.557+0000] {processor.py:161} INFO - Started process (PID=54408) to work on /opt/airflow/dags/stock_data.py
[2024-10-31T13:07:15.560+0000] {processor.py:830} INFO - Processing file /opt/airflow/dags/stock_data.py for tasks to queue
[2024-10-31T13:07:15.563+0000] {logging_mixin.py:188} INFO - [2024-10-31T13:07:15.562+0000] {dagbag.py:545} INFO - Filling up the DagBag from /opt/airflow/dags/stock_data.py
[2024-10-31T13:07:17.515+0000] {processor.py:840} INFO - DAG(s) 'Stock-Data-Pipeline' retrieved from /opt/airflow/dags/stock_data.py
[2024-10-31T13:07:17.557+0000] {logging_mixin.py:188} INFO - [2024-10-31T13:07:17.557+0000] {dag.py:3096} INFO - Sync 1 DAGs
[2024-10-31T13:07:17.568+0000] {logging_mixin.py:188} INFO - [2024-10-31T13:07:17.567+0000] {dag.py:3954} INFO - Setting next_dagrun for Stock-Data-Pipeline to None, run_after=None
[2024-10-31T13:07:17.581+0000] {processor.py:183} INFO - Processing /opt/airflow/dags/stock_data.py took 2.038 seconds
[2024-10-31T13:07:48.006+0000] {processor.py:161} INFO - Started process (PID=54456) to work on /opt/airflow/dags/stock_data.py
[2024-10-31T13:07:48.009+0000] {processor.py:830} INFO - Processing file /opt/airflow/dags/stock_data.py for tasks to queue
[2024-10-31T13:07:48.011+0000] {logging_mixin.py:188} INFO - [2024-10-31T13:07:48.010+0000] {dagbag.py:545} INFO - Filling up the DagBag from /opt/airflow/dags/stock_data.py
[2024-10-31T13:07:49.631+0000] {processor.py:840} INFO - DAG(s) 'Stock-Data-Pipeline' retrieved from /opt/airflow/dags/stock_data.py
[2024-10-31T13:07:49.668+0000] {logging_mixin.py:188} INFO - [2024-10-31T13:07:49.668+0000] {dag.py:3096} INFO - Sync 1 DAGs
[2024-10-31T13:07:49.678+0000] {logging_mixin.py:188} INFO - [2024-10-31T13:07:49.678+0000] {dag.py:3954} INFO - Setting next_dagrun for Stock-Data-Pipeline to None, run_after=None
[2024-10-31T13:07:49.691+0000] {processor.py:183} INFO - Processing /opt/airflow/dags/stock_data.py took 1.694 seconds
[2024-10-31T13:08:20.200+0000] {processor.py:161} INFO - Started process (PID=54511) to work on /opt/airflow/dags/stock_data.py
[2024-10-31T13:08:20.202+0000] {processor.py:830} INFO - Processing file /opt/airflow/dags/stock_data.py for tasks to queue
[2024-10-31T13:08:20.205+0000] {logging_mixin.py:188} INFO - [2024-10-31T13:08:20.204+0000] {dagbag.py:545} INFO - Filling up the DagBag from /opt/airflow/dags/stock_data.py
[2024-10-31T13:08:22.200+0000] {processor.py:840} INFO - DAG(s) 'Stock-Data-Pipeline' retrieved from /opt/airflow/dags/stock_data.py
[2024-10-31T13:08:22.244+0000] {logging_mixin.py:188} INFO - [2024-10-31T13:08:22.244+0000] {dag.py:3096} INFO - Sync 1 DAGs
[2024-10-31T13:08:22.257+0000] {logging_mixin.py:188} INFO - [2024-10-31T13:08:22.256+0000] {dag.py:3954} INFO - Setting next_dagrun for Stock-Data-Pipeline to None, run_after=None
[2024-10-31T13:08:22.273+0000] {processor.py:183} INFO - Processing /opt/airflow/dags/stock_data.py took 2.085 seconds
[2024-10-31T13:08:52.996+0000] {processor.py:161} INFO - Started process (PID=54559) to work on /opt/airflow/dags/stock_data.py
[2024-10-31T13:08:52.999+0000] {processor.py:830} INFO - Processing file /opt/airflow/dags/stock_data.py for tasks to queue
[2024-10-31T13:08:53.001+0000] {logging_mixin.py:188} INFO - [2024-10-31T13:08:53.001+0000] {dagbag.py:545} INFO - Filling up the DagBag from /opt/airflow/dags/stock_data.py
[2024-10-31T13:08:54.711+0000] {processor.py:840} INFO - DAG(s) 'Stock-Data-Pipeline' retrieved from /opt/airflow/dags/stock_data.py
[2024-10-31T13:08:54.751+0000] {logging_mixin.py:188} INFO - [2024-10-31T13:08:54.751+0000] {dag.py:3096} INFO - Sync 1 DAGs
[2024-10-31T13:08:54.767+0000] {logging_mixin.py:188} INFO - [2024-10-31T13:08:54.766+0000] {dag.py:3954} INFO - Setting next_dagrun for Stock-Data-Pipeline to None, run_after=None
[2024-10-31T13:08:54.782+0000] {processor.py:183} INFO - Processing /opt/airflow/dags/stock_data.py took 1.800 seconds
[2024-10-31T13:09:25.273+0000] {processor.py:161} INFO - Started process (PID=54614) to work on /opt/airflow/dags/stock_data.py
[2024-10-31T13:09:25.276+0000] {processor.py:830} INFO - Processing file /opt/airflow/dags/stock_data.py for tasks to queue
[2024-10-31T13:09:25.278+0000] {logging_mixin.py:188} INFO - [2024-10-31T13:09:25.277+0000] {dagbag.py:545} INFO - Filling up the DagBag from /opt/airflow/dags/stock_data.py
[2024-10-31T13:09:27.074+0000] {processor.py:840} INFO - DAG(s) 'Stock-Data-Pipeline' retrieved from /opt/airflow/dags/stock_data.py
[2024-10-31T13:09:27.111+0000] {logging_mixin.py:188} INFO - [2024-10-31T13:09:27.111+0000] {dag.py:3096} INFO - Sync 1 DAGs
[2024-10-31T13:09:27.121+0000] {logging_mixin.py:188} INFO - [2024-10-31T13:09:27.120+0000] {dag.py:3954} INFO - Setting next_dagrun for Stock-Data-Pipeline to None, run_after=None
[2024-10-31T13:09:27.133+0000] {processor.py:183} INFO - Processing /opt/airflow/dags/stock_data.py took 1.874 seconds
[2024-10-31T13:09:57.739+0000] {processor.py:161} INFO - Started process (PID=54662) to work on /opt/airflow/dags/stock_data.py
[2024-10-31T13:09:57.743+0000] {processor.py:830} INFO - Processing file /opt/airflow/dags/stock_data.py for tasks to queue
[2024-10-31T13:09:57.745+0000] {logging_mixin.py:188} INFO - [2024-10-31T13:09:57.744+0000] {dagbag.py:545} INFO - Filling up the DagBag from /opt/airflow/dags/stock_data.py
[2024-10-31T13:09:59.653+0000] {processor.py:840} INFO - DAG(s) 'Stock-Data-Pipeline' retrieved from /opt/airflow/dags/stock_data.py
[2024-10-31T13:09:59.689+0000] {logging_mixin.py:188} INFO - [2024-10-31T13:09:59.689+0000] {dag.py:3096} INFO - Sync 1 DAGs
[2024-10-31T13:09:59.700+0000] {logging_mixin.py:188} INFO - [2024-10-31T13:09:59.700+0000] {dag.py:3954} INFO - Setting next_dagrun for Stock-Data-Pipeline to None, run_after=None
[2024-10-31T13:09:59.714+0000] {processor.py:183} INFO - Processing /opt/airflow/dags/stock_data.py took 1.987 seconds
[2024-10-31T13:10:30.248+0000] {processor.py:161} INFO - Started process (PID=54717) to work on /opt/airflow/dags/stock_data.py
[2024-10-31T13:10:30.251+0000] {processor.py:830} INFO - Processing file /opt/airflow/dags/stock_data.py for tasks to queue
[2024-10-31T13:10:30.253+0000] {logging_mixin.py:188} INFO - [2024-10-31T13:10:30.252+0000] {dagbag.py:545} INFO - Filling up the DagBag from /opt/airflow/dags/stock_data.py
[2024-10-31T13:10:32.148+0000] {processor.py:840} INFO - DAG(s) 'Stock-Data-Pipeline' retrieved from /opt/airflow/dags/stock_data.py
[2024-10-31T13:10:32.184+0000] {logging_mixin.py:188} INFO - [2024-10-31T13:10:32.184+0000] {dag.py:3096} INFO - Sync 1 DAGs
[2024-10-31T13:10:32.195+0000] {logging_mixin.py:188} INFO - [2024-10-31T13:10:32.195+0000] {dag.py:3954} INFO - Setting next_dagrun for Stock-Data-Pipeline to None, run_after=None
[2024-10-31T13:10:32.209+0000] {processor.py:183} INFO - Processing /opt/airflow/dags/stock_data.py took 1.974 seconds
[2024-10-31T13:11:02.620+0000] {processor.py:161} INFO - Started process (PID=54765) to work on /opt/airflow/dags/stock_data.py
[2024-10-31T13:11:02.626+0000] {processor.py:830} INFO - Processing file /opt/airflow/dags/stock_data.py for tasks to queue
[2024-10-31T13:11:02.629+0000] {logging_mixin.py:188} INFO - [2024-10-31T13:11:02.628+0000] {dagbag.py:545} INFO - Filling up the DagBag from /opt/airflow/dags/stock_data.py
[2024-10-31T13:11:04.780+0000] {processor.py:840} INFO - DAG(s) 'Stock-Data-Pipeline' retrieved from /opt/airflow/dags/stock_data.py
[2024-10-31T13:11:04.826+0000] {logging_mixin.py:188} INFO - [2024-10-31T13:11:04.826+0000] {dag.py:3096} INFO - Sync 1 DAGs
[2024-10-31T13:11:04.839+0000] {logging_mixin.py:188} INFO - [2024-10-31T13:11:04.839+0000] {dag.py:3954} INFO - Setting next_dagrun for Stock-Data-Pipeline to None, run_after=None
[2024-10-31T13:11:04.856+0000] {processor.py:183} INFO - Processing /opt/airflow/dags/stock_data.py took 2.251 seconds
[2024-10-31T13:11:35.064+0000] {processor.py:161} INFO - Started process (PID=54820) to work on /opt/airflow/dags/stock_data.py
[2024-10-31T13:11:35.067+0000] {processor.py:830} INFO - Processing file /opt/airflow/dags/stock_data.py for tasks to queue
[2024-10-31T13:11:35.068+0000] {logging_mixin.py:188} INFO - [2024-10-31T13:11:35.068+0000] {dagbag.py:545} INFO - Filling up the DagBag from /opt/airflow/dags/stock_data.py
[2024-10-31T13:11:36.729+0000] {processor.py:840} INFO - DAG(s) 'Stock-Data-Pipeline' retrieved from /opt/airflow/dags/stock_data.py
[2024-10-31T13:11:36.764+0000] {logging_mixin.py:188} INFO - [2024-10-31T13:11:36.763+0000] {dag.py:3096} INFO - Sync 1 DAGs
[2024-10-31T13:11:36.773+0000] {logging_mixin.py:188} INFO - [2024-10-31T13:11:36.773+0000] {dag.py:3954} INFO - Setting next_dagrun for Stock-Data-Pipeline to None, run_after=None
[2024-10-31T13:11:36.785+0000] {processor.py:183} INFO - Processing /opt/airflow/dags/stock_data.py took 1.731 seconds
[2024-10-31T13:12:07.163+0000] {processor.py:161} INFO - Started process (PID=54876) to work on /opt/airflow/dags/stock_data.py
[2024-10-31T13:12:07.167+0000] {processor.py:830} INFO - Processing file /opt/airflow/dags/stock_data.py for tasks to queue
[2024-10-31T13:12:07.169+0000] {logging_mixin.py:188} INFO - [2024-10-31T13:12:07.168+0000] {dagbag.py:545} INFO - Filling up the DagBag from /opt/airflow/dags/stock_data.py
[2024-10-31T13:12:09.306+0000] {processor.py:840} INFO - DAG(s) 'Stock-Data-Pipeline' retrieved from /opt/airflow/dags/stock_data.py
[2024-10-31T13:12:09.347+0000] {logging_mixin.py:188} INFO - [2024-10-31T13:12:09.346+0000] {dag.py:3096} INFO - Sync 1 DAGs
[2024-10-31T13:12:09.356+0000] {logging_mixin.py:188} INFO - [2024-10-31T13:12:09.356+0000] {dag.py:3954} INFO - Setting next_dagrun for Stock-Data-Pipeline to None, run_after=None
[2024-10-31T13:12:09.371+0000] {processor.py:183} INFO - Processing /opt/airflow/dags/stock_data.py took 2.243 seconds
[2024-10-31T13:12:39.694+0000] {processor.py:161} INFO - Started process (PID=54924) to work on /opt/airflow/dags/stock_data.py
[2024-10-31T13:12:39.698+0000] {processor.py:830} INFO - Processing file /opt/airflow/dags/stock_data.py for tasks to queue
[2024-10-31T13:12:39.700+0000] {logging_mixin.py:188} INFO - [2024-10-31T13:12:39.699+0000] {dagbag.py:545} INFO - Filling up the DagBag from /opt/airflow/dags/stock_data.py
[2024-10-31T13:12:41.704+0000] {processor.py:840} INFO - DAG(s) 'Stock-Data-Pipeline' retrieved from /opt/airflow/dags/stock_data.py
[2024-10-31T13:12:41.745+0000] {logging_mixin.py:188} INFO - [2024-10-31T13:12:41.745+0000] {dag.py:3096} INFO - Sync 1 DAGs
[2024-10-31T13:12:41.756+0000] {logging_mixin.py:188} INFO - [2024-10-31T13:12:41.756+0000] {dag.py:3954} INFO - Setting next_dagrun for Stock-Data-Pipeline to None, run_after=None
[2024-10-31T13:12:41.771+0000] {processor.py:183} INFO - Processing /opt/airflow/dags/stock_data.py took 2.088 seconds
[2024-10-31T13:13:12.028+0000] {processor.py:161} INFO - Started process (PID=54978) to work on /opt/airflow/dags/stock_data.py
[2024-10-31T13:13:12.031+0000] {processor.py:830} INFO - Processing file /opt/airflow/dags/stock_data.py for tasks to queue
[2024-10-31T13:13:12.033+0000] {logging_mixin.py:188} INFO - [2024-10-31T13:13:12.033+0000] {dagbag.py:545} INFO - Filling up the DagBag from /opt/airflow/dags/stock_data.py
[2024-10-31T13:13:14.352+0000] {processor.py:840} INFO - DAG(s) 'Stock-Data-Pipeline' retrieved from /opt/airflow/dags/stock_data.py
[2024-10-31T13:13:14.387+0000] {logging_mixin.py:188} INFO - [2024-10-31T13:13:14.386+0000] {dag.py:3096} INFO - Sync 1 DAGs
[2024-10-31T13:13:14.396+0000] {logging_mixin.py:188} INFO - [2024-10-31T13:13:14.396+0000] {dag.py:3954} INFO - Setting next_dagrun for Stock-Data-Pipeline to None, run_after=None
[2024-10-31T13:13:14.409+0000] {processor.py:183} INFO - Processing /opt/airflow/dags/stock_data.py took 2.393 seconds
[2024-10-31T13:13:45.007+0000] {processor.py:161} INFO - Started process (PID=55026) to work on /opt/airflow/dags/stock_data.py
[2024-10-31T13:13:45.010+0000] {processor.py:830} INFO - Processing file /opt/airflow/dags/stock_data.py for tasks to queue
[2024-10-31T13:13:45.011+0000] {logging_mixin.py:188} INFO - [2024-10-31T13:13:45.011+0000] {dagbag.py:545} INFO - Filling up the DagBag from /opt/airflow/dags/stock_data.py
[2024-10-31T13:13:46.477+0000] {processor.py:840} INFO - DAG(s) 'Stock-Data-Pipeline' retrieved from /opt/airflow/dags/stock_data.py
[2024-10-31T13:13:46.516+0000] {logging_mixin.py:188} INFO - [2024-10-31T13:13:46.515+0000] {dag.py:3096} INFO - Sync 1 DAGs
[2024-10-31T13:13:46.525+0000] {logging_mixin.py:188} INFO - [2024-10-31T13:13:46.525+0000] {dag.py:3954} INFO - Setting next_dagrun for Stock-Data-Pipeline to None, run_after=None
[2024-10-31T13:13:46.540+0000] {processor.py:183} INFO - Processing /opt/airflow/dags/stock_data.py took 1.541 seconds
[2024-10-31T13:14:17.360+0000] {processor.py:161} INFO - Started process (PID=55081) to work on /opt/airflow/dags/stock_data.py
[2024-10-31T13:14:17.362+0000] {processor.py:830} INFO - Processing file /opt/airflow/dags/stock_data.py for tasks to queue
[2024-10-31T13:14:17.363+0000] {logging_mixin.py:188} INFO - [2024-10-31T13:14:17.363+0000] {dagbag.py:545} INFO - Filling up the DagBag from /opt/airflow/dags/stock_data.py
[2024-10-31T13:14:18.918+0000] {processor.py:840} INFO - DAG(s) 'Stock-Data-Pipeline' retrieved from /opt/airflow/dags/stock_data.py
[2024-10-31T13:14:18.952+0000] {logging_mixin.py:188} INFO - [2024-10-31T13:14:18.951+0000] {dag.py:3096} INFO - Sync 1 DAGs
[2024-10-31T13:14:18.961+0000] {logging_mixin.py:188} INFO - [2024-10-31T13:14:18.961+0000] {dag.py:3954} INFO - Setting next_dagrun for Stock-Data-Pipeline to None, run_after=None
[2024-10-31T13:14:18.974+0000] {processor.py:183} INFO - Processing /opt/airflow/dags/stock_data.py took 1.620 seconds
[2024-10-31T13:14:49.792+0000] {processor.py:161} INFO - Started process (PID=55129) to work on /opt/airflow/dags/stock_data.py
[2024-10-31T13:14:49.795+0000] {processor.py:830} INFO - Processing file /opt/airflow/dags/stock_data.py for tasks to queue
[2024-10-31T13:14:49.797+0000] {logging_mixin.py:188} INFO - [2024-10-31T13:14:49.796+0000] {dagbag.py:545} INFO - Filling up the DagBag from /opt/airflow/dags/stock_data.py
[2024-10-31T13:14:51.337+0000] {processor.py:840} INFO - DAG(s) 'Stock-Data-Pipeline' retrieved from /opt/airflow/dags/stock_data.py
[2024-10-31T13:14:51.371+0000] {logging_mixin.py:188} INFO - [2024-10-31T13:14:51.370+0000] {dag.py:3096} INFO - Sync 1 DAGs
[2024-10-31T13:14:51.381+0000] {logging_mixin.py:188} INFO - [2024-10-31T13:14:51.380+0000] {dag.py:3954} INFO - Setting next_dagrun for Stock-Data-Pipeline to None, run_after=None
[2024-10-31T13:14:51.392+0000] {processor.py:183} INFO - Processing /opt/airflow/dags/stock_data.py took 1.612 seconds
[2024-10-31T13:15:22.243+0000] {processor.py:161} INFO - Started process (PID=55184) to work on /opt/airflow/dags/stock_data.py
[2024-10-31T13:15:22.245+0000] {processor.py:830} INFO - Processing file /opt/airflow/dags/stock_data.py for tasks to queue
[2024-10-31T13:15:22.247+0000] {logging_mixin.py:188} INFO - [2024-10-31T13:15:22.246+0000] {dagbag.py:545} INFO - Filling up the DagBag from /opt/airflow/dags/stock_data.py
[2024-10-31T13:15:24.065+0000] {processor.py:840} INFO - DAG(s) 'Stock-Data-Pipeline' retrieved from /opt/airflow/dags/stock_data.py
[2024-10-31T13:15:24.108+0000] {logging_mixin.py:188} INFO - [2024-10-31T13:15:24.108+0000] {dag.py:3096} INFO - Sync 1 DAGs
[2024-10-31T13:15:24.124+0000] {logging_mixin.py:188} INFO - [2024-10-31T13:15:24.123+0000] {dag.py:3954} INFO - Setting next_dagrun for Stock-Data-Pipeline to None, run_after=None
[2024-10-31T13:15:24.148+0000] {processor.py:183} INFO - Processing /opt/airflow/dags/stock_data.py took 1.929 seconds
[2024-10-31T13:15:54.562+0000] {processor.py:161} INFO - Started process (PID=55232) to work on /opt/airflow/dags/stock_data.py
[2024-10-31T13:15:54.565+0000] {processor.py:830} INFO - Processing file /opt/airflow/dags/stock_data.py for tasks to queue
[2024-10-31T13:15:54.567+0000] {logging_mixin.py:188} INFO - [2024-10-31T13:15:54.566+0000] {dagbag.py:545} INFO - Filling up the DagBag from /opt/airflow/dags/stock_data.py
[2024-10-31T13:15:56.626+0000] {processor.py:840} INFO - DAG(s) 'Stock-Data-Pipeline' retrieved from /opt/airflow/dags/stock_data.py
[2024-10-31T13:15:56.671+0000] {logging_mixin.py:188} INFO - [2024-10-31T13:15:56.671+0000] {dag.py:3096} INFO - Sync 1 DAGs
[2024-10-31T13:15:56.692+0000] {logging_mixin.py:188} INFO - [2024-10-31T13:15:56.691+0000] {dag.py:3954} INFO - Setting next_dagrun for Stock-Data-Pipeline to None, run_after=None
[2024-10-31T13:15:56.719+0000] {processor.py:183} INFO - Processing /opt/airflow/dags/stock_data.py took 2.171 seconds
[2024-10-31T13:16:27.070+0000] {processor.py:161} INFO - Started process (PID=55287) to work on /opt/airflow/dags/stock_data.py
[2024-10-31T13:16:27.074+0000] {processor.py:830} INFO - Processing file /opt/airflow/dags/stock_data.py for tasks to queue
[2024-10-31T13:16:27.077+0000] {logging_mixin.py:188} INFO - [2024-10-31T13:16:27.076+0000] {dagbag.py:545} INFO - Filling up the DagBag from /opt/airflow/dags/stock_data.py
[2024-10-31T13:16:29.383+0000] {processor.py:840} INFO - DAG(s) 'Stock-Data-Pipeline' retrieved from /opt/airflow/dags/stock_data.py
[2024-10-31T13:16:29.424+0000] {logging_mixin.py:188} INFO - [2024-10-31T13:16:29.424+0000] {dag.py:3096} INFO - Sync 1 DAGs
[2024-10-31T13:16:29.436+0000] {logging_mixin.py:188} INFO - [2024-10-31T13:16:29.435+0000] {dag.py:3954} INFO - Setting next_dagrun for Stock-Data-Pipeline to None, run_after=None
[2024-10-31T13:16:29.451+0000] {processor.py:183} INFO - Processing /opt/airflow/dags/stock_data.py took 2.397 seconds
[2024-10-31T13:16:59.895+0000] {processor.py:161} INFO - Started process (PID=55342) to work on /opt/airflow/dags/stock_data.py
[2024-10-31T13:16:59.899+0000] {processor.py:830} INFO - Processing file /opt/airflow/dags/stock_data.py for tasks to queue
[2024-10-31T13:16:59.903+0000] {logging_mixin.py:188} INFO - [2024-10-31T13:16:59.900+0000] {dagbag.py:545} INFO - Filling up the DagBag from /opt/airflow/dags/stock_data.py
[2024-10-31T13:17:02.171+0000] {processor.py:840} INFO - DAG(s) 'Stock-Data-Pipeline' retrieved from /opt/airflow/dags/stock_data.py
[2024-10-31T13:17:02.203+0000] {logging_mixin.py:188} INFO - [2024-10-31T13:17:02.203+0000] {dag.py:3096} INFO - Sync 1 DAGs
[2024-10-31T13:17:02.213+0000] {logging_mixin.py:188} INFO - [2024-10-31T13:17:02.213+0000] {dag.py:3954} INFO - Setting next_dagrun for Stock-Data-Pipeline to None, run_after=None
[2024-10-31T13:17:02.227+0000] {processor.py:183} INFO - Processing /opt/airflow/dags/stock_data.py took 2.346 seconds
[2024-10-31T13:17:32.564+0000] {processor.py:161} INFO - Started process (PID=55394) to work on /opt/airflow/dags/stock_data.py
[2024-10-31T13:17:32.568+0000] {processor.py:830} INFO - Processing file /opt/airflow/dags/stock_data.py for tasks to queue
[2024-10-31T13:17:32.571+0000] {logging_mixin.py:188} INFO - [2024-10-31T13:17:32.570+0000] {dagbag.py:545} INFO - Filling up the DagBag from /opt/airflow/dags/stock_data.py
[2024-10-31T13:17:34.456+0000] {processor.py:840} INFO - DAG(s) 'Stock-Data-Pipeline' retrieved from /opt/airflow/dags/stock_data.py
[2024-10-31T13:17:34.488+0000] {logging_mixin.py:188} INFO - [2024-10-31T13:17:34.487+0000] {dag.py:3096} INFO - Sync 1 DAGs
[2024-10-31T13:17:34.496+0000] {logging_mixin.py:188} INFO - [2024-10-31T13:17:34.496+0000] {dag.py:3954} INFO - Setting next_dagrun for Stock-Data-Pipeline to None, run_after=None
[2024-10-31T13:17:34.508+0000] {processor.py:183} INFO - Processing /opt/airflow/dags/stock_data.py took 1.952 seconds
[2024-10-31T13:18:04.863+0000] {processor.py:161} INFO - Started process (PID=55452) to work on /opt/airflow/dags/stock_data.py
[2024-10-31T13:18:04.867+0000] {processor.py:830} INFO - Processing file /opt/airflow/dags/stock_data.py for tasks to queue
[2024-10-31T13:18:04.869+0000] {logging_mixin.py:188} INFO - [2024-10-31T13:18:04.868+0000] {dagbag.py:545} INFO - Filling up the DagBag from /opt/airflow/dags/stock_data.py
[2024-10-31T13:18:06.625+0000] {processor.py:840} INFO - DAG(s) 'Stock-Data-Pipeline' retrieved from /opt/airflow/dags/stock_data.py
[2024-10-31T13:18:06.671+0000] {logging_mixin.py:188} INFO - [2024-10-31T13:18:06.671+0000] {dag.py:3096} INFO - Sync 1 DAGs
[2024-10-31T13:18:06.682+0000] {logging_mixin.py:188} INFO - [2024-10-31T13:18:06.682+0000] {dag.py:3954} INFO - Setting next_dagrun for Stock-Data-Pipeline to None, run_after=None
[2024-10-31T13:18:06.696+0000] {processor.py:183} INFO - Processing /opt/airflow/dags/stock_data.py took 1.842 seconds
[2024-10-31T13:18:37.351+0000] {processor.py:161} INFO - Started process (PID=55502) to work on /opt/airflow/dags/stock_data.py
[2024-10-31T13:18:37.354+0000] {processor.py:830} INFO - Processing file /opt/airflow/dags/stock_data.py for tasks to queue
[2024-10-31T13:18:37.356+0000] {logging_mixin.py:188} INFO - [2024-10-31T13:18:37.356+0000] {dagbag.py:545} INFO - Filling up the DagBag from /opt/airflow/dags/stock_data.py
[2024-10-31T13:18:39.421+0000] {processor.py:840} INFO - DAG(s) 'Stock-Data-Pipeline' retrieved from /opt/airflow/dags/stock_data.py
[2024-10-31T13:18:39.463+0000] {logging_mixin.py:188} INFO - [2024-10-31T13:18:39.463+0000] {dag.py:3096} INFO - Sync 1 DAGs
[2024-10-31T13:18:39.474+0000] {logging_mixin.py:188} INFO - [2024-10-31T13:18:39.474+0000] {dag.py:3954} INFO - Setting next_dagrun for Stock-Data-Pipeline to None, run_after=None
[2024-10-31T13:18:39.488+0000] {processor.py:183} INFO - Processing /opt/airflow/dags/stock_data.py took 2.148 seconds
[2024-10-31T13:19:10.050+0000] {processor.py:161} INFO - Started process (PID=55557) to work on /opt/airflow/dags/stock_data.py
[2024-10-31T13:19:10.083+0000] {processor.py:830} INFO - Processing file /opt/airflow/dags/stock_data.py for tasks to queue
[2024-10-31T13:19:10.087+0000] {logging_mixin.py:188} INFO - [2024-10-31T13:19:10.086+0000] {dagbag.py:545} INFO - Filling up the DagBag from /opt/airflow/dags/stock_data.py
[2024-10-31T13:19:14.120+0000] {processor.py:840} INFO - DAG(s) 'Stock-Data-Pipeline' retrieved from /opt/airflow/dags/stock_data.py
[2024-10-31T13:19:14.180+0000] {logging_mixin.py:188} INFO - [2024-10-31T13:19:14.179+0000] {dag.py:3096} INFO - Sync 1 DAGs
[2024-10-31T13:19:14.193+0000] {logging_mixin.py:188} INFO - [2024-10-31T13:19:14.193+0000] {dag.py:3954} INFO - Setting next_dagrun for Stock-Data-Pipeline to None, run_after=None
[2024-10-31T13:19:14.213+0000] {processor.py:183} INFO - Processing /opt/airflow/dags/stock_data.py took 4.193 seconds
[2024-10-31T13:19:44.590+0000] {processor.py:161} INFO - Started process (PID=55605) to work on /opt/airflow/dags/stock_data.py
[2024-10-31T13:19:44.593+0000] {processor.py:830} INFO - Processing file /opt/airflow/dags/stock_data.py for tasks to queue
[2024-10-31T13:19:44.595+0000] {logging_mixin.py:188} INFO - [2024-10-31T13:19:44.594+0000] {dagbag.py:545} INFO - Filling up the DagBag from /opt/airflow/dags/stock_data.py
[2024-10-31T13:19:46.209+0000] {processor.py:840} INFO - DAG(s) 'Stock-Data-Pipeline' retrieved from /opt/airflow/dags/stock_data.py
[2024-10-31T13:19:46.254+0000] {logging_mixin.py:188} INFO - [2024-10-31T13:19:46.254+0000] {dag.py:3096} INFO - Sync 1 DAGs
[2024-10-31T13:19:46.265+0000] {logging_mixin.py:188} INFO - [2024-10-31T13:19:46.264+0000] {dag.py:3954} INFO - Setting next_dagrun for Stock-Data-Pipeline to None, run_after=None
[2024-10-31T13:19:46.277+0000] {processor.py:183} INFO - Processing /opt/airflow/dags/stock_data.py took 1.696 seconds
[2024-10-31T13:20:16.434+0000] {processor.py:161} INFO - Started process (PID=55660) to work on /opt/airflow/dags/stock_data.py
[2024-10-31T13:20:16.438+0000] {processor.py:830} INFO - Processing file /opt/airflow/dags/stock_data.py for tasks to queue
[2024-10-31T13:20:16.442+0000] {logging_mixin.py:188} INFO - [2024-10-31T13:20:16.440+0000] {dagbag.py:545} INFO - Filling up the DagBag from /opt/airflow/dags/stock_data.py
[2024-10-31T13:20:18.407+0000] {processor.py:840} INFO - DAG(s) 'Stock-Data-Pipeline' retrieved from /opt/airflow/dags/stock_data.py
[2024-10-31T13:20:18.490+0000] {logging_mixin.py:188} INFO - [2024-10-31T13:20:18.490+0000] {dag.py:3096} INFO - Sync 1 DAGs
[2024-10-31T13:20:18.502+0000] {logging_mixin.py:188} INFO - [2024-10-31T13:20:18.502+0000] {dag.py:3954} INFO - Setting next_dagrun for Stock-Data-Pipeline to None, run_after=None
[2024-10-31T13:20:18.519+0000] {processor.py:183} INFO - Processing /opt/airflow/dags/stock_data.py took 2.101 seconds
[2024-10-31T13:20:49.623+0000] {processor.py:161} INFO - Started process (PID=55708) to work on /opt/airflow/dags/stock_data.py
[2024-10-31T13:20:49.626+0000] {processor.py:830} INFO - Processing file /opt/airflow/dags/stock_data.py for tasks to queue
[2024-10-31T13:20:49.629+0000] {logging_mixin.py:188} INFO - [2024-10-31T13:20:49.628+0000] {dagbag.py:545} INFO - Filling up the DagBag from /opt/airflow/dags/stock_data.py
[2024-10-31T13:20:51.433+0000] {processor.py:840} INFO - DAG(s) 'Stock-Data-Pipeline' retrieved from /opt/airflow/dags/stock_data.py
[2024-10-31T13:20:51.510+0000] {logging_mixin.py:188} INFO - [2024-10-31T13:20:51.510+0000] {dag.py:3096} INFO - Sync 1 DAGs
[2024-10-31T13:20:51.532+0000] {logging_mixin.py:188} INFO - [2024-10-31T13:20:51.532+0000] {dag.py:3954} INFO - Setting next_dagrun for Stock-Data-Pipeline to None, run_after=None
[2024-10-31T13:20:51.551+0000] {processor.py:183} INFO - Processing /opt/airflow/dags/stock_data.py took 1.942 seconds
[2024-10-31T13:21:21.913+0000] {processor.py:161} INFO - Started process (PID=55763) to work on /opt/airflow/dags/stock_data.py
[2024-10-31T13:21:21.916+0000] {processor.py:830} INFO - Processing file /opt/airflow/dags/stock_data.py for tasks to queue
[2024-10-31T13:21:21.918+0000] {logging_mixin.py:188} INFO - [2024-10-31T13:21:21.917+0000] {dagbag.py:545} INFO - Filling up the DagBag from /opt/airflow/dags/stock_data.py
[2024-10-31T13:21:23.564+0000] {logging_mixin.py:188} INFO - [2024-10-31T13:21:23.561+0000] {dagbag.py:355} ERROR - Failed to import: /opt/airflow/dags/stock_data.py
Traceback (most recent call last):
  File "/home/airflow/.local/lib/python3.12/site-packages/airflow/models/dagbag.py", line 351, in parse
    loader.exec_module(new_module)
  File "<frozen importlib._bootstrap_external>", line 995, in exec_module
  File "<frozen importlib._bootstrap>", line 488, in _call_with_frames_removed
  File "/opt/airflow/dags/stock_data.py", line 17, in <module>
    from utils.s3_helper import (
  File "/opt/airflow/dags/utils/s3_helper.py", line 9, in <module>
    bucket_name = os.get
                  ^^
NameError: name 'os' is not defined. Did you forget to import 'os'
[2024-10-31T13:21:23.566+0000] {processor.py:842} WARNING - No viable dags retrieved from /opt/airflow/dags/stock_data.py
[2024-10-31T13:21:23.590+0000] {processor.py:183} INFO - Processing /opt/airflow/dags/stock_data.py took 1.687 seconds
[2024-10-31T13:21:53.959+0000] {processor.py:161} INFO - Started process (PID=55806) to work on /opt/airflow/dags/stock_data.py
[2024-10-31T13:21:53.961+0000] {processor.py:830} INFO - Processing file /opt/airflow/dags/stock_data.py for tasks to queue
[2024-10-31T13:21:53.962+0000] {logging_mixin.py:188} INFO - [2024-10-31T13:21:53.962+0000] {dagbag.py:545} INFO - Filling up the DagBag from /opt/airflow/dags/stock_data.py
[2024-10-31T13:21:56.034+0000] {logging_mixin.py:188} INFO - [2024-10-31T13:21:56.030+0000] {dagbag.py:355} ERROR - Failed to import: /opt/airflow/dags/stock_data.py
Traceback (most recent call last):
  File "/home/airflow/.local/lib/python3.12/site-packages/airflow/models/dagbag.py", line 351, in parse
    loader.exec_module(new_module)
  File "<frozen importlib._bootstrap_external>", line 995, in exec_module
  File "<frozen importlib._bootstrap>", line 488, in _call_with_frames_removed
  File "/opt/airflow/dags/stock_data.py", line 17, in <module>
    from utils.s3_helper import (
  File "/opt/airflow/dags/utils/s3_helper.py", line 9, in <module>
    bucket_name = os.get
                  ^^
NameError: name 'os' is not defined. Did you forget to import 'os'
[2024-10-31T13:21:56.035+0000] {processor.py:842} WARNING - No viable dags retrieved from /opt/airflow/dags/stock_data.py
[2024-10-31T13:21:56.063+0000] {processor.py:183} INFO - Processing /opt/airflow/dags/stock_data.py took 2.110 seconds
[2024-10-31T13:22:26.523+0000] {processor.py:161} INFO - Started process (PID=55850) to work on /opt/airflow/dags/stock_data.py
[2024-10-31T13:22:26.527+0000] {processor.py:830} INFO - Processing file /opt/airflow/dags/stock_data.py for tasks to queue
[2024-10-31T13:22:26.530+0000] {logging_mixin.py:188} INFO - [2024-10-31T13:22:26.529+0000] {dagbag.py:545} INFO - Filling up the DagBag from /opt/airflow/dags/stock_data.py
[2024-10-31T13:22:28.887+0000] {processor.py:840} INFO - DAG(s) 'Stock-Data-Pipeline' retrieved from /opt/airflow/dags/stock_data.py
[2024-10-31T13:22:28.990+0000] {logging_mixin.py:188} INFO - [2024-10-31T13:22:28.990+0000] {dag.py:3096} INFO - Sync 1 DAGs
[2024-10-31T13:22:29.004+0000] {logging_mixin.py:188} INFO - [2024-10-31T13:22:29.004+0000] {dag.py:3954} INFO - Setting next_dagrun for Stock-Data-Pipeline to None, run_after=None
[2024-10-31T13:22:29.023+0000] {processor.py:183} INFO - Processing /opt/airflow/dags/stock_data.py took 2.515 seconds
[2024-10-31T13:22:59.265+0000] {processor.py:161} INFO - Started process (PID=55898) to work on /opt/airflow/dags/stock_data.py
[2024-10-31T13:22:59.269+0000] {processor.py:830} INFO - Processing file /opt/airflow/dags/stock_data.py for tasks to queue
[2024-10-31T13:22:59.272+0000] {logging_mixin.py:188} INFO - [2024-10-31T13:22:59.271+0000] {dagbag.py:545} INFO - Filling up the DagBag from /opt/airflow/dags/stock_data.py
[2024-10-31T13:23:01.540+0000] {processor.py:840} INFO - DAG(s) 'Stock-Data-Pipeline' retrieved from /opt/airflow/dags/stock_data.py
[2024-10-31T13:23:01.608+0000] {logging_mixin.py:188} INFO - [2024-10-31T13:23:01.608+0000] {dag.py:3096} INFO - Sync 1 DAGs
[2024-10-31T13:23:01.620+0000] {logging_mixin.py:188} INFO - [2024-10-31T13:23:01.620+0000] {dag.py:3954} INFO - Setting next_dagrun for Stock-Data-Pipeline to None, run_after=None
[2024-10-31T13:23:01.634+0000] {processor.py:183} INFO - Processing /opt/airflow/dags/stock_data.py took 2.385 seconds
[2024-10-31T13:23:32.358+0000] {processor.py:161} INFO - Started process (PID=55946) to work on /opt/airflow/dags/stock_data.py
[2024-10-31T13:23:32.361+0000] {processor.py:830} INFO - Processing file /opt/airflow/dags/stock_data.py for tasks to queue
[2024-10-31T13:23:32.364+0000] {logging_mixin.py:188} INFO - [2024-10-31T13:23:32.363+0000] {dagbag.py:545} INFO - Filling up the DagBag from /opt/airflow/dags/stock_data.py
[2024-10-31T13:23:34.618+0000] {processor.py:840} INFO - DAG(s) 'Stock-Data-Pipeline' retrieved from /opt/airflow/dags/stock_data.py
[2024-10-31T13:23:34.681+0000] {logging_mixin.py:188} INFO - [2024-10-31T13:23:34.681+0000] {dag.py:3096} INFO - Sync 1 DAGs
[2024-10-31T13:23:34.697+0000] {logging_mixin.py:188} INFO - [2024-10-31T13:23:34.697+0000] {dag.py:3954} INFO - Setting next_dagrun for Stock-Data-Pipeline to None, run_after=None
[2024-10-31T13:23:34.717+0000] {processor.py:183} INFO - Processing /opt/airflow/dags/stock_data.py took 2.373 seconds
[2024-10-31T13:24:05.157+0000] {processor.py:161} INFO - Started process (PID=56001) to work on /opt/airflow/dags/stock_data.py
[2024-10-31T13:24:05.160+0000] {processor.py:830} INFO - Processing file /opt/airflow/dags/stock_data.py for tasks to queue
[2024-10-31T13:24:05.162+0000] {logging_mixin.py:188} INFO - [2024-10-31T13:24:05.162+0000] {dagbag.py:545} INFO - Filling up the DagBag from /opt/airflow/dags/stock_data.py
[2024-10-31T13:24:06.922+0000] {processor.py:840} INFO - DAG(s) 'Stock-Data-Pipeline' retrieved from /opt/airflow/dags/stock_data.py
[2024-10-31T13:24:06.964+0000] {logging_mixin.py:188} INFO - [2024-10-31T13:24:06.964+0000] {dag.py:3096} INFO - Sync 1 DAGs
[2024-10-31T13:24:06.975+0000] {logging_mixin.py:188} INFO - [2024-10-31T13:24:06.975+0000] {dag.py:3954} INFO - Setting next_dagrun for Stock-Data-Pipeline to None, run_after=None
[2024-10-31T13:24:06.991+0000] {processor.py:183} INFO - Processing /opt/airflow/dags/stock_data.py took 1.847 seconds
[2024-10-31T13:24:37.309+0000] {processor.py:161} INFO - Started process (PID=56049) to work on /opt/airflow/dags/stock_data.py
[2024-10-31T13:24:37.313+0000] {processor.py:830} INFO - Processing file /opt/airflow/dags/stock_data.py for tasks to queue
[2024-10-31T13:24:37.315+0000] {logging_mixin.py:188} INFO - [2024-10-31T13:24:37.314+0000] {dagbag.py:545} INFO - Filling up the DagBag from /opt/airflow/dags/stock_data.py
[2024-10-31T13:24:39.402+0000] {processor.py:840} INFO - DAG(s) 'Stock-Data-Pipeline' retrieved from /opt/airflow/dags/stock_data.py
[2024-10-31T13:24:39.466+0000] {logging_mixin.py:188} INFO - [2024-10-31T13:24:39.465+0000] {dag.py:3096} INFO - Sync 1 DAGs
[2024-10-31T13:24:39.482+0000] {logging_mixin.py:188} INFO - [2024-10-31T13:24:39.482+0000] {dag.py:3954} INFO - Setting next_dagrun for Stock-Data-Pipeline to None, run_after=None
[2024-10-31T13:24:39.499+0000] {processor.py:183} INFO - Processing /opt/airflow/dags/stock_data.py took 2.202 seconds
[2024-10-31T13:25:10.242+0000] {processor.py:161} INFO - Started process (PID=56104) to work on /opt/airflow/dags/stock_data.py
[2024-10-31T13:25:10.246+0000] {processor.py:830} INFO - Processing file /opt/airflow/dags/stock_data.py for tasks to queue
[2024-10-31T13:25:10.248+0000] {logging_mixin.py:188} INFO - [2024-10-31T13:25:10.248+0000] {dagbag.py:545} INFO - Filling up the DagBag from /opt/airflow/dags/stock_data.py
[2024-10-31T13:25:12.263+0000] {processor.py:840} INFO - DAG(s) 'Stock-Data-Pipeline' retrieved from /opt/airflow/dags/stock_data.py
[2024-10-31T13:25:12.302+0000] {logging_mixin.py:188} INFO - [2024-10-31T13:25:12.302+0000] {dag.py:3096} INFO - Sync 1 DAGs
[2024-10-31T13:25:12.312+0000] {logging_mixin.py:188} INFO - [2024-10-31T13:25:12.312+0000] {dag.py:3954} INFO - Setting next_dagrun for Stock-Data-Pipeline to None, run_after=None
[2024-10-31T13:25:12.327+0000] {processor.py:183} INFO - Processing /opt/airflow/dags/stock_data.py took 2.099 seconds
[2024-10-31T13:25:42.735+0000] {processor.py:161} INFO - Started process (PID=56152) to work on /opt/airflow/dags/stock_data.py
[2024-10-31T13:25:42.737+0000] {processor.py:830} INFO - Processing file /opt/airflow/dags/stock_data.py for tasks to queue
[2024-10-31T13:25:42.739+0000] {logging_mixin.py:188} INFO - [2024-10-31T13:25:42.738+0000] {dagbag.py:545} INFO - Filling up the DagBag from /opt/airflow/dags/stock_data.py
[2024-10-31T13:25:44.769+0000] {processor.py:840} INFO - DAG(s) 'Stock-Data-Pipeline' retrieved from /opt/airflow/dags/stock_data.py
[2024-10-31T13:25:44.814+0000] {logging_mixin.py:188} INFO - [2024-10-31T13:25:44.814+0000] {dag.py:3096} INFO - Sync 1 DAGs
[2024-10-31T13:25:44.830+0000] {logging_mixin.py:188} INFO - [2024-10-31T13:25:44.830+0000] {dag.py:3954} INFO - Setting next_dagrun for Stock-Data-Pipeline to None, run_after=None
[2024-10-31T13:25:44.856+0000] {processor.py:183} INFO - Processing /opt/airflow/dags/stock_data.py took 2.130 seconds
[2024-10-31T13:26:15.309+0000] {processor.py:161} INFO - Started process (PID=56207) to work on /opt/airflow/dags/stock_data.py
[2024-10-31T13:26:15.313+0000] {processor.py:830} INFO - Processing file /opt/airflow/dags/stock_data.py for tasks to queue
[2024-10-31T13:26:15.319+0000] {logging_mixin.py:188} INFO - [2024-10-31T13:26:15.318+0000] {dagbag.py:545} INFO - Filling up the DagBag from /opt/airflow/dags/stock_data.py
[2024-10-31T13:26:17.404+0000] {processor.py:840} INFO - DAG(s) 'Stock-Data-Pipeline' retrieved from /opt/airflow/dags/stock_data.py
[2024-10-31T13:26:17.454+0000] {logging_mixin.py:188} INFO - [2024-10-31T13:26:17.454+0000] {dag.py:3096} INFO - Sync 1 DAGs
[2024-10-31T13:26:17.471+0000] {logging_mixin.py:188} INFO - [2024-10-31T13:26:17.471+0000] {dag.py:3954} INFO - Setting next_dagrun for Stock-Data-Pipeline to None, run_after=None
[2024-10-31T13:26:17.492+0000] {processor.py:183} INFO - Processing /opt/airflow/dags/stock_data.py took 2.201 seconds
[2024-10-31T13:26:48.144+0000] {processor.py:161} INFO - Started process (PID=56262) to work on /opt/airflow/dags/stock_data.py
[2024-10-31T13:26:48.146+0000] {processor.py:830} INFO - Processing file /opt/airflow/dags/stock_data.py for tasks to queue
[2024-10-31T13:26:48.148+0000] {logging_mixin.py:188} INFO - [2024-10-31T13:26:48.148+0000] {dagbag.py:545} INFO - Filling up the DagBag from /opt/airflow/dags/stock_data.py
[2024-10-31T13:26:50.184+0000] {processor.py:840} INFO - DAG(s) 'Stock-Data-Pipeline' retrieved from /opt/airflow/dags/stock_data.py
[2024-10-31T13:26:50.224+0000] {logging_mixin.py:188} INFO - [2024-10-31T13:26:50.224+0000] {dag.py:3096} INFO - Sync 1 DAGs
[2024-10-31T13:26:50.239+0000] {logging_mixin.py:188} INFO - [2024-10-31T13:26:50.239+0000] {dag.py:3954} INFO - Setting next_dagrun for Stock-Data-Pipeline to None, run_after=None
[2024-10-31T13:26:50.257+0000] {processor.py:183} INFO - Processing /opt/airflow/dags/stock_data.py took 2.123 seconds
[2024-10-31T13:27:20.982+0000] {processor.py:161} INFO - Started process (PID=56310) to work on /opt/airflow/dags/stock_data.py
[2024-10-31T13:27:20.985+0000] {processor.py:830} INFO - Processing file /opt/airflow/dags/stock_data.py for tasks to queue
[2024-10-31T13:27:20.987+0000] {logging_mixin.py:188} INFO - [2024-10-31T13:27:20.987+0000] {dagbag.py:545} INFO - Filling up the DagBag from /opt/airflow/dags/stock_data.py
[2024-10-31T13:27:23.062+0000] {processor.py:840} INFO - DAG(s) 'Stock-Data-Pipeline' retrieved from /opt/airflow/dags/stock_data.py
[2024-10-31T13:27:23.105+0000] {logging_mixin.py:188} INFO - [2024-10-31T13:27:23.105+0000] {dag.py:3096} INFO - Sync 1 DAGs
[2024-10-31T13:27:23.117+0000] {logging_mixin.py:188} INFO - [2024-10-31T13:27:23.117+0000] {dag.py:3954} INFO - Setting next_dagrun for Stock-Data-Pipeline to None, run_after=None
[2024-10-31T13:27:23.135+0000] {processor.py:183} INFO - Processing /opt/airflow/dags/stock_data.py took 2.167 seconds
[2024-10-31T13:27:53.591+0000] {processor.py:161} INFO - Started process (PID=56358) to work on /opt/airflow/dags/stock_data.py
[2024-10-31T13:27:53.594+0000] {processor.py:830} INFO - Processing file /opt/airflow/dags/stock_data.py for tasks to queue
[2024-10-31T13:27:53.596+0000] {logging_mixin.py:188} INFO - [2024-10-31T13:27:53.595+0000] {dagbag.py:545} INFO - Filling up the DagBag from /opt/airflow/dags/stock_data.py
[2024-10-31T13:27:55.712+0000] {processor.py:840} INFO - DAG(s) 'Stock-Data-Pipeline' retrieved from /opt/airflow/dags/stock_data.py
[2024-10-31T13:27:55.754+0000] {logging_mixin.py:188} INFO - [2024-10-31T13:27:55.753+0000] {dag.py:3096} INFO - Sync 1 DAGs
[2024-10-31T13:27:55.766+0000] {logging_mixin.py:188} INFO - [2024-10-31T13:27:55.765+0000] {dag.py:3954} INFO - Setting next_dagrun for Stock-Data-Pipeline to None, run_after=None
[2024-10-31T13:27:55.783+0000] {processor.py:183} INFO - Processing /opt/airflow/dags/stock_data.py took 2.204 seconds
[2024-10-31T13:28:26.248+0000] {processor.py:161} INFO - Started process (PID=56413) to work on /opt/airflow/dags/stock_data.py
[2024-10-31T13:28:26.252+0000] {processor.py:830} INFO - Processing file /opt/airflow/dags/stock_data.py for tasks to queue
[2024-10-31T13:28:26.254+0000] {logging_mixin.py:188} INFO - [2024-10-31T13:28:26.253+0000] {dagbag.py:545} INFO - Filling up the DagBag from /opt/airflow/dags/stock_data.py
[2024-10-31T13:28:28.120+0000] {processor.py:840} INFO - DAG(s) 'Stock-Data-Pipeline' retrieved from /opt/airflow/dags/stock_data.py
[2024-10-31T13:28:28.158+0000] {logging_mixin.py:188} INFO - [2024-10-31T13:28:28.158+0000] {dag.py:3096} INFO - Sync 1 DAGs
[2024-10-31T13:28:28.168+0000] {logging_mixin.py:188} INFO - [2024-10-31T13:28:28.168+0000] {dag.py:3954} INFO - Setting next_dagrun for Stock-Data-Pipeline to None, run_after=None
[2024-10-31T13:28:28.182+0000] {processor.py:183} INFO - Processing /opt/airflow/dags/stock_data.py took 1.946 seconds
[2024-10-31T13:28:58.645+0000] {processor.py:161} INFO - Started process (PID=56462) to work on /opt/airflow/dags/stock_data.py
[2024-10-31T13:28:58.649+0000] {processor.py:830} INFO - Processing file /opt/airflow/dags/stock_data.py for tasks to queue
[2024-10-31T13:28:58.650+0000] {logging_mixin.py:188} INFO - [2024-10-31T13:28:58.650+0000] {dagbag.py:545} INFO - Filling up the DagBag from /opt/airflow/dags/stock_data.py
[2024-10-31T13:29:00.615+0000] {processor.py:840} INFO - DAG(s) 'Stock-Data-Pipeline' retrieved from /opt/airflow/dags/stock_data.py
[2024-10-31T13:29:00.694+0000] {logging_mixin.py:188} INFO - [2024-10-31T13:29:00.693+0000] {dag.py:3096} INFO - Sync 1 DAGs
[2024-10-31T13:29:00.719+0000] {logging_mixin.py:188} INFO - [2024-10-31T13:29:00.719+0000] {dag.py:3954} INFO - Setting next_dagrun for Stock-Data-Pipeline to None, run_after=None
[2024-10-31T13:29:00.753+0000] {processor.py:183} INFO - Processing /opt/airflow/dags/stock_data.py took 2.117 seconds
