[2024-10-31T12:46:21.151+0000] {processor.py:161} INFO - Started process (PID=52453) to work on /opt/airflow/dags/stock_and_sentiment_model.py
[2024-10-31T12:46:21.153+0000] {processor.py:830} INFO - Processing file /opt/airflow/dags/stock_and_sentiment_model.py for tasks to queue
[2024-10-31T12:46:21.154+0000] {logging_mixin.py:188} INFO - [2024-10-31T12:46:21.154+0000] {dagbag.py:545} INFO - Filling up the DagBag from /opt/airflow/dags/stock_and_sentiment_model.py
[2024-10-31T12:46:22.269+0000] {processor.py:840} INFO - DAG(s) 'Predice-Stock-ML-Pipeline' retrieved from /opt/airflow/dags/stock_and_sentiment_model.py
[2024-10-31T12:46:22.383+0000] {logging_mixin.py:188} INFO - [2024-10-31T12:46:22.382+0000] {dag.py:3096} INFO - Sync 1 DAGs
[2024-10-31T12:46:22.395+0000] {logging_mixin.py:188} INFO - [2024-10-31T12:46:22.395+0000] {dag.py:3954} INFO - Setting next_dagrun for Predice-Stock-ML-Pipeline to None, run_after=None
[2024-10-31T12:46:22.414+0000] {processor.py:183} INFO - Processing /opt/airflow/dags/stock_and_sentiment_model.py took 1.271 seconds
[2024-10-31T12:46:52.741+0000] {processor.py:161} INFO - Started process (PID=52511) to work on /opt/airflow/dags/stock_and_sentiment_model.py
[2024-10-31T12:46:52.743+0000] {processor.py:830} INFO - Processing file /opt/airflow/dags/stock_and_sentiment_model.py for tasks to queue
[2024-10-31T12:46:52.744+0000] {logging_mixin.py:188} INFO - [2024-10-31T12:46:52.744+0000] {dagbag.py:545} INFO - Filling up the DagBag from /opt/airflow/dags/stock_and_sentiment_model.py
[2024-10-31T12:46:53.574+0000] {processor.py:840} INFO - DAG(s) 'Predice-Stock-ML-Pipeline' retrieved from /opt/airflow/dags/stock_and_sentiment_model.py
[2024-10-31T12:46:53.604+0000] {logging_mixin.py:188} INFO - [2024-10-31T12:46:53.604+0000] {dag.py:3096} INFO - Sync 1 DAGs
[2024-10-31T12:46:53.614+0000] {logging_mixin.py:188} INFO - [2024-10-31T12:46:53.614+0000] {dag.py:3954} INFO - Setting next_dagrun for Predice-Stock-ML-Pipeline to None, run_after=None
[2024-10-31T12:46:53.627+0000] {processor.py:183} INFO - Processing /opt/airflow/dags/stock_and_sentiment_model.py took 0.893 seconds
[2024-10-31T12:47:24.027+0000] {processor.py:161} INFO - Started process (PID=52555) to work on /opt/airflow/dags/stock_and_sentiment_model.py
[2024-10-31T12:47:24.030+0000] {processor.py:830} INFO - Processing file /opt/airflow/dags/stock_and_sentiment_model.py for tasks to queue
[2024-10-31T12:47:24.032+0000] {logging_mixin.py:188} INFO - [2024-10-31T12:47:24.031+0000] {dagbag.py:545} INFO - Filling up the DagBag from /opt/airflow/dags/stock_and_sentiment_model.py
[2024-10-31T12:47:25.279+0000] {processor.py:840} INFO - DAG(s) 'Predice-Stock-ML-Pipeline' retrieved from /opt/airflow/dags/stock_and_sentiment_model.py
[2024-10-31T12:47:25.319+0000] {logging_mixin.py:188} INFO - [2024-10-31T12:47:25.318+0000] {dag.py:3096} INFO - Sync 1 DAGs
[2024-10-31T12:47:25.332+0000] {logging_mixin.py:188} INFO - [2024-10-31T12:47:25.332+0000] {dag.py:3954} INFO - Setting next_dagrun for Predice-Stock-ML-Pipeline to None, run_after=None
[2024-10-31T12:47:25.346+0000] {processor.py:183} INFO - Processing /opt/airflow/dags/stock_and_sentiment_model.py took 1.330 seconds
[2024-10-31T12:47:55.663+0000] {processor.py:161} INFO - Started process (PID=52591) to work on /opt/airflow/dags/stock_and_sentiment_model.py
[2024-10-31T12:47:55.665+0000] {processor.py:830} INFO - Processing file /opt/airflow/dags/stock_and_sentiment_model.py for tasks to queue
[2024-10-31T12:47:55.667+0000] {logging_mixin.py:188} INFO - [2024-10-31T12:47:55.666+0000] {dagbag.py:545} INFO - Filling up the DagBag from /opt/airflow/dags/stock_and_sentiment_model.py
[2024-10-31T12:47:57.256+0000] {processor.py:840} INFO - DAG(s) 'Predice-Stock-ML-Pipeline' retrieved from /opt/airflow/dags/stock_and_sentiment_model.py
[2024-10-31T12:47:57.306+0000] {logging_mixin.py:188} INFO - [2024-10-31T12:47:57.306+0000] {dag.py:3096} INFO - Sync 1 DAGs
[2024-10-31T12:47:57.321+0000] {logging_mixin.py:188} INFO - [2024-10-31T12:47:57.321+0000] {dag.py:3954} INFO - Setting next_dagrun for Predice-Stock-ML-Pipeline to None, run_after=None
[2024-10-31T12:47:57.343+0000] {processor.py:183} INFO - Processing /opt/airflow/dags/stock_and_sentiment_model.py took 1.688 seconds
[2024-10-31T12:48:27.744+0000] {processor.py:161} INFO - Started process (PID=52635) to work on /opt/airflow/dags/stock_and_sentiment_model.py
[2024-10-31T12:48:27.747+0000] {processor.py:830} INFO - Processing file /opt/airflow/dags/stock_and_sentiment_model.py for tasks to queue
[2024-10-31T12:48:27.748+0000] {logging_mixin.py:188} INFO - [2024-10-31T12:48:27.748+0000] {dagbag.py:545} INFO - Filling up the DagBag from /opt/airflow/dags/stock_and_sentiment_model.py
[2024-10-31T12:48:27.763+0000] {logging_mixin.py:188} INFO - [2024-10-31T12:48:27.760+0000] {dagbag.py:355} ERROR - Failed to import: /opt/airflow/dags/stock_and_sentiment_model.py
Traceback (most recent call last):
  File "/home/airflow/.local/lib/python3.12/site-packages/airflow/models/dagbag.py", line 351, in parse
    loader.exec_module(new_module)
  File "<frozen importlib._bootstrap_external>", line 995, in exec_module
  File "<frozen importlib._bootstrap>", line 488, in _call_with_frames_removed
  File "/opt/airflow/dags/stock_and_sentiment_model.py", line 1, in <module>
    from utils.ml_pipeline_helper import combine_data_for_ml, run_ml
ModuleNotFoundError: No module named 'utils.ml_pipeline_helper'
[2024-10-31T12:48:27.764+0000] {processor.py:842} WARNING - No viable dags retrieved from /opt/airflow/dags/stock_and_sentiment_model.py
[2024-10-31T12:48:27.823+0000] {processor.py:183} INFO - Processing /opt/airflow/dags/stock_and_sentiment_model.py took 0.087 seconds
[2024-10-31T12:48:58.167+0000] {processor.py:161} INFO - Started process (PID=52665) to work on /opt/airflow/dags/stock_and_sentiment_model.py
[2024-10-31T12:48:58.170+0000] {processor.py:830} INFO - Processing file /opt/airflow/dags/stock_and_sentiment_model.py for tasks to queue
[2024-10-31T12:48:58.172+0000] {logging_mixin.py:188} INFO - [2024-10-31T12:48:58.171+0000] {dagbag.py:545} INFO - Filling up the DagBag from /opt/airflow/dags/stock_and_sentiment_model.py
[2024-10-31T12:48:58.182+0000] {logging_mixin.py:188} INFO - [2024-10-31T12:48:58.180+0000] {dagbag.py:355} ERROR - Failed to import: /opt/airflow/dags/stock_and_sentiment_model.py
Traceback (most recent call last):
  File "/home/airflow/.local/lib/python3.12/site-packages/airflow/models/dagbag.py", line 351, in parse
    loader.exec_module(new_module)
  File "<frozen importlib._bootstrap_external>", line 995, in exec_module
  File "<frozen importlib._bootstrap>", line 488, in _call_with_frames_removed
  File "/opt/airflow/dags/stock_and_sentiment_model.py", line 1, in <module>
    from utils.ml_pipeline_helper import combine_data_for_ml, run_ml
ModuleNotFoundError: No module named 'utils.ml_pipeline_helper'
[2024-10-31T12:48:58.183+0000] {processor.py:842} WARNING - No viable dags retrieved from /opt/airflow/dags/stock_and_sentiment_model.py
[2024-10-31T12:48:58.209+0000] {processor.py:183} INFO - Processing /opt/airflow/dags/stock_and_sentiment_model.py took 0.052 seconds
[2024-10-31T12:49:28.515+0000] {processor.py:161} INFO - Started process (PID=52698) to work on /opt/airflow/dags/stock_and_sentiment_model.py
[2024-10-31T12:49:28.516+0000] {processor.py:830} INFO - Processing file /opt/airflow/dags/stock_and_sentiment_model.py for tasks to queue
[2024-10-31T12:49:28.518+0000] {logging_mixin.py:188} INFO - [2024-10-31T12:49:28.517+0000] {dagbag.py:545} INFO - Filling up the DagBag from /opt/airflow/dags/stock_and_sentiment_model.py
[2024-10-31T12:49:28.527+0000] {logging_mixin.py:188} INFO - [2024-10-31T12:49:28.526+0000] {dagbag.py:355} ERROR - Failed to import: /opt/airflow/dags/stock_and_sentiment_model.py
Traceback (most recent call last):
  File "/home/airflow/.local/lib/python3.12/site-packages/airflow/models/dagbag.py", line 351, in parse
    loader.exec_module(new_module)
  File "<frozen importlib._bootstrap_external>", line 995, in exec_module
  File "<frozen importlib._bootstrap>", line 488, in _call_with_frames_removed
  File "/opt/airflow/dags/stock_and_sentiment_model.py", line 1, in <module>
    from utils.ml_pipeline_helper import combine_data_for_ml, run_ml
ModuleNotFoundError: No module named 'utils.ml_pipeline_helper'
[2024-10-31T12:49:28.529+0000] {processor.py:842} WARNING - No viable dags retrieved from /opt/airflow/dags/stock_and_sentiment_model.py
[2024-10-31T12:49:28.554+0000] {processor.py:183} INFO - Processing /opt/airflow/dags/stock_and_sentiment_model.py took 0.046 seconds
[2024-10-31T12:49:58.857+0000] {processor.py:161} INFO - Started process (PID=52738) to work on /opt/airflow/dags/stock_and_sentiment_model.py
[2024-10-31T12:49:58.859+0000] {processor.py:830} INFO - Processing file /opt/airflow/dags/stock_and_sentiment_model.py for tasks to queue
[2024-10-31T12:49:58.861+0000] {logging_mixin.py:188} INFO - [2024-10-31T12:49:58.860+0000] {dagbag.py:545} INFO - Filling up the DagBag from /opt/airflow/dags/stock_and_sentiment_model.py
[2024-10-31T12:49:58.872+0000] {logging_mixin.py:188} INFO - [2024-10-31T12:49:58.870+0000] {dagbag.py:355} ERROR - Failed to import: /opt/airflow/dags/stock_and_sentiment_model.py
Traceback (most recent call last):
  File "/home/airflow/.local/lib/python3.12/site-packages/airflow/models/dagbag.py", line 351, in parse
    loader.exec_module(new_module)
  File "<frozen importlib._bootstrap_external>", line 995, in exec_module
  File "<frozen importlib._bootstrap>", line 488, in _call_with_frames_removed
  File "/opt/airflow/dags/stock_and_sentiment_model.py", line 1, in <module>
    from utils.ml_pipeline_helper import combine_data_for_ml, run_ml
ModuleNotFoundError: No module named 'utils.ml_pipeline_helper'
[2024-10-31T12:49:58.873+0000] {processor.py:842} WARNING - No viable dags retrieved from /opt/airflow/dags/stock_and_sentiment_model.py
[2024-10-31T12:49:58.902+0000] {processor.py:183} INFO - Processing /opt/airflow/dags/stock_and_sentiment_model.py took 0.055 seconds
[2024-10-31T12:50:29.720+0000] {processor.py:161} INFO - Started process (PID=52784) to work on /opt/airflow/dags/stock_and_sentiment_model.py
[2024-10-31T12:50:29.723+0000] {processor.py:830} INFO - Processing file /opt/airflow/dags/stock_and_sentiment_model.py for tasks to queue
[2024-10-31T12:50:29.730+0000] {logging_mixin.py:188} INFO - [2024-10-31T12:50:29.727+0000] {dagbag.py:545} INFO - Filling up the DagBag from /opt/airflow/dags/stock_and_sentiment_model.py
[2024-10-31T12:50:29.755+0000] {logging_mixin.py:188} INFO - [2024-10-31T12:50:29.753+0000] {dagbag.py:355} ERROR - Failed to import: /opt/airflow/dags/stock_and_sentiment_model.py
Traceback (most recent call last):
  File "/home/airflow/.local/lib/python3.12/site-packages/airflow/models/dagbag.py", line 351, in parse
    loader.exec_module(new_module)
  File "<frozen importlib._bootstrap_external>", line 995, in exec_module
  File "<frozen importlib._bootstrap>", line 488, in _call_with_frames_removed
  File "/opt/airflow/dags/stock_and_sentiment_model.py", line 1, in <module>
    from utils.ml_pipeline_helper import combine_data_for_ml, run_ml
ModuleNotFoundError: No module named 'utils.ml_pipeline_helper'
[2024-10-31T12:50:29.757+0000] {processor.py:842} WARNING - No viable dags retrieved from /opt/airflow/dags/stock_and_sentiment_model.py
[2024-10-31T12:50:29.800+0000] {processor.py:183} INFO - Processing /opt/airflow/dags/stock_and_sentiment_model.py took 0.095 seconds
[2024-10-31T12:50:35.863+0000] {processor.py:161} INFO - Started process (PID=52796) to work on /opt/airflow/dags/stock_and_sentiment_model.py
[2024-10-31T12:50:35.865+0000] {processor.py:830} INFO - Processing file /opt/airflow/dags/stock_and_sentiment_model.py for tasks to queue
[2024-10-31T12:50:35.868+0000] {logging_mixin.py:188} INFO - [2024-10-31T12:50:35.867+0000] {dagbag.py:545} INFO - Filling up the DagBag from /opt/airflow/dags/stock_and_sentiment_model.py
[2024-10-31T12:50:35.890+0000] {logging_mixin.py:188} INFO - [2024-10-31T12:50:35.886+0000] {dagbag.py:355} ERROR - Failed to import: /opt/airflow/dags/stock_and_sentiment_model.py
Traceback (most recent call last):
  File "/home/airflow/.local/lib/python3.12/site-packages/airflow/models/dagbag.py", line 351, in parse
    loader.exec_module(new_module)
  File "<frozen importlib._bootstrap_external>", line 995, in exec_module
  File "<frozen importlib._bootstrap>", line 488, in _call_with_frames_removed
  File "/opt/airflow/dags/stock_and_sentiment_model.py", line 1, in <module>
    from gold.ml_pipeline_helper import combine_data_for_ml, run_ml
ModuleNotFoundError: No module named 'gold.ml_pipeline_helper'
[2024-10-31T12:50:35.893+0000] {processor.py:842} WARNING - No viable dags retrieved from /opt/airflow/dags/stock_and_sentiment_model.py
[2024-10-31T12:50:35.944+0000] {processor.py:183} INFO - Processing /opt/airflow/dags/stock_and_sentiment_model.py took 0.095 seconds
[2024-10-31T12:50:41.050+0000] {processor.py:161} INFO - Started process (PID=52810) to work on /opt/airflow/dags/stock_and_sentiment_model.py
[2024-10-31T12:50:41.053+0000] {processor.py:830} INFO - Processing file /opt/airflow/dags/stock_and_sentiment_model.py for tasks to queue
[2024-10-31T12:50:41.055+0000] {logging_mixin.py:188} INFO - [2024-10-31T12:50:41.054+0000] {dagbag.py:545} INFO - Filling up the DagBag from /opt/airflow/dags/stock_and_sentiment_model.py
[2024-10-31T12:50:42.187+0000] {processor.py:840} INFO - DAG(s) 'Predice-Stock-ML-Pipeline' retrieved from /opt/airflow/dags/stock_and_sentiment_model.py
[2024-10-31T12:50:42.285+0000] {logging_mixin.py:188} INFO - [2024-10-31T12:50:42.284+0000] {dag.py:3096} INFO - Sync 1 DAGs
[2024-10-31T12:50:42.299+0000] {logging_mixin.py:188} INFO - [2024-10-31T12:50:42.299+0000] {dag.py:3954} INFO - Setting next_dagrun for Predice-Stock-ML-Pipeline to None, run_after=None
[2024-10-31T12:50:42.323+0000] {processor.py:183} INFO - Processing /opt/airflow/dags/stock_and_sentiment_model.py took 1.290 seconds
[2024-10-31T12:51:12.752+0000] {processor.py:161} INFO - Started process (PID=52870) to work on /opt/airflow/dags/stock_and_sentiment_model.py
[2024-10-31T12:51:12.755+0000] {processor.py:830} INFO - Processing file /opt/airflow/dags/stock_and_sentiment_model.py for tasks to queue
[2024-10-31T12:51:12.757+0000] {logging_mixin.py:188} INFO - [2024-10-31T12:51:12.756+0000] {dagbag.py:545} INFO - Filling up the DagBag from /opt/airflow/dags/stock_and_sentiment_model.py
[2024-10-31T12:51:13.648+0000] {processor.py:840} INFO - DAG(s) 'Predice-Stock-ML-Pipeline' retrieved from /opt/airflow/dags/stock_and_sentiment_model.py
[2024-10-31T12:51:13.678+0000] {logging_mixin.py:188} INFO - [2024-10-31T12:51:13.678+0000] {dag.py:3096} INFO - Sync 1 DAGs
[2024-10-31T12:51:13.687+0000] {logging_mixin.py:188} INFO - [2024-10-31T12:51:13.686+0000] {dag.py:3954} INFO - Setting next_dagrun for Predice-Stock-ML-Pipeline to None, run_after=None
[2024-10-31T12:51:13.699+0000] {processor.py:183} INFO - Processing /opt/airflow/dags/stock_and_sentiment_model.py took 0.958 seconds
[2024-10-31T12:51:44.163+0000] {processor.py:161} INFO - Started process (PID=52925) to work on /opt/airflow/dags/stock_and_sentiment_model.py
[2024-10-31T12:51:44.165+0000] {processor.py:830} INFO - Processing file /opt/airflow/dags/stock_and_sentiment_model.py for tasks to queue
[2024-10-31T12:51:44.170+0000] {logging_mixin.py:188} INFO - [2024-10-31T12:51:44.169+0000] {dagbag.py:545} INFO - Filling up the DagBag from /opt/airflow/dags/stock_and_sentiment_model.py
[2024-10-31T12:51:45.041+0000] {processor.py:840} INFO - DAG(s) 'Predice-Stock-ML-Pipeline' retrieved from /opt/airflow/dags/stock_and_sentiment_model.py
[2024-10-31T12:51:45.069+0000] {logging_mixin.py:188} INFO - [2024-10-31T12:51:45.069+0000] {dag.py:3096} INFO - Sync 1 DAGs
[2024-10-31T12:51:45.078+0000] {logging_mixin.py:188} INFO - [2024-10-31T12:51:45.078+0000] {dag.py:3954} INFO - Setting next_dagrun for Predice-Stock-ML-Pipeline to None, run_after=None
[2024-10-31T12:51:45.090+0000] {processor.py:183} INFO - Processing /opt/airflow/dags/stock_and_sentiment_model.py took 0.936 seconds
[2024-10-31T12:52:15.507+0000] {processor.py:161} INFO - Started process (PID=52973) to work on /opt/airflow/dags/stock_and_sentiment_model.py
[2024-10-31T12:52:15.510+0000] {processor.py:830} INFO - Processing file /opt/airflow/dags/stock_and_sentiment_model.py for tasks to queue
[2024-10-31T12:52:15.511+0000] {logging_mixin.py:188} INFO - [2024-10-31T12:52:15.511+0000] {dagbag.py:545} INFO - Filling up the DagBag from /opt/airflow/dags/stock_and_sentiment_model.py
[2024-10-31T12:52:16.443+0000] {processor.py:840} INFO - DAG(s) 'Predice-Stock-ML-Pipeline' retrieved from /opt/airflow/dags/stock_and_sentiment_model.py
[2024-10-31T12:52:16.474+0000] {logging_mixin.py:188} INFO - [2024-10-31T12:52:16.474+0000] {dag.py:3096} INFO - Sync 1 DAGs
[2024-10-31T12:52:16.483+0000] {logging_mixin.py:188} INFO - [2024-10-31T12:52:16.483+0000] {dag.py:3954} INFO - Setting next_dagrun for Predice-Stock-ML-Pipeline to None, run_after=None
[2024-10-31T12:52:16.495+0000] {processor.py:183} INFO - Processing /opt/airflow/dags/stock_and_sentiment_model.py took 1.012 seconds
[2024-10-31T12:52:46.864+0000] {processor.py:161} INFO - Started process (PID=53017) to work on /opt/airflow/dags/stock_and_sentiment_model.py
[2024-10-31T12:52:46.869+0000] {processor.py:830} INFO - Processing file /opt/airflow/dags/stock_and_sentiment_model.py for tasks to queue
[2024-10-31T12:52:46.873+0000] {logging_mixin.py:188} INFO - [2024-10-31T12:52:46.871+0000] {dagbag.py:545} INFO - Filling up the DagBag from /opt/airflow/dags/stock_and_sentiment_model.py
[2024-10-31T12:52:48.670+0000] {processor.py:840} INFO - DAG(s) 'Predice-Stock-ML-Pipeline' retrieved from /opt/airflow/dags/stock_and_sentiment_model.py
[2024-10-31T12:52:48.710+0000] {logging_mixin.py:188} INFO - [2024-10-31T12:52:48.710+0000] {dag.py:3096} INFO - Sync 1 DAGs
[2024-10-31T12:52:48.722+0000] {logging_mixin.py:188} INFO - [2024-10-31T12:52:48.721+0000] {dag.py:3954} INFO - Setting next_dagrun for Predice-Stock-ML-Pipeline to None, run_after=None
[2024-10-31T12:52:48.743+0000] {processor.py:183} INFO - Processing /opt/airflow/dags/stock_and_sentiment_model.py took 1.894 seconds
[2024-10-31T12:53:19.220+0000] {processor.py:161} INFO - Started process (PID=53064) to work on /opt/airflow/dags/stock_and_sentiment_model.py
[2024-10-31T12:53:19.222+0000] {processor.py:830} INFO - Processing file /opt/airflow/dags/stock_and_sentiment_model.py for tasks to queue
[2024-10-31T12:53:19.224+0000] {logging_mixin.py:188} INFO - [2024-10-31T12:53:19.223+0000] {dagbag.py:545} INFO - Filling up the DagBag from /opt/airflow/dags/stock_and_sentiment_model.py
[2024-10-31T12:53:20.332+0000] {processor.py:840} INFO - DAG(s) 'Predice-Stock-ML-Pipeline' retrieved from /opt/airflow/dags/stock_and_sentiment_model.py
[2024-10-31T12:53:20.370+0000] {logging_mixin.py:188} INFO - [2024-10-31T12:53:20.370+0000] {dag.py:3096} INFO - Sync 1 DAGs
[2024-10-31T12:53:20.382+0000] {logging_mixin.py:188} INFO - [2024-10-31T12:53:20.381+0000] {dag.py:3954} INFO - Setting next_dagrun for Predice-Stock-ML-Pipeline to None, run_after=None
[2024-10-31T12:53:20.397+0000] {processor.py:183} INFO - Processing /opt/airflow/dags/stock_and_sentiment_model.py took 1.184 seconds
[2024-10-31T12:53:51.342+0000] {processor.py:161} INFO - Started process (PID=53119) to work on /opt/airflow/dags/stock_and_sentiment_model.py
[2024-10-31T12:53:51.344+0000] {processor.py:830} INFO - Processing file /opt/airflow/dags/stock_and_sentiment_model.py for tasks to queue
[2024-10-31T12:53:51.345+0000] {logging_mixin.py:188} INFO - [2024-10-31T12:53:51.345+0000] {dagbag.py:545} INFO - Filling up the DagBag from /opt/airflow/dags/stock_and_sentiment_model.py
[2024-10-31T12:53:52.641+0000] {processor.py:840} INFO - DAG(s) 'Predice-Stock-ML-Pipeline' retrieved from /opt/airflow/dags/stock_and_sentiment_model.py
[2024-10-31T12:53:52.681+0000] {logging_mixin.py:188} INFO - [2024-10-31T12:53:52.680+0000] {dag.py:3096} INFO - Sync 1 DAGs
[2024-10-31T12:53:52.692+0000] {logging_mixin.py:188} INFO - [2024-10-31T12:53:52.692+0000] {dag.py:3954} INFO - Setting next_dagrun for Predice-Stock-ML-Pipeline to None, run_after=None
[2024-10-31T12:53:52.709+0000] {processor.py:183} INFO - Processing /opt/airflow/dags/stock_and_sentiment_model.py took 1.374 seconds
[2024-10-31T12:54:23.127+0000] {processor.py:161} INFO - Started process (PID=53164) to work on /opt/airflow/dags/stock_and_sentiment_model.py
[2024-10-31T12:54:23.130+0000] {processor.py:830} INFO - Processing file /opt/airflow/dags/stock_and_sentiment_model.py for tasks to queue
[2024-10-31T12:54:23.132+0000] {logging_mixin.py:188} INFO - [2024-10-31T12:54:23.131+0000] {dagbag.py:545} INFO - Filling up the DagBag from /opt/airflow/dags/stock_and_sentiment_model.py
[2024-10-31T12:54:24.330+0000] {processor.py:840} INFO - DAG(s) 'Predice-Stock-ML-Pipeline' retrieved from /opt/airflow/dags/stock_and_sentiment_model.py
[2024-10-31T12:54:24.368+0000] {logging_mixin.py:188} INFO - [2024-10-31T12:54:24.368+0000] {dag.py:3096} INFO - Sync 1 DAGs
[2024-10-31T12:54:24.380+0000] {logging_mixin.py:188} INFO - [2024-10-31T12:54:24.380+0000] {dag.py:3954} INFO - Setting next_dagrun for Predice-Stock-ML-Pipeline to None, run_after=None
[2024-10-31T12:54:24.397+0000] {processor.py:183} INFO - Processing /opt/airflow/dags/stock_and_sentiment_model.py took 1.281 seconds
[2024-10-31T12:54:54.850+0000] {processor.py:161} INFO - Started process (PID=53219) to work on /opt/airflow/dags/stock_and_sentiment_model.py
[2024-10-31T12:54:54.855+0000] {processor.py:830} INFO - Processing file /opt/airflow/dags/stock_and_sentiment_model.py for tasks to queue
[2024-10-31T12:54:54.857+0000] {logging_mixin.py:188} INFO - [2024-10-31T12:54:54.856+0000] {dagbag.py:545} INFO - Filling up the DagBag from /opt/airflow/dags/stock_and_sentiment_model.py
[2024-10-31T12:54:55.956+0000] {processor.py:840} INFO - DAG(s) 'Predice-Stock-ML-Pipeline' retrieved from /opt/airflow/dags/stock_and_sentiment_model.py
[2024-10-31T12:54:55.989+0000] {logging_mixin.py:188} INFO - [2024-10-31T12:54:55.989+0000] {dag.py:3096} INFO - Sync 1 DAGs
[2024-10-31T12:54:56.002+0000] {logging_mixin.py:188} INFO - [2024-10-31T12:54:56.002+0000] {dag.py:3954} INFO - Setting next_dagrun for Predice-Stock-ML-Pipeline to None, run_after=None
[2024-10-31T12:54:56.018+0000] {processor.py:183} INFO - Processing /opt/airflow/dags/stock_and_sentiment_model.py took 1.180 seconds
[2024-10-31T12:55:24.431+0000] {processor.py:161} INFO - Started process (PID=53268) to work on /opt/airflow/dags/stock_and_sentiment_model.py
[2024-10-31T12:55:24.435+0000] {processor.py:830} INFO - Processing file /opt/airflow/dags/stock_and_sentiment_model.py for tasks to queue
[2024-10-31T12:55:24.438+0000] {logging_mixin.py:188} INFO - [2024-10-31T12:55:24.437+0000] {dagbag.py:545} INFO - Filling up the DagBag from /opt/airflow/dags/stock_and_sentiment_model.py
[2024-10-31T12:55:25.914+0000] {processor.py:840} INFO - DAG(s) 'Predice-Stock-ML-Pipeline' retrieved from /opt/airflow/dags/stock_and_sentiment_model.py
[2024-10-31T12:55:25.958+0000] {logging_mixin.py:188} INFO - [2024-10-31T12:55:25.957+0000] {dag.py:3096} INFO - Sync 1 DAGs
[2024-10-31T12:55:25.971+0000] {logging_mixin.py:188} INFO - [2024-10-31T12:55:25.971+0000] {dag.py:3954} INFO - Setting next_dagrun for Predice-Stock-ML-Pipeline to None, run_after=None
[2024-10-31T12:55:25.992+0000] {processor.py:183} INFO - Processing /opt/airflow/dags/stock_and_sentiment_model.py took 1.603 seconds
[2024-10-31T12:55:56.614+0000] {processor.py:161} INFO - Started process (PID=53323) to work on /opt/airflow/dags/stock_and_sentiment_model.py
[2024-10-31T12:55:56.618+0000] {processor.py:830} INFO - Processing file /opt/airflow/dags/stock_and_sentiment_model.py for tasks to queue
[2024-10-31T12:55:56.620+0000] {logging_mixin.py:188} INFO - [2024-10-31T12:55:56.619+0000] {dagbag.py:545} INFO - Filling up the DagBag from /opt/airflow/dags/stock_and_sentiment_model.py
[2024-10-31T12:55:58.227+0000] {processor.py:840} INFO - DAG(s) 'Predice-Stock-ML-Pipeline' retrieved from /opt/airflow/dags/stock_and_sentiment_model.py
[2024-10-31T12:55:58.278+0000] {logging_mixin.py:188} INFO - [2024-10-31T12:55:58.278+0000] {dag.py:3096} INFO - Sync 1 DAGs
[2024-10-31T12:55:58.294+0000] {logging_mixin.py:188} INFO - [2024-10-31T12:55:58.293+0000] {dag.py:3954} INFO - Setting next_dagrun for Predice-Stock-ML-Pipeline to None, run_after=None
[2024-10-31T12:55:58.318+0000] {processor.py:183} INFO - Processing /opt/airflow/dags/stock_and_sentiment_model.py took 1.718 seconds
[2024-10-31T12:56:28.745+0000] {processor.py:161} INFO - Started process (PID=53371) to work on /opt/airflow/dags/stock_and_sentiment_model.py
[2024-10-31T12:56:28.748+0000] {processor.py:830} INFO - Processing file /opt/airflow/dags/stock_and_sentiment_model.py for tasks to queue
[2024-10-31T12:56:28.750+0000] {logging_mixin.py:188} INFO - [2024-10-31T12:56:28.749+0000] {dagbag.py:545} INFO - Filling up the DagBag from /opt/airflow/dags/stock_and_sentiment_model.py
[2024-10-31T12:56:30.037+0000] {processor.py:840} INFO - DAG(s) 'Predice-Stock-ML-Pipeline' retrieved from /opt/airflow/dags/stock_and_sentiment_model.py
[2024-10-31T12:56:30.079+0000] {logging_mixin.py:188} INFO - [2024-10-31T12:56:30.078+0000] {dag.py:3096} INFO - Sync 1 DAGs
[2024-10-31T12:56:30.091+0000] {logging_mixin.py:188} INFO - [2024-10-31T12:56:30.091+0000] {dag.py:3954} INFO - Setting next_dagrun for Predice-Stock-ML-Pipeline to None, run_after=None
[2024-10-31T12:56:30.107+0000] {processor.py:183} INFO - Processing /opt/airflow/dags/stock_and_sentiment_model.py took 1.373 seconds
[2024-10-31T12:57:00.434+0000] {processor.py:161} INFO - Started process (PID=53424) to work on /opt/airflow/dags/stock_and_sentiment_model.py
[2024-10-31T12:57:00.436+0000] {processor.py:830} INFO - Processing file /opt/airflow/dags/stock_and_sentiment_model.py for tasks to queue
[2024-10-31T12:57:00.439+0000] {logging_mixin.py:188} INFO - [2024-10-31T12:57:00.438+0000] {dagbag.py:545} INFO - Filling up the DagBag from /opt/airflow/dags/stock_and_sentiment_model.py
[2024-10-31T12:57:01.968+0000] {processor.py:840} INFO - DAG(s) 'Predice-Stock-ML-Pipeline' retrieved from /opt/airflow/dags/stock_and_sentiment_model.py
[2024-10-31T12:57:02.004+0000] {logging_mixin.py:188} INFO - [2024-10-31T12:57:02.004+0000] {dag.py:3096} INFO - Sync 1 DAGs
[2024-10-31T12:57:02.014+0000] {logging_mixin.py:188} INFO - [2024-10-31T12:57:02.014+0000] {dag.py:3954} INFO - Setting next_dagrun for Predice-Stock-ML-Pipeline to None, run_after=None
[2024-10-31T12:57:02.029+0000] {processor.py:183} INFO - Processing /opt/airflow/dags/stock_and_sentiment_model.py took 1.607 seconds
[2024-10-31T12:57:32.375+0000] {processor.py:161} INFO - Started process (PID=53471) to work on /opt/airflow/dags/stock_and_sentiment_model.py
[2024-10-31T12:57:32.378+0000] {processor.py:830} INFO - Processing file /opt/airflow/dags/stock_and_sentiment_model.py for tasks to queue
[2024-10-31T12:57:32.380+0000] {logging_mixin.py:188} INFO - [2024-10-31T12:57:32.379+0000] {dagbag.py:545} INFO - Filling up the DagBag from /opt/airflow/dags/stock_and_sentiment_model.py
[2024-10-31T12:57:33.694+0000] {processor.py:840} INFO - DAG(s) 'Predice-Stock-ML-Pipeline' retrieved from /opt/airflow/dags/stock_and_sentiment_model.py
[2024-10-31T12:57:33.738+0000] {logging_mixin.py:188} INFO - [2024-10-31T12:57:33.738+0000] {dag.py:3096} INFO - Sync 1 DAGs
[2024-10-31T12:57:33.751+0000] {logging_mixin.py:188} INFO - [2024-10-31T12:57:33.750+0000] {dag.py:3954} INFO - Setting next_dagrun for Predice-Stock-ML-Pipeline to None, run_after=None
[2024-10-31T12:57:33.766+0000] {processor.py:183} INFO - Processing /opt/airflow/dags/stock_and_sentiment_model.py took 1.398 seconds
[2024-10-31T12:58:03.976+0000] {processor.py:161} INFO - Started process (PID=53520) to work on /opt/airflow/dags/stock_and_sentiment_model.py
[2024-10-31T12:58:03.979+0000] {processor.py:830} INFO - Processing file /opt/airflow/dags/stock_and_sentiment_model.py for tasks to queue
[2024-10-31T12:58:03.981+0000] {logging_mixin.py:188} INFO - [2024-10-31T12:58:03.980+0000] {dagbag.py:545} INFO - Filling up the DagBag from /opt/airflow/dags/stock_and_sentiment_model.py
[2024-10-31T12:58:05.365+0000] {processor.py:840} INFO - DAG(s) 'Predice-Stock-ML-Pipeline' retrieved from /opt/airflow/dags/stock_and_sentiment_model.py
[2024-10-31T12:58:05.410+0000] {logging_mixin.py:188} INFO - [2024-10-31T12:58:05.409+0000] {dag.py:3096} INFO - Sync 1 DAGs
[2024-10-31T12:58:05.424+0000] {logging_mixin.py:188} INFO - [2024-10-31T12:58:05.424+0000] {dag.py:3954} INFO - Setting next_dagrun for Predice-Stock-ML-Pipeline to None, run_after=None
[2024-10-31T12:58:05.439+0000] {processor.py:183} INFO - Processing /opt/airflow/dags/stock_and_sentiment_model.py took 1.475 seconds
[2024-10-31T12:58:35.590+0000] {processor.py:161} INFO - Started process (PID=53568) to work on /opt/airflow/dags/stock_and_sentiment_model.py
[2024-10-31T12:58:35.592+0000] {processor.py:830} INFO - Processing file /opt/airflow/dags/stock_and_sentiment_model.py for tasks to queue
[2024-10-31T12:58:35.594+0000] {logging_mixin.py:188} INFO - [2024-10-31T12:58:35.593+0000] {dagbag.py:545} INFO - Filling up the DagBag from /opt/airflow/dags/stock_and_sentiment_model.py
[2024-10-31T12:58:36.783+0000] {processor.py:840} INFO - DAG(s) 'Predice-Stock-ML-Pipeline' retrieved from /opt/airflow/dags/stock_and_sentiment_model.py
[2024-10-31T12:58:36.814+0000] {logging_mixin.py:188} INFO - [2024-10-31T12:58:36.814+0000] {dag.py:3096} INFO - Sync 1 DAGs
[2024-10-31T12:58:36.824+0000] {logging_mixin.py:188} INFO - [2024-10-31T12:58:36.824+0000] {dag.py:3954} INFO - Setting next_dagrun for Predice-Stock-ML-Pipeline to None, run_after=None
[2024-10-31T12:58:36.838+0000] {processor.py:183} INFO - Processing /opt/airflow/dags/stock_and_sentiment_model.py took 1.261 seconds
[2024-10-31T12:59:07.210+0000] {processor.py:161} INFO - Started process (PID=53623) to work on /opt/airflow/dags/stock_and_sentiment_model.py
[2024-10-31T12:59:07.212+0000] {processor.py:830} INFO - Processing file /opt/airflow/dags/stock_and_sentiment_model.py for tasks to queue
[2024-10-31T12:59:07.214+0000] {logging_mixin.py:188} INFO - [2024-10-31T12:59:07.214+0000] {dagbag.py:545} INFO - Filling up the DagBag from /opt/airflow/dags/stock_and_sentiment_model.py
[2024-10-31T12:59:08.618+0000] {processor.py:840} INFO - DAG(s) 'Predice-Stock-ML-Pipeline' retrieved from /opt/airflow/dags/stock_and_sentiment_model.py
[2024-10-31T12:59:08.670+0000] {logging_mixin.py:188} INFO - [2024-10-31T12:59:08.669+0000] {dag.py:3096} INFO - Sync 1 DAGs
[2024-10-31T12:59:08.683+0000] {logging_mixin.py:188} INFO - [2024-10-31T12:59:08.683+0000] {dag.py:3954} INFO - Setting next_dagrun for Predice-Stock-ML-Pipeline to None, run_after=None
[2024-10-31T12:59:08.700+0000] {processor.py:183} INFO - Processing /opt/airflow/dags/stock_and_sentiment_model.py took 1.501 seconds
[2024-10-31T12:59:38.906+0000] {processor.py:161} INFO - Started process (PID=53670) to work on /opt/airflow/dags/stock_and_sentiment_model.py
[2024-10-31T12:59:38.908+0000] {processor.py:830} INFO - Processing file /opt/airflow/dags/stock_and_sentiment_model.py for tasks to queue
[2024-10-31T12:59:38.910+0000] {logging_mixin.py:188} INFO - [2024-10-31T12:59:38.909+0000] {dagbag.py:545} INFO - Filling up the DagBag from /opt/airflow/dags/stock_and_sentiment_model.py
[2024-10-31T12:59:40.153+0000] {processor.py:840} INFO - DAG(s) 'Predice-Stock-ML-Pipeline' retrieved from /opt/airflow/dags/stock_and_sentiment_model.py
[2024-10-31T12:59:40.189+0000] {logging_mixin.py:188} INFO - [2024-10-31T12:59:40.188+0000] {dag.py:3096} INFO - Sync 1 DAGs
[2024-10-31T12:59:40.199+0000] {logging_mixin.py:188} INFO - [2024-10-31T12:59:40.199+0000] {dag.py:3954} INFO - Setting next_dagrun for Predice-Stock-ML-Pipeline to None, run_after=None
[2024-10-31T12:59:40.215+0000] {processor.py:183} INFO - Processing /opt/airflow/dags/stock_and_sentiment_model.py took 1.322 seconds
[2024-10-31T13:00:10.385+0000] {processor.py:161} INFO - Started process (PID=53726) to work on /opt/airflow/dags/stock_and_sentiment_model.py
[2024-10-31T13:00:10.388+0000] {processor.py:830} INFO - Processing file /opt/airflow/dags/stock_and_sentiment_model.py for tasks to queue
[2024-10-31T13:00:10.390+0000] {logging_mixin.py:188} INFO - [2024-10-31T13:00:10.389+0000] {dagbag.py:545} INFO - Filling up the DagBag from /opt/airflow/dags/stock_and_sentiment_model.py
[2024-10-31T13:00:11.389+0000] {processor.py:840} INFO - DAG(s) 'Predice-Stock-ML-Pipeline' retrieved from /opt/airflow/dags/stock_and_sentiment_model.py
[2024-10-31T13:00:11.423+0000] {logging_mixin.py:188} INFO - [2024-10-31T13:00:11.423+0000] {dag.py:3096} INFO - Sync 1 DAGs
[2024-10-31T13:00:11.433+0000] {logging_mixin.py:188} INFO - [2024-10-31T13:00:11.432+0000] {dag.py:3954} INFO - Setting next_dagrun for Predice-Stock-ML-Pipeline to None, run_after=None
[2024-10-31T13:00:11.446+0000] {processor.py:183} INFO - Processing /opt/airflow/dags/stock_and_sentiment_model.py took 1.072 seconds
[2024-10-31T13:00:41.783+0000] {processor.py:161} INFO - Started process (PID=53774) to work on /opt/airflow/dags/stock_and_sentiment_model.py
[2024-10-31T13:00:41.785+0000] {processor.py:830} INFO - Processing file /opt/airflow/dags/stock_and_sentiment_model.py for tasks to queue
[2024-10-31T13:00:41.787+0000] {logging_mixin.py:188} INFO - [2024-10-31T13:00:41.786+0000] {dagbag.py:545} INFO - Filling up the DagBag from /opt/airflow/dags/stock_and_sentiment_model.py
[2024-10-31T13:00:42.983+0000] {processor.py:840} INFO - DAG(s) 'Predice-Stock-ML-Pipeline' retrieved from /opt/airflow/dags/stock_and_sentiment_model.py
[2024-10-31T13:00:43.016+0000] {logging_mixin.py:188} INFO - [2024-10-31T13:00:43.015+0000] {dag.py:3096} INFO - Sync 1 DAGs
[2024-10-31T13:00:43.025+0000] {logging_mixin.py:188} INFO - [2024-10-31T13:00:43.025+0000] {dag.py:3954} INFO - Setting next_dagrun for Predice-Stock-ML-Pipeline to None, run_after=None
[2024-10-31T13:00:43.038+0000] {processor.py:183} INFO - Processing /opt/airflow/dags/stock_and_sentiment_model.py took 1.267 seconds
[2024-10-31T13:01:13.438+0000] {processor.py:161} INFO - Started process (PID=53829) to work on /opt/airflow/dags/stock_and_sentiment_model.py
[2024-10-31T13:01:13.441+0000] {processor.py:830} INFO - Processing file /opt/airflow/dags/stock_and_sentiment_model.py for tasks to queue
[2024-10-31T13:01:13.450+0000] {logging_mixin.py:188} INFO - [2024-10-31T13:01:13.446+0000] {dagbag.py:545} INFO - Filling up the DagBag from /opt/airflow/dags/stock_and_sentiment_model.py
[2024-10-31T13:01:14.837+0000] {processor.py:840} INFO - DAG(s) 'Predice-Stock-ML-Pipeline' retrieved from /opt/airflow/dags/stock_and_sentiment_model.py
[2024-10-31T13:01:14.884+0000] {logging_mixin.py:188} INFO - [2024-10-31T13:01:14.883+0000] {dag.py:3096} INFO - Sync 1 DAGs
[2024-10-31T13:01:14.896+0000] {logging_mixin.py:188} INFO - [2024-10-31T13:01:14.896+0000] {dag.py:3954} INFO - Setting next_dagrun for Predice-Stock-ML-Pipeline to None, run_after=None
[2024-10-31T13:01:14.913+0000] {processor.py:183} INFO - Processing /opt/airflow/dags/stock_and_sentiment_model.py took 1.491 seconds
[2024-10-31T13:01:45.820+0000] {processor.py:161} INFO - Started process (PID=53877) to work on /opt/airflow/dags/stock_and_sentiment_model.py
[2024-10-31T13:01:45.822+0000] {processor.py:830} INFO - Processing file /opt/airflow/dags/stock_and_sentiment_model.py for tasks to queue
[2024-10-31T13:01:45.825+0000] {logging_mixin.py:188} INFO - [2024-10-31T13:01:45.824+0000] {dagbag.py:545} INFO - Filling up the DagBag from /opt/airflow/dags/stock_and_sentiment_model.py
[2024-10-31T13:01:46.994+0000] {processor.py:840} INFO - DAG(s) 'Predice-Stock-ML-Pipeline' retrieved from /opt/airflow/dags/stock_and_sentiment_model.py
[2024-10-31T13:01:47.026+0000] {logging_mixin.py:188} INFO - [2024-10-31T13:01:47.026+0000] {dag.py:3096} INFO - Sync 1 DAGs
[2024-10-31T13:01:47.037+0000] {logging_mixin.py:188} INFO - [2024-10-31T13:01:47.036+0000] {dag.py:3954} INFO - Setting next_dagrun for Predice-Stock-ML-Pipeline to None, run_after=None
[2024-10-31T13:01:47.060+0000] {processor.py:183} INFO - Processing /opt/airflow/dags/stock_and_sentiment_model.py took 1.250 seconds
[2024-10-31T13:02:17.180+0000] {processor.py:161} INFO - Started process (PID=53932) to work on /opt/airflow/dags/stock_and_sentiment_model.py
[2024-10-31T13:02:17.183+0000] {processor.py:830} INFO - Processing file /opt/airflow/dags/stock_and_sentiment_model.py for tasks to queue
[2024-10-31T13:02:17.186+0000] {logging_mixin.py:188} INFO - [2024-10-31T13:02:17.185+0000] {dagbag.py:545} INFO - Filling up the DagBag from /opt/airflow/dags/stock_and_sentiment_model.py
[2024-10-31T13:02:18.559+0000] {processor.py:840} INFO - DAG(s) 'Predice-Stock-ML-Pipeline' retrieved from /opt/airflow/dags/stock_and_sentiment_model.py
[2024-10-31T13:02:18.600+0000] {logging_mixin.py:188} INFO - [2024-10-31T13:02:18.600+0000] {dag.py:3096} INFO - Sync 1 DAGs
[2024-10-31T13:02:18.612+0000] {logging_mixin.py:188} INFO - [2024-10-31T13:02:18.612+0000] {dag.py:3954} INFO - Setting next_dagrun for Predice-Stock-ML-Pipeline to None, run_after=None
[2024-10-31T13:02:18.630+0000] {processor.py:183} INFO - Processing /opt/airflow/dags/stock_and_sentiment_model.py took 1.460 seconds
[2024-10-31T13:02:48.914+0000] {processor.py:161} INFO - Started process (PID=53980) to work on /opt/airflow/dags/stock_and_sentiment_model.py
[2024-10-31T13:02:48.917+0000] {processor.py:830} INFO - Processing file /opt/airflow/dags/stock_and_sentiment_model.py for tasks to queue
[2024-10-31T13:02:48.919+0000] {logging_mixin.py:188} INFO - [2024-10-31T13:02:48.918+0000] {dagbag.py:545} INFO - Filling up the DagBag from /opt/airflow/dags/stock_and_sentiment_model.py
[2024-10-31T13:02:50.120+0000] {processor.py:840} INFO - DAG(s) 'Predice-Stock-ML-Pipeline' retrieved from /opt/airflow/dags/stock_and_sentiment_model.py
[2024-10-31T13:02:50.155+0000] {logging_mixin.py:188} INFO - [2024-10-31T13:02:50.154+0000] {dag.py:3096} INFO - Sync 1 DAGs
[2024-10-31T13:02:50.165+0000] {logging_mixin.py:188} INFO - [2024-10-31T13:02:50.165+0000] {dag.py:3954} INFO - Setting next_dagrun for Predice-Stock-ML-Pipeline to None, run_after=None
[2024-10-31T13:02:50.178+0000] {processor.py:183} INFO - Processing /opt/airflow/dags/stock_and_sentiment_model.py took 1.276 seconds
[2024-10-31T13:03:20.750+0000] {processor.py:161} INFO - Started process (PID=54028) to work on /opt/airflow/dags/stock_and_sentiment_model.py
[2024-10-31T13:03:20.753+0000] {processor.py:830} INFO - Processing file /opt/airflow/dags/stock_and_sentiment_model.py for tasks to queue
[2024-10-31T13:03:20.755+0000] {logging_mixin.py:188} INFO - [2024-10-31T13:03:20.754+0000] {dagbag.py:545} INFO - Filling up the DagBag from /opt/airflow/dags/stock_and_sentiment_model.py
[2024-10-31T13:03:21.819+0000] {processor.py:840} INFO - DAG(s) 'Predice-Stock-ML-Pipeline' retrieved from /opt/airflow/dags/stock_and_sentiment_model.py
[2024-10-31T13:03:21.852+0000] {logging_mixin.py:188} INFO - [2024-10-31T13:03:21.852+0000] {dag.py:3096} INFO - Sync 1 DAGs
[2024-10-31T13:03:21.862+0000] {logging_mixin.py:188} INFO - [2024-10-31T13:03:21.862+0000] {dag.py:3954} INFO - Setting next_dagrun for Predice-Stock-ML-Pipeline to None, run_after=None
[2024-10-31T13:03:21.876+0000] {processor.py:183} INFO - Processing /opt/airflow/dags/stock_and_sentiment_model.py took 1.136 seconds
[2024-10-31T13:03:52.196+0000] {processor.py:161} INFO - Started process (PID=54083) to work on /opt/airflow/dags/stock_and_sentiment_model.py
[2024-10-31T13:03:52.199+0000] {processor.py:830} INFO - Processing file /opt/airflow/dags/stock_and_sentiment_model.py for tasks to queue
[2024-10-31T13:03:52.201+0000] {logging_mixin.py:188} INFO - [2024-10-31T13:03:52.200+0000] {dagbag.py:545} INFO - Filling up the DagBag from /opt/airflow/dags/stock_and_sentiment_model.py
[2024-10-31T13:03:53.303+0000] {processor.py:840} INFO - DAG(s) 'Predice-Stock-ML-Pipeline' retrieved from /opt/airflow/dags/stock_and_sentiment_model.py
[2024-10-31T13:03:53.333+0000] {logging_mixin.py:188} INFO - [2024-10-31T13:03:53.332+0000] {dag.py:3096} INFO - Sync 1 DAGs
[2024-10-31T13:03:53.342+0000] {logging_mixin.py:188} INFO - [2024-10-31T13:03:53.342+0000] {dag.py:3954} INFO - Setting next_dagrun for Predice-Stock-ML-Pipeline to None, run_after=None
[2024-10-31T13:03:53.355+0000] {processor.py:183} INFO - Processing /opt/airflow/dags/stock_and_sentiment_model.py took 1.169 seconds
[2024-10-31T13:04:23.757+0000] {processor.py:161} INFO - Started process (PID=54131) to work on /opt/airflow/dags/stock_and_sentiment_model.py
[2024-10-31T13:04:23.761+0000] {processor.py:830} INFO - Processing file /opt/airflow/dags/stock_and_sentiment_model.py for tasks to queue
[2024-10-31T13:04:23.763+0000] {logging_mixin.py:188} INFO - [2024-10-31T13:04:23.762+0000] {dagbag.py:545} INFO - Filling up the DagBag from /opt/airflow/dags/stock_and_sentiment_model.py
[2024-10-31T13:04:24.902+0000] {processor.py:840} INFO - DAG(s) 'Predice-Stock-ML-Pipeline' retrieved from /opt/airflow/dags/stock_and_sentiment_model.py
[2024-10-31T13:04:24.935+0000] {logging_mixin.py:188} INFO - [2024-10-31T13:04:24.935+0000] {dag.py:3096} INFO - Sync 1 DAGs
[2024-10-31T13:04:24.945+0000] {logging_mixin.py:188} INFO - [2024-10-31T13:04:24.945+0000] {dag.py:3954} INFO - Setting next_dagrun for Predice-Stock-ML-Pipeline to None, run_after=None
[2024-10-31T13:04:24.957+0000] {processor.py:183} INFO - Processing /opt/airflow/dags/stock_and_sentiment_model.py took 1.210 seconds
[2024-10-31T13:04:55.172+0000] {processor.py:161} INFO - Started process (PID=54186) to work on /opt/airflow/dags/stock_and_sentiment_model.py
[2024-10-31T13:04:55.175+0000] {processor.py:830} INFO - Processing file /opt/airflow/dags/stock_and_sentiment_model.py for tasks to queue
[2024-10-31T13:04:55.177+0000] {logging_mixin.py:188} INFO - [2024-10-31T13:04:55.176+0000] {dagbag.py:545} INFO - Filling up the DagBag from /opt/airflow/dags/stock_and_sentiment_model.py
[2024-10-31T13:04:56.147+0000] {processor.py:840} INFO - DAG(s) 'Predice-Stock-ML-Pipeline' retrieved from /opt/airflow/dags/stock_and_sentiment_model.py
[2024-10-31T13:04:56.178+0000] {logging_mixin.py:188} INFO - [2024-10-31T13:04:56.178+0000] {dag.py:3096} INFO - Sync 1 DAGs
[2024-10-31T13:04:56.186+0000] {logging_mixin.py:188} INFO - [2024-10-31T13:04:56.186+0000] {dag.py:3954} INFO - Setting next_dagrun for Predice-Stock-ML-Pipeline to None, run_after=None
[2024-10-31T13:04:56.200+0000] {processor.py:183} INFO - Processing /opt/airflow/dags/stock_and_sentiment_model.py took 1.036 seconds
[2024-10-31T13:05:26.536+0000] {processor.py:161} INFO - Started process (PID=54234) to work on /opt/airflow/dags/stock_and_sentiment_model.py
[2024-10-31T13:05:26.540+0000] {processor.py:830} INFO - Processing file /opt/airflow/dags/stock_and_sentiment_model.py for tasks to queue
[2024-10-31T13:05:26.542+0000] {logging_mixin.py:188} INFO - [2024-10-31T13:05:26.542+0000] {dagbag.py:545} INFO - Filling up the DagBag from /opt/airflow/dags/stock_and_sentiment_model.py
[2024-10-31T13:05:27.552+0000] {processor.py:840} INFO - DAG(s) 'Predice-Stock-ML-Pipeline' retrieved from /opt/airflow/dags/stock_and_sentiment_model.py
[2024-10-31T13:05:27.583+0000] {logging_mixin.py:188} INFO - [2024-10-31T13:05:27.583+0000] {dag.py:3096} INFO - Sync 1 DAGs
[2024-10-31T13:05:27.593+0000] {logging_mixin.py:188} INFO - [2024-10-31T13:05:27.593+0000] {dag.py:3954} INFO - Setting next_dagrun for Predice-Stock-ML-Pipeline to None, run_after=None
[2024-10-31T13:05:27.607+0000] {processor.py:183} INFO - Processing /opt/airflow/dags/stock_and_sentiment_model.py took 1.086 seconds
[2024-10-31T13:05:57.859+0000] {processor.py:161} INFO - Started process (PID=54289) to work on /opt/airflow/dags/stock_and_sentiment_model.py
[2024-10-31T13:05:57.863+0000] {processor.py:830} INFO - Processing file /opt/airflow/dags/stock_and_sentiment_model.py for tasks to queue
[2024-10-31T13:05:57.865+0000] {logging_mixin.py:188} INFO - [2024-10-31T13:05:57.864+0000] {dagbag.py:545} INFO - Filling up the DagBag from /opt/airflow/dags/stock_and_sentiment_model.py
[2024-10-31T13:05:58.913+0000] {processor.py:840} INFO - DAG(s) 'Predice-Stock-ML-Pipeline' retrieved from /opt/airflow/dags/stock_and_sentiment_model.py
[2024-10-31T13:05:58.945+0000] {logging_mixin.py:188} INFO - [2024-10-31T13:05:58.944+0000] {dag.py:3096} INFO - Sync 1 DAGs
[2024-10-31T13:05:58.955+0000] {logging_mixin.py:188} INFO - [2024-10-31T13:05:58.955+0000] {dag.py:3954} INFO - Setting next_dagrun for Predice-Stock-ML-Pipeline to None, run_after=None
[2024-10-31T13:05:58.969+0000] {processor.py:183} INFO - Processing /opt/airflow/dags/stock_and_sentiment_model.py took 1.119 seconds
[2024-10-31T13:06:29.292+0000] {processor.py:161} INFO - Started process (PID=54337) to work on /opt/airflow/dags/stock_and_sentiment_model.py
[2024-10-31T13:06:29.296+0000] {processor.py:830} INFO - Processing file /opt/airflow/dags/stock_and_sentiment_model.py for tasks to queue
[2024-10-31T13:06:29.298+0000] {logging_mixin.py:188} INFO - [2024-10-31T13:06:29.298+0000] {dagbag.py:545} INFO - Filling up the DagBag from /opt/airflow/dags/stock_and_sentiment_model.py
[2024-10-31T13:06:30.680+0000] {processor.py:840} INFO - DAG(s) 'Predice-Stock-ML-Pipeline' retrieved from /opt/airflow/dags/stock_and_sentiment_model.py
[2024-10-31T13:06:30.725+0000] {logging_mixin.py:188} INFO - [2024-10-31T13:06:30.725+0000] {dag.py:3096} INFO - Sync 1 DAGs
[2024-10-31T13:06:30.738+0000] {logging_mixin.py:188} INFO - [2024-10-31T13:06:30.738+0000] {dag.py:3954} INFO - Setting next_dagrun for Predice-Stock-ML-Pipeline to None, run_after=None
[2024-10-31T13:06:30.754+0000] {processor.py:183} INFO - Processing /opt/airflow/dags/stock_and_sentiment_model.py took 1.475 seconds
[2024-10-31T13:07:01.378+0000] {processor.py:161} INFO - Started process (PID=54392) to work on /opt/airflow/dags/stock_and_sentiment_model.py
[2024-10-31T13:07:01.382+0000] {processor.py:830} INFO - Processing file /opt/airflow/dags/stock_and_sentiment_model.py for tasks to queue
[2024-10-31T13:07:01.383+0000] {logging_mixin.py:188} INFO - [2024-10-31T13:07:01.383+0000] {dagbag.py:545} INFO - Filling up the DagBag from /opt/airflow/dags/stock_and_sentiment_model.py
[2024-10-31T13:07:02.456+0000] {processor.py:840} INFO - DAG(s) 'Predice-Stock-ML-Pipeline' retrieved from /opt/airflow/dags/stock_and_sentiment_model.py
[2024-10-31T13:07:02.498+0000] {logging_mixin.py:188} INFO - [2024-10-31T13:07:02.498+0000] {dag.py:3096} INFO - Sync 1 DAGs
[2024-10-31T13:07:02.507+0000] {logging_mixin.py:188} INFO - [2024-10-31T13:07:02.507+0000] {dag.py:3954} INFO - Setting next_dagrun for Predice-Stock-ML-Pipeline to None, run_after=None
[2024-10-31T13:07:02.523+0000] {processor.py:183} INFO - Processing /opt/airflow/dags/stock_and_sentiment_model.py took 1.151 seconds
[2024-10-31T13:07:32.852+0000] {processor.py:161} INFO - Started process (PID=54440) to work on /opt/airflow/dags/stock_and_sentiment_model.py
[2024-10-31T13:07:32.856+0000] {processor.py:830} INFO - Processing file /opt/airflow/dags/stock_and_sentiment_model.py for tasks to queue
[2024-10-31T13:07:32.857+0000] {logging_mixin.py:188} INFO - [2024-10-31T13:07:32.857+0000] {dagbag.py:545} INFO - Filling up the DagBag from /opt/airflow/dags/stock_and_sentiment_model.py
[2024-10-31T13:07:33.888+0000] {processor.py:840} INFO - DAG(s) 'Predice-Stock-ML-Pipeline' retrieved from /opt/airflow/dags/stock_and_sentiment_model.py
[2024-10-31T13:07:33.918+0000] {logging_mixin.py:188} INFO - [2024-10-31T13:07:33.917+0000] {dag.py:3096} INFO - Sync 1 DAGs
[2024-10-31T13:07:33.927+0000] {logging_mixin.py:188} INFO - [2024-10-31T13:07:33.927+0000] {dag.py:3954} INFO - Setting next_dagrun for Predice-Stock-ML-Pipeline to None, run_after=None
[2024-10-31T13:07:33.939+0000] {processor.py:183} INFO - Processing /opt/airflow/dags/stock_and_sentiment_model.py took 1.099 seconds
[2024-10-31T13:08:04.917+0000] {processor.py:161} INFO - Started process (PID=54495) to work on /opt/airflow/dags/stock_and_sentiment_model.py
[2024-10-31T13:08:04.921+0000] {processor.py:830} INFO - Processing file /opt/airflow/dags/stock_and_sentiment_model.py for tasks to queue
[2024-10-31T13:08:04.923+0000] {logging_mixin.py:188} INFO - [2024-10-31T13:08:04.923+0000] {dagbag.py:545} INFO - Filling up the DagBag from /opt/airflow/dags/stock_and_sentiment_model.py
[2024-10-31T13:08:05.940+0000] {processor.py:840} INFO - DAG(s) 'Predice-Stock-ML-Pipeline' retrieved from /opt/airflow/dags/stock_and_sentiment_model.py
[2024-10-31T13:08:05.969+0000] {logging_mixin.py:188} INFO - [2024-10-31T13:08:05.968+0000] {dag.py:3096} INFO - Sync 1 DAGs
[2024-10-31T13:08:05.977+0000] {logging_mixin.py:188} INFO - [2024-10-31T13:08:05.977+0000] {dag.py:3954} INFO - Setting next_dagrun for Predice-Stock-ML-Pipeline to None, run_after=None
[2024-10-31T13:08:05.991+0000] {processor.py:183} INFO - Processing /opt/airflow/dags/stock_and_sentiment_model.py took 1.085 seconds
[2024-10-31T13:08:36.484+0000] {processor.py:161} INFO - Started process (PID=54543) to work on /opt/airflow/dags/stock_and_sentiment_model.py
[2024-10-31T13:08:36.486+0000] {processor.py:830} INFO - Processing file /opt/airflow/dags/stock_and_sentiment_model.py for tasks to queue
[2024-10-31T13:08:36.488+0000] {logging_mixin.py:188} INFO - [2024-10-31T13:08:36.487+0000] {dagbag.py:545} INFO - Filling up the DagBag from /opt/airflow/dags/stock_and_sentiment_model.py
[2024-10-31T13:08:37.697+0000] {processor.py:840} INFO - DAG(s) 'Predice-Stock-ML-Pipeline' retrieved from /opt/airflow/dags/stock_and_sentiment_model.py
[2024-10-31T13:08:37.735+0000] {logging_mixin.py:188} INFO - [2024-10-31T13:08:37.734+0000] {dag.py:3096} INFO - Sync 1 DAGs
[2024-10-31T13:08:37.745+0000] {logging_mixin.py:188} INFO - [2024-10-31T13:08:37.745+0000] {dag.py:3954} INFO - Setting next_dagrun for Predice-Stock-ML-Pipeline to None, run_after=None
[2024-10-31T13:08:37.758+0000] {processor.py:183} INFO - Processing /opt/airflow/dags/stock_and_sentiment_model.py took 1.285 seconds
[2024-10-31T13:09:08.091+0000] {processor.py:161} INFO - Started process (PID=54598) to work on /opt/airflow/dags/stock_and_sentiment_model.py
[2024-10-31T13:09:08.094+0000] {processor.py:830} INFO - Processing file /opt/airflow/dags/stock_and_sentiment_model.py for tasks to queue
[2024-10-31T13:09:08.095+0000] {logging_mixin.py:188} INFO - [2024-10-31T13:09:08.094+0000] {dagbag.py:545} INFO - Filling up the DagBag from /opt/airflow/dags/stock_and_sentiment_model.py
[2024-10-31T13:09:09.142+0000] {processor.py:840} INFO - DAG(s) 'Predice-Stock-ML-Pipeline' retrieved from /opt/airflow/dags/stock_and_sentiment_model.py
[2024-10-31T13:09:09.183+0000] {logging_mixin.py:188} INFO - [2024-10-31T13:09:09.182+0000] {dag.py:3096} INFO - Sync 1 DAGs
[2024-10-31T13:09:09.198+0000] {logging_mixin.py:188} INFO - [2024-10-31T13:09:09.198+0000] {dag.py:3954} INFO - Setting next_dagrun for Predice-Stock-ML-Pipeline to None, run_after=None
[2024-10-31T13:09:09.216+0000] {processor.py:183} INFO - Processing /opt/airflow/dags/stock_and_sentiment_model.py took 1.132 seconds
[2024-10-31T13:09:39.567+0000] {processor.py:161} INFO - Started process (PID=54646) to work on /opt/airflow/dags/stock_and_sentiment_model.py
[2024-10-31T13:09:39.570+0000] {processor.py:830} INFO - Processing file /opt/airflow/dags/stock_and_sentiment_model.py for tasks to queue
[2024-10-31T13:09:39.572+0000] {logging_mixin.py:188} INFO - [2024-10-31T13:09:39.571+0000] {dagbag.py:545} INFO - Filling up the DagBag from /opt/airflow/dags/stock_and_sentiment_model.py
[2024-10-31T13:09:40.649+0000] {processor.py:840} INFO - DAG(s) 'Predice-Stock-ML-Pipeline' retrieved from /opt/airflow/dags/stock_and_sentiment_model.py
[2024-10-31T13:09:40.686+0000] {logging_mixin.py:188} INFO - [2024-10-31T13:09:40.685+0000] {dag.py:3096} INFO - Sync 1 DAGs
[2024-10-31T13:09:40.695+0000] {logging_mixin.py:188} INFO - [2024-10-31T13:09:40.695+0000] {dag.py:3954} INFO - Setting next_dagrun for Predice-Stock-ML-Pipeline to None, run_after=None
[2024-10-31T13:09:40.709+0000] {processor.py:183} INFO - Processing /opt/airflow/dags/stock_and_sentiment_model.py took 1.155 seconds
[2024-10-31T13:10:10.927+0000] {processor.py:161} INFO - Started process (PID=54694) to work on /opt/airflow/dags/stock_and_sentiment_model.py
[2024-10-31T13:10:10.930+0000] {processor.py:830} INFO - Processing file /opt/airflow/dags/stock_and_sentiment_model.py for tasks to queue
[2024-10-31T13:10:10.932+0000] {logging_mixin.py:188} INFO - [2024-10-31T13:10:10.931+0000] {dagbag.py:545} INFO - Filling up the DagBag from /opt/airflow/dags/stock_and_sentiment_model.py
[2024-10-31T13:10:11.924+0000] {processor.py:840} INFO - DAG(s) 'Predice-Stock-ML-Pipeline' retrieved from /opt/airflow/dags/stock_and_sentiment_model.py
[2024-10-31T13:10:11.959+0000] {logging_mixin.py:188} INFO - [2024-10-31T13:10:11.958+0000] {dag.py:3096} INFO - Sync 1 DAGs
[2024-10-31T13:10:11.968+0000] {logging_mixin.py:188} INFO - [2024-10-31T13:10:11.968+0000] {dag.py:3954} INFO - Setting next_dagrun for Predice-Stock-ML-Pipeline to None, run_after=None
[2024-10-31T13:10:11.983+0000] {processor.py:183} INFO - Processing /opt/airflow/dags/stock_and_sentiment_model.py took 1.073 seconds
[2024-10-31T13:10:42.375+0000] {processor.py:161} INFO - Started process (PID=54749) to work on /opt/airflow/dags/stock_and_sentiment_model.py
[2024-10-31T13:10:42.378+0000] {processor.py:830} INFO - Processing file /opt/airflow/dags/stock_and_sentiment_model.py for tasks to queue
[2024-10-31T13:10:42.379+0000] {logging_mixin.py:188} INFO - [2024-10-31T13:10:42.379+0000] {dagbag.py:545} INFO - Filling up the DagBag from /opt/airflow/dags/stock_and_sentiment_model.py
[2024-10-31T13:10:43.277+0000] {processor.py:840} INFO - DAG(s) 'Predice-Stock-ML-Pipeline' retrieved from /opt/airflow/dags/stock_and_sentiment_model.py
[2024-10-31T13:10:43.308+0000] {logging_mixin.py:188} INFO - [2024-10-31T13:10:43.308+0000] {dag.py:3096} INFO - Sync 1 DAGs
[2024-10-31T13:10:43.319+0000] {logging_mixin.py:188} INFO - [2024-10-31T13:10:43.318+0000] {dag.py:3954} INFO - Setting next_dagrun for Predice-Stock-ML-Pipeline to None, run_after=None
[2024-10-31T13:10:43.332+0000] {processor.py:183} INFO - Processing /opt/airflow/dags/stock_and_sentiment_model.py took 0.967 seconds
[2024-10-31T13:11:13.728+0000] {processor.py:161} INFO - Started process (PID=54795) to work on /opt/airflow/dags/stock_and_sentiment_model.py
[2024-10-31T13:11:13.730+0000] {processor.py:830} INFO - Processing file /opt/airflow/dags/stock_and_sentiment_model.py for tasks to queue
[2024-10-31T13:11:13.732+0000] {logging_mixin.py:188} INFO - [2024-10-31T13:11:13.731+0000] {dagbag.py:545} INFO - Filling up the DagBag from /opt/airflow/dags/stock_and_sentiment_model.py
[2024-10-31T13:11:14.745+0000] {processor.py:840} INFO - DAG(s) 'Predice-Stock-ML-Pipeline' retrieved from /opt/airflow/dags/stock_and_sentiment_model.py
[2024-10-31T13:11:14.773+0000] {logging_mixin.py:188} INFO - [2024-10-31T13:11:14.773+0000] {dag.py:3096} INFO - Sync 1 DAGs
[2024-10-31T13:11:14.782+0000] {logging_mixin.py:188} INFO - [2024-10-31T13:11:14.782+0000] {dag.py:3954} INFO - Setting next_dagrun for Predice-Stock-ML-Pipeline to None, run_after=None
[2024-10-31T13:11:14.794+0000] {processor.py:183} INFO - Processing /opt/airflow/dags/stock_and_sentiment_model.py took 1.075 seconds
[2024-10-31T13:11:44.944+0000] {processor.py:161} INFO - Started process (PID=54849) to work on /opt/airflow/dags/stock_and_sentiment_model.py
[2024-10-31T13:11:44.946+0000] {processor.py:830} INFO - Processing file /opt/airflow/dags/stock_and_sentiment_model.py for tasks to queue
[2024-10-31T13:11:44.948+0000] {logging_mixin.py:188} INFO - [2024-10-31T13:11:44.947+0000] {dagbag.py:545} INFO - Filling up the DagBag from /opt/airflow/dags/stock_and_sentiment_model.py
[2024-10-31T13:11:46.140+0000] {processor.py:840} INFO - DAG(s) 'Predice-Stock-ML-Pipeline' retrieved from /opt/airflow/dags/stock_and_sentiment_model.py
[2024-10-31T13:11:46.177+0000] {logging_mixin.py:188} INFO - [2024-10-31T13:11:46.177+0000] {dag.py:3096} INFO - Sync 1 DAGs
[2024-10-31T13:11:46.208+0000] {logging_mixin.py:188} INFO - [2024-10-31T13:11:46.207+0000] {dag.py:3954} INFO - Setting next_dagrun for Predice-Stock-ML-Pipeline to None, run_after=None
[2024-10-31T13:11:46.225+0000] {processor.py:183} INFO - Processing /opt/airflow/dags/stock_and_sentiment_model.py took 1.287 seconds
[2024-10-31T13:12:16.496+0000] {processor.py:161} INFO - Started process (PID=54892) to work on /opt/airflow/dags/stock_and_sentiment_model.py
[2024-10-31T13:12:16.498+0000] {processor.py:830} INFO - Processing file /opt/airflow/dags/stock_and_sentiment_model.py for tasks to queue
[2024-10-31T13:12:16.499+0000] {logging_mixin.py:188} INFO - [2024-10-31T13:12:16.499+0000] {dagbag.py:545} INFO - Filling up the DagBag from /opt/airflow/dags/stock_and_sentiment_model.py
[2024-10-31T13:12:17.438+0000] {processor.py:840} INFO - DAG(s) 'Predice-Stock-ML-Pipeline' retrieved from /opt/airflow/dags/stock_and_sentiment_model.py
[2024-10-31T13:12:17.467+0000] {logging_mixin.py:188} INFO - [2024-10-31T13:12:17.467+0000] {dag.py:3096} INFO - Sync 1 DAGs
[2024-10-31T13:12:17.476+0000] {logging_mixin.py:188} INFO - [2024-10-31T13:12:17.476+0000] {dag.py:3954} INFO - Setting next_dagrun for Predice-Stock-ML-Pipeline to None, run_after=None
[2024-10-31T13:12:17.492+0000] {processor.py:183} INFO - Processing /opt/airflow/dags/stock_and_sentiment_model.py took 1.006 seconds
[2024-10-31T13:12:47.774+0000] {processor.py:161} INFO - Started process (PID=54946) to work on /opt/airflow/dags/stock_and_sentiment_model.py
[2024-10-31T13:12:47.777+0000] {processor.py:830} INFO - Processing file /opt/airflow/dags/stock_and_sentiment_model.py for tasks to queue
[2024-10-31T13:12:47.779+0000] {logging_mixin.py:188} INFO - [2024-10-31T13:12:47.778+0000] {dagbag.py:545} INFO - Filling up the DagBag from /opt/airflow/dags/stock_and_sentiment_model.py
[2024-10-31T13:12:48.669+0000] {processor.py:840} INFO - DAG(s) 'Predice-Stock-ML-Pipeline' retrieved from /opt/airflow/dags/stock_and_sentiment_model.py
[2024-10-31T13:12:48.699+0000] {logging_mixin.py:188} INFO - [2024-10-31T13:12:48.698+0000] {dag.py:3096} INFO - Sync 1 DAGs
[2024-10-31T13:12:48.709+0000] {logging_mixin.py:188} INFO - [2024-10-31T13:12:48.709+0000] {dag.py:3954} INFO - Setting next_dagrun for Predice-Stock-ML-Pipeline to None, run_after=None
[2024-10-31T13:12:48.724+0000] {processor.py:183} INFO - Processing /opt/airflow/dags/stock_and_sentiment_model.py took 0.958 seconds
[2024-10-31T13:13:19.156+0000] {processor.py:161} INFO - Started process (PID=54994) to work on /opt/airflow/dags/stock_and_sentiment_model.py
[2024-10-31T13:13:19.159+0000] {processor.py:830} INFO - Processing file /opt/airflow/dags/stock_and_sentiment_model.py for tasks to queue
[2024-10-31T13:13:19.161+0000] {logging_mixin.py:188} INFO - [2024-10-31T13:13:19.160+0000] {dagbag.py:545} INFO - Filling up the DagBag from /opt/airflow/dags/stock_and_sentiment_model.py
[2024-10-31T13:13:20.592+0000] {processor.py:840} INFO - DAG(s) 'Predice-Stock-ML-Pipeline' retrieved from /opt/airflow/dags/stock_and_sentiment_model.py
[2024-10-31T13:13:20.656+0000] {logging_mixin.py:188} INFO - [2024-10-31T13:13:20.655+0000] {dag.py:3096} INFO - Sync 1 DAGs
[2024-10-31T13:13:20.668+0000] {logging_mixin.py:188} INFO - [2024-10-31T13:13:20.668+0000] {dag.py:3954} INFO - Setting next_dagrun for Predice-Stock-ML-Pipeline to None, run_after=None
[2024-10-31T13:13:20.684+0000] {processor.py:183} INFO - Processing /opt/airflow/dags/stock_and_sentiment_model.py took 1.543 seconds
[2024-10-31T13:13:51.052+0000] {processor.py:161} INFO - Started process (PID=55049) to work on /opt/airflow/dags/stock_and_sentiment_model.py
[2024-10-31T13:13:51.056+0000] {processor.py:830} INFO - Processing file /opt/airflow/dags/stock_and_sentiment_model.py for tasks to queue
[2024-10-31T13:13:51.057+0000] {logging_mixin.py:188} INFO - [2024-10-31T13:13:51.057+0000] {dagbag.py:545} INFO - Filling up the DagBag from /opt/airflow/dags/stock_and_sentiment_model.py
[2024-10-31T13:13:52.028+0000] {processor.py:840} INFO - DAG(s) 'Predice-Stock-ML-Pipeline' retrieved from /opt/airflow/dags/stock_and_sentiment_model.py
[2024-10-31T13:13:52.061+0000] {logging_mixin.py:188} INFO - [2024-10-31T13:13:52.061+0000] {dag.py:3096} INFO - Sync 1 DAGs
[2024-10-31T13:13:52.069+0000] {logging_mixin.py:188} INFO - [2024-10-31T13:13:52.069+0000] {dag.py:3954} INFO - Setting next_dagrun for Predice-Stock-ML-Pipeline to None, run_after=None
[2024-10-31T13:13:52.081+0000] {processor.py:183} INFO - Processing /opt/airflow/dags/stock_and_sentiment_model.py took 1.036 seconds
[2024-10-31T13:14:22.442+0000] {processor.py:161} INFO - Started process (PID=55097) to work on /opt/airflow/dags/stock_and_sentiment_model.py
[2024-10-31T13:14:22.445+0000] {processor.py:830} INFO - Processing file /opt/airflow/dags/stock_and_sentiment_model.py for tasks to queue
[2024-10-31T13:14:22.448+0000] {logging_mixin.py:188} INFO - [2024-10-31T13:14:22.447+0000] {dagbag.py:545} INFO - Filling up the DagBag from /opt/airflow/dags/stock_and_sentiment_model.py
[2024-10-31T13:14:23.390+0000] {processor.py:840} INFO - DAG(s) 'Predice-Stock-ML-Pipeline' retrieved from /opt/airflow/dags/stock_and_sentiment_model.py
[2024-10-31T13:14:23.420+0000] {logging_mixin.py:188} INFO - [2024-10-31T13:14:23.420+0000] {dag.py:3096} INFO - Sync 1 DAGs
[2024-10-31T13:14:23.429+0000] {logging_mixin.py:188} INFO - [2024-10-31T13:14:23.429+0000] {dag.py:3954} INFO - Setting next_dagrun for Predice-Stock-ML-Pipeline to None, run_after=None
[2024-10-31T13:14:23.443+0000] {processor.py:183} INFO - Processing /opt/airflow/dags/stock_and_sentiment_model.py took 1.014 seconds
[2024-10-31T13:14:53.820+0000] {processor.py:161} INFO - Started process (PID=55152) to work on /opt/airflow/dags/stock_and_sentiment_model.py
[2024-10-31T13:14:53.822+0000] {processor.py:830} INFO - Processing file /opt/airflow/dags/stock_and_sentiment_model.py for tasks to queue
[2024-10-31T13:14:53.823+0000] {logging_mixin.py:188} INFO - [2024-10-31T13:14:53.823+0000] {dagbag.py:545} INFO - Filling up the DagBag from /opt/airflow/dags/stock_and_sentiment_model.py
[2024-10-31T13:14:54.852+0000] {processor.py:840} INFO - DAG(s) 'Predice-Stock-ML-Pipeline' retrieved from /opt/airflow/dags/stock_and_sentiment_model.py
[2024-10-31T13:14:54.881+0000] {logging_mixin.py:188} INFO - [2024-10-31T13:14:54.880+0000] {dag.py:3096} INFO - Sync 1 DAGs
[2024-10-31T13:14:54.891+0000] {logging_mixin.py:188} INFO - [2024-10-31T13:14:54.890+0000] {dag.py:3954} INFO - Setting next_dagrun for Predice-Stock-ML-Pipeline to None, run_after=None
[2024-10-31T13:14:54.903+0000] {processor.py:183} INFO - Processing /opt/airflow/dags/stock_and_sentiment_model.py took 1.090 seconds
[2024-10-31T13:15:25.273+0000] {processor.py:161} INFO - Started process (PID=55200) to work on /opt/airflow/dags/stock_and_sentiment_model.py
[2024-10-31T13:15:25.276+0000] {processor.py:830} INFO - Processing file /opt/airflow/dags/stock_and_sentiment_model.py for tasks to queue
[2024-10-31T13:15:25.277+0000] {logging_mixin.py:188} INFO - [2024-10-31T13:15:25.277+0000] {dagbag.py:545} INFO - Filling up the DagBag from /opt/airflow/dags/stock_and_sentiment_model.py
[2024-10-31T13:15:26.149+0000] {processor.py:840} INFO - DAG(s) 'Predice-Stock-ML-Pipeline' retrieved from /opt/airflow/dags/stock_and_sentiment_model.py
[2024-10-31T13:15:26.178+0000] {logging_mixin.py:188} INFO - [2024-10-31T13:15:26.178+0000] {dag.py:3096} INFO - Sync 1 DAGs
[2024-10-31T13:15:26.187+0000] {logging_mixin.py:188} INFO - [2024-10-31T13:15:26.187+0000] {dag.py:3954} INFO - Setting next_dagrun for Predice-Stock-ML-Pipeline to None, run_after=None
[2024-10-31T13:15:26.199+0000] {processor.py:183} INFO - Processing /opt/airflow/dags/stock_and_sentiment_model.py took 0.936 seconds
[2024-10-31T13:15:56.580+0000] {processor.py:161} INFO - Started process (PID=55249) to work on /opt/airflow/dags/stock_and_sentiment_model.py
[2024-10-31T13:15:56.584+0000] {processor.py:830} INFO - Processing file /opt/airflow/dags/stock_and_sentiment_model.py for tasks to queue
[2024-10-31T13:15:56.587+0000] {logging_mixin.py:188} INFO - [2024-10-31T13:15:56.586+0000] {dagbag.py:545} INFO - Filling up the DagBag from /opt/airflow/dags/stock_and_sentiment_model.py
[2024-10-31T13:15:57.533+0000] {processor.py:840} INFO - DAG(s) 'Predice-Stock-ML-Pipeline' retrieved from /opt/airflow/dags/stock_and_sentiment_model.py
[2024-10-31T13:15:57.563+0000] {logging_mixin.py:188} INFO - [2024-10-31T13:15:57.563+0000] {dag.py:3096} INFO - Sync 1 DAGs
[2024-10-31T13:15:57.572+0000] {logging_mixin.py:188} INFO - [2024-10-31T13:15:57.572+0000] {dag.py:3954} INFO - Setting next_dagrun for Predice-Stock-ML-Pipeline to None, run_after=None
[2024-10-31T13:15:57.585+0000] {processor.py:183} INFO - Processing /opt/airflow/dags/stock_and_sentiment_model.py took 1.017 seconds
[2024-10-31T13:16:28.086+0000] {processor.py:161} INFO - Started process (PID=55294) to work on /opt/airflow/dags/stock_and_sentiment_model.py
[2024-10-31T13:16:28.089+0000] {processor.py:830} INFO - Processing file /opt/airflow/dags/stock_and_sentiment_model.py for tasks to queue
[2024-10-31T13:16:28.091+0000] {logging_mixin.py:188} INFO - [2024-10-31T13:16:28.090+0000] {dagbag.py:545} INFO - Filling up the DagBag from /opt/airflow/dags/stock_and_sentiment_model.py
[2024-10-31T13:16:29.438+0000] {processor.py:840} INFO - DAG(s) 'Predice-Stock-ML-Pipeline' retrieved from /opt/airflow/dags/stock_and_sentiment_model.py
[2024-10-31T13:16:29.476+0000] {logging_mixin.py:188} INFO - [2024-10-31T13:16:29.475+0000] {dag.py:3096} INFO - Sync 1 DAGs
[2024-10-31T13:16:29.487+0000] {logging_mixin.py:188} INFO - [2024-10-31T13:16:29.486+0000] {dag.py:3954} INFO - Setting next_dagrun for Predice-Stock-ML-Pipeline to None, run_after=None
[2024-10-31T13:16:29.504+0000] {processor.py:183} INFO - Processing /opt/airflow/dags/stock_and_sentiment_model.py took 1.428 seconds
[2024-10-31T13:16:59.895+0000] {processor.py:161} INFO - Started process (PID=55345) to work on /opt/airflow/dags/stock_and_sentiment_model.py
[2024-10-31T13:16:59.899+0000] {processor.py:830} INFO - Processing file /opt/airflow/dags/stock_and_sentiment_model.py for tasks to queue
[2024-10-31T13:16:59.903+0000] {logging_mixin.py:188} INFO - [2024-10-31T13:16:59.900+0000] {dagbag.py:545} INFO - Filling up the DagBag from /opt/airflow/dags/stock_and_sentiment_model.py
[2024-10-31T13:17:01.612+0000] {processor.py:840} INFO - DAG(s) 'Predice-Stock-ML-Pipeline' retrieved from /opt/airflow/dags/stock_and_sentiment_model.py
[2024-10-31T13:17:01.653+0000] {logging_mixin.py:188} INFO - [2024-10-31T13:17:01.653+0000] {dag.py:3096} INFO - Sync 1 DAGs
[2024-10-31T13:17:01.667+0000] {logging_mixin.py:188} INFO - [2024-10-31T13:17:01.666+0000] {dag.py:3954} INFO - Setting next_dagrun for Predice-Stock-ML-Pipeline to None, run_after=None
[2024-10-31T13:17:01.687+0000] {processor.py:183} INFO - Processing /opt/airflow/dags/stock_and_sentiment_model.py took 1.803 seconds
[2024-10-31T13:17:32.111+0000] {processor.py:161} INFO - Started process (PID=55390) to work on /opt/airflow/dags/stock_and_sentiment_model.py
[2024-10-31T13:17:32.126+0000] {processor.py:830} INFO - Processing file /opt/airflow/dags/stock_and_sentiment_model.py for tasks to queue
[2024-10-31T13:17:32.133+0000] {logging_mixin.py:188} INFO - [2024-10-31T13:17:32.132+0000] {dagbag.py:545} INFO - Filling up the DagBag from /opt/airflow/dags/stock_and_sentiment_model.py
[2024-10-31T13:17:33.538+0000] {processor.py:840} INFO - DAG(s) 'Predice-Stock-ML-Pipeline' retrieved from /opt/airflow/dags/stock_and_sentiment_model.py
[2024-10-31T13:17:33.582+0000] {logging_mixin.py:188} INFO - [2024-10-31T13:17:33.581+0000] {dag.py:3096} INFO - Sync 1 DAGs
[2024-10-31T13:17:33.596+0000] {logging_mixin.py:188} INFO - [2024-10-31T13:17:33.595+0000] {dag.py:3954} INFO - Setting next_dagrun for Predice-Stock-ML-Pipeline to None, run_after=None
[2024-10-31T13:17:33.612+0000] {processor.py:183} INFO - Processing /opt/airflow/dags/stock_and_sentiment_model.py took 1.512 seconds
[2024-10-31T13:18:03.839+0000] {processor.py:161} INFO - Started process (PID=55445) to work on /opt/airflow/dags/stock_and_sentiment_model.py
[2024-10-31T13:18:03.841+0000] {processor.py:830} INFO - Processing file /opt/airflow/dags/stock_and_sentiment_model.py for tasks to queue
[2024-10-31T13:18:03.843+0000] {logging_mixin.py:188} INFO - [2024-10-31T13:18:03.842+0000] {dagbag.py:545} INFO - Filling up the DagBag from /opt/airflow/dags/stock_and_sentiment_model.py
[2024-10-31T13:18:04.860+0000] {processor.py:840} INFO - DAG(s) 'Predice-Stock-ML-Pipeline' retrieved from /opt/airflow/dags/stock_and_sentiment_model.py
[2024-10-31T13:18:04.902+0000] {logging_mixin.py:188} INFO - [2024-10-31T13:18:04.901+0000] {dag.py:3096} INFO - Sync 1 DAGs
[2024-10-31T13:18:04.920+0000] {logging_mixin.py:188} INFO - [2024-10-31T13:18:04.919+0000] {dag.py:3954} INFO - Setting next_dagrun for Predice-Stock-ML-Pipeline to None, run_after=None
[2024-10-31T13:18:04.940+0000] {processor.py:183} INFO - Processing /opt/airflow/dags/stock_and_sentiment_model.py took 1.108 seconds
[2024-10-31T13:18:35.304+0000] {processor.py:161} INFO - Started process (PID=55493) to work on /opt/airflow/dags/stock_and_sentiment_model.py
[2024-10-31T13:18:35.306+0000] {processor.py:830} INFO - Processing file /opt/airflow/dags/stock_and_sentiment_model.py for tasks to queue
[2024-10-31T13:18:35.308+0000] {logging_mixin.py:188} INFO - [2024-10-31T13:18:35.308+0000] {dagbag.py:545} INFO - Filling up the DagBag from /opt/airflow/dags/stock_and_sentiment_model.py
[2024-10-31T13:18:36.181+0000] {processor.py:840} INFO - DAG(s) 'Predice-Stock-ML-Pipeline' retrieved from /opt/airflow/dags/stock_and_sentiment_model.py
[2024-10-31T13:18:36.209+0000] {logging_mixin.py:188} INFO - [2024-10-31T13:18:36.208+0000] {dag.py:3096} INFO - Sync 1 DAGs
[2024-10-31T13:18:36.217+0000] {logging_mixin.py:188} INFO - [2024-10-31T13:18:36.217+0000] {dag.py:3954} INFO - Setting next_dagrun for Predice-Stock-ML-Pipeline to None, run_after=None
[2024-10-31T13:18:36.229+0000] {processor.py:183} INFO - Processing /opt/airflow/dags/stock_and_sentiment_model.py took 0.938 seconds
[2024-10-31T13:19:06.792+0000] {processor.py:161} INFO - Started process (PID=55541) to work on /opt/airflow/dags/stock_and_sentiment_model.py
[2024-10-31T13:19:06.794+0000] {processor.py:830} INFO - Processing file /opt/airflow/dags/stock_and_sentiment_model.py for tasks to queue
[2024-10-31T13:19:06.795+0000] {logging_mixin.py:188} INFO - [2024-10-31T13:19:06.795+0000] {dagbag.py:545} INFO - Filling up the DagBag from /opt/airflow/dags/stock_and_sentiment_model.py
[2024-10-31T13:19:07.889+0000] {processor.py:840} INFO - DAG(s) 'Predice-Stock-ML-Pipeline' retrieved from /opt/airflow/dags/stock_and_sentiment_model.py
[2024-10-31T13:19:07.922+0000] {logging_mixin.py:188} INFO - [2024-10-31T13:19:07.922+0000] {dag.py:3096} INFO - Sync 1 DAGs
[2024-10-31T13:19:07.932+0000] {logging_mixin.py:188} INFO - [2024-10-31T13:19:07.932+0000] {dag.py:3954} INFO - Setting next_dagrun for Predice-Stock-ML-Pipeline to None, run_after=None
[2024-10-31T13:19:07.946+0000] {processor.py:183} INFO - Processing /opt/airflow/dags/stock_and_sentiment_model.py took 1.162 seconds
[2024-10-31T13:19:38.103+0000] {processor.py:161} INFO - Started process (PID=55596) to work on /opt/airflow/dags/stock_and_sentiment_model.py
[2024-10-31T13:19:38.109+0000] {processor.py:830} INFO - Processing file /opt/airflow/dags/stock_and_sentiment_model.py for tasks to queue
[2024-10-31T13:19:38.114+0000] {logging_mixin.py:188} INFO - [2024-10-31T13:19:38.112+0000] {dagbag.py:545} INFO - Filling up the DagBag from /opt/airflow/dags/stock_and_sentiment_model.py
[2024-10-31T13:19:39.493+0000] {processor.py:840} INFO - DAG(s) 'Predice-Stock-ML-Pipeline' retrieved from /opt/airflow/dags/stock_and_sentiment_model.py
[2024-10-31T13:19:39.538+0000] {logging_mixin.py:188} INFO - [2024-10-31T13:19:39.537+0000] {dag.py:3096} INFO - Sync 1 DAGs
[2024-10-31T13:19:39.551+0000] {logging_mixin.py:188} INFO - [2024-10-31T13:19:39.551+0000] {dag.py:3954} INFO - Setting next_dagrun for Predice-Stock-ML-Pipeline to None, run_after=None
[2024-10-31T13:19:39.566+0000] {processor.py:183} INFO - Processing /opt/airflow/dags/stock_and_sentiment_model.py took 1.498 seconds
[2024-10-31T13:20:09.935+0000] {processor.py:161} INFO - Started process (PID=55644) to work on /opt/airflow/dags/stock_and_sentiment_model.py
[2024-10-31T13:20:09.938+0000] {processor.py:830} INFO - Processing file /opt/airflow/dags/stock_and_sentiment_model.py for tasks to queue
[2024-10-31T13:20:09.941+0000] {logging_mixin.py:188} INFO - [2024-10-31T13:20:09.940+0000] {dagbag.py:545} INFO - Filling up the DagBag from /opt/airflow/dags/stock_and_sentiment_model.py
[2024-10-31T13:20:11.391+0000] {processor.py:840} INFO - DAG(s) 'Predice-Stock-ML-Pipeline' retrieved from /opt/airflow/dags/stock_and_sentiment_model.py
[2024-10-31T13:20:11.428+0000] {logging_mixin.py:188} INFO - [2024-10-31T13:20:11.428+0000] {dag.py:3096} INFO - Sync 1 DAGs
[2024-10-31T13:20:11.439+0000] {logging_mixin.py:188} INFO - [2024-10-31T13:20:11.439+0000] {dag.py:3954} INFO - Setting next_dagrun for Predice-Stock-ML-Pipeline to None, run_after=None
[2024-10-31T13:20:11.453+0000] {processor.py:183} INFO - Processing /opt/airflow/dags/stock_and_sentiment_model.py took 1.534 seconds
[2024-10-31T13:20:41.907+0000] {processor.py:161} INFO - Started process (PID=55699) to work on /opt/airflow/dags/stock_and_sentiment_model.py
[2024-10-31T13:20:41.911+0000] {processor.py:830} INFO - Processing file /opt/airflow/dags/stock_and_sentiment_model.py for tasks to queue
[2024-10-31T13:20:41.918+0000] {logging_mixin.py:188} INFO - [2024-10-31T13:20:41.917+0000] {dagbag.py:545} INFO - Filling up the DagBag from /opt/airflow/dags/stock_and_sentiment_model.py
[2024-10-31T13:20:43.393+0000] {processor.py:840} INFO - DAG(s) 'Predice-Stock-ML-Pipeline' retrieved from /opt/airflow/dags/stock_and_sentiment_model.py
[2024-10-31T13:20:43.455+0000] {logging_mixin.py:188} INFO - [2024-10-31T13:20:43.455+0000] {dag.py:3096} INFO - Sync 1 DAGs
[2024-10-31T13:20:43.469+0000] {logging_mixin.py:188} INFO - [2024-10-31T13:20:43.469+0000] {dag.py:3954} INFO - Setting next_dagrun for Predice-Stock-ML-Pipeline to None, run_after=None
[2024-10-31T13:20:43.486+0000] {processor.py:183} INFO - Processing /opt/airflow/dags/stock_and_sentiment_model.py took 1.597 seconds
[2024-10-31T13:21:13.927+0000] {processor.py:161} INFO - Started process (PID=55745) to work on /opt/airflow/dags/stock_and_sentiment_model.py
[2024-10-31T13:21:13.930+0000] {processor.py:830} INFO - Processing file /opt/airflow/dags/stock_and_sentiment_model.py for tasks to queue
[2024-10-31T13:21:13.932+0000] {logging_mixin.py:188} INFO - [2024-10-31T13:21:13.932+0000] {dagbag.py:545} INFO - Filling up the DagBag from /opt/airflow/dags/stock_and_sentiment_model.py
[2024-10-31T13:21:15.316+0000] {logging_mixin.py:188} INFO - [2024-10-31T13:21:15.312+0000] {dagbag.py:355} ERROR - Failed to import: /opt/airflow/dags/stock_and_sentiment_model.py
Traceback (most recent call last):
  File "/home/airflow/.local/lib/python3.12/site-packages/airflow/models/dagbag.py", line 351, in parse
    loader.exec_module(new_module)
  File "<frozen importlib._bootstrap_external>", line 995, in exec_module
  File "<frozen importlib._bootstrap>", line 488, in _call_with_frames_removed
  File "/opt/airflow/dags/stock_and_sentiment_model.py", line 2, in <module>
    from utils.s3_helper import (
  File "/opt/airflow/dags/utils/s3_helper.py", line 9, in <module>
    bucket_name = os.get
                  ^^
NameError: name 'os' is not defined. Did you forget to import 'os'
[2024-10-31T13:21:15.317+0000] {processor.py:842} WARNING - No viable dags retrieved from /opt/airflow/dags/stock_and_sentiment_model.py
[2024-10-31T13:21:15.347+0000] {processor.py:183} INFO - Processing /opt/airflow/dags/stock_and_sentiment_model.py took 1.436 seconds
[2024-10-31T13:21:45.773+0000] {processor.py:161} INFO - Started process (PID=55782) to work on /opt/airflow/dags/stock_and_sentiment_model.py
[2024-10-31T13:21:45.776+0000] {processor.py:830} INFO - Processing file /opt/airflow/dags/stock_and_sentiment_model.py for tasks to queue
[2024-10-31T13:21:45.778+0000] {logging_mixin.py:188} INFO - [2024-10-31T13:21:45.777+0000] {dagbag.py:545} INFO - Filling up the DagBag from /opt/airflow/dags/stock_and_sentiment_model.py
[2024-10-31T13:21:47.035+0000] {logging_mixin.py:188} INFO - [2024-10-31T13:21:47.031+0000] {dagbag.py:355} ERROR - Failed to import: /opt/airflow/dags/stock_and_sentiment_model.py
Traceback (most recent call last):
  File "/home/airflow/.local/lib/python3.12/site-packages/airflow/models/dagbag.py", line 351, in parse
    loader.exec_module(new_module)
  File "<frozen importlib._bootstrap_external>", line 995, in exec_module
  File "<frozen importlib._bootstrap>", line 488, in _call_with_frames_removed
  File "/opt/airflow/dags/stock_and_sentiment_model.py", line 2, in <module>
    from utils.s3_helper import (
  File "/opt/airflow/dags/utils/s3_helper.py", line 9, in <module>
    bucket_name = os.get
                  ^^
NameError: name 'os' is not defined. Did you forget to import 'os'
[2024-10-31T13:21:47.037+0000] {processor.py:842} WARNING - No viable dags retrieved from /opt/airflow/dags/stock_and_sentiment_model.py
[2024-10-31T13:21:47.063+0000] {processor.py:183} INFO - Processing /opt/airflow/dags/stock_and_sentiment_model.py took 1.303 seconds
[2024-10-31T13:22:17.411+0000] {processor.py:161} INFO - Started process (PID=55834) to work on /opt/airflow/dags/stock_and_sentiment_model.py
[2024-10-31T13:22:17.414+0000] {processor.py:830} INFO - Processing file /opt/airflow/dags/stock_and_sentiment_model.py for tasks to queue
[2024-10-31T13:22:17.417+0000] {logging_mixin.py:188} INFO - [2024-10-31T13:22:17.416+0000] {dagbag.py:545} INFO - Filling up the DagBag from /opt/airflow/dags/stock_and_sentiment_model.py
[2024-10-31T13:22:18.633+0000] {processor.py:840} INFO - DAG(s) 'Predice-Stock-ML-Pipeline' retrieved from /opt/airflow/dags/stock_and_sentiment_model.py
[2024-10-31T13:22:18.754+0000] {logging_mixin.py:188} INFO - [2024-10-31T13:22:18.753+0000] {dag.py:3096} INFO - Sync 1 DAGs
[2024-10-31T13:22:18.764+0000] {logging_mixin.py:188} INFO - [2024-10-31T13:22:18.764+0000] {dag.py:3954} INFO - Setting next_dagrun for Predice-Stock-ML-Pipeline to None, run_after=None
[2024-10-31T13:22:18.781+0000] {processor.py:183} INFO - Processing /opt/airflow/dags/stock_and_sentiment_model.py took 1.381 seconds
[2024-10-31T13:22:49.139+0000] {processor.py:161} INFO - Started process (PID=55882) to work on /opt/airflow/dags/stock_and_sentiment_model.py
[2024-10-31T13:22:49.144+0000] {processor.py:830} INFO - Processing file /opt/airflow/dags/stock_and_sentiment_model.py for tasks to queue
[2024-10-31T13:22:49.147+0000] {logging_mixin.py:188} INFO - [2024-10-31T13:22:49.146+0000] {dagbag.py:545} INFO - Filling up the DagBag from /opt/airflow/dags/stock_and_sentiment_model.py
[2024-10-31T13:22:50.582+0000] {processor.py:840} INFO - DAG(s) 'Predice-Stock-ML-Pipeline' retrieved from /opt/airflow/dags/stock_and_sentiment_model.py
[2024-10-31T13:22:50.627+0000] {logging_mixin.py:188} INFO - [2024-10-31T13:22:50.625+0000] {dag.py:3096} INFO - Sync 1 DAGs
[2024-10-31T13:22:50.729+0000] {logging_mixin.py:188} INFO - [2024-10-31T13:22:50.729+0000] {dag.py:3954} INFO - Setting next_dagrun for Predice-Stock-ML-Pipeline to None, run_after=None
[2024-10-31T13:22:50.753+0000] {processor.py:183} INFO - Processing /opt/airflow/dags/stock_and_sentiment_model.py took 1.630 seconds
[2024-10-31T13:23:21.488+0000] {processor.py:161} INFO - Started process (PID=55937) to work on /opt/airflow/dags/stock_and_sentiment_model.py
[2024-10-31T13:23:21.491+0000] {processor.py:830} INFO - Processing file /opt/airflow/dags/stock_and_sentiment_model.py for tasks to queue
[2024-10-31T13:23:21.493+0000] {logging_mixin.py:188} INFO - [2024-10-31T13:23:21.493+0000] {dagbag.py:545} INFO - Filling up the DagBag from /opt/airflow/dags/stock_and_sentiment_model.py
[2024-10-31T13:23:23.069+0000] {processor.py:840} INFO - DAG(s) 'Predice-Stock-ML-Pipeline' retrieved from /opt/airflow/dags/stock_and_sentiment_model.py
[2024-10-31T13:23:23.128+0000] {logging_mixin.py:188} INFO - [2024-10-31T13:23:23.128+0000] {dag.py:3096} INFO - Sync 1 DAGs
[2024-10-31T13:23:23.142+0000] {logging_mixin.py:188} INFO - [2024-10-31T13:23:23.142+0000] {dag.py:3954} INFO - Setting next_dagrun for Predice-Stock-ML-Pipeline to None, run_after=None
[2024-10-31T13:23:23.160+0000] {processor.py:183} INFO - Processing /opt/airflow/dags/stock_and_sentiment_model.py took 1.684 seconds
[2024-10-31T13:23:53.408+0000] {processor.py:161} INFO - Started process (PID=55985) to work on /opt/airflow/dags/stock_and_sentiment_model.py
[2024-10-31T13:23:53.412+0000] {processor.py:830} INFO - Processing file /opt/airflow/dags/stock_and_sentiment_model.py for tasks to queue
[2024-10-31T13:23:53.415+0000] {logging_mixin.py:188} INFO - [2024-10-31T13:23:53.413+0000] {dagbag.py:545} INFO - Filling up the DagBag from /opt/airflow/dags/stock_and_sentiment_model.py
[2024-10-31T13:23:54.891+0000] {processor.py:840} INFO - DAG(s) 'Predice-Stock-ML-Pipeline' retrieved from /opt/airflow/dags/stock_and_sentiment_model.py
[2024-10-31T13:23:54.935+0000] {logging_mixin.py:188} INFO - [2024-10-31T13:23:54.934+0000] {dag.py:3096} INFO - Sync 1 DAGs
[2024-10-31T13:23:54.947+0000] {logging_mixin.py:188} INFO - [2024-10-31T13:23:54.947+0000] {dag.py:3954} INFO - Setting next_dagrun for Predice-Stock-ML-Pipeline to None, run_after=None
[2024-10-31T13:23:54.962+0000] {processor.py:183} INFO - Processing /opt/airflow/dags/stock_and_sentiment_model.py took 1.572 seconds
[2024-10-31T13:24:25.361+0000] {processor.py:161} INFO - Started process (PID=56040) to work on /opt/airflow/dags/stock_and_sentiment_model.py
[2024-10-31T13:24:25.364+0000] {processor.py:830} INFO - Processing file /opt/airflow/dags/stock_and_sentiment_model.py for tasks to queue
[2024-10-31T13:24:25.367+0000] {logging_mixin.py:188} INFO - [2024-10-31T13:24:25.366+0000] {dagbag.py:545} INFO - Filling up the DagBag from /opt/airflow/dags/stock_and_sentiment_model.py
[2024-10-31T13:24:27.040+0000] {processor.py:840} INFO - DAG(s) 'Predice-Stock-ML-Pipeline' retrieved from /opt/airflow/dags/stock_and_sentiment_model.py
[2024-10-31T13:24:27.079+0000] {logging_mixin.py:188} INFO - [2024-10-31T13:24:27.078+0000] {dag.py:3096} INFO - Sync 1 DAGs
[2024-10-31T13:24:27.089+0000] {logging_mixin.py:188} INFO - [2024-10-31T13:24:27.089+0000] {dag.py:3954} INFO - Setting next_dagrun for Predice-Stock-ML-Pipeline to None, run_after=None
[2024-10-31T13:24:27.104+0000] {processor.py:183} INFO - Processing /opt/airflow/dags/stock_and_sentiment_model.py took 1.755 seconds
[2024-10-31T13:24:57.793+0000] {processor.py:161} INFO - Started process (PID=56088) to work on /opt/airflow/dags/stock_and_sentiment_model.py
[2024-10-31T13:24:57.796+0000] {processor.py:830} INFO - Processing file /opt/airflow/dags/stock_and_sentiment_model.py for tasks to queue
[2024-10-31T13:24:57.798+0000] {logging_mixin.py:188} INFO - [2024-10-31T13:24:57.797+0000] {dagbag.py:545} INFO - Filling up the DagBag from /opt/airflow/dags/stock_and_sentiment_model.py
[2024-10-31T13:24:59.053+0000] {processor.py:840} INFO - DAG(s) 'Predice-Stock-ML-Pipeline' retrieved from /opt/airflow/dags/stock_and_sentiment_model.py
[2024-10-31T13:24:59.086+0000] {logging_mixin.py:188} INFO - [2024-10-31T13:24:59.086+0000] {dag.py:3096} INFO - Sync 1 DAGs
[2024-10-31T13:24:59.095+0000] {logging_mixin.py:188} INFO - [2024-10-31T13:24:59.095+0000] {dag.py:3954} INFO - Setting next_dagrun for Predice-Stock-ML-Pipeline to None, run_after=None
[2024-10-31T13:24:59.108+0000] {processor.py:183} INFO - Processing /opt/airflow/dags/stock_and_sentiment_model.py took 1.329 seconds
[2024-10-31T13:25:29.604+0000] {processor.py:161} INFO - Started process (PID=56136) to work on /opt/airflow/dags/stock_and_sentiment_model.py
[2024-10-31T13:25:29.607+0000] {processor.py:830} INFO - Processing file /opt/airflow/dags/stock_and_sentiment_model.py for tasks to queue
[2024-10-31T13:25:29.609+0000] {logging_mixin.py:188} INFO - [2024-10-31T13:25:29.608+0000] {dagbag.py:545} INFO - Filling up the DagBag from /opt/airflow/dags/stock_and_sentiment_model.py
[2024-10-31T13:25:30.884+0000] {processor.py:840} INFO - DAG(s) 'Predice-Stock-ML-Pipeline' retrieved from /opt/airflow/dags/stock_and_sentiment_model.py
[2024-10-31T13:25:30.925+0000] {logging_mixin.py:188} INFO - [2024-10-31T13:25:30.925+0000] {dag.py:3096} INFO - Sync 1 DAGs
[2024-10-31T13:25:30.937+0000] {logging_mixin.py:188} INFO - [2024-10-31T13:25:30.937+0000] {dag.py:3954} INFO - Setting next_dagrun for Predice-Stock-ML-Pipeline to None, run_after=None
[2024-10-31T13:25:30.953+0000] {processor.py:183} INFO - Processing /opt/airflow/dags/stock_and_sentiment_model.py took 1.362 seconds
[2024-10-31T13:26:01.125+0000] {processor.py:161} INFO - Started process (PID=56191) to work on /opt/airflow/dags/stock_and_sentiment_model.py
[2024-10-31T13:26:01.129+0000] {processor.py:830} INFO - Processing file /opt/airflow/dags/stock_and_sentiment_model.py for tasks to queue
[2024-10-31T13:26:01.131+0000] {logging_mixin.py:188} INFO - [2024-10-31T13:26:01.131+0000] {dagbag.py:545} INFO - Filling up the DagBag from /opt/airflow/dags/stock_and_sentiment_model.py
[2024-10-31T13:26:02.018+0000] {processor.py:840} INFO - DAG(s) 'Predice-Stock-ML-Pipeline' retrieved from /opt/airflow/dags/stock_and_sentiment_model.py
[2024-10-31T13:26:02.047+0000] {logging_mixin.py:188} INFO - [2024-10-31T13:26:02.047+0000] {dag.py:3096} INFO - Sync 1 DAGs
[2024-10-31T13:26:02.056+0000] {logging_mixin.py:188} INFO - [2024-10-31T13:26:02.056+0000] {dag.py:3954} INFO - Setting next_dagrun for Predice-Stock-ML-Pipeline to None, run_after=None
[2024-10-31T13:26:02.069+0000] {processor.py:183} INFO - Processing /opt/airflow/dags/stock_and_sentiment_model.py took 0.954 seconds
[2024-10-31T13:26:32.762+0000] {processor.py:161} INFO - Started process (PID=56239) to work on /opt/airflow/dags/stock_and_sentiment_model.py
[2024-10-31T13:26:32.765+0000] {processor.py:830} INFO - Processing file /opt/airflow/dags/stock_and_sentiment_model.py for tasks to queue
[2024-10-31T13:26:32.767+0000] {logging_mixin.py:188} INFO - [2024-10-31T13:26:32.766+0000] {dagbag.py:545} INFO - Filling up the DagBag from /opt/airflow/dags/stock_and_sentiment_model.py
[2024-10-31T13:26:34.050+0000] {processor.py:840} INFO - DAG(s) 'Predice-Stock-ML-Pipeline' retrieved from /opt/airflow/dags/stock_and_sentiment_model.py
[2024-10-31T13:26:34.088+0000] {logging_mixin.py:188} INFO - [2024-10-31T13:26:34.088+0000] {dag.py:3096} INFO - Sync 1 DAGs
[2024-10-31T13:26:34.099+0000] {logging_mixin.py:188} INFO - [2024-10-31T13:26:34.099+0000] {dag.py:3954} INFO - Setting next_dagrun for Predice-Stock-ML-Pipeline to None, run_after=None
[2024-10-31T13:26:34.111+0000] {processor.py:183} INFO - Processing /opt/airflow/dags/stock_and_sentiment_model.py took 1.364 seconds
[2024-10-31T13:27:04.484+0000] {processor.py:161} INFO - Started process (PID=56294) to work on /opt/airflow/dags/stock_and_sentiment_model.py
[2024-10-31T13:27:04.486+0000] {processor.py:830} INFO - Processing file /opt/airflow/dags/stock_and_sentiment_model.py for tasks to queue
[2024-10-31T13:27:04.488+0000] {logging_mixin.py:188} INFO - [2024-10-31T13:27:04.487+0000] {dagbag.py:545} INFO - Filling up the DagBag from /opt/airflow/dags/stock_and_sentiment_model.py
[2024-10-31T13:27:05.789+0000] {processor.py:840} INFO - DAG(s) 'Predice-Stock-ML-Pipeline' retrieved from /opt/airflow/dags/stock_and_sentiment_model.py
[2024-10-31T13:27:05.831+0000] {logging_mixin.py:188} INFO - [2024-10-31T13:27:05.830+0000] {dag.py:3096} INFO - Sync 1 DAGs
[2024-10-31T13:27:05.842+0000] {logging_mixin.py:188} INFO - [2024-10-31T13:27:05.842+0000] {dag.py:3954} INFO - Setting next_dagrun for Predice-Stock-ML-Pipeline to None, run_after=None
[2024-10-31T13:27:05.856+0000] {processor.py:183} INFO - Processing /opt/airflow/dags/stock_and_sentiment_model.py took 1.385 seconds
[2024-10-31T13:27:36.463+0000] {processor.py:161} INFO - Started process (PID=56342) to work on /opt/airflow/dags/stock_and_sentiment_model.py
[2024-10-31T13:27:36.466+0000] {processor.py:830} INFO - Processing file /opt/airflow/dags/stock_and_sentiment_model.py for tasks to queue
[2024-10-31T13:27:36.468+0000] {logging_mixin.py:188} INFO - [2024-10-31T13:27:36.467+0000] {dagbag.py:545} INFO - Filling up the DagBag from /opt/airflow/dags/stock_and_sentiment_model.py
[2024-10-31T13:27:37.932+0000] {processor.py:840} INFO - DAG(s) 'Predice-Stock-ML-Pipeline' retrieved from /opt/airflow/dags/stock_and_sentiment_model.py
[2024-10-31T13:27:37.971+0000] {logging_mixin.py:188} INFO - [2024-10-31T13:27:37.970+0000] {dag.py:3096} INFO - Sync 1 DAGs
[2024-10-31T13:27:37.988+0000] {logging_mixin.py:188} INFO - [2024-10-31T13:27:37.988+0000] {dag.py:3954} INFO - Setting next_dagrun for Predice-Stock-ML-Pipeline to None, run_after=None
[2024-10-31T13:27:38.016+0000] {processor.py:183} INFO - Processing /opt/airflow/dags/stock_and_sentiment_model.py took 1.568 seconds
[2024-10-31T13:28:08.701+0000] {processor.py:161} INFO - Started process (PID=56397) to work on /opt/airflow/dags/stock_and_sentiment_model.py
[2024-10-31T13:28:08.705+0000] {processor.py:830} INFO - Processing file /opt/airflow/dags/stock_and_sentiment_model.py for tasks to queue
[2024-10-31T13:28:08.708+0000] {logging_mixin.py:188} INFO - [2024-10-31T13:28:08.707+0000] {dagbag.py:545} INFO - Filling up the DagBag from /opt/airflow/dags/stock_and_sentiment_model.py
[2024-10-31T13:28:10.460+0000] {processor.py:840} INFO - DAG(s) 'Predice-Stock-ML-Pipeline' retrieved from /opt/airflow/dags/stock_and_sentiment_model.py
[2024-10-31T13:28:10.494+0000] {logging_mixin.py:188} INFO - [2024-10-31T13:28:10.493+0000] {dag.py:3096} INFO - Sync 1 DAGs
[2024-10-31T13:28:10.506+0000] {logging_mixin.py:188} INFO - [2024-10-31T13:28:10.506+0000] {dag.py:3954} INFO - Setting next_dagrun for Predice-Stock-ML-Pipeline to None, run_after=None
[2024-10-31T13:28:10.523+0000] {processor.py:183} INFO - Processing /opt/airflow/dags/stock_and_sentiment_model.py took 1.838 seconds
[2024-10-31T13:28:41.398+0000] {processor.py:161} INFO - Started process (PID=56445) to work on /opt/airflow/dags/stock_and_sentiment_model.py
[2024-10-31T13:28:41.402+0000] {processor.py:830} INFO - Processing file /opt/airflow/dags/stock_and_sentiment_model.py for tasks to queue
[2024-10-31T13:28:41.404+0000] {logging_mixin.py:188} INFO - [2024-10-31T13:28:41.403+0000] {dagbag.py:545} INFO - Filling up the DagBag from /opt/airflow/dags/stock_and_sentiment_model.py
[2024-10-31T13:28:42.437+0000] {processor.py:840} INFO - DAG(s) 'Predice-Stock-ML-Pipeline' retrieved from /opt/airflow/dags/stock_and_sentiment_model.py
[2024-10-31T13:28:42.481+0000] {logging_mixin.py:188} INFO - [2024-10-31T13:28:42.481+0000] {dag.py:3096} INFO - Sync 1 DAGs
[2024-10-31T13:28:42.492+0000] {logging_mixin.py:188} INFO - [2024-10-31T13:28:42.492+0000] {dag.py:3954} INFO - Setting next_dagrun for Predice-Stock-ML-Pipeline to None, run_after=None
[2024-10-31T13:28:42.504+0000] {processor.py:183} INFO - Processing /opt/airflow/dags/stock_and_sentiment_model.py took 1.120 seconds
[2024-10-31T13:29:13.070+0000] {processor.py:161} INFO - Started process (PID=56494) to work on /opt/airflow/dags/stock_and_sentiment_model.py
[2024-10-31T13:29:13.076+0000] {processor.py:830} INFO - Processing file /opt/airflow/dags/stock_and_sentiment_model.py for tasks to queue
[2024-10-31T13:29:13.082+0000] {logging_mixin.py:188} INFO - [2024-10-31T13:29:13.079+0000] {dagbag.py:545} INFO - Filling up the DagBag from /opt/airflow/dags/stock_and_sentiment_model.py
[2024-10-31T13:29:14.746+0000] {processor.py:840} INFO - DAG(s) 'Predice-Stock-ML-Pipeline' retrieved from /opt/airflow/dags/stock_and_sentiment_model.py
[2024-10-31T13:29:14.795+0000] {logging_mixin.py:188} INFO - [2024-10-31T13:29:14.795+0000] {dag.py:3096} INFO - Sync 1 DAGs
[2024-10-31T13:29:14.810+0000] {logging_mixin.py:188} INFO - [2024-10-31T13:29:14.809+0000] {dag.py:3954} INFO - Setting next_dagrun for Predice-Stock-ML-Pipeline to None, run_after=None
[2024-10-31T13:29:14.825+0000] {processor.py:183} INFO - Processing /opt/airflow/dags/stock_and_sentiment_model.py took 1.815 seconds
