[2024-10-30T11:14:48.781+0000] {local_task_job_runner.py:120} INFO - ::group::Pre task execution logs
[2024-10-30T11:14:48.813+0000] {taskinstance.py:2076} INFO - Dependencies all met for dep_context=non-requeueable deps ti=<TaskInstance: Stock-Data-Pipeline.get_stock_data_s3 manual__2024-10-30T00:33:57.081828+00:00 [queued]>
[2024-10-30T11:14:48.820+0000] {taskinstance.py:2076} INFO - Dependencies all met for dep_context=requeueable deps ti=<TaskInstance: Stock-Data-Pipeline.get_stock_data_s3 manual__2024-10-30T00:33:57.081828+00:00 [queued]>
[2024-10-30T11:14:48.821+0000] {taskinstance.py:2306} INFO - Starting attempt 1 of 1
[2024-10-30T11:14:48.830+0000] {taskinstance.py:2330} INFO - Executing <Task(PythonOperator): get_stock_data_s3> on 2024-10-30 00:33:57.081828+00:00
[2024-10-30T11:14:48.841+0000] {logging_mixin.py:188} WARNING - /home/***/.local/lib/python3.12/site-packages/***/task/task_runner/standard_task_runner.py:61 DeprecationWarning: This process (pid=20641) is multi-threaded, use of fork() may lead to deadlocks in the child.
[2024-10-30T11:14:48.842+0000] {standard_task_runner.py:63} INFO - Started process 20646 to run task
[2024-10-30T11:14:48.842+0000] {standard_task_runner.py:90} INFO - Running: ['***', 'tasks', 'run', 'Stock-Data-Pipeline', 'get_stock_data_s3', 'manual__2024-10-30T00:33:57.081828+00:00', '--job-id', '278', '--raw', '--subdir', 'DAGS_FOLDER/stock_data_pipeline.py', '--cfg-path', '/tmp/tmptsbnho5g']
[2024-10-30T11:14:48.846+0000] {standard_task_runner.py:91} INFO - Job 278: Subtask get_stock_data_s3
[2024-10-30T11:14:48.868+0000] {logging_mixin.py:188} WARNING - /home/***/.local/lib/python3.12/site-packages/***/settings.py:195 DeprecationWarning: The sql_alchemy_conn option in [core] has been moved to the sql_alchemy_conn option in [database] - the old setting has been used, but please update your config.
[2024-10-30T11:14:48.917+0000] {task_command.py:426} INFO - Running <TaskInstance: Stock-Data-Pipeline.get_stock_data_s3 manual__2024-10-30T00:33:57.081828+00:00 [running]> on host cf1c99cdc1a8
[2024-10-30T11:14:49.015+0000] {taskinstance.py:2648} INFO - Exporting env vars: AIRFLOW_CTX_DAG_OWNER='***' AIRFLOW_CTX_DAG_ID='Stock-Data-Pipeline' AIRFLOW_CTX_TASK_ID='get_stock_data_s3' AIRFLOW_CTX_EXECUTION_DATE='2024-10-30T00:33:57.081828+00:00' AIRFLOW_CTX_TRY_NUMBER='1' AIRFLOW_CTX_DAG_RUN_ID='manual__2024-10-30T00:33:57.081828+00:00'
[2024-10-30T11:14:49.017+0000] {taskinstance.py:430} INFO - ::endgroup::
[2024-10-30T11:14:49.031+0000] {logging_mixin.py:188} INFO - Downloading bronze/stock_data.parquet from S3
[2024-10-30T11:14:49.053+0000] {credentials.py:1147} INFO - Found credentials in environment variables.
[2024-10-30T11:14:54.197+0000] {python.py:237} INFO - Done. Returned value was:        timestamp    open     high       low   close    volume symbol
12577 1999-11-01   80.00   80.690   77.3700   77.62   2487300   AAPL
6288  1999-11-01   98.50   98.810   96.3700   96.75   9551800    IBM
12576 1999-11-02   78.00   81.690   77.3100   80.25   3564600   AAPL
6287  1999-11-02   96.75   96.810   93.6900   94.81  11105400    IBM
6286  1999-11-03   95.87   95.940   93.5000   94.37  10369100    IBM
...          ...     ...      ...       ...     ...       ...    ...
1     2024-10-28  215.50  216.250  212.7000  212.91   4993343    IBM
6290  2024-10-28  233.32  234.730  232.5500  233.40  36087134   AAPL
6289  2024-10-29  233.10  234.325  232.3200  233.67  35417247   AAPL
12578 2024-10-29  167.73  170.380  167.0896  169.68  42169025  GOOGL
0     2024-10-29  211.99  213.340  209.8500  210.43   5258366    IBM

[17662 rows x 7 columns]
[2024-10-30T11:14:54.208+0000] {taskinstance.py:441} INFO - ::group::Post task execution logs
[2024-10-30T11:14:54.376+0000] {taskinstance.py:1206} INFO - Marking task as SUCCESS. dag_id=Stock-Data-Pipeline, task_id=get_stock_data_s3, run_id=manual__2024-10-30T00:33:57.081828+00:00, execution_date=20241030T003357, start_date=20241030T111448, end_date=20241030T111454
[2024-10-30T11:14:54.444+0000] {local_task_job_runner.py:240} INFO - Task exited with return code 0
[2024-10-30T11:14:54.469+0000] {taskinstance.py:3503} INFO - 1 downstream tasks scheduled from follow-on schedule check
[2024-10-30T11:14:54.471+0000] {local_task_job_runner.py:222} INFO - ::endgroup::
