[2024-10-28T15:10:21.271+0000] {local_task_job_runner.py:120} INFO - ::group::Pre task execution logs
[2024-10-28T15:10:21.306+0000] {taskinstance.py:2076} INFO - Dependencies all met for dep_context=non-requeueable deps ti=<TaskInstance: fetch_and_clean_stock_data.fetch_stock_data manual__2024-10-28T15:07:03.349825+00:00 [queued]>
[2024-10-28T15:10:21.313+0000] {taskinstance.py:2076} INFO - Dependencies all met for dep_context=requeueable deps ti=<TaskInstance: fetch_and_clean_stock_data.fetch_stock_data manual__2024-10-28T15:07:03.349825+00:00 [queued]>
[2024-10-28T15:10:21.314+0000] {taskinstance.py:2306} INFO - Starting attempt 3 of 3
[2024-10-28T15:10:21.323+0000] {taskinstance.py:2330} INFO - Executing <Task(PythonOperator): fetch_stock_data> on 2024-10-28 15:07:03.349825+00:00
[2024-10-28T15:10:21.333+0000] {logging_mixin.py:188} WARNING - /home/***/.local/lib/python3.12/site-packages/***/task/task_runner/standard_task_runner.py:61 DeprecationWarning: This process (pid=192) is multi-threaded, use of fork() may lead to deadlocks in the child.
[2024-10-28T15:10:21.334+0000] {standard_task_runner.py:63} INFO - Started process 194 to run task
[2024-10-28T15:10:21.335+0000] {standard_task_runner.py:90} INFO - Running: ['***', 'tasks', 'run', 'fetch_and_clean_stock_data', 'fetch_stock_data', 'manual__2024-10-28T15:07:03.349825+00:00', '--job-id', '28', '--raw', '--subdir', 'DAGS_FOLDER/stock_data_pipelines.py', '--cfg-path', '/tmp/tmpe2oooq68']
[2024-10-28T15:10:21.339+0000] {standard_task_runner.py:91} INFO - Job 28: Subtask fetch_stock_data
[2024-10-28T15:10:21.362+0000] {logging_mixin.py:188} WARNING - /home/***/.local/lib/python3.12/site-packages/***/settings.py:195 DeprecationWarning: The sql_alchemy_conn option in [core] has been moved to the sql_alchemy_conn option in [database] - the old setting has been used, but please update your config.
[2024-10-28T15:10:21.416+0000] {task_command.py:426} INFO - Running <TaskInstance: fetch_and_clean_stock_data.fetch_stock_data manual__2024-10-28T15:07:03.349825+00:00 [running]> on host 66a068bd0545
[2024-10-28T15:10:21.524+0000] {taskinstance.py:2648} INFO - Exporting env vars: AIRFLOW_CTX_DAG_OWNER='***' AIRFLOW_CTX_DAG_ID='fetch_and_clean_stock_data' AIRFLOW_CTX_TASK_ID='fetch_stock_data' AIRFLOW_CTX_EXECUTION_DATE='2024-10-28T15:07:03.349825+00:00' AIRFLOW_CTX_TRY_NUMBER='3' AIRFLOW_CTX_DAG_RUN_ID='manual__2024-10-28T15:07:03.349825+00:00'
[2024-10-28T15:10:21.527+0000] {taskinstance.py:430} INFO - ::endgroup::
[2024-10-28T15:10:29.245+0000] {python.py:237} INFO - Done. Returned value was:         timestamp     open     high     low   close    volume symbol
0      2024-10-25  229.740  233.220  229.57  231.41  38802304   AAPL
1      2024-10-24  229.980  230.820  228.41  230.57  31109503   AAPL
2      2024-10-23  234.080  235.144  227.76  230.76  52286979   AAPL
3      2024-10-22  233.885  236.220  232.60  235.86  38846578   AAPL
4      2024-10-21  234.450  236.850  234.45  236.48  36254470   AAPL
...           ...      ...      ...     ...     ...       ...    ...
30225  1999-11-05   92.750   92.940   90.19   90.25  13737600    IBM
30226  1999-11-04   94.440   94.440   90.00   91.56  16697600    IBM
30227  1999-11-03   95.870   95.940   93.50   94.37  10369100    IBM
30228  1999-11-02   96.750   96.810   93.69   94.81  11105400    IBM
30229  1999-11-01   98.500   98.810   96.37   96.75   9551800    IBM

[30230 rows x 7 columns]
[2024-10-28T15:10:29.255+0000] {taskinstance.py:441} INFO - ::group::Post task execution logs
[2024-10-28T15:10:29.468+0000] {taskinstance.py:1206} INFO - Marking task as SUCCESS. dag_id=fetch_and_clean_stock_data, task_id=fetch_stock_data, run_id=manual__2024-10-28T15:07:03.349825+00:00, execution_date=20241028T150703, start_date=20241028T151021, end_date=20241028T151029
[2024-10-28T15:10:29.500+0000] {local_task_job_runner.py:240} INFO - Task exited with return code 0
[2024-10-28T15:10:29.524+0000] {taskinstance.py:3503} INFO - 1 downstream tasks scheduled from follow-on schedule check
[2024-10-28T15:10:29.526+0000] {local_task_job_runner.py:222} INFO - ::endgroup::
