[2024-10-29T18:12:25.545+0000] {local_task_job_runner.py:120} INFO - ::group::Pre task execution logs
[2024-10-29T18:12:25.577+0000] {taskinstance.py:2076} INFO - Dependencies all met for dep_context=non-requeueable deps ti=<TaskInstance: fetch_and_clean_stock_data.fetch_stock_data manual__2024-10-28T15:07:03.349825+00:00 [queued]>
[2024-10-29T18:12:25.584+0000] {taskinstance.py:2076} INFO - Dependencies all met for dep_context=requeueable deps ti=<TaskInstance: fetch_and_clean_stock_data.fetch_stock_data manual__2024-10-28T15:07:03.349825+00:00 [queued]>
[2024-10-29T18:12:25.585+0000] {taskinstance.py:2306} INFO - Starting attempt 6 of 6
[2024-10-29T18:12:25.595+0000] {taskinstance.py:2330} INFO - Executing <Task(PythonOperator): fetch_stock_data> on 2024-10-28 15:07:03.349825+00:00
[2024-10-29T18:12:25.605+0000] {logging_mixin.py:188} WARNING - /home/***/.local/lib/python3.12/site-packages/***/task/task_runner/standard_task_runner.py:61 DeprecationWarning: This process (pid=4607) is multi-threaded, use of fork() may lead to deadlocks in the child.
[2024-10-29T18:12:25.608+0000] {standard_task_runner.py:63} INFO - Started process 4621 to run task
[2024-10-29T18:12:25.607+0000] {standard_task_runner.py:90} INFO - Running: ['***', 'tasks', 'run', 'fetch_and_clean_stock_data', 'fetch_stock_data', 'manual__2024-10-28T15:07:03.349825+00:00', '--job-id', '233', '--raw', '--subdir', 'DAGS_FOLDER/stock_data_pipelines.py', '--cfg-path', '/tmp/tmp6fdoqokp']
[2024-10-29T18:12:25.610+0000] {standard_task_runner.py:91} INFO - Job 233: Subtask fetch_stock_data
[2024-10-29T18:12:25.630+0000] {logging_mixin.py:188} WARNING - /home/***/.local/lib/python3.12/site-packages/***/settings.py:195 DeprecationWarning: The sql_alchemy_conn option in [core] has been moved to the sql_alchemy_conn option in [database] - the old setting has been used, but please update your config.
[2024-10-29T18:12:25.675+0000] {task_command.py:426} INFO - Running <TaskInstance: fetch_and_clean_stock_data.fetch_stock_data manual__2024-10-28T15:07:03.349825+00:00 [running]> on host a5e3407ec3e4
[2024-10-29T18:12:25.796+0000] {taskinstance.py:2648} INFO - Exporting env vars: AIRFLOW_CTX_DAG_OWNER='***' AIRFLOW_CTX_DAG_ID='fetch_and_clean_stock_data' AIRFLOW_CTX_TASK_ID='fetch_stock_data' AIRFLOW_CTX_EXECUTION_DATE='2024-10-28T15:07:03.349825+00:00' AIRFLOW_CTX_TRY_NUMBER='6' AIRFLOW_CTX_DAG_RUN_ID='manual__2024-10-28T15:07:03.349825+00:00'
[2024-10-29T18:12:25.798+0000] {taskinstance.py:430} INFO - ::endgroup::
[2024-10-29T18:12:30.514+0000] {python.py:237} INFO - Done. Returned value was:                                                    { symbol
0      "Information": "Thank you for using Alpha ...    IBM
1                                                  }    IBM
2      "Information": "Thank you for using Alpha ...   AAPL
3                                                  }   AAPL
4      "Information": "Thank you for using Alpha ...  GOOGL
5                                                  }  GOOGL
6      "Information": "Thank you for using Alpha ...   MSFT
7                                                  }   MSFT
8      "Information": "Thank you for using Alpha ...   AMZN
9                                                  }   AMZN
[2024-10-29T18:12:30.529+0000] {taskinstance.py:441} INFO - ::group::Post task execution logs
[2024-10-29T18:12:30.608+0000] {taskinstance.py:1206} INFO - Marking task as SUCCESS. dag_id=fetch_and_clean_stock_data, task_id=fetch_stock_data, run_id=manual__2024-10-28T15:07:03.349825+00:00, execution_date=20241028T150703, start_date=20241029T181225, end_date=20241029T181230
[2024-10-29T18:12:30.685+0000] {local_task_job_runner.py:240} INFO - Task exited with return code 0
[2024-10-29T18:12:30.716+0000] {taskinstance.py:3503} INFO - 1 downstream tasks scheduled from follow-on schedule check
[2024-10-29T18:12:30.718+0000] {local_task_job_runner.py:222} INFO - ::endgroup::
