[2024-10-28T15:07:05.226+0000] {local_task_job_runner.py:120} INFO - ::group::Pre task execution logs
[2024-10-28T15:07:05.258+0000] {taskinstance.py:2076} INFO - Dependencies all met for dep_context=non-requeueable deps ti=<TaskInstance: fetch_and_clean_stock_data.fetch_stock_data manual__2024-10-28T15:07:03.349825+00:00 [queued]>
[2024-10-28T15:07:05.264+0000] {taskinstance.py:2076} INFO - Dependencies all met for dep_context=requeueable deps ti=<TaskInstance: fetch_and_clean_stock_data.fetch_stock_data manual__2024-10-28T15:07:03.349825+00:00 [queued]>
[2024-10-28T15:07:05.265+0000] {taskinstance.py:2306} INFO - Starting attempt 1 of 1
[2024-10-28T15:07:05.274+0000] {taskinstance.py:2330} INFO - Executing <Task(PythonOperator): fetch_stock_data> on 2024-10-28 15:07:03.349825+00:00
[2024-10-28T15:07:05.282+0000] {logging_mixin.py:188} WARNING - /home/***/.local/lib/python3.12/site-packages/***/task/task_runner/standard_task_runner.py:61 DeprecationWarning: This process (pid=416) is multi-threaded, use of fork() may lead to deadlocks in the child.
[2024-10-28T15:07:05.284+0000] {standard_task_runner.py:63} INFO - Started process 418 to run task
[2024-10-28T15:07:05.284+0000] {standard_task_runner.py:90} INFO - Running: ['***', 'tasks', 'run', 'fetch_and_clean_stock_data', 'fetch_stock_data', 'manual__2024-10-28T15:07:03.349825+00:00', '--job-id', '24', '--raw', '--subdir', 'DAGS_FOLDER/stock_data_pipelines.py', '--cfg-path', '/tmp/tmp2wxm2f7_']
[2024-10-28T15:07:05.287+0000] {standard_task_runner.py:91} INFO - Job 24: Subtask fetch_stock_data
[2024-10-28T15:07:05.308+0000] {logging_mixin.py:188} WARNING - /home/***/.local/lib/python3.12/site-packages/***/settings.py:195 DeprecationWarning: The sql_alchemy_conn option in [core] has been moved to the sql_alchemy_conn option in [database] - the old setting has been used, but please update your config.
[2024-10-28T15:07:05.355+0000] {task_command.py:426} INFO - Running <TaskInstance: fetch_and_clean_stock_data.fetch_stock_data manual__2024-10-28T15:07:03.349825+00:00 [running]> on host 66a068bd0545
[2024-10-28T15:07:05.446+0000] {taskinstance.py:2648} INFO - Exporting env vars: AIRFLOW_CTX_DAG_OWNER='***' AIRFLOW_CTX_DAG_ID='fetch_and_clean_stock_data' AIRFLOW_CTX_TASK_ID='fetch_stock_data' AIRFLOW_CTX_EXECUTION_DATE='2024-10-28T15:07:03.349825+00:00' AIRFLOW_CTX_TRY_NUMBER='1' AIRFLOW_CTX_DAG_RUN_ID='manual__2024-10-28T15:07:03.349825+00:00'
[2024-10-28T15:07:05.448+0000] {taskinstance.py:430} INFO - ::endgroup::
[2024-10-28T15:07:05.463+0000] {taskinstance.py:441} INFO - ::group::Post task execution logs
[2024-10-28T15:07:05.464+0000] {taskinstance.py:2905} ERROR - Task failed with exception
Traceback (most recent call last):
  File "/home/airflow/.local/lib/python3.12/site-packages/airflow/models/taskinstance.py", line 465, in _execute_task
    result = _execute_callable(context=context, **execute_callable_kwargs)
             ^^^^^^^^^^^^^^^^^^^^^^^^^^^^^^^^^^^^^^^^^^^^^^^^^^^^^^^^^^^^^
  File "/home/airflow/.local/lib/python3.12/site-packages/airflow/models/taskinstance.py", line 432, in _execute_callable
    return execute_callable(context=context, **execute_callable_kwargs)
           ^^^^^^^^^^^^^^^^^^^^^^^^^^^^^^^^^^^^^^^^^^^^^^^^^^^^^^^^^^^^
  File "/home/airflow/.local/lib/python3.12/site-packages/airflow/models/baseoperator.py", line 401, in wrapper
    return func(self, *args, **kwargs)
           ^^^^^^^^^^^^^^^^^^^^^^^^^^^
  File "/home/airflow/.local/lib/python3.12/site-packages/airflow/operators/python.py", line 235, in execute
    return_value = self.execute_callable()
                   ^^^^^^^^^^^^^^^^^^^^^^^
  File "/home/airflow/.local/lib/python3.12/site-packages/airflow/operators/python.py", line 252, in execute_callable
    return self.python_callable(*self.op_args, **self.op_kwargs)
           ^^^^^^^^^^^^^^^^^^^^^^^^^^^^^^^^^^^^^^^^^^^^^^^^^^^^^
  File "/opt/airflow/dags/utils/stock_data_elt.py", line 17, in fetch_stock_data
    response = requests.get(stock_url)
               ^^^^^^^^^^^^^^^^^^^^^^^
  File "/home/airflow/.local/lib/python3.12/site-packages/requests/api.py", line 73, in get
    return request("get", url, params=params, **kwargs)
           ^^^^^^^^^^^^^^^^^^^^^^^^^^^^^^^^^^^^^^^^^^^^
  File "/home/airflow/.local/lib/python3.12/site-packages/requests/api.py", line 59, in request
    return session.request(method=method, url=url, **kwargs)
           ^^^^^^^^^^^^^^^^^^^^^^^^^^^^^^^^^^^^^^^^^^^^^^^^^
  File "/home/airflow/.local/lib/python3.12/site-packages/requests/sessions.py", line 575, in request
    prep = self.prepare_request(req)
           ^^^^^^^^^^^^^^^^^^^^^^^^^
  File "/home/airflow/.local/lib/python3.12/site-packages/requests/sessions.py", line 486, in prepare_request
    p.prepare(
  File "/home/airflow/.local/lib/python3.12/site-packages/requests/models.py", line 368, in prepare
    self.prepare_url(url, params)
  File "/home/airflow/.local/lib/python3.12/site-packages/requests/models.py", line 439, in prepare_url
    raise MissingSchema(
requests.exceptions.MissingSchema: Invalid URL '${BASE_URL}?function=TIME_SERIES_DAILY&symbol=${symbol}&apikey=${API_KEY}&datatype=${DATATYPE}&outputsize=${OUTPUTSIZE}': No scheme supplied. Perhaps you meant https://${BASE_URL}?function=TIME_SERIES_DAILY&symbol=${symbol}&apikey=${API_KEY}&datatype=${DATATYPE}&outputsize=${OUTPUTSIZE}?
[2024-10-28T15:07:05.481+0000] {taskinstance.py:1206} INFO - Marking task as FAILED. dag_id=fetch_and_clean_stock_data, task_id=fetch_stock_data, run_id=manual__2024-10-28T15:07:03.349825+00:00, execution_date=20241028T150703, start_date=20241028T150705, end_date=20241028T150705
[2024-10-28T15:07:05.490+0000] {standard_task_runner.py:110} ERROR - Failed to execute job 24 for task fetch_stock_data (Invalid URL '${BASE_URL}?function=TIME_SERIES_DAILY&symbol=${symbol}&apikey=${API_KEY}&datatype=${DATATYPE}&outputsize=${OUTPUTSIZE}': No scheme supplied. Perhaps you meant https://${BASE_URL}?function=TIME_SERIES_DAILY&symbol=${symbol}&apikey=${API_KEY}&datatype=${DATATYPE}&outputsize=${OUTPUTSIZE}?; 418)
[2024-10-28T15:07:05.544+0000] {local_task_job_runner.py:240} INFO - Task exited with return code 1
[2024-10-28T15:07:05.567+0000] {taskinstance.py:3503} INFO - 0 downstream tasks scheduled from follow-on schedule check
[2024-10-28T15:07:05.572+0000] {local_task_job_runner.py:222} INFO - ::endgroup::
