[2024-10-29T16:58:33.146+0000] {local_task_job_runner.py:120} INFO - ::group::Pre task execution logs
[2024-10-29T16:58:33.179+0000] {taskinstance.py:2076} INFO - Dependencies all met for dep_context=non-requeueable deps ti=<TaskInstance: fetch_and_clean_stock_data.fetch_stock_data manual__2024-10-28T15:07:03.349825+00:00 [queued]>
[2024-10-29T16:58:33.187+0000] {taskinstance.py:2076} INFO - Dependencies all met for dep_context=requeueable deps ti=<TaskInstance: fetch_and_clean_stock_data.fetch_stock_data manual__2024-10-28T15:07:03.349825+00:00 [queued]>
[2024-10-29T16:58:33.188+0000] {taskinstance.py:2306} INFO - Starting attempt 5 of 5
[2024-10-29T16:58:33.199+0000] {taskinstance.py:2330} INFO - Executing <Task(PythonOperator): fetch_stock_data> on 2024-10-28 15:07:03.349825+00:00
[2024-10-29T16:58:33.216+0000] {logging_mixin.py:188} WARNING - /home/***/.local/lib/python3.12/site-packages/***/task/task_runner/standard_task_runner.py:61 DeprecationWarning: This process (pid=10728) is multi-threaded, use of fork() may lead to deadlocks in the child.
[2024-10-29T16:58:33.218+0000] {standard_task_runner.py:63} INFO - Started process 10740 to run task
[2024-10-29T16:58:33.217+0000] {standard_task_runner.py:90} INFO - Running: ['***', 'tasks', 'run', 'fetch_and_clean_stock_data', 'fetch_stock_data', 'manual__2024-10-28T15:07:03.349825+00:00', '--job-id', '196', '--raw', '--subdir', 'DAGS_FOLDER/stock_data_pipelines.py', '--cfg-path', '/tmp/tmpxq_6b07d']
[2024-10-29T16:58:33.221+0000] {standard_task_runner.py:91} INFO - Job 196: Subtask fetch_stock_data
[2024-10-29T16:58:33.245+0000] {logging_mixin.py:188} WARNING - /home/***/.local/lib/python3.12/site-packages/***/settings.py:195 DeprecationWarning: The sql_alchemy_conn option in [core] has been moved to the sql_alchemy_conn option in [database] - the old setting has been used, but please update your config.
[2024-10-29T16:58:33.297+0000] {task_command.py:426} INFO - Running <TaskInstance: fetch_and_clean_stock_data.fetch_stock_data manual__2024-10-28T15:07:03.349825+00:00 [running]> on host c64098c5955c
[2024-10-29T16:58:33.461+0000] {taskinstance.py:2648} INFO - Exporting env vars: AIRFLOW_CTX_DAG_OWNER='***' AIRFLOW_CTX_DAG_ID='fetch_and_clean_stock_data' AIRFLOW_CTX_TASK_ID='fetch_stock_data' AIRFLOW_CTX_EXECUTION_DATE='2024-10-28T15:07:03.349825+00:00' AIRFLOW_CTX_TRY_NUMBER='5' AIRFLOW_CTX_DAG_RUN_ID='manual__2024-10-28T15:07:03.349825+00:00'
[2024-10-29T16:58:33.463+0000] {taskinstance.py:430} INFO - ::endgroup::
[2024-10-29T16:58:38.618+0000] {python.py:237} INFO - Done. Returned value was:        timestamp  ...                                                  {
0     2024-10-28  ...                                                NaN
1     2024-10-25  ...                                                NaN
2     2024-10-24  ...                                                NaN
3     2024-10-23  ...                                                NaN
4     2024-10-22  ...                                                NaN
...          ...  ...                                                ...
6291         NaN  ...                                                  }
6292         NaN  ...      "Information": "Thank you for using Alpha ...
6293         NaN  ...                                                  }
6294         NaN  ...      "Information": "Thank you for using Alpha ...
6295         NaN  ...                                                  }

[6296 rows x 8 columns]
[2024-10-29T16:58:38.648+0000] {taskinstance.py:441} INFO - ::group::Post task execution logs
[2024-10-29T16:58:38.793+0000] {taskinstance.py:1206} INFO - Marking task as SUCCESS. dag_id=fetch_and_clean_stock_data, task_id=fetch_stock_data, run_id=manual__2024-10-28T15:07:03.349825+00:00, execution_date=20241028T150703, start_date=20241029T165833, end_date=20241029T165838
[2024-10-29T16:58:38.864+0000] {local_task_job_runner.py:240} INFO - Task exited with return code 0
[2024-10-29T16:58:38.890+0000] {taskinstance.py:3503} INFO - 1 downstream tasks scheduled from follow-on schedule check
[2024-10-29T16:58:38.892+0000] {local_task_job_runner.py:222} INFO - ::endgroup::
