[2024-10-30T11:17:28.334+0000] {local_task_job_runner.py:120} INFO - ::group::Pre task execution logs
[2024-10-30T11:17:28.367+0000] {taskinstance.py:2076} INFO - Dependencies all met for dep_context=non-requeueable deps ti=<TaskInstance: News-Sentiment-Pipeline.clean_news_sentiment_data manual__2024-10-30T11:17:20.425384+00:00 [queued]>
[2024-10-30T11:17:28.373+0000] {taskinstance.py:2076} INFO - Dependencies all met for dep_context=requeueable deps ti=<TaskInstance: News-Sentiment-Pipeline.clean_news_sentiment_data manual__2024-10-30T11:17:20.425384+00:00 [queued]>
[2024-10-30T11:17:28.374+0000] {taskinstance.py:2306} INFO - Starting attempt 1 of 1
[2024-10-30T11:17:28.386+0000] {taskinstance.py:2330} INFO - Executing <Task(PythonOperator): clean_news_sentiment_data> on 2024-10-30 11:17:20.425384+00:00
[2024-10-30T11:17:28.403+0000] {logging_mixin.py:188} WARNING - /home/***/.local/lib/python3.12/site-packages/***/task/task_runner/standard_task_runner.py:61 DeprecationWarning: This process (pid=20869) is multi-threaded, use of fork() may lead to deadlocks in the child.
[2024-10-30T11:17:28.404+0000] {standard_task_runner.py:63} INFO - Started process 20874 to run task
[2024-10-30T11:17:28.402+0000] {standard_task_runner.py:90} INFO - Running: ['***', 'tasks', 'run', 'News-Sentiment-Pipeline', 'clean_news_sentiment_data', 'manual__2024-10-30T11:17:20.425384+00:00', '--job-id', '283', '--raw', '--subdir', 'DAGS_FOLDER/news_sentiment_pipeline.py', '--cfg-path', '/tmp/tmpngt_wkva']
[2024-10-30T11:17:28.406+0000] {standard_task_runner.py:91} INFO - Job 283: Subtask clean_news_sentiment_data
[2024-10-30T11:17:28.432+0000] {logging_mixin.py:188} WARNING - /home/***/.local/lib/python3.12/site-packages/***/settings.py:195 DeprecationWarning: The sql_alchemy_conn option in [core] has been moved to the sql_alchemy_conn option in [database] - the old setting has been used, but please update your config.
[2024-10-30T11:17:28.477+0000] {task_command.py:426} INFO - Running <TaskInstance: News-Sentiment-Pipeline.clean_news_sentiment_data manual__2024-10-30T11:17:20.425384+00:00 [running]> on host cf1c99cdc1a8
[2024-10-30T11:17:28.564+0000] {taskinstance.py:2648} INFO - Exporting env vars: AIRFLOW_CTX_DAG_OWNER='***' AIRFLOW_CTX_DAG_ID='News-Sentiment-Pipeline' AIRFLOW_CTX_TASK_ID='clean_news_sentiment_data' AIRFLOW_CTX_EXECUTION_DATE='2024-10-30T11:17:20.425384+00:00' AIRFLOW_CTX_TRY_NUMBER='1' AIRFLOW_CTX_DAG_RUN_ID='manual__2024-10-30T11:17:20.425384+00:00'
[2024-10-30T11:17:28.566+0000] {taskinstance.py:430} INFO - ::endgroup::
[2024-10-30T11:17:28.643+0000] {python.py:237} INFO - Done. Returned value was:                                                 title  ... ticker_sentiment
0          PayPoint completes investment in obconnect  ...         0.037266
1   Brookfield Acquires Share of Four UK Offshore ...  ...         0.075588
2   Brookfield Acquires Share of Four UK Offshore ...  ...         0.079542
3   Capri-Tapestry Merger Blocked. What Should Inv...  ...         0.161776
4   Martin Marietta Reports Third-Quarter 2024 Res...  ...             0.05
5   Invitation: Vallourec Q3 2024 Results Release ...  ...         0.576216
6   Invitation: Vallourec Q3 2024 Results Release ...  ...         0.532091
7   Asia Ex-Japan And Europe Markets Dip; Gold Clo...  ...              0.0
8   Should You Forget Costco Wholesale? This Stock...  ...         0.349542
9   CSW Industrials Reports Record Fiscal 2025 Sec...  ...          0.28561
10  Universal Stainless Reports Record Sales and N...  ...         0.111019
11  W&T Offshore Announces Timing of Third Quarter...  ...             None
12      Glatfelter Reports Third Quarter 2024 Results  ...         0.239988
13             XPO Reports Third Quarter 2024 Results  ...          0.10502
14  Newcore Gold Drilling Intersects 0.94 g/t Gold...  ...         0.107053
15   1 Chart That Shows Why Tesla Is Still Overvalued  ...        -0.180147
16  Bitcoin well-positioned to hit $100K by Januar...  ...         0.466401
17  At 3.9% CAGR Sealants Market Size to Reach $14...  ...              0.0
18  Studio City Announces Earnings Release Date - ...  ...         0.052001
19  Telix Partners with Subtle Medical on AI-Enabl...  ...         0.245729
20        Studio City Announces Earnings Release Date  ...         0.060236
21  Melco Announces Earnings Release Date - Melco ...  ...         0.119866
22  Reykjavík Energy's Financing Framework Remains...  ...         0.049356
23              Melco Announces Earnings Release Date  ...         0.131007
24  GameStop Jumps 3.4% After Roaring Kitty Dumps ...  ...         0.072798
25  Planet 13 Honors Florida Veterans and First Re...  ...             None
26  XPENG Now on Fortune China's "Tech 50" and "Ch...  ...         0.633785
27  Mega Matrix Announces that the Werewolf Romanc...  ...             None
28  Parsons Reports Record Results Since IPO for t...  ...         0.285593
29  Radisson Announces Additional High-Grade Drill...  ...          0.10976
30  Fireweed Intersects 31 m True Width of 8.68% Z...  ...         0.196266
31  Automotive Metal Timing Chain Market Size Pred...  ...         0.290855
32                                Before you continue  ...         0.142784
33            Man Group PLC : Form 8.3 - DS SMITH PLC  ...             None
34  Man Group PLC : Form 8.3 - SPIRENT COMMUNICATI...  ...             None
35  BRICS+ group's share in global goods exports c...  ...         0.305324
36    Man Group PLC : Form 8.3 - TI FLUID SYSTEMS PLC  ...             None
37           How Blockchain Tech Impacts Penny Stocks  ...             None
38  Why Alphabet Shares Are Trading Higher By Arou...  ...         0.213418
39  Amazon India Units Trims Losses, Posts Moderat...  ...        -0.107674
40  Man Group PLC : Form 8.3 - INTERNATIONAL PAPER...  ...             None
41  This Big New Development Could Be Bullish for ...  ...          0.19245
42  Clearway Energy, Inc. Reports Third Quarter 20...  ...         0.125471
43  Lexeo Therapeutics Announces Positive Interim ...  ...         0.097526
44  Decentralized network Uplink tops 40K routers,...  ...             None
45  nCino Signs Definitive Agreement to Acquire Fu...  ...          0.21686
46  Jitterbit Expands Global Availability of 24-7 ...  ...         0.266868
47  nCino Signs Definitive Agreement to Acquire Fu...  ...         0.223554
48                                Before you continue  ...         0.142784
49                                Before you continue  ...         0.142784

[50 rows x 11 columns]
[2024-10-30T11:17:28.655+0000] {taskinstance.py:441} INFO - ::group::Post task execution logs
[2024-10-30T11:17:28.693+0000] {taskinstance.py:1206} INFO - Marking task as SUCCESS. dag_id=News-Sentiment-Pipeline, task_id=clean_news_sentiment_data, run_id=manual__2024-10-30T11:17:20.425384+00:00, execution_date=20241030T111720, start_date=20241030T111728, end_date=20241030T111728
[2024-10-30T11:17:28.741+0000] {local_task_job_runner.py:240} INFO - Task exited with return code 0
[2024-10-30T11:17:28.779+0000] {taskinstance.py:3503} INFO - 1 downstream tasks scheduled from follow-on schedule check
[2024-10-30T11:17:28.781+0000] {local_task_job_runner.py:222} INFO - ::endgroup::
