[2024-10-30T12:16:01.930+0000] {local_task_job_runner.py:120} INFO - ::group::Pre task execution logs
[2024-10-30T12:16:01.962+0000] {taskinstance.py:2076} INFO - Dependencies all met for dep_context=non-requeueable deps ti=<TaskInstance: News-Sentiment-Pipeline.engineer_sentiment_features manual__2024-10-30T11:17:20.425384+00:00 [queued]>
[2024-10-30T12:16:01.970+0000] {taskinstance.py:2076} INFO - Dependencies all met for dep_context=requeueable deps ti=<TaskInstance: News-Sentiment-Pipeline.engineer_sentiment_features manual__2024-10-30T11:17:20.425384+00:00 [queued]>
[2024-10-30T12:16:01.971+0000] {taskinstance.py:2306} INFO - Starting attempt 2 of 2
[2024-10-30T12:16:01.981+0000] {taskinstance.py:2330} INFO - Executing <Task(PythonOperator): engineer_sentiment_features> on 2024-10-30 11:17:20.425384+00:00
[2024-10-30T12:16:01.998+0000] {logging_mixin.py:188} WARNING - /home/***/.local/lib/python3.12/site-packages/***/task/task_runner/standard_task_runner.py:61 DeprecationWarning: This process (pid=24782) is multi-threaded, use of fork() may lead to deadlocks in the child.
[2024-10-30T12:16:01.996+0000] {standard_task_runner.py:90} INFO - Running: ['***', 'tasks', 'run', 'News-Sentiment-Pipeline', 'engineer_sentiment_features', 'manual__2024-10-30T11:17:20.425384+00:00', '--job-id', '287', '--raw', '--subdir', 'DAGS_FOLDER/news_sentiment_pipeline.py', '--cfg-path', '/tmp/tmpp3gshbiy']
[2024-10-30T12:16:02.000+0000] {standard_task_runner.py:63} INFO - Started process 24794 to run task
[2024-10-30T12:16:02.001+0000] {standard_task_runner.py:91} INFO - Job 287: Subtask engineer_sentiment_features
[2024-10-30T12:16:02.026+0000] {logging_mixin.py:188} WARNING - /home/***/.local/lib/python3.12/site-packages/***/settings.py:195 DeprecationWarning: The sql_alchemy_conn option in [core] has been moved to the sql_alchemy_conn option in [database] - the old setting has been used, but please update your config.
[2024-10-30T12:16:02.084+0000] {task_command.py:426} INFO - Running <TaskInstance: News-Sentiment-Pipeline.engineer_sentiment_features manual__2024-10-30T11:17:20.425384+00:00 [running]> on host cf1c99cdc1a8
[2024-10-30T12:16:02.207+0000] {taskinstance.py:2648} INFO - Exporting env vars: AIRFLOW_CTX_DAG_OWNER='***' AIRFLOW_CTX_DAG_ID='News-Sentiment-Pipeline' AIRFLOW_CTX_TASK_ID='engineer_sentiment_features' AIRFLOW_CTX_EXECUTION_DATE='2024-10-30T11:17:20.425384+00:00' AIRFLOW_CTX_TRY_NUMBER='2' AIRFLOW_CTX_DAG_RUN_ID='manual__2024-10-30T11:17:20.425384+00:00'
[2024-10-30T12:16:02.209+0000] {taskinstance.py:430} INFO - ::endgroup::
[2024-10-30T12:16:02.338+0000] {logging_mixin.py:188} INFO - text is PayPoint completes investment in obconnect. https://www.globenewswire.com/news-release/2024/10/30/2971542/0/en/PayPoint-completes-investment-in-obconnect.html. .... Financial Markets
[2024-10-30T12:16:02.342+0000] {logging_mixin.py:188} INFO - text is Brookfield Acquires Share of Four UK Offshore Wind Farms from Ørsted - Brookfield Renewable  ( NYSE:BEP ) , Brookfield Asset Mgmt  ( NYSE:BAM ) . https://www.benzinga.com/pressreleases/24/10/g41620738/brookfield-acquires-share-of-four-uk-offshore-wind-farms-from-rsted. Two leading renewable energy players partner on operational U.K. offshore wind farms. Brookfield to acquire a 12.45% stake in 3.5 GW offshore wind portfolio under longterm contracts. Economy - Monetary
[2024-10-30T12:16:02.349+0000] {logging_mixin.py:188} INFO - text is Brookfield Acquires Share of Four UK Offshore Wind Farms from Ørsted. https://www.globenewswire.com/news-release/2024/10/30/2971539/0/en/Brookfield-Acquires-Share-of-Four-UK-Offshore-Wind-Farms-from-%C3%98rsted.html. LONDON, Oct. 30, 2024  GLOBE NEWSWIRE   Ørsted  CPH: ORSTED  has signed a partnership agreement with Brookfield  NYSE: BAM, TSX: BAM  , its institutional partners and its listed affiliate Brookfield Renewable  NYSE: BEP, BEPC. TSX: BEP.UN, BEPC  , who will acquire 12.45% minority stakes .... Economy - Monetary
[2024-10-30T12:16:02.357+0000] {logging_mixin.py:188} INFO - text is Capri-Tapestry Merger Blocked. What Should Investors Do With the Stocks?. https://www.fool.com/investing/2024/10/30/capri-tapestry-merger-blocked-what-should-investor/. Is Capri stock a buy after its share price plunged?. Earnings
[2024-10-30T12:16:02.361+0000] {logging_mixin.py:188} INFO - text is Martin Marietta Reports Third-Quarter 2024 Results. https://www.globenewswire.com/news-release/2024/10/30/2971540/0/en/Martin-Marietta-Reports-Third-Quarter-2024-Results.html. Achieved Record Quarterly Aggregates Gross Profit Per Ton Despite Weather Impacts .... Economy - Monetary
[2024-10-30T12:16:02.366+0000] {logging_mixin.py:188} INFO - text is nan
[2024-10-30T12:16:02.367+0000] {taskinstance.py:441} INFO - ::group::Post task execution logs
[2024-10-30T12:16:02.368+0000] {taskinstance.py:2905} ERROR - Task failed with exception
Traceback (most recent call last):
  File "/home/airflow/.local/lib/python3.12/site-packages/airflow/models/taskinstance.py", line 465, in _execute_task
    result = _execute_callable(context=context, **execute_callable_kwargs)
             ^^^^^^^^^^^^^^^^^^^^^^^^^^^^^^^^^^^^^^^^^^^^^^^^^^^^^^^^^^^^^
  File "/home/airflow/.local/lib/python3.12/site-packages/airflow/models/taskinstance.py", line 432, in _execute_callable
    return execute_callable(context=context, **execute_callable_kwargs)
           ^^^^^^^^^^^^^^^^^^^^^^^^^^^^^^^^^^^^^^^^^^^^^^^^^^^^^^^^^^^^
  File "/home/airflow/.local/lib/python3.12/site-packages/airflow/models/baseoperator.py", line 401, in wrapper
    return func(self, *args, **kwargs)
           ^^^^^^^^^^^^^^^^^^^^^^^^^^^
  File "/home/airflow/.local/lib/python3.12/site-packages/airflow/operators/python.py", line 235, in execute
    return_value = self.execute_callable()
                   ^^^^^^^^^^^^^^^^^^^^^^^
  File "/home/airflow/.local/lib/python3.12/site-packages/airflow/operators/python.py", line 252, in execute_callable
    return self.python_callable(*self.op_args, **self.op_kwargs)
           ^^^^^^^^^^^^^^^^^^^^^^^^^^^^^^^^^^^^^^^^^^^^^^^^^^^^^
  File "/opt/airflow/dags/utils/news_sentiment_data_elt.py", line 54, in extract_features_from_news_data
    news_data = extract_features(news_data)
                ^^^^^^^^^^^^^^^^^^^^^^^^^^^
  File "/opt/airflow/dags/utils/news_sentiment_data_elt.py", line 27, in extract_features
    df['cleaned_summary'] = df['combined_text'].apply(preprocess_text)
                            ^^^^^^^^^^^^^^^^^^^^^^^^^^^^^^^^^^^^^^^^^^
  File "/home/airflow/.local/lib/python3.12/site-packages/pandas/core/series.py", line 4764, in apply
    ).apply()
      ^^^^^^^
  File "/home/airflow/.local/lib/python3.12/site-packages/pandas/core/apply.py", line 1209, in apply
    return self.apply_standard()
           ^^^^^^^^^^^^^^^^^^^^^
  File "/home/airflow/.local/lib/python3.12/site-packages/pandas/core/apply.py", line 1289, in apply_standard
    mapped = obj._map_values(
             ^^^^^^^^^^^^^^^^
  File "/home/airflow/.local/lib/python3.12/site-packages/pandas/core/base.py", line 921, in _map_values
    return algorithms.map_array(arr, mapper, na_action=na_action, convert=convert)
           ^^^^^^^^^^^^^^^^^^^^^^^^^^^^^^^^^^^^^^^^^^^^^^^^^^^^^^^^^^^^^^^^^^^^^^^
  File "/home/airflow/.local/lib/python3.12/site-packages/pandas/core/algorithms.py", line 1814, in map_array
    return lib.map_infer(values, mapper, convert=convert)
           ^^^^^^^^^^^^^^^^^^^^^^^^^^^^^^^^^^^^^^^^^^^^^^
  File "lib.pyx", line 2926, in pandas._libs.lib.map_infer
  File "/opt/airflow/dags/utils/news_sentiment_data_elt.py", line 13, in preprocess_text
    text = ' '.join([word for word in text.split() if word not in stopwords.words('english')])
                                      ^^^^^^^^^^
AttributeError: 'float' object has no attribute 'split'
[2024-10-30T12:16:02.416+0000] {taskinstance.py:1206} INFO - Marking task as FAILED. dag_id=News-Sentiment-Pipeline, task_id=engineer_sentiment_features, run_id=manual__2024-10-30T11:17:20.425384+00:00, execution_date=20241030T111720, start_date=20241030T121601, end_date=20241030T121602
[2024-10-30T12:16:02.438+0000] {standard_task_runner.py:110} ERROR - Failed to execute job 287 for task engineer_sentiment_features ('float' object has no attribute 'split'; 24794)
[2024-10-30T12:16:02.500+0000] {local_task_job_runner.py:240} INFO - Task exited with return code 1
[2024-10-30T12:16:02.537+0000] {taskinstance.py:3503} INFO - 0 downstream tasks scheduled from follow-on schedule check
[2024-10-30T12:16:02.542+0000] {local_task_job_runner.py:222} INFO - ::endgroup::
