[2024-10-30T12:18:02.677+0000] {local_task_job_runner.py:120} INFO - ::group::Pre task execution logs
[2024-10-30T12:18:02.710+0000] {taskinstance.py:2076} INFO - Dependencies all met for dep_context=non-requeueable deps ti=<TaskInstance: News-Sentiment-Pipeline.engineer_sentiment_features manual__2024-10-30T11:17:20.425384+00:00 [queued]>
[2024-10-30T12:18:02.716+0000] {taskinstance.py:2076} INFO - Dependencies all met for dep_context=requeueable deps ti=<TaskInstance: News-Sentiment-Pipeline.engineer_sentiment_features manual__2024-10-30T11:17:20.425384+00:00 [queued]>
[2024-10-30T12:18:02.717+0000] {taskinstance.py:2306} INFO - Starting attempt 3 of 3
[2024-10-30T12:18:02.726+0000] {taskinstance.py:2330} INFO - Executing <Task(PythonOperator): engineer_sentiment_features> on 2024-10-30 11:17:20.425384+00:00
[2024-10-30T12:18:02.740+0000] {logging_mixin.py:188} WARNING - /home/***/.local/lib/python3.12/site-packages/***/task/task_runner/standard_task_runner.py:61 DeprecationWarning: This process (pid=24935) is multi-threaded, use of fork() may lead to deadlocks in the child.
[2024-10-30T12:18:02.742+0000] {standard_task_runner.py:63} INFO - Started process 24940 to run task
[2024-10-30T12:18:02.739+0000] {standard_task_runner.py:90} INFO - Running: ['***', 'tasks', 'run', 'News-Sentiment-Pipeline', 'engineer_sentiment_features', 'manual__2024-10-30T11:17:20.425384+00:00', '--job-id', '288', '--raw', '--subdir', 'DAGS_FOLDER/news_sentiment_pipeline.py', '--cfg-path', '/tmp/tmp0v7p0l37']
[2024-10-30T12:18:02.743+0000] {standard_task_runner.py:91} INFO - Job 288: Subtask engineer_sentiment_features
[2024-10-30T12:18:02.766+0000] {logging_mixin.py:188} WARNING - /home/***/.local/lib/python3.12/site-packages/***/settings.py:195 DeprecationWarning: The sql_alchemy_conn option in [core] has been moved to the sql_alchemy_conn option in [database] - the old setting has been used, but please update your config.
[2024-10-30T12:18:02.815+0000] {task_command.py:426} INFO - Running <TaskInstance: News-Sentiment-Pipeline.engineer_sentiment_features manual__2024-10-30T11:17:20.425384+00:00 [running]> on host cf1c99cdc1a8
[2024-10-30T12:18:02.902+0000] {taskinstance.py:2648} INFO - Exporting env vars: AIRFLOW_CTX_DAG_OWNER='***' AIRFLOW_CTX_DAG_ID='News-Sentiment-Pipeline' AIRFLOW_CTX_TASK_ID='engineer_sentiment_features' AIRFLOW_CTX_EXECUTION_DATE='2024-10-30T11:17:20.425384+00:00' AIRFLOW_CTX_TRY_NUMBER='3' AIRFLOW_CTX_DAG_RUN_ID='manual__2024-10-30T11:17:20.425384+00:00'
[2024-10-30T12:18:02.904+0000] {taskinstance.py:430} INFO - ::endgroup::
[2024-10-30T12:18:02.990+0000] {logging_mixin.py:188} INFO - text is PayPoint completes investment in obconnect. https://www.globenewswire.com/news-release/2024/10/30/2971542/0/en/PayPoint-completes-investment-in-obconnect.html. .... Financial Markets
[2024-10-30T12:18:02.994+0000] {logging_mixin.py:188} INFO - text is Brookfield Acquires Share of Four UK Offshore Wind Farms from Ørsted - Brookfield Renewable  ( NYSE:BEP ) , Brookfield Asset Mgmt  ( NYSE:BAM ) . https://www.benzinga.com/pressreleases/24/10/g41620738/brookfield-acquires-share-of-four-uk-offshore-wind-farms-from-rsted. Two leading renewable energy players partner on operational U.K. offshore wind farms. Brookfield to acquire a 12.45% stake in 3.5 GW offshore wind portfolio under longterm contracts. Economy - Monetary
[2024-10-30T12:18:02.999+0000] {logging_mixin.py:188} INFO - text is Brookfield Acquires Share of Four UK Offshore Wind Farms from Ørsted. https://www.globenewswire.com/news-release/2024/10/30/2971539/0/en/Brookfield-Acquires-Share-of-Four-UK-Offshore-Wind-Farms-from-%C3%98rsted.html. LONDON, Oct. 30, 2024  GLOBE NEWSWIRE   Ørsted  CPH: ORSTED  has signed a partnership agreement with Brookfield  NYSE: BAM, TSX: BAM  , its institutional partners and its listed affiliate Brookfield Renewable  NYSE: BEP, BEPC. TSX: BEP.UN, BEPC  , who will acquire 12.45% minority stakes .... Economy - Monetary
[2024-10-30T12:18:03.004+0000] {logging_mixin.py:188} INFO - text is Capri-Tapestry Merger Blocked. What Should Investors Do With the Stocks?. https://www.fool.com/investing/2024/10/30/capri-tapestry-merger-blocked-what-should-investor/. Is Capri stock a buy after its share price plunged?. Earnings
[2024-10-30T12:18:03.007+0000] {logging_mixin.py:188} INFO - text is Martin Marietta Reports Third-Quarter 2024 Results. https://www.globenewswire.com/news-release/2024/10/30/2971540/0/en/Martin-Marietta-Reports-Third-Quarter-2024-Results.html. Achieved Record Quarterly Aggregates Gross Profit Per Ton Despite Weather Impacts .... Economy - Monetary
[2024-10-30T12:18:03.010+0000] {logging_mixin.py:188} INFO - text is nan
[2024-10-30T12:18:03.010+0000] {logging_mixin.py:188} INFO - text is nan
[2024-10-30T12:18:03.011+0000] {logging_mixin.py:188} INFO - text is Asia Ex-Japan And Europe Markets Dip; Gold Clocks New High, Dollar Softens - Global Markets Today While US Slept - SmartETFs Asia Pacific Dividend Builder ETF  ( ARCA:ADIV ) . https://www.benzinga.com/markets/asia/24/10/41620611/asia-ex-japan-and-europe-markets-dip-gold-clocks-new-high-dollar-softens-global-markets-today-while. On Tuesday, October 29, U.S. markets closed mixed: the Nasdaq reached a record high, the S&P 500 gained, and the Dow declined as investors evaluated earnings reports.. Financial Markets
[2024-10-30T12:18:03.016+0000] {logging_mixin.py:188} INFO - text is Should You Forget Costco Wholesale? This Stock Has Made Far More Millionaires.. https://www.fool.com/investing/2024/10/30/should-you-forget-costco-wholesale-this-stock-has/. Costco is a bona fide millionaire maker, but another stock has returned 193,000% over its lifetime and isn't done yet.. IPO
[2024-10-30T12:18:03.019+0000] {logging_mixin.py:188} INFO - text is CSW Industrials Reports Record Fiscal 2025 Second Quarter Results. https://www.globenewswire.com/news-release/2024/10/30/2971531/37075/en/CSW-Industrials-Reports-Record-Fiscal-2025-Second-Quarter-Results.html. DALLAS, Oct. 30, 2024  GLOBE NEWSWIRE   CSW Industrials, Inc.  Nasdaq: CSWI or the "Company"  today reported record results for the fiscal 2025 second quarter period ended September 30, 2024.. Life Sciences
[2024-10-30T12:18:03.022+0000] {logging_mixin.py:188} INFO - text is Universal Stainless Reports Record Sales and Net Income in Third Quarter of 2024. https://www.globenewswire.com/news-release/2024/10/30/2971530/269/en/Universal-Stainless-Reports-Record-Sales-and-Net-Income-in-Third-Quarter-of-2024.html. BRIDGEVILLE, Pa., Oct. 30, 2024  GLOBE NEWSWIRE   Universal Stainless & Alloy Products, Inc.  Nasdaq: USAP  today reported record net sales of $87.3 million for the third quarter of 2024, an increase of 5% from the second quarter of 2024, and up 22% from the third quarter of 2023.. Financial Markets
[2024-10-30T12:18:03.027+0000] {logging_mixin.py:188} INFO - text is W&T Offshore Announces Timing of Third Quarter 2024 Earnings Release and Conference Call. https://www.globenewswire.com/news-release/2024/10/30/2971533/0/en/W-T-Offshore-Announces-Timing-of-Third-Quarter-2024-Earnings-Release-and-Conference-Call.html. HOUSTON, Oct. 30, 2024  GLOBE NEWSWIRE   W&T Offshore, Inc.  NYSE: WTI   the "Company"  today announced the timing of its third quarter 2024 earnings release and conference call.. Earnings
[2024-10-30T12:18:03.031+0000] {logging_mixin.py:188} INFO - text is Glatfelter Reports Third Quarter 2024 Results. https://www.globenewswire.com/news-release/2024/10/30/2971535/0/en/Glatfelter-Reports-Third-Quarter-2024-Results.html. ~ Transaction closing and transition to Magnera scheduled for November 4th ~ ~ Transaction closing and transition to Magnera scheduled for November .... Earnings
[2024-10-30T12:18:03.034+0000] {logging_mixin.py:188} INFO - text is XPO Reports Third Quarter 2024 Results. https://www.globenewswire.com/news-release/2024/10/30/2971532/0/en/XPO-Reports-Third-Quarter-2024-Results.html. GREENWICH, Conn., Oct. 30, 2024  GLOBE NEWSWIRE   XPO  NYSE: XPO  today announced its financial results for the third quarter 2024. The company reported diluted earnings from continuing operations per share of $0.79, compared with $0.72 for the same period in 2023, and adjusted diluted .... Economy - Monetary
[2024-10-30T12:18:03.038+0000] {logging_mixin.py:188} INFO - text is Newcore Gold Drilling Intersects 0.94 g/t Gold over 54.0 Metres, Including 2.08 g/t Gold over 11.0 Metres at the Enchi Gold Project, Ghana. https://www.globenewswire.com/news-release/2024/10/30/2971534/35625/en/Newcore-Gold-Drilling-Intersects-0-94-g-t-Gold-over-54-0-Metres-Including-2-08-g-t-Gold-over-11-0-Metres-at-the-Enchi-Gold-Project-Ghana.html. 10,000metre RC Drill Program Underway at Enchi. Drilling Continues to Encounter Mineralization Outside the Limits of the Pit that Constrains the Mineral Resource Estimate 10,000metre RC Drill Program Underway at Enchi.. Economy - Macro
[2024-10-30T12:18:03.043+0000] {logging_mixin.py:188} INFO - text is 1 Chart That Shows Why Tesla Is Still Overvalued. https://www.fool.com/investing/2024/10/30/1-chart-that-shows-why-tesla-is-still-overvalued/. Weakness in the EV market could spoil Tesla's recent recovery.. Earnings
[2024-10-30T12:18:03.045+0000] {logging_mixin.py:188} INFO - text is Bitcoin well-positioned to hit $100K by January 2025 - 10X Research. https://cointelegraph.com/news/bitcoin-btc-price-target-100000-by-jan-2025-10x-research. Analysts at 10X Research predict BTC could reach $100,000 by the new year, driven by institutional interest, market signals and Bitcoin's dominance.. Blockchain
[2024-10-30T12:18:03.048+0000] {logging_mixin.py:188} INFO - text is At 3.9% CAGR Sealants Market Size to Reach $14.17 Billion By 2031 | The Insight Partners. https://www.benzinga.com/pressreleases/24/10/g41620122/at-3-9-cagr-sealants-market-size-to-reach-14-17-billion-by-2031-the-insight-partners. US & Canada, Oct. 30, 2024  GLOBE NEWSWIRE   According to a new market research by The Insight Partners, the Global Sealants Market is observing significant growth owing to the growing building and construction industry and rising demand in the automotive industry.. Mergers & Acquisitions
[2024-10-30T12:18:03.052+0000] {logging_mixin.py:188} INFO - text is Studio City Announces Earnings Release Date - Studio City Intl Hldgs  ( NYSE:MSC ) , Melco Resorts and Enter  ( NASDAQ:MLCO ) . https://www.benzinga.com/pressreleases/24/10/g41620088/studio-city-announces-earnings-release-date. MACAU, Oct. 30, 2024  GLOBE NEWSWIRE   Studio City International Holdings Limited MSC, a worldclass integrated resort located in Cotai, Macau, today announces that it will release its unaudited financial results for the third quarter of 2024 on Tuesday, November 5, 2024.. Real Estate & Construction
[2024-10-30T12:18:03.058+0000] {logging_mixin.py:188} INFO - text is Telix Partners with Subtle Medical on AI-Enabled SubtlePET™ Software for Faster PET Imaging with Illuccix®. https://www.globenewswire.com/news-release/2024/10/30/2971526/0/en/Telix-Partners-with-Subtle-Medical-on-AI-Enabled-SubtlePET-Software-for-Faster-PET-Imaging-with-Illuccix.html. MELBOURNE, Australia, Oct. 30, 2024  GLOBE NEWSWIRE   Telix Pharmaceuticals Limited  ASX: TLX, Telix, the Company  today announces a partnership with Californiabased Subtle Medical, Inc.  Subtle Medical  for artificial intelligence  AI  powered positron emission tomography  PET  .... Financial Markets
[2024-10-30T12:18:03.062+0000] {logging_mixin.py:188} INFO - text is Studio City Announces Earnings Release Date. https://www.globenewswire.com/news-release/2024/10/30/2971525/36898/en/Studio-City-Announces-Earnings-Release-Date.html. MACAU, Oct. 30, 2024  GLOBE NEWSWIRE   Studio City International Holdings Limited  NYSE: MSC  , a worldclass integrated resort located in Cotai, Macau, today announces that it will release its unaudited financial results for the third quarter of 2024 on Tuesday, November 5, 2024.. Real Estate & Construction
[2024-10-30T12:18:03.066+0000] {logging_mixin.py:188} INFO - text is Melco Announces Earnings Release Date - Melco Resorts and Enter  ( NASDAQ:MLCO ) . https://www.benzinga.com/pressreleases/24/10/g41620074/melco-announces-earnings-release-date. MACAU, Oct. 30, 2024  GLOBE NEWSWIRE   Melco Resorts & Entertainment Limited MLCO, a developer, owner and operator of integrated resort facilities in Asia and Europe, today announces that it will release its unaudited financial results for the third quarter of 2024 on Tuesday, November 5, .... Real Estate & Construction
[2024-10-30T12:18:03.071+0000] {logging_mixin.py:188} INFO - text is Reykjavík Energy's Financing Framework Remains Dark-Green. https://www.globenewswire.com/news-release/2024/10/30/2971524/0/en/Reykjav%C3%ADk-Energy-s-Financing-Framework-Remains-Dark-Green.html. Reykjavík Energy  Orkuveita Reykjavíkur. RE  has issued a new framework for financing the group's green investments. In an independent evaluation by the rating agency S&P Global, the framework has been awarded a "dark green" rating.. Financial Markets
[2024-10-30T12:18:03.075+0000] {logging_mixin.py:188} INFO - text is Melco Announces Earnings Release Date. https://www.globenewswire.com/news-release/2024/10/30/2971523/0/en/Melco-Announces-Earnings-Release-Date.html. MACAU, Oct. 30, 2024  GLOBE NEWSWIRE   Melco Resorts & Entertainment Limited  Nasdaq: MLCO  , a developer, owner and operator of integrated resort facilities in Asia and Europe, today announces that it will release its unaudited financial results for the third quarter of 2024 on Tuesday, .... Real Estate & Construction
[2024-10-30T12:18:03.080+0000] {logging_mixin.py:188} INFO - text is GameStop Jumps 3.4% After Roaring Kitty Dumps Chewy - One Ryan Cohen-Linked Stock Now Near 'Oversold' Levels - Chewy  ( NYSE:CHWY ) , GameStop  ( NYSE:GME ) . https://www.benzinga.com/markets/equities/24/10/41620003/gamestop-jumps-3-4-after-roaring-kitty-dumps-chewy-one-ryan-cohen-linked-stock-now-near-oversold. GameStop Corp. GME and Chewy Inc. CHWY displayed contrasting market movements in overnight trading Tuesday, with GameStop climbing 3.44% while Chewy shares declined 1.84% on Robinhood's extended trading platform.. Technology
[2024-10-30T12:18:03.085+0000] {logging_mixin.py:188} INFO - text is Planet 13 Honors Florida Veterans and First Responders by Making Medical Cannabis Cards More Accessible Leading up to Veterans Day. https://www.globenewswire.com/news-release/2024/10/30/2971513/0/en/Planet-13-Honors-Florida-Veterans-and-First-Responders-by-Making-Medical-Cannabis-Cards-More-Accessible-Leading-up-to-Veterans-Day.html. Over the first two weeks in November, The Grateful Veteran and DocMJ will Team up with Planet 13 to Give Everyday Heroes a Helping Hand Over the first two weeks in November, The Grateful Veteran and DocMJ will Team up with Planet 13 to Give Everyday Heroes a Helping Hand .... Financial Markets
[2024-10-30T12:18:03.091+0000] {logging_mixin.py:188} INFO - text is XPENG Now on Fortune China's "Tech 50" and "China 500" Lists - XPeng  ( NYSE:XPEV ) . https://www.benzinga.com/pressreleases/24/10/g41619970/xpeng-now-on-fortune-chinas-tech-50-and-china-500-lists. XPENG ranked among the "Fortune Tech 50" and "Fortune China 500" lists for leading AI mobility innovation SHANGHAI, China, Oct. 30, 2024  GLOBE NEWSWIRE   XPENG, a leading Chinese high technology car company, is proud to announce that it has secured places on both the "Fortune Tech 50" and .... Real Estate & Construction
[2024-10-30T12:18:03.097+0000] {logging_mixin.py:188} INFO - text is Mega Matrix Announces that the Werewolf Romance Short Drama "Fated to Miss: The Luna in His Dreams", Will Be Launched in November at FlexTV - Mega Matrix  ( AMEX:MPU ) . https://www.benzinga.com/pressreleases/24/10/n41619996/mega-matrix-announces-that-the-werewolf-romance-short-drama-fated-to-miss-the-luna-in-his-dreams-w. PALO ALTO, Calif., Oct. 30, 2024 /PRNewswire/  Mega Matrix Inc.  "MPU" or the "Company"  MPU, today announced that it will launch its werewolf romance short drama "Fated to Miss: The Luna in His Dreams" in November at FlexTV. This series offers a complex emotional narrative that immerses .... Financial Markets
[2024-10-30T12:18:03.106+0000] {logging_mixin.py:188} INFO - text is Parsons Reports Record Results Since IPO for the Third Quarter of 2024. https://www.globenewswire.com/news-release/2024/10/30/2971514/0/en/Parsons-Reports-Record-Results-Since-IPO-for-the-Third-Quarter-of-2024.html. Q3 2024 Financial Highlights .... Financial Markets
[2024-10-30T12:18:03.109+0000] {logging_mixin.py:188} INFO - text is Radisson Announces Additional High-Grade Drill Results at O'Brien, Including 16.2 g/t Gold over 5.4 Metres, 12.1 g/t Gold over 4.4 Metres and 62.0 g/t Gold over 1.0 Metre. https://www.globenewswire.com/news-release/2024/10/30/2971519/0/en/Radisson-Announces-Additional-High-Grade-Drill-Results-at-O-Brien-Including-16-2-g-t-Gold-over-5-4-Metres-12-1-g-t-Gold-over-4-4-Metres-and-62-0-g-t-Gold-over-1-0-Metre.html. Radisson reports 10 drill holes as part of ongoing 35,000 metre drill program.. Financial Markets
[2024-10-30T12:18:03.113+0000] {logging_mixin.py:188} INFO - text is Fireweed Intersects 31 m True Width of 8.68% Zinc, 3.68% Lead, and 87.4 g/t Silver, Including 15 m True Width of 13.15% Zn, 6.35% Lead, and 139.9 g/t Silver in Boundary Zone Expansion Drill Hole. https://www.globenewswire.com/news-release/2024/10/30/2971516/0/en/Fireweed-Intersects-31-m-True-Width-of-8-68-Zinc-3-68-Lead-and-87-4-g-t-Silver-Including-15-m-True-Width-of-13-15-Zn-6-35-Lead-and-139-9-g-t-Silver-in-Boundary-Zone-Expansion-Drill.html. VANCOUVER, British Columbia, Oct. 30, 2024  GLOBE NEWSWIRE   FIREWEED METALS CORP.  "Fireweed" or the "Company"   TSXV: FWZ. OTCQX: FWEDF  is pleased to report the results of an additional nine drill holes from Boundary Zone as part of the 2024 drill campaign at its Macpass Project, .... Financial Markets
[2024-10-30T12:18:03.119+0000] {logging_mixin.py:188} INFO - text is Automotive Metal Timing Chain Market Size Predicted to Jump from USD 12.79 Billion in 2021 to USD 19.28 Billion by 2031 as Fuel Prices and Emission Standards Drive Growth| Transparency Market Research Inc.. https://www.benzinga.com/pressreleases/24/10/g41619974/automotive-metal-timing-chain-market-size-predicted-to-jump-from-usd-12-79-billion-in-2021-to-usd-. Wilmington, Delaware, United States, Transparency Market Research, Inc., Oct. 30, 2024  GLOBE NEWSWIRE   The automotive metal timing chain market  Markt für KfzSteuerketten aus Metall  was worth US$ 12.79 billion in 2021. A CAGR of 4.1% is predicted for the period 2022 to 2031.. Technology
[2024-10-30T12:18:03.125+0000] {logging_mixin.py:188} INFO - text is Before you continue. https://consent.google.com/m. Defamation case filed against CM Siddaramaiah over 'blackmailer' remark Business Standard .... Technology
[2024-10-30T12:18:03.127+0000] {logging_mixin.py:188} INFO - text is Man Group PLC : Form 8.3 - DS SMITH PLC. https://www.globenewswire.com/news-release/2024/10/30/2971511/0/en/Man-Group-PLC-Form-8-3-DS-SMITH-PLC.html. FORM .... Economy - Monetary
[2024-10-30T12:18:03.128+0000] {logging_mixin.py:188} INFO - text is Man Group PLC : Form 8.3 - SPIRENT COMMUNICATIONS PLC. https://www.globenewswire.com/news-release/2024/10/30/2971510/0/en/Man-Group-PLC-Form-8-3-SPIRENT-COMMUNICATIONS-PLC.html. FORM .... Economy - Monetary
[2024-10-30T12:18:03.130+0000] {logging_mixin.py:188} INFO - text is BRICS+ group's share in global goods exports can overtake G7 by 2026: EY India - ETCFO. https://cfo.economictimes.indiatimes.com/news/economy/brics-groups-share-in-global-goods-exports-can-overtake-g7-by-2026-ey-india/114775289. BRICS+ group, which includes countries like Brazil, Russia, India, China, South Africa and newly joined members, is rapidly increasing its share in global merchandise exports and imports. EY India predicts that BRICS+ is expected to overshadow the G7 nations in global exports by 2026 due to .... Economy - Fiscal
[2024-10-30T12:18:03.135+0000] {logging_mixin.py:188} INFO - text is Man Group PLC : Form 8.3 - TI FLUID SYSTEMS PLC. https://www.globenewswire.com/news-release/2024/10/30/2971509/0/en/Man-Group-PLC-Form-8-3-TI-FLUID-SYSTEMS-PLC.html. FORM .... Economy - Monetary
[2024-10-30T12:18:03.137+0000] {logging_mixin.py:188} INFO - text is How Blockchain Tech Impacts Penny Stocks. https://pennystocks.com/featured/2024/10/30/how-blockchain-tech-impacts-penny-stocks/. Blockchain technology is increasingly being adopted by companies, opening new investment opportunities for those interested in penny stocks. Many emerging companies in sectors like fintech, supply chain management, and healthcare are leveraging blockchain to enhance transparency, efficiency, and .... Blockchain
[2024-10-30T12:18:03.141+0000] {logging_mixin.py:188} INFO - text is Why Alphabet Shares Are Trading Higher By Around 6%; Here Are 20 Stocks Moving Premarket - Alphabet  ( NASDAQ:GOOGL ) . https://www.benzinga.com/news/24/10/41619881/why-alphabet-shares-are-trading-higher-by-around-6-here-are-20-stocks-moving-premarket. Shares of Alphabet Inc. GOOGL GOOG rose sharply in today's premarket trading after the company reported betterthanexpected thirdquarter financial results. The company reported thirdquarter revenue of $88.27 billion, up 15% yearoveryear. The total beat a Street consensus estimate of $86.31 .... Life Sciences
[2024-10-30T12:18:03.146+0000] {logging_mixin.py:188} INFO - text is Amazon India Units Trims Losses, Posts Moderate Revenue Growth In FY24 - Amazon.com  ( NASDAQ:AMZN ) . https://www.benzinga.com/news/24/10/41619499/amazon-india-units-trims-losses-posts-moderate-revenue-growth-in-fy24. This story was first published on the Benzinga India portal. In the fiscal year 2024, Amazon AMZN India units have witnessed moderate growth and have reduced their losses, according to a recent report.. Economy - Fiscal
[2024-10-30T12:18:03.150+0000] {logging_mixin.py:188} INFO - text is Man Group PLC : Form 8.3 - INTERNATIONAL PAPER COMPANY. https://www.globenewswire.com/news-release/2024/10/30/2971505/0/en/Man-Group-PLC-Form-8-3-INTERNATIONAL-PAPER-COMPANY.html. FORM .... Economy - Monetary
[2024-10-30T12:18:03.151+0000] {logging_mixin.py:188} INFO - text is This Big New Development Could Be Bullish for Kenvue Stock. https://www.fool.com/investing/2024/10/30/this-big-development-could-be-bullish-for-kenvue/. Can tinkering around the edges actually make this stock more attractive?. Earnings
[2024-10-30T12:18:03.154+0000] {logging_mixin.py:188} INFO - text is Clearway Energy, Inc. Reports Third Quarter 2024 Financial Results. https://www.globenewswire.com/news-release/2024/10/30/2971507/0/en/Clearway-Energy-Inc-Reports-Third-Quarter-2024-Financial-Results.html. PRINCETON, N.J., Oct. 30, 2024  GLOBE NEWSWIRE   Clearway Energy, Inc.  NYSE: CWEN, CWEN.A  today reported third quarter 2024 financial results, including Net Income of $27 million, Adjusted EBITDA of $354 million, Cash from Operating Activities of $301 million, and Cash Available for .... Economy - Monetary
[2024-10-30T12:18:03.158+0000] {logging_mixin.py:188} INFO - text is Lexeo Therapeutics Announces Positive Interim Data for LX1001, First-Ever Gene Therapy to Impact the Underlying Genetic Cause of APOE4-Associated Alzheimer's Disease, at the Clinical Trials on Alzheimer's Disease  ( CTAD )  Conference. https://www.globenewswire.com/news-release/2024/10/30/2971504/0/en/Lexeo-Therapeutics-Announces-Positive-Interim-Data-for-LX1001-First-Ever-Gene-Therapy-to-Impact-the-Underlying-Genetic-Cause-of-APOE4-Associated-Alzheimer-s-Disease-at-the-Clinical.html. Lexeo Therapeutics Announces Positive Interim Data for LX1001, FirstEver Gene Therapy to Impact Underlying Genetic Cause of .... Financial Markets
[2024-10-30T12:18:03.162+0000] {logging_mixin.py:188} INFO - text is Decentralized network Uplink tops 40K routers, targets lower internet costs. https://cointelegraph.com/news/decentralized-network-uplink-40k-routers-cut-internet-cost-50. Decentralized internet solutions could create greater global access, a growing need in developing nations with limited internet infrastructure.. Economy - Monetary
[2024-10-30T12:18:03.165+0000] {logging_mixin.py:188} INFO - text is nCino Signs Definitive Agreement to Acquire FullCircl - Ncino  ( NASDAQ:NCNO ) . https://www.benzinga.com/pressreleases/24/10/g41619495/ncino-signs-definitive-agreement-to-acquire-fullcircl. WILMINGTON, N.C. and LONDON, Oct. 30, 2024  GLOBE NEWSWIRE   nCino, Inc. NCNO, the leading provider of intelligent, bestinclass banking solutions, today announced that it has entered into a definitive agreement to acquire FullCircl.. Earnings
[2024-10-30T12:18:03.169+0000] {logging_mixin.py:188} INFO - text is Jitterbit Expands Global Availability of 24-7 Customer Support with Live Agents, Professional Services. https://www.benzinga.com/pressreleases/24/10/g41619496/jitterbit-expands-global-availability-of-24-7-customer-support-with-live-agents-professional-servi. ALAMEDA, Calif., Oct. 30, 2024  GLOBE NEWSWIRE   Jitterbit, a global leader in accelerating business transformation for enterprise systems, today announced the global expansion of its Premier Support program to provide businesses with enhanced "followthesun" service and expert issue .... Real Estate & Construction
[2024-10-30T12:18:03.173+0000] {logging_mixin.py:188} INFO - text is nCino Signs Definitive Agreement to Acquire FullCircl. https://www.globenewswire.com/news-release/2024/10/30/2971500/0/en/nCino-Signs-Definitive-Agreement-to-Acquire-FullCircl.html. nCino and FullCircl offering for commercial banks in the UK and across the European Continent creates an endtoend client lifecycle management experience with integrated acquisition, onboarding, KYB, KYC, and rulesbased monitoring nCino and FullCircl offering for commercial banks in the UK and .... Earnings
[2024-10-30T12:18:03.177+0000] {logging_mixin.py:188} INFO - text is Before you continue. https://consent.google.com/m. Aditya Birla Capital Q2 results: Net profit rises 42% to Rs 1,001 crore Business Standard .... Technology
[2024-10-30T12:18:03.179+0000] {logging_mixin.py:188} INFO - text is Before you continue. https://consent.google.com/m. Cricket Australia extends coach Andrew McDonald's contract till 2027 Business Standard .... Technology
[2024-10-30T12:18:03.274+0000] {python.py:237} INFO - Done. Returned value was:                                                 title  ...                                topic_probabilities
0          PayPoint completes investment in obconnect  ...  [0.028150367634185793, 0.028150411046450382, 0...
1   Brookfield Acquires Share of Four UK Offshore ...  ...  [0.01731661782335065, 0.017317646724430282, 0....
2   Brookfield Acquires Share of Four UK Offshore ...  ...  [0.015470434474215046, 0.015471094632377669, 0...
3   Capri-Tapestry Merger Blocked. What Should Inv...  ...  [0.01976650511610907, 0.01976662143077265, 0.0...
4   Martin Marietta Reports Third-Quarter 2024 Res...  ...  [0.018671926792058587, 0.018674519978899445, 0...
5   Invitation: Vallourec Q3 2024 Results Release ...  ...  [0.5499999966452906, 0.0500000003316217, 0.050...
6   Invitation: Vallourec Q3 2024 Results Release ...  ...  [0.5499999966452906, 0.0500000003316217, 0.050...
7   Asia Ex-Japan And Europe Markets Dip; Gold Clo...  ...  [0.01377120545054821, 0.013772114656958566, 0....
8   Should You Forget Costco Wholesale? This Stock...  ...  [0.0177914761635314, 0.017791552134410176, 0.0...
9   CSW Industrials Reports Record Fiscal 2025 Sec...  ...  [0.01755968258613612, 0.5216929560839545, 0.01...
10  Universal Stainless Reports Record Sales and N...  ...  [0.016646652074206764, 0.016647458319479374, 0...
11  W&T Offshore Announces Timing of Third Quarter...  ...  [0.019062369517058385, 0.01906274905091556, 0....
12      Glatfelter Reports Third Quarter 2024 Results  ...  [0.022624745069231823, 0.6094540740169636, 0.0...
13             XPO Reports Third Quarter 2024 Results  ...  [0.016532002468788103, 0.016567230666245714, 0...
14  Newcore Gold Drilling Intersects 0.94 g/t Gold...  ...  [0.017210961111004546, 0.017229521005820564, 0...
15   1 Chart That Shows Why Tesla Is Still Overvalued  ...  [0.02024215065268302, 0.020242147625865643, 0....
16  Bitcoin well-positioned to hit $100K by Januar...  ...  [0.8405040398090908, 0.017721867714642143, 0.0...
17  At 3.9% CAGR Sealants Market Size to Reach $14...  ...  [0.014621587693257434, 0.014623923385780379, 0...
18  Studio City Announces Earnings Release Date - ...  ...  [0.015426067434049383, 0.01542988211172495, 0....
19  Telix Partners with Subtle Medical on AI-Enabl...  ...  [0.01604002773793959, 0.01604010441317521, 0.0...
20        Studio City Announces Earnings Release Date  ...  [0.015719085559056423, 0.3079747842904778, 0.0...
21  Melco Announces Earnings Release Date - Melco ...  ...  [0.01581319004157338, 0.01581319645597136, 0.0...
22  Reykjavík Energy's Financing Framework Remains...  ...  [0.01796041666596364, 0.017986115351059387, 0....
23              Melco Announces Earnings Release Date  ...  [0.015454043532237793, 0.015454043419376576, 0...
24  GameStop Jumps 3.4% After Roaring Kitty Dumps ...  ...  [0.015922532318814082, 0.01592313037532518, 0....
25  Planet 13 Honors Florida Veterans and First Re...  ...  [0.016753841831126208, 0.016754539748708552, 0...
26  XPENG Now on Fortune China's "Tech 50" and "Ch...  ...  [0.017808733143861694, 0.017808754584670516, 0...
27  Mega Matrix Announces that the Werewolf Romanc...  ...  [0.7328682608134993, 0.015123863226739125, 0.0...
28  Parsons Reports Record Results Since IPO for t...  ...  [0.021594001653110127, 0.021594103448017005, 0...
29  Radisson Announces Additional High-Grade Drill...  ...  [0.018807012827263495, 0.018807876695665204, 0...
30  Fireweed Intersects 31 m True Width of 8.68% Z...  ...  [0.013613072310920906, 0.013614510460255797, 0...
31  Automotive Metal Timing Chain Market Size Pred...  ...  [0.014134987028097483, 0.7793007193126569, 0.0...
32                                Before you continue  ...  [0.021859907171107945, 0.021859918939015135, 0...
33            Man Group PLC : Form 8.3 - DS SMITH PLC  ...  [0.02515152920868598, 0.5386063213302985, 0.02...
34  Man Group PLC : Form 8.3 - SPIRENT COMMUNICATI...  ...  [0.02515152590289719, 0.7736360314429499, 0.02...
35  BRICS+ group's share in global goods exports c...  ...  [0.015847352139734212, 0.8573670655962272, 0.0...
36    Man Group PLC : Form 8.3 - TI FLUID SYSTEMS PLC  ...  [0.024180306376859566, 0.7823768790998074, 0.0...
37           How Blockchain Tech Impacts Penny Stocks  ...  [0.0171135836428782, 0.017114072714162452, 0.0...
38  Why Alphabet Shares Are Trading Higher By Arou...  ...  [0.01447355565438096, 0.014474799519199291, 0....
39  Amazon India Units Trims Losses, Posts Moderat...  ...  [0.01660684003008758, 0.8504405951553058, 0.01...
40  Man Group PLC : Form 8.3 - INTERNATIONAL PAPER...  ...  [0.02407510684100243, 0.49975859569551623, 0.0...
41  This Big New Development Could Be Bullish for ...  ...  [0.019340743317818737, 0.01934047281161088, 0....
42  Clearway Energy, Inc. Reports Third Quarter 20...  ...  [0.01566689632787488, 0.015703534774226226, 0....
43  Lexeo Therapeutics Announces Positive Interim ...  ...  [0.017786421426439377, 0.017786424473741284, 0...
44  Decentralized network Uplink tops 40K routers,...  ...  [0.0180757753996474, 0.01809685677631557, 0.01...
45  nCino Signs Definitive Agreement to Acquire Fu...  ...  [0.017649688877640422, 0.01764973823219952, 0....
46  Jitterbit Expands Global Availability of 24-7 ...  ...  [0.015013352016320598, 0.015014019136194576, 0...
47  nCino Signs Definitive Agreement to Acquire Fu...  ...  [0.017198671641673196, 0.017198644347720365, 0...
48                                Before you continue  ...  [0.019255463495595534, 0.019255470668583786, 0...
49                                Before you continue  ...  [0.020637685146098247, 0.020637695946899466, 0...

[50 rows x 13 columns]
[2024-10-30T12:18:03.301+0000] {taskinstance.py:441} INFO - ::group::Post task execution logs
[2024-10-30T12:18:03.352+0000] {taskinstance.py:1206} INFO - Marking task as SUCCESS. dag_id=News-Sentiment-Pipeline, task_id=engineer_sentiment_features, run_id=manual__2024-10-30T11:17:20.425384+00:00, execution_date=20241030T111720, start_date=20241030T121802, end_date=20241030T121803
[2024-10-30T12:18:03.412+0000] {local_task_job_runner.py:240} INFO - Task exited with return code 0
[2024-10-30T12:18:03.448+0000] {taskinstance.py:3503} INFO - 1 downstream tasks scheduled from follow-on schedule check
[2024-10-30T12:18:03.450+0000] {local_task_job_runner.py:222} INFO - ::endgroup::
