[2024-10-29T20:26:38.339+0000] {local_task_job_runner.py:120} INFO - ::group::Pre task execution logs
[2024-10-29T20:26:38.380+0000] {taskinstance.py:2076} INFO - Dependencies all met for dep_context=non-requeueable deps ti=<TaskInstance: feature_engineer_news_sentiment_data.get_sentiment_data_s3 manual__2024-10-29T20:26:36.369839+00:00 [queued]>
[2024-10-29T20:26:38.387+0000] {taskinstance.py:2076} INFO - Dependencies all met for dep_context=requeueable deps ti=<TaskInstance: feature_engineer_news_sentiment_data.get_sentiment_data_s3 manual__2024-10-29T20:26:36.369839+00:00 [queued]>
[2024-10-29T20:26:38.387+0000] {taskinstance.py:2306} INFO - Starting attempt 1 of 1
[2024-10-29T20:26:38.396+0000] {taskinstance.py:2330} INFO - Executing <Task(PythonOperator): get_sentiment_data_s3> on 2024-10-29 20:26:36.369839+00:00
[2024-10-29T20:26:38.411+0000] {logging_mixin.py:188} WARNING - /home/***/.local/lib/python3.12/site-packages/***/task/task_runner/standard_task_runner.py:61 DeprecationWarning: This process (pid=1393) is multi-threaded, use of fork() may lead to deadlocks in the child.
[2024-10-29T20:26:38.410+0000] {standard_task_runner.py:90} INFO - Running: ['***', 'tasks', 'run', 'feature_engineer_news_sentiment_data', 'get_sentiment_data_s3', 'manual__2024-10-29T20:26:36.369839+00:00', '--job-id', '248', '--raw', '--subdir', 'DAGS_FOLDER/stock_data_pipelines.py', '--cfg-path', '/tmp/tmp8fleet1n']
[2024-10-29T20:26:38.413+0000] {standard_task_runner.py:63} INFO - Started process 1398 to run task
[2024-10-29T20:26:38.414+0000] {standard_task_runner.py:91} INFO - Job 248: Subtask get_sentiment_data_s3
[2024-10-29T20:26:38.439+0000] {logging_mixin.py:188} WARNING - /home/***/.local/lib/python3.12/site-packages/***/settings.py:195 DeprecationWarning: The sql_alchemy_conn option in [core] has been moved to the sql_alchemy_conn option in [database] - the old setting has been used, but please update your config.
[2024-10-29T20:26:38.489+0000] {task_command.py:426} INFO - Running <TaskInstance: feature_engineer_news_sentiment_data.get_sentiment_data_s3 manual__2024-10-29T20:26:36.369839+00:00 [running]> on host cf1c99cdc1a8
[2024-10-29T20:26:38.595+0000] {taskinstance.py:2648} INFO - Exporting env vars: AIRFLOW_CTX_DAG_OWNER='***' AIRFLOW_CTX_DAG_ID='feature_engineer_news_sentiment_data' AIRFLOW_CTX_TASK_ID='get_sentiment_data_s3' AIRFLOW_CTX_EXECUTION_DATE='2024-10-29T20:26:36.369839+00:00' AIRFLOW_CTX_TRY_NUMBER='1' AIRFLOW_CTX_DAG_RUN_ID='manual__2024-10-29T20:26:36.369839+00:00'
[2024-10-29T20:26:38.597+0000] {taskinstance.py:430} INFO - ::endgroup::
[2024-10-29T20:26:38.617+0000] {logging_mixin.py:188} INFO - Downloading bronze/news_sentiment_data.parquet from S3
[2024-10-29T20:26:38.642+0000] {credentials.py:1147} INFO - Found credentials in environment variables.
[2024-10-29T20:26:40.032+0000] {python.py:237} INFO - Done. Returned value was:                                                 title  ... ticker_sentiment
0   Why NextEra Energy Stock Is Moving Lower After...  ...         0.128346
1   Bitcoin Up 2%, Dogecoin Surges 11%: Crypto Mar...  ...              0.0
2   EyePoint Pharmaceuticals Announces Proposed Pu...  ...         0.067987
3   TransMedics Group Stock Sinks On Q3 Earnings: ...  ...         0.322295
4   CVR Energy Reports Third Quarter 2024 Results ...  ...         0.094746
5   Glancy Prongay & Murray LLP Reminds Investors ...  ...              0.0
6   Byline Bank Named a 2024 Best Workplace in Ill...  ...              0.0
7   If You Invested $100 In This Stock 5 Years Ago...  ...         0.373286
8   $1000 Invested In This Stock 5 Years Ago Would...  ...         0.373286
9   Prediction markets without funding friction: K...  ...         0.136739
10  Symbotic Announces Date for Reporting Fourth Q...  ...         0.028774
11  Dogecoin Price Pumps After Elon Musk Shares D....  ...         0.120372
12  VF Corp Q2 Earnings: Revenue Beat, EPS Beat, C...  ...         0.297595
13  Glancy Prongay & Murray LLP Reminds Investors ...  ...        -0.037345
14  This Is What Whales Are Betting On Walmart - W...  ...         0.388818
15  This Is What Whales Are Betting On Marvell Tec...  ...         0.021173
16  Looking At Las Vegas Sands's Recent Unusual Op...  ...          0.24558
17  Ring Energy Announces Timing of Third Quarter ...  ...             None
18  Ring Energy Announces Timing of Third Quarter ...  ...             None
19  Kamala Harris Connects With Gamers Via Fortnit...  ...         0.090363
20  BEN BREAKING NEWS: Franklin Resources, Inc. In...  ...              0.0
21  Spartan Capital Securities, LLC Serves as Sole...  ...         0.120032
22  Advisory: Fortis Inc. to Hold Teleconference o...  ...         0.030856
23  Ford Q3 Earnings: Revenue Beat, EPS Beat, EV S...  ...          0.13407
24  Navajo Power Home Delivers Affordable Clean En...  ...             None
25  A Look Into Flex Inc's Price Over Earnings - F...  ...             None
26  Here's How Much You Would Have Made Owning Ste...  ...         0.384186
27  Bullish Monday For Marijuana Stocks - Greenlan...  ...         0.435656
28                           FactSet to Acquire Irwin  ...             None
29         Interpublic Declares Common Stock Dividend  ...             None
30  NEO Battery Materials Announces Closing of Non...  ...             None
31  NewAmsterdam Pharma to Participate in Upcoming...  ...           0.1115
32  NewAmsterdam Pharma to Participate in Upcoming...  ...         0.100526
33  USCB Financial Holdings, Inc. Declares Quarter...  ...         0.240783
34  Interpublic Declares Common Stock Dividend - I...  ...             None
35  Inspirato Announces Third Quarter Financial an...  ...         0.195087
36  FactSet to Acquire Irwin - FactSet Research Sy...  ...             None
37  USCB Financial Holdings, Inc. Declares Quarter...  ...         0.248635
38  Nokia Corporation: Repurchase of own shares on...  ...         0.556537
39  Origin Bancorp, Inc. Appoints Cecil Jones to B...  ...         0.243276
40  Origin Bancorp, Inc. Appoints Cecil Jones to B...  ...         0.269673
41  CPS Technologies Corp. Conference Call Notific...  ...              0.0
42  Alphabet Bulls Charge Ahead Of Q3: Will Meta's...  ...        -0.034399
43  AMD Q3 Earnings On Deck: Mixed Signals On Char...  ...        -0.040894
44  CRTC approves Google's application and paves w...  ...          0.11244
45  Coinbase to sponsor NBA team in aftermath of F...  ...         0.046186
46  Jamie Dimon Rips 'Stupid Calculations' In Prop...  ...             None
47  APA Corporation Appoints Kenneth Fisher to Boa...  ...         0.599808
48  APA Corporation Appoints Kenneth Fisher to Boa...  ...         0.634609
49  PROCEPT BioRobotics Corporation Announces Prop...  ...         0.075465

[50 rows x 11 columns]
[2024-10-29T20:26:40.054+0000] {taskinstance.py:441} INFO - ::group::Post task execution logs
[2024-10-29T20:26:40.101+0000] {taskinstance.py:1206} INFO - Marking task as SUCCESS. dag_id=feature_engineer_news_sentiment_data, task_id=get_sentiment_data_s3, run_id=manual__2024-10-29T20:26:36.369839+00:00, execution_date=20241029T202636, start_date=20241029T202638, end_date=20241029T202640
[2024-10-29T20:26:40.154+0000] {local_task_job_runner.py:240} INFO - Task exited with return code 0
[2024-10-29T20:26:40.179+0000] {taskinstance.py:3503} INFO - 0 downstream tasks scheduled from follow-on schedule check
[2024-10-29T20:26:40.181+0000] {local_task_job_runner.py:222} INFO - ::endgroup::
