[2024-10-30T11:07:16.011+0000] {local_task_job_runner.py:120} INFO - ::group::Pre task execution logs
[2024-10-30T11:07:16.048+0000] {taskinstance.py:2076} INFO - Dependencies all met for dep_context=non-requeueable deps ti=<TaskInstance: Stock-Data-Pipeline.clean_insider_transaction_data manual__2024-10-30T00:33:57.081828+00:00 [queued]>
[2024-10-30T11:07:16.058+0000] {taskinstance.py:2076} INFO - Dependencies all met for dep_context=requeueable deps ti=<TaskInstance: Stock-Data-Pipeline.clean_insider_transaction_data manual__2024-10-30T00:33:57.081828+00:00 [queued]>
[2024-10-30T11:07:16.059+0000] {taskinstance.py:2306} INFO - Starting attempt 1 of 1
[2024-10-30T11:07:16.069+0000] {taskinstance.py:2330} INFO - Executing <Task(PythonOperator): clean_insider_transaction_data> on 2024-10-30 00:33:57.081828+00:00
[2024-10-30T11:07:16.083+0000] {logging_mixin.py:188} WARNING - /home/***/.local/lib/python3.12/site-packages/***/task/task_runner/standard_task_runner.py:61 DeprecationWarning: This process (pid=20033) is multi-threaded, use of fork() may lead to deadlocks in the child.
[2024-10-30T11:07:16.085+0000] {standard_task_runner.py:63} INFO - Started process 20045 to run task
[2024-10-30T11:07:16.085+0000] {standard_task_runner.py:90} INFO - Running: ['***', 'tasks', 'run', 'Stock-Data-Pipeline', 'clean_insider_transaction_data', 'manual__2024-10-30T00:33:57.081828+00:00', '--job-id', '271', '--raw', '--subdir', 'DAGS_FOLDER/stock_data_pipeline.py', '--cfg-path', '/tmp/tmpu3tr022r']
[2024-10-30T11:07:16.089+0000] {standard_task_runner.py:91} INFO - Job 271: Subtask clean_insider_transaction_data
[2024-10-30T11:07:16.112+0000] {logging_mixin.py:188} WARNING - /home/***/.local/lib/python3.12/site-packages/***/settings.py:195 DeprecationWarning: The sql_alchemy_conn option in [core] has been moved to the sql_alchemy_conn option in [database] - the old setting has been used, but please update your config.
[2024-10-30T11:07:16.173+0000] {task_command.py:426} INFO - Running <TaskInstance: Stock-Data-Pipeline.clean_insider_transaction_data manual__2024-10-30T00:33:57.081828+00:00 [running]> on host cf1c99cdc1a8
[2024-10-30T11:07:16.279+0000] {taskinstance.py:2648} INFO - Exporting env vars: AIRFLOW_CTX_DAG_OWNER='***' AIRFLOW_CTX_DAG_ID='Stock-Data-Pipeline' AIRFLOW_CTX_TASK_ID='clean_insider_transaction_data' AIRFLOW_CTX_EXECUTION_DATE='2024-10-30T00:33:57.081828+00:00' AIRFLOW_CTX_TRY_NUMBER='1' AIRFLOW_CTX_DAG_RUN_ID='manual__2024-10-30T00:33:57.081828+00:00'
[2024-10-30T11:07:16.281+0000] {taskinstance.py:430} INFO - ::endgroup::
[2024-10-30T11:07:16.490+0000] {python.py:237} INFO - Done. Returned value was:       transaction_date ticker  ... shares share_price
0           2024-09-30    IBM  ...  396.0    221.0800
1           2024-09-30    IBM  ...  250.0    221.0800
2           2024-09-30    IBM  ...  453.0    221.0800
3           2024-09-30    IBM  ...  357.0    221.0800
4           2024-09-30    IBM  ...  419.0    221.0800
...                ...    ...  ...    ...         ...
24016       2015-11-24  GOOGL  ...  300.0    773.4667
24017       2015-08-03  GOOGL  ...  145.0      0.0000
24018       2015-08-03  GOOGL  ...  104.0      0.0000
24019       2015-08-03  GOOGL  ...  104.0      0.0000
24020       2015-08-03  GOOGL  ...  145.0      0.0000

[22976 rows x 8 columns]
[2024-10-30T11:07:16.522+0000] {taskinstance.py:441} INFO - ::group::Post task execution logs
[2024-10-30T11:07:16.653+0000] {taskinstance.py:1206} INFO - Marking task as SUCCESS. dag_id=Stock-Data-Pipeline, task_id=clean_insider_transaction_data, run_id=manual__2024-10-30T00:33:57.081828+00:00, execution_date=20241030T003357, start_date=20241030T110716, end_date=20241030T110716
[2024-10-30T11:07:16.702+0000] {local_task_job_runner.py:240} INFO - Task exited with return code 0
[2024-10-30T11:07:16.736+0000] {taskinstance.py:3503} INFO - 1 downstream tasks scheduled from follow-on schedule check
[2024-10-30T11:07:16.738+0000] {local_task_job_runner.py:222} INFO - ::endgroup::
