[2024-10-29T17:55:50.665+0000] {local_task_job_runner.py:120} INFO - ::group::Pre task execution logs
[2024-10-29T17:55:50.702+0000] {taskinstance.py:2066} INFO - Dependencies not met for <TaskInstance: join_and_feature_engineer_all_data.store_engineered_data_s3 manual__2024-10-29T14:30:15.385142+00:00 [queued]>, dependency 'Trigger Rule' FAILED: Task's trigger rule 'all_success' requires all upstream tasks to have succeeded, but found 1 non-success(es). upstream_states=_UpstreamTIStates(success=0, skipped=0, failed=0, upstream_failed=0, removed=0, done=0, success_setup=0, skipped_setup=0), upstream_task_ids={'engineer_ml_features'}
[2024-10-29T17:55:50.705+0000] {local_task_job_runner.py:163} INFO - Task is not able to be run
[2024-10-29T18:28:08.465+0000] {local_task_job_runner.py:120} INFO - ::group::Pre task execution logs
[2024-10-29T18:28:08.496+0000] {taskinstance.py:2076} INFO - Dependencies all met for dep_context=non-requeueable deps ti=<TaskInstance: join_and_feature_engineer_all_data.store_engineered_data_s3 manual__2024-10-29T14:30:15.385142+00:00 [queued]>
[2024-10-29T18:28:08.503+0000] {taskinstance.py:2076} INFO - Dependencies all met for dep_context=requeueable deps ti=<TaskInstance: join_and_feature_engineer_all_data.store_engineered_data_s3 manual__2024-10-29T14:30:15.385142+00:00 [queued]>
[2024-10-29T18:28:08.504+0000] {taskinstance.py:2306} INFO - Starting attempt 1 of 1
[2024-10-29T18:28:08.513+0000] {taskinstance.py:2330} INFO - Executing <Task(PythonOperator): store_engineered_data_s3> on 2024-10-29 14:30:15.385142+00:00
[2024-10-29T18:28:08.523+0000] {logging_mixin.py:188} WARNING - /home/***/.local/lib/python3.12/site-packages/***/task/task_runner/standard_task_runner.py:61 DeprecationWarning: This process (pid=5772) is multi-threaded, use of fork() may lead to deadlocks in the child.
[2024-10-29T18:28:08.525+0000] {standard_task_runner.py:63} INFO - Started process 5781 to run task
[2024-10-29T18:28:08.525+0000] {standard_task_runner.py:90} INFO - Running: ['***', 'tasks', 'run', 'join_and_feature_engineer_all_data', 'store_engineered_data_s3', 'manual__2024-10-29T14:30:15.385142+00:00', '--job-id', '244', '--raw', '--subdir', 'DAGS_FOLDER/stock_data_pipelines.py', '--cfg-path', '/tmp/tmpua4xfjut']
[2024-10-29T18:28:08.528+0000] {standard_task_runner.py:91} INFO - Job 244: Subtask store_engineered_data_s3
[2024-10-29T18:28:08.549+0000] {logging_mixin.py:188} WARNING - /home/***/.local/lib/python3.12/site-packages/***/settings.py:195 DeprecationWarning: The sql_alchemy_conn option in [core] has been moved to the sql_alchemy_conn option in [database] - the old setting has been used, but please update your config.
[2024-10-29T18:28:08.593+0000] {task_command.py:426} INFO - Running <TaskInstance: join_and_feature_engineer_all_data.store_engineered_data_s3 manual__2024-10-29T14:30:15.385142+00:00 [running]> on host a5e3407ec3e4
[2024-10-29T18:28:08.681+0000] {taskinstance.py:2648} INFO - Exporting env vars: AIRFLOW_CTX_DAG_OWNER='***' AIRFLOW_CTX_DAG_ID='join_and_feature_engineer_all_data' AIRFLOW_CTX_TASK_ID='store_engineered_data_s3' AIRFLOW_CTX_EXECUTION_DATE='2024-10-29T14:30:15.385142+00:00' AIRFLOW_CTX_TRY_NUMBER='1' AIRFLOW_CTX_DAG_RUN_ID='manual__2024-10-29T14:30:15.385142+00:00'
[2024-10-29T18:28:08.683+0000] {taskinstance.py:430} INFO - ::endgroup::
[2024-10-29T18:28:08.906+0000] {credentials.py:1147} INFO - Found credentials in environment variables.
[2024-10-29T18:28:09.979+0000] {python.py:237} INFO - Done. Returned value was: None
[2024-10-29T18:28:09.983+0000] {taskinstance.py:441} INFO - ::group::Post task execution logs
[2024-10-29T18:28:10.013+0000] {taskinstance.py:1206} INFO - Marking task as SUCCESS. dag_id=join_and_feature_engineer_all_data, task_id=store_engineered_data_s3, run_id=manual__2024-10-29T14:30:15.385142+00:00, execution_date=20241029T143015, start_date=20241029T182808, end_date=20241029T182810
[2024-10-29T18:28:10.091+0000] {local_task_job_runner.py:240} INFO - Task exited with return code 0
[2024-10-29T18:28:10.112+0000] {taskinstance.py:3503} INFO - 0 downstream tasks scheduled from follow-on schedule check
[2024-10-29T18:28:10.115+0000] {local_task_job_runner.py:222} INFO - ::endgroup::
