[2024-10-30T14:49:25.769+0000] {local_task_job_runner.py:120} INFO - ::group::Pre task execution logs
[2024-10-30T14:49:25.807+0000] {taskinstance.py:2076} INFO - Dependencies all met for dep_context=non-requeueable deps ti=<TaskInstance: Predice-Stock-ML-Pipeline.get_engineered_stock_data_s3 manual__2024-10-30T14:27:23.134497+00:00 [queued]>
[2024-10-30T14:49:25.814+0000] {taskinstance.py:2076} INFO - Dependencies all met for dep_context=requeueable deps ti=<TaskInstance: Predice-Stock-ML-Pipeline.get_engineered_stock_data_s3 manual__2024-10-30T14:27:23.134497+00:00 [queued]>
[2024-10-30T14:49:25.815+0000] {taskinstance.py:2306} INFO - Starting attempt 2 of 2
[2024-10-30T14:49:25.825+0000] {taskinstance.py:2330} INFO - Executing <Task(PythonOperator): get_engineered_stock_data_s3> on 2024-10-30 14:27:23.134497+00:00
[2024-10-30T14:49:25.837+0000] {logging_mixin.py:188} WARNING - /home/***/.local/lib/python3.12/site-packages/***/task/task_runner/standard_task_runner.py:61 DeprecationWarning: This process (pid=2289) is multi-threaded, use of fork() may lead to deadlocks in the child.
[2024-10-30T14:49:25.839+0000] {standard_task_runner.py:63} INFO - Started process 2298 to run task
[2024-10-30T14:49:25.840+0000] {standard_task_runner.py:90} INFO - Running: ['***', 'tasks', 'run', 'Predice-Stock-ML-Pipeline', 'get_engineered_stock_data_s3', 'manual__2024-10-30T14:27:23.134497+00:00', '--job-id', '307', '--raw', '--subdir', 'DAGS_FOLDER/stock_and_sentiment_ml_pipeline.py', '--cfg-path', '/tmp/tmpe50hrda1']
[2024-10-30T14:49:25.843+0000] {standard_task_runner.py:91} INFO - Job 307: Subtask get_engineered_stock_data_s3
[2024-10-30T14:49:25.864+0000] {logging_mixin.py:188} WARNING - /home/***/.local/lib/python3.12/site-packages/***/settings.py:195 DeprecationWarning: The sql_alchemy_conn option in [core] has been moved to the sql_alchemy_conn option in [database] - the old setting has been used, but please update your config.
[2024-10-30T14:49:25.911+0000] {task_command.py:426} INFO - Running <TaskInstance: Predice-Stock-ML-Pipeline.get_engineered_stock_data_s3 manual__2024-10-30T14:27:23.134497+00:00 [running]> on host cf1c99cdc1a8
[2024-10-30T14:49:26.452+0000] {taskinstance.py:2648} INFO - Exporting env vars: AIRFLOW_CTX_DAG_OWNER='***' AIRFLOW_CTX_DAG_ID='Predice-Stock-ML-Pipeline' AIRFLOW_CTX_TASK_ID='get_engineered_stock_data_s3' AIRFLOW_CTX_EXECUTION_DATE='2024-10-30T14:27:23.134497+00:00' AIRFLOW_CTX_TRY_NUMBER='2' AIRFLOW_CTX_DAG_RUN_ID='manual__2024-10-30T14:27:23.134497+00:00'
[2024-10-30T14:49:26.453+0000] {taskinstance.py:430} INFO - ::endgroup::
[2024-10-30T14:49:26.465+0000] {logging_mixin.py:188} INFO - Downloading silver/engineered_stock_data.parquet from S3
[2024-10-30T14:49:26.484+0000] {credentials.py:1147} INFO - Found credentials in environment variables.
[2024-10-30T14:49:30.366+0000] {python.py:237} INFO - Done. Returned value was:        timestamp  ...  acquisition_or_disposal_D
0     1999-11-01  ...                      False
1     1999-11-01  ...                      False
2     1999-11-02  ...                      False
3     1999-11-02  ...                      False
4     1999-11-03  ...                      False
...          ...  ...                        ...
17657 2024-10-28  ...                      False
17658 2024-10-28  ...                      False
17659 2024-10-29  ...                      False
17660 2024-10-29  ...                      False
17661 2024-10-29  ...                      False

[17662 rows x 187 columns]
[2024-10-30T14:49:30.408+0000] {taskinstance.py:441} INFO - ::group::Post task execution logs
[2024-10-30T14:49:30.715+0000] {taskinstance.py:1206} INFO - Marking task as SUCCESS. dag_id=Predice-Stock-ML-Pipeline, task_id=get_engineered_stock_data_s3, run_id=manual__2024-10-30T14:27:23.134497+00:00, execution_date=20241030T142723, start_date=20241030T144925, end_date=20241030T144930
[2024-10-30T14:49:30.794+0000] {local_task_job_runner.py:240} INFO - Task exited with return code 0
[2024-10-30T14:49:30.829+0000] {taskinstance.py:3503} INFO - 1 downstream tasks scheduled from follow-on schedule check
[2024-10-30T14:49:30.831+0000] {local_task_job_runner.py:222} INFO - ::endgroup::
