[2024-10-30T14:50:44.698+0000] {local_task_job_runner.py:120} INFO - ::group::Pre task execution logs
[2024-10-30T14:50:44.734+0000] {taskinstance.py:2076} INFO - Dependencies all met for dep_context=non-requeueable deps ti=<TaskInstance: Predice-Stock-ML-Pipeline.get_engineered_stock_data_s3 manual__2024-10-30T14:27:23.134497+00:00 [queued]>
[2024-10-30T14:50:44.741+0000] {taskinstance.py:2076} INFO - Dependencies all met for dep_context=requeueable deps ti=<TaskInstance: Predice-Stock-ML-Pipeline.get_engineered_stock_data_s3 manual__2024-10-30T14:27:23.134497+00:00 [queued]>
[2024-10-30T14:50:44.742+0000] {taskinstance.py:2306} INFO - Starting attempt 3 of 3
[2024-10-30T14:50:44.752+0000] {taskinstance.py:2330} INFO - Executing <Task(PythonOperator): get_engineered_stock_data_s3> on 2024-10-30 14:27:23.134497+00:00
[2024-10-30T14:50:44.769+0000] {logging_mixin.py:188} WARNING - /home/***/.local/lib/python3.12/site-packages/***/task/task_runner/standard_task_runner.py:61 DeprecationWarning: This process (pid=2430) is multi-threaded, use of fork() may lead to deadlocks in the child.
[2024-10-30T14:50:44.772+0000] {standard_task_runner.py:63} INFO - Started process 2441 to run task
[2024-10-30T14:50:44.780+0000] {standard_task_runner.py:90} INFO - Running: ['***', 'tasks', 'run', 'Predice-Stock-ML-Pipeline', 'get_engineered_stock_data_s3', 'manual__2024-10-30T14:27:23.134497+00:00', '--job-id', '309', '--raw', '--subdir', 'DAGS_FOLDER/stock_and_sentiment_ml_pipeline.py', '--cfg-path', '/tmp/tmp0d7_3o3a']
[2024-10-30T14:50:44.787+0000] {standard_task_runner.py:91} INFO - Job 309: Subtask get_engineered_stock_data_s3
[2024-10-30T14:50:44.831+0000] {logging_mixin.py:188} WARNING - /home/***/.local/lib/python3.12/site-packages/***/settings.py:195 DeprecationWarning: The sql_alchemy_conn option in [core] has been moved to the sql_alchemy_conn option in [database] - the old setting has been used, but please update your config.
[2024-10-30T14:50:44.894+0000] {task_command.py:426} INFO - Running <TaskInstance: Predice-Stock-ML-Pipeline.get_engineered_stock_data_s3 manual__2024-10-30T14:27:23.134497+00:00 [running]> on host cf1c99cdc1a8
[2024-10-30T14:50:45.520+0000] {taskinstance.py:2648} INFO - Exporting env vars: AIRFLOW_CTX_DAG_OWNER='***' AIRFLOW_CTX_DAG_ID='Predice-Stock-ML-Pipeline' AIRFLOW_CTX_TASK_ID='get_engineered_stock_data_s3' AIRFLOW_CTX_EXECUTION_DATE='2024-10-30T14:27:23.134497+00:00' AIRFLOW_CTX_TRY_NUMBER='3' AIRFLOW_CTX_DAG_RUN_ID='manual__2024-10-30T14:27:23.134497+00:00'
[2024-10-30T14:50:45.522+0000] {taskinstance.py:430} INFO - ::endgroup::
[2024-10-30T14:50:45.533+0000] {logging_mixin.py:188} INFO - Downloading silver/engineered_stock_data.parquet from S3
[2024-10-30T14:50:45.560+0000] {credentials.py:1147} INFO - Found credentials in environment variables.
[2024-10-30T14:50:50.018+0000] {python.py:237} INFO - Done. Returned value was:        timestamp  ...  acquisition_or_disposal_D
0     1999-11-01  ...                      False
1     1999-11-01  ...                      False
2     1999-11-02  ...                      False
3     1999-11-02  ...                      False
4     1999-11-03  ...                      False
...          ...  ...                        ...
17657 2024-10-28  ...                      False
17658 2024-10-28  ...                      False
17659 2024-10-29  ...                      False
17660 2024-10-29  ...                      False
17661 2024-10-29  ...                      False

[17662 rows x 187 columns]
[2024-10-30T14:50:50.060+0000] {taskinstance.py:441} INFO - ::group::Post task execution logs
[2024-10-30T14:50:50.357+0000] {taskinstance.py:1206} INFO - Marking task as SUCCESS. dag_id=Predice-Stock-ML-Pipeline, task_id=get_engineered_stock_data_s3, run_id=manual__2024-10-30T14:27:23.134497+00:00, execution_date=20241030T142723, start_date=20241030T145044, end_date=20241030T145050
[2024-10-30T14:50:50.447+0000] {local_task_job_runner.py:240} INFO - Task exited with return code 0
[2024-10-30T14:50:50.477+0000] {taskinstance.py:3503} INFO - 1 downstream tasks scheduled from follow-on schedule check
[2024-10-30T14:50:50.480+0000] {local_task_job_runner.py:222} INFO - ::endgroup::
