[2024-10-28T15:21:00.191+0000] {local_task_job_runner.py:120} INFO - ::group::Pre task execution logs
[2024-10-28T15:21:00.226+0000] {taskinstance.py:2076} INFO - Dependencies all met for dep_context=non-requeueable deps ti=<TaskInstance: fetch_and_clean_stock_data.store_stock_data_s3 manual__2024-10-28T15:07:03.349825+00:00 [queued]>
[2024-10-28T15:21:00.234+0000] {taskinstance.py:2076} INFO - Dependencies all met for dep_context=requeueable deps ti=<TaskInstance: fetch_and_clean_stock_data.store_stock_data_s3 manual__2024-10-28T15:07:03.349825+00:00 [queued]>
[2024-10-28T15:21:00.235+0000] {taskinstance.py:2306} INFO - Starting attempt 2 of 2
[2024-10-28T15:21:00.245+0000] {taskinstance.py:2330} INFO - Executing <Task(PythonOperator): store_stock_data_s3> on 2024-10-28 15:07:03.349825+00:00
[2024-10-28T15:21:00.255+0000] {logging_mixin.py:188} WARNING - /home/***/.local/lib/python3.12/site-packages/***/task/task_runner/standard_task_runner.py:61 DeprecationWarning: This process (pid=193) is multi-threaded, use of fork() may lead to deadlocks in the child.
[2024-10-28T15:21:00.257+0000] {standard_task_runner.py:63} INFO - Started process 195 to run task
[2024-10-28T15:21:00.256+0000] {standard_task_runner.py:90} INFO - Running: ['***', 'tasks', 'run', 'fetch_and_clean_stock_data', 'store_stock_data_s3', 'manual__2024-10-28T15:07:03.349825+00:00', '--job-id', '36', '--raw', '--subdir', 'DAGS_FOLDER/stock_data_pipelines.py', '--cfg-path', '/tmp/tmponwkk1jp']
[2024-10-28T15:21:00.260+0000] {standard_task_runner.py:91} INFO - Job 36: Subtask store_stock_data_s3
[2024-10-28T15:21:00.283+0000] {logging_mixin.py:188} WARNING - /home/***/.local/lib/python3.12/site-packages/***/settings.py:195 DeprecationWarning: The sql_alchemy_conn option in [core] has been moved to the sql_alchemy_conn option in [database] - the old setting has been used, but please update your config.
[2024-10-28T15:21:00.337+0000] {task_command.py:426} INFO - Running <TaskInstance: fetch_and_clean_stock_data.store_stock_data_s3 manual__2024-10-28T15:07:03.349825+00:00 [running]> on host 66a068bd0545
[2024-10-28T15:21:00.447+0000] {taskinstance.py:2648} INFO - Exporting env vars: AIRFLOW_CTX_DAG_OWNER='***' AIRFLOW_CTX_DAG_ID='fetch_and_clean_stock_data' AIRFLOW_CTX_TASK_ID='store_stock_data_s3' AIRFLOW_CTX_EXECUTION_DATE='2024-10-28T15:07:03.349825+00:00' AIRFLOW_CTX_TRY_NUMBER='2' AIRFLOW_CTX_DAG_RUN_ID='manual__2024-10-28T15:07:03.349825+00:00'
[2024-10-28T15:21:00.449+0000] {taskinstance.py:430} INFO - ::endgroup::
[2024-10-28T15:21:00.694+0000] {credentials.py:1147} INFO - Found credentials in environment variables.
[2024-10-28T15:21:00.832+0000] {taskinstance.py:441} INFO - ::group::Post task execution logs
[2024-10-28T15:21:00.833+0000] {taskinstance.py:2905} ERROR - Task failed with exception
Traceback (most recent call last):
  File "/home/airflow/.local/lib/python3.12/site-packages/airflow/models/taskinstance.py", line 465, in _execute_task
    result = _execute_callable(context=context, **execute_callable_kwargs)
             ^^^^^^^^^^^^^^^^^^^^^^^^^^^^^^^^^^^^^^^^^^^^^^^^^^^^^^^^^^^^^
  File "/home/airflow/.local/lib/python3.12/site-packages/airflow/models/taskinstance.py", line 432, in _execute_callable
    return execute_callable(context=context, **execute_callable_kwargs)
           ^^^^^^^^^^^^^^^^^^^^^^^^^^^^^^^^^^^^^^^^^^^^^^^^^^^^^^^^^^^^
  File "/home/airflow/.local/lib/python3.12/site-packages/airflow/models/baseoperator.py", line 401, in wrapper
    return func(self, *args, **kwargs)
           ^^^^^^^^^^^^^^^^^^^^^^^^^^^
  File "/home/airflow/.local/lib/python3.12/site-packages/airflow/operators/python.py", line 235, in execute
    return_value = self.execute_callable()
                   ^^^^^^^^^^^^^^^^^^^^^^^
  File "/home/airflow/.local/lib/python3.12/site-packages/airflow/operators/python.py", line 252, in execute_callable
    return self.python_callable(*self.op_args, **self.op_kwargs)
           ^^^^^^^^^^^^^^^^^^^^^^^^^^^^^^^^^^^^^^^^^^^^^^^^^^^^^
  File "/opt/airflow/dags/utils/s3_helper.py", line 15, in store_bronze_data_in_s3
    save_to_s3(df, file_name)
  File "/opt/airflow/dags/utils/s3_helper.py", line 20, in save_to_s3
    s3.upload_file(file_name, bucket_name, file_name)
  File "/home/airflow/.local/lib/python3.12/site-packages/boto3/s3/inject.py", line 145, in upload_file
    return transfer.upload_file(
           ^^^^^^^^^^^^^^^^^^^^^
  File "/home/airflow/.local/lib/python3.12/site-packages/boto3/s3/transfer.py", line 371, in upload_file
    future.result()
  File "/home/airflow/.local/lib/python3.12/site-packages/s3transfer/futures.py", line 103, in result
    return self._coordinator.result()
           ^^^^^^^^^^^^^^^^^^^^^^^^^^
  File "/home/airflow/.local/lib/python3.12/site-packages/s3transfer/futures.py", line 266, in result
    raise self._exception
  File "/home/airflow/.local/lib/python3.12/site-packages/s3transfer/tasks.py", line 269, in _main
    self._submit(transfer_future=transfer_future, **kwargs)
  File "/home/airflow/.local/lib/python3.12/site-packages/s3transfer/upload.py", line 591, in _submit
    upload_input_manager.provide_transfer_size(transfer_future)
  File "/home/airflow/.local/lib/python3.12/site-packages/s3transfer/upload.py", line 244, in provide_transfer_size
    self._osutil.get_file_size(transfer_future.meta.call_args.fileobj)
  File "/home/airflow/.local/lib/python3.12/site-packages/s3transfer/utils.py", line 256, in get_file_size
    return os.path.getsize(filename)
           ^^^^^^^^^^^^^^^^^^^^^^^^^
  File "<frozen genericpath>", line 62, in getsize
FileNotFoundError: [Errno 2] No such file or directory: 'bronze/stock_data.parquet'
[2024-10-28T15:21:00.856+0000] {taskinstance.py:1206} INFO - Marking task as FAILED. dag_id=fetch_and_clean_stock_data, task_id=store_stock_data_s3, run_id=manual__2024-10-28T15:07:03.349825+00:00, execution_date=20241028T150703, start_date=20241028T152100, end_date=20241028T152100
[2024-10-28T15:21:00.869+0000] {standard_task_runner.py:110} ERROR - Failed to execute job 36 for task store_stock_data_s3 ([Errno 2] No such file or directory: 'bronze/stock_data.parquet'; 195)
[2024-10-28T15:21:00.923+0000] {local_task_job_runner.py:240} INFO - Task exited with return code 1
[2024-10-28T15:21:00.947+0000] {taskinstance.py:3503} INFO - 0 downstream tasks scheduled from follow-on schedule check
[2024-10-28T15:21:00.949+0000] {local_task_job_runner.py:222} INFO - ::endgroup::
