[2024-10-29T18:26:48.132+0000] {local_task_job_runner.py:120} INFO - ::group::Pre task execution logs
[2024-10-29T18:26:48.163+0000] {taskinstance.py:2076} INFO - Dependencies all met for dep_context=non-requeueable deps ti=<TaskInstance: fetch_and_clean_stock_data.store_stock_data_s3 manual__2024-10-28T15:07:03.349825+00:00 [queued]>
[2024-10-29T18:26:48.170+0000] {taskinstance.py:2076} INFO - Dependencies all met for dep_context=requeueable deps ti=<TaskInstance: fetch_and_clean_stock_data.store_stock_data_s3 manual__2024-10-28T15:07:03.349825+00:00 [queued]>
[2024-10-29T18:26:48.171+0000] {taskinstance.py:2306} INFO - Starting attempt 8 of 8
[2024-10-29T18:26:48.180+0000] {taskinstance.py:2330} INFO - Executing <Task(PythonOperator): store_stock_data_s3> on 2024-10-28 15:07:03.349825+00:00
[2024-10-29T18:26:48.192+0000] {logging_mixin.py:188} WARNING - /home/***/.local/lib/python3.12/site-packages/***/task/task_runner/standard_task_runner.py:61 DeprecationWarning: This process (pid=5609) is multi-threaded, use of fork() may lead to deadlocks in the child.
[2024-10-29T18:26:48.194+0000] {standard_task_runner.py:63} INFO - Started process 5621 to run task
[2024-10-29T18:26:48.194+0000] {standard_task_runner.py:90} INFO - Running: ['***', 'tasks', 'run', 'fetch_and_clean_stock_data', 'store_stock_data_s3', 'manual__2024-10-28T15:07:03.349825+00:00', '--job-id', '237', '--raw', '--subdir', 'DAGS_FOLDER/stock_data_pipelines.py', '--cfg-path', '/tmp/tmpfswegls5']
[2024-10-29T18:26:48.197+0000] {standard_task_runner.py:91} INFO - Job 237: Subtask store_stock_data_s3
[2024-10-29T18:26:48.217+0000] {logging_mixin.py:188} WARNING - /home/***/.local/lib/python3.12/site-packages/***/settings.py:195 DeprecationWarning: The sql_alchemy_conn option in [core] has been moved to the sql_alchemy_conn option in [database] - the old setting has been used, but please update your config.
[2024-10-29T18:26:48.274+0000] {task_command.py:426} INFO - Running <TaskInstance: fetch_and_clean_stock_data.store_stock_data_s3 manual__2024-10-28T15:07:03.349825+00:00 [running]> on host a5e3407ec3e4
[2024-10-29T18:26:48.389+0000] {taskinstance.py:2648} INFO - Exporting env vars: AIRFLOW_CTX_DAG_OWNER='***' AIRFLOW_CTX_DAG_ID='fetch_and_clean_stock_data' AIRFLOW_CTX_TASK_ID='store_stock_data_s3' AIRFLOW_CTX_EXECUTION_DATE='2024-10-28T15:07:03.349825+00:00' AIRFLOW_CTX_TRY_NUMBER='8' AIRFLOW_CTX_DAG_RUN_ID='manual__2024-10-28T15:07:03.349825+00:00'
[2024-10-29T18:26:48.391+0000] {taskinstance.py:430} INFO - ::endgroup::
[2024-10-29T18:26:48.517+0000] {credentials.py:1147} INFO - Found credentials in environment variables.
[2024-10-29T18:26:49.888+0000] {python.py:237} INFO - Done. Returned value was: None
[2024-10-29T18:26:49.888+0000] {taskinstance.py:441} INFO - ::group::Post task execution logs
[2024-10-29T18:26:49.904+0000] {taskinstance.py:1206} INFO - Marking task as SUCCESS. dag_id=fetch_and_clean_stock_data, task_id=store_stock_data_s3, run_id=manual__2024-10-28T15:07:03.349825+00:00, execution_date=20241028T150703, start_date=20241029T182648, end_date=20241029T182649
[2024-10-29T18:26:49.976+0000] {local_task_job_runner.py:240} INFO - Task exited with return code 0
[2024-10-29T18:26:49.997+0000] {taskinstance.py:3503} INFO - 0 downstream tasks scheduled from follow-on schedule check
[2024-10-29T18:26:49.999+0000] {local_task_job_runner.py:222} INFO - ::endgroup::
