[2024-10-28T15:14:10.757+0000] {local_task_job_runner.py:120} INFO - ::group::Pre task execution logs
[2024-10-28T15:14:10.787+0000] {taskinstance.py:2076} INFO - Dependencies all met for dep_context=non-requeueable deps ti=<TaskInstance: fetch_and_clean_stock_data.store_stock_data_s3 manual__2024-10-28T15:07:03.349825+00:00 [queued]>
[2024-10-28T15:14:10.793+0000] {taskinstance.py:2076} INFO - Dependencies all met for dep_context=requeueable deps ti=<TaskInstance: fetch_and_clean_stock_data.store_stock_data_s3 manual__2024-10-28T15:07:03.349825+00:00 [queued]>
[2024-10-28T15:14:10.794+0000] {taskinstance.py:2306} INFO - Starting attempt 1 of 1
[2024-10-28T15:14:10.802+0000] {taskinstance.py:2330} INFO - Executing <Task(PythonOperator): store_stock_data_s3> on 2024-10-28 15:07:03.349825+00:00
[2024-10-28T15:14:10.810+0000] {logging_mixin.py:188} WARNING - /home/***/.local/lib/python3.12/site-packages/***/task/task_runner/standard_task_runner.py:61 DeprecationWarning: This process (pid=216) is multi-threaded, use of fork() may lead to deadlocks in the child.
[2024-10-28T15:14:10.812+0000] {standard_task_runner.py:63} INFO - Started process 218 to run task
[2024-10-28T15:14:10.812+0000] {standard_task_runner.py:90} INFO - Running: ['***', 'tasks', 'run', 'fetch_and_clean_stock_data', 'store_stock_data_s3', 'manual__2024-10-28T15:07:03.349825+00:00', '--job-id', '34', '--raw', '--subdir', 'DAGS_FOLDER/stock_data_pipelines.py', '--cfg-path', '/tmp/tmprlxv18ub']
[2024-10-28T15:14:10.815+0000] {standard_task_runner.py:91} INFO - Job 34: Subtask store_stock_data_s3
[2024-10-28T15:14:10.833+0000] {logging_mixin.py:188} WARNING - /home/***/.local/lib/python3.12/site-packages/***/settings.py:195 DeprecationWarning: The sql_alchemy_conn option in [core] has been moved to the sql_alchemy_conn option in [database] - the old setting has been used, but please update your config.
[2024-10-28T15:14:10.876+0000] {task_command.py:426} INFO - Running <TaskInstance: fetch_and_clean_stock_data.store_stock_data_s3 manual__2024-10-28T15:07:03.349825+00:00 [running]> on host 66a068bd0545
[2024-10-28T15:14:10.962+0000] {taskinstance.py:2648} INFO - Exporting env vars: AIRFLOW_CTX_DAG_OWNER='***' AIRFLOW_CTX_DAG_ID='fetch_and_clean_stock_data' AIRFLOW_CTX_TASK_ID='store_stock_data_s3' AIRFLOW_CTX_EXECUTION_DATE='2024-10-28T15:07:03.349825+00:00' AIRFLOW_CTX_TRY_NUMBER='1' AIRFLOW_CTX_DAG_RUN_ID='manual__2024-10-28T15:07:03.349825+00:00'
[2024-10-28T15:14:10.964+0000] {taskinstance.py:430} INFO - ::endgroup::
[2024-10-28T15:14:11.070+0000] {taskinstance.py:441} INFO - ::group::Post task execution logs
[2024-10-28T15:14:11.071+0000] {taskinstance.py:2905} ERROR - Task failed with exception
Traceback (most recent call last):
  File "/home/airflow/.local/lib/python3.12/site-packages/airflow/models/taskinstance.py", line 465, in _execute_task
    result = _execute_callable(context=context, **execute_callable_kwargs)
             ^^^^^^^^^^^^^^^^^^^^^^^^^^^^^^^^^^^^^^^^^^^^^^^^^^^^^^^^^^^^^
  File "/home/airflow/.local/lib/python3.12/site-packages/airflow/models/taskinstance.py", line 432, in _execute_callable
    return execute_callable(context=context, **execute_callable_kwargs)
           ^^^^^^^^^^^^^^^^^^^^^^^^^^^^^^^^^^^^^^^^^^^^^^^^^^^^^^^^^^^^
  File "/home/airflow/.local/lib/python3.12/site-packages/airflow/models/baseoperator.py", line 401, in wrapper
    return func(self, *args, **kwargs)
           ^^^^^^^^^^^^^^^^^^^^^^^^^^^
  File "/home/airflow/.local/lib/python3.12/site-packages/airflow/operators/python.py", line 235, in execute
    return_value = self.execute_callable()
                   ^^^^^^^^^^^^^^^^^^^^^^^
  File "/home/airflow/.local/lib/python3.12/site-packages/airflow/operators/python.py", line 252, in execute_callable
    return self.python_callable(*self.op_args, **self.op_kwargs)
           ^^^^^^^^^^^^^^^^^^^^^^^^^^^^^^^^^^^^^^^^^^^^^^^^^^^^^
  File "/opt/airflow/dags/utils/s3_helper.py", line 15, in store_bronze_data_in_s3
    save_to_s3(df, file_name)
  File "/opt/airflow/dags/utils/s3_helper.py", line 18, in save_to_s3
    df.to_parquet(file_name)
  File "/home/airflow/.local/lib/python3.12/site-packages/pandas/core/frame.py", line 2970, in to_parquet
    return to_parquet(
           ^^^^^^^^^^^
  File "/home/airflow/.local/lib/python3.12/site-packages/pandas/io/parquet.py", line 483, in to_parquet
    impl.write(
  File "/home/airflow/.local/lib/python3.12/site-packages/pandas/io/parquet.py", line 197, in write
    path_or_handle, handles, filesystem = _get_path_or_handle(
                                          ^^^^^^^^^^^^^^^^^^^^
  File "/home/airflow/.local/lib/python3.12/site-packages/pandas/io/parquet.py", line 139, in _get_path_or_handle
    handles = get_handle(
              ^^^^^^^^^^^
  File "/home/airflow/.local/lib/python3.12/site-packages/pandas/io/common.py", line 739, in get_handle
    check_parent_directory(str(handle))
  File "/home/airflow/.local/lib/python3.12/site-packages/pandas/io/common.py", line 604, in check_parent_directory
    raise OSError(rf"Cannot save file into a non-existent directory: '{parent}'")
OSError: Cannot save file into a non-existent directory: 'bronze'
[2024-10-28T15:14:11.092+0000] {taskinstance.py:1206} INFO - Marking task as FAILED. dag_id=fetch_and_clean_stock_data, task_id=store_stock_data_s3, run_id=manual__2024-10-28T15:07:03.349825+00:00, execution_date=20241028T150703, start_date=20241028T151410, end_date=20241028T151411
[2024-10-28T15:14:11.102+0000] {standard_task_runner.py:110} ERROR - Failed to execute job 34 for task store_stock_data_s3 (Cannot save file into a non-existent directory: 'bronze'; 218)
[2024-10-28T15:14:11.151+0000] {local_task_job_runner.py:240} INFO - Task exited with return code 1
[2024-10-28T15:14:11.171+0000] {taskinstance.py:3503} INFO - 0 downstream tasks scheduled from follow-on schedule check
[2024-10-28T15:14:11.173+0000] {local_task_job_runner.py:222} INFO - ::endgroup::
