[2024-10-31T12:05:18.556+0000] {local_task_job_runner.py:120} INFO - ::group::Pre task execution logs
[2024-10-31T12:05:18.635+0000] {taskinstance.py:2076} INFO - Dependencies all met for dep_context=non-requeueable deps ti=<TaskInstance: Stock-Data-Pipeline.fetch_technical_indicators_data manual__2024-10-30T11:06:50.919751+00:00 [queued]>
[2024-10-31T12:05:18.651+0000] {taskinstance.py:2076} INFO - Dependencies all met for dep_context=requeueable deps ti=<TaskInstance: Stock-Data-Pipeline.fetch_technical_indicators_data manual__2024-10-30T11:06:50.919751+00:00 [queued]>
[2024-10-31T12:05:18.652+0000] {taskinstance.py:2306} INFO - Starting attempt 2 of 2
[2024-10-31T12:05:18.686+0000] {taskinstance.py:2330} INFO - Executing <Task(PythonOperator): fetch_technical_indicators_data> on 2024-10-30 11:06:50.919751+00:00
[2024-10-31T12:05:18.719+0000] {logging_mixin.py:188} WARNING - /home/***/.local/lib/python3.12/site-packages/***/task/task_runner/standard_task_runner.py:61 DeprecationWarning: This process (pid=48464) is multi-threaded, use of fork() may lead to deadlocks in the child.
[2024-10-31T12:05:18.725+0000] {standard_task_runner.py:63} INFO - Started process 48528 to run task
[2024-10-31T12:05:18.737+0000] {standard_task_runner.py:90} INFO - Running: ['***', 'tasks', 'run', 'Stock-Data-Pipeline', 'fetch_technical_indicators_data', 'manual__2024-10-30T11:06:50.919751+00:00', '--job-id', '351', '--raw', '--subdir', 'DAGS_FOLDER/stock_data_pipeline.py', '--cfg-path', '/tmp/tmp2ii7ek1g']
[2024-10-31T12:05:18.747+0000] {standard_task_runner.py:91} INFO - Job 351: Subtask fetch_technical_indicators_data
[2024-10-31T12:05:18.867+0000] {logging_mixin.py:188} WARNING - /home/***/.local/lib/python3.12/site-packages/***/settings.py:195 DeprecationWarning: The sql_alchemy_conn option in [core] has been moved to the sql_alchemy_conn option in [database] - the old setting has been used, but please update your config.
[2024-10-31T12:05:19.137+0000] {task_command.py:426} INFO - Running <TaskInstance: Stock-Data-Pipeline.fetch_technical_indicators_data manual__2024-10-30T11:06:50.919751+00:00 [running]> on host cf1c99cdc1a8
[2024-10-31T12:05:19.446+0000] {taskinstance.py:2648} INFO - Exporting env vars: AIRFLOW_CTX_DAG_OWNER='***' AIRFLOW_CTX_DAG_ID='Stock-Data-Pipeline' AIRFLOW_CTX_TASK_ID='fetch_technical_indicators_data' AIRFLOW_CTX_EXECUTION_DATE='2024-10-30T11:06:50.919751+00:00' AIRFLOW_CTX_TRY_NUMBER='2' AIRFLOW_CTX_DAG_RUN_ID='manual__2024-10-30T11:06:50.919751+00:00'
[2024-10-31T12:05:19.452+0000] {taskinstance.py:430} INFO - ::endgroup::
[2024-10-31T12:05:35.346+0000] {python.py:237} INFO - Done. Returned value was:              date symbol       SMA       EMA       WMA      DEMA
0      1999-11-12   AAPL    0.6485    0.6485    0.6674      None
1      1999-11-12    IBM   48.6306   48.6306   48.5340      None
2      1999-11-15   AAPL    0.6558    0.6535    0.6724      None
3      1999-11-15    IBM   48.5093   48.7108   48.6141      None
4      1999-11-16   AAPL    0.6648    0.6580    0.6765      None
...           ...    ...       ...       ...       ...       ...
17633  2024-10-29  GOOGL  164.7120  165.2098  165.2007  166.2008
17634  2024-10-29    IBM  225.4730  222.4504  221.7913  218.1026
17635  2024-10-30   AAPL  233.0775  232.1741  232.6127  233.1529
17636  2024-10-30  GOOGL  166.3270  168.0226  168.1040  171.1347
17637  2024-10-30    IBM  223.2100  220.0921  218.8835  214.6053

[17638 rows x 6 columns]
[2024-10-31T12:05:35.357+0000] {taskinstance.py:441} INFO - ::group::Post task execution logs
[2024-10-31T12:05:35.502+0000] {taskinstance.py:1206} INFO - Marking task as SUCCESS. dag_id=Stock-Data-Pipeline, task_id=fetch_technical_indicators_data, run_id=manual__2024-10-30T11:06:50.919751+00:00, execution_date=20241030T110650, start_date=20241031T120518, end_date=20241031T120535
[2024-10-31T12:05:35.558+0000] {local_task_job_runner.py:240} INFO - Task exited with return code 0
[2024-10-31T12:05:35.591+0000] {taskinstance.py:3503} INFO - 1 downstream tasks scheduled from follow-on schedule check
[2024-10-31T12:05:35.592+0000] {local_task_job_runner.py:222} INFO - ::endgroup::
