[2024-10-30T11:06:57.673+0000] {local_task_job_runner.py:120} INFO - ::group::Pre task execution logs
[2024-10-30T11:06:58.251+0000] {taskinstance.py:2076} INFO - Dependencies all met for dep_context=non-requeueable deps ti=<TaskInstance: Stock-Data-Pipeline.fetch_technical_indicators_data manual__2024-10-30T11:06:50.919751+00:00 [queued]>
[2024-10-30T11:06:58.293+0000] {taskinstance.py:2076} INFO - Dependencies all met for dep_context=requeueable deps ti=<TaskInstance: Stock-Data-Pipeline.fetch_technical_indicators_data manual__2024-10-30T11:06:50.919751+00:00 [queued]>
[2024-10-30T11:06:58.295+0000] {taskinstance.py:2306} INFO - Starting attempt 1 of 1
[2024-10-30T11:06:58.352+0000] {taskinstance.py:2330} INFO - Executing <Task(PythonOperator): fetch_technical_indicators_data> on 2024-10-30 11:06:50.919751+00:00
[2024-10-30T11:06:58.471+0000] {logging_mixin.py:188} WARNING - /home/***/.local/lib/python3.12/site-packages/***/task/task_runner/standard_task_runner.py:61 DeprecationWarning: This process (pid=19906) is multi-threaded, use of fork() may lead to deadlocks in the child.
[2024-10-30T11:06:58.496+0000] {standard_task_runner.py:63} INFO - Started process 19957 to run task
[2024-10-30T11:06:58.467+0000] {standard_task_runner.py:90} INFO - Running: ['***', 'tasks', 'run', 'Stock-Data-Pipeline', 'fetch_technical_indicators_data', 'manual__2024-10-30T11:06:50.919751+00:00', '--job-id', '266', '--raw', '--subdir', 'DAGS_FOLDER/stock_data_pipeline.py', '--cfg-path', '/tmp/tmphv_cr9d7']
[2024-10-30T11:06:58.516+0000] {standard_task_runner.py:91} INFO - Job 266: Subtask fetch_technical_indicators_data
[2024-10-30T11:06:58.675+0000] {logging_mixin.py:188} WARNING - /home/***/.local/lib/python3.12/site-packages/***/settings.py:195 DeprecationWarning: The sql_alchemy_conn option in [core] has been moved to the sql_alchemy_conn option in [database] - the old setting has been used, but please update your config.
[2024-10-30T11:06:59.161+0000] {task_command.py:426} INFO - Running <TaskInstance: Stock-Data-Pipeline.fetch_technical_indicators_data manual__2024-10-30T11:06:50.919751+00:00 [running]> on host cf1c99cdc1a8
[2024-10-30T11:06:59.794+0000] {taskinstance.py:2648} INFO - Exporting env vars: AIRFLOW_CTX_DAG_OWNER='***' AIRFLOW_CTX_DAG_ID='Stock-Data-Pipeline' AIRFLOW_CTX_TASK_ID='fetch_technical_indicators_data' AIRFLOW_CTX_EXECUTION_DATE='2024-10-30T11:06:50.919751+00:00' AIRFLOW_CTX_TRY_NUMBER='1' AIRFLOW_CTX_DAG_RUN_ID='manual__2024-10-30T11:06:50.919751+00:00'
[2024-10-30T11:06:59.804+0000] {taskinstance.py:430} INFO - ::endgroup::
[2024-10-30T11:07:09.062+0000] {local_task_job_runner.py:310} WARNING - State of this instance has been externally set to failed. Terminating instance.
[2024-10-30T11:07:09.069+0000] {local_task_job_runner.py:222} INFO - ::endgroup::
[2024-10-30T11:07:09.075+0000] {process_utils.py:132} INFO - Sending 15 to group 19957. PIDs of all processes in the group: [19957]
[2024-10-30T11:07:09.077+0000] {process_utils.py:87} INFO - Sending the signal 15 to group 19957
[2024-10-30T11:07:09.078+0000] {taskinstance.py:2611} ERROR - Received SIGTERM. Terminating subprocesses.
[2024-10-30T11:07:09.082+0000] {taskinstance.py:441} INFO - ::group::Post task execution logs
[2024-10-30T11:07:09.211+0000] {process_utils.py:80} INFO - Process psutil.Process(pid=19957, status='terminated', exitcode=0, started='11:06:58') (19957) terminated with exit code 0
