[2024-10-29T20:29:37.271+0000] {local_task_job_runner.py:120} INFO - ::group::Pre task execution logs
[2024-10-29T20:29:37.306+0000] {taskinstance.py:2076} INFO - Dependencies all met for dep_context=non-requeueable deps ti=<TaskInstance: feature_engineer_news_sentiment_data.engineer_sentiment_features manual__2024-10-29T20:26:36.369839+00:00 [queued]>
[2024-10-29T20:29:37.313+0000] {taskinstance.py:2076} INFO - Dependencies all met for dep_context=requeueable deps ti=<TaskInstance: feature_engineer_news_sentiment_data.engineer_sentiment_features manual__2024-10-29T20:26:36.369839+00:00 [queued]>
[2024-10-29T20:29:37.314+0000] {taskinstance.py:2306} INFO - Starting attempt 2 of 2
[2024-10-29T20:29:37.326+0000] {taskinstance.py:2330} INFO - Executing <Task(PythonOperator): engineer_sentiment_features> on 2024-10-29 20:26:36.369839+00:00
[2024-10-29T20:29:37.344+0000] {logging_mixin.py:188} WARNING - /home/***/.local/lib/python3.12/site-packages/***/task/task_runner/standard_task_runner.py:61 DeprecationWarning: This process (pid=1615) is multi-threaded, use of fork() may lead to deadlocks in the child.
[2024-10-29T20:29:37.342+0000] {standard_task_runner.py:90} INFO - Running: ['***', 'tasks', 'run', 'feature_engineer_news_sentiment_data', 'engineer_sentiment_features', 'manual__2024-10-29T20:26:36.369839+00:00', '--job-id', '250', '--raw', '--subdir', 'DAGS_FOLDER/stock_data_pipelines.py', '--cfg-path', '/tmp/tmpjo_6meop']
[2024-10-29T20:29:37.347+0000] {standard_task_runner.py:63} INFO - Started process 1627 to run task
[2024-10-29T20:29:37.347+0000] {standard_task_runner.py:91} INFO - Job 250: Subtask engineer_sentiment_features
[2024-10-29T20:29:37.375+0000] {logging_mixin.py:188} WARNING - /home/***/.local/lib/python3.12/site-packages/***/settings.py:195 DeprecationWarning: The sql_alchemy_conn option in [core] has been moved to the sql_alchemy_conn option in [database] - the old setting has been used, but please update your config.
[2024-10-29T20:29:37.431+0000] {task_command.py:426} INFO - Running <TaskInstance: feature_engineer_news_sentiment_data.engineer_sentiment_features manual__2024-10-29T20:26:36.369839+00:00 [running]> on host cf1c99cdc1a8
[2024-10-29T20:29:37.535+0000] {taskinstance.py:2648} INFO - Exporting env vars: AIRFLOW_CTX_DAG_OWNER='***' AIRFLOW_CTX_DAG_ID='feature_engineer_news_sentiment_data' AIRFLOW_CTX_TASK_ID='engineer_sentiment_features' AIRFLOW_CTX_EXECUTION_DATE='2024-10-29T20:26:36.369839+00:00' AIRFLOW_CTX_TRY_NUMBER='2' AIRFLOW_CTX_DAG_RUN_ID='manual__2024-10-29T20:26:36.369839+00:00'
[2024-10-29T20:29:37.537+0000] {taskinstance.py:430} INFO - ::endgroup::
[2024-10-29T20:29:37.921+0000] {python.py:237} INFO - Done. Returned value was:                                                 title  ...                                topic_probabilities
0   Why NextEra Energy Stock Is Moving Lower After...  ...  [0.017965924929052468, 0.017965228362721786, 0...
1   Bitcoin Up 2%, Dogecoin Surges 11%: Crypto Mar...  ...  [0.012363828360422328, 0.8887217219079749, 0.0...
2   EyePoint Pharmaceuticals Announces Proposed Pu...  ...  [0.016418696704422763, 0.0164259691137663, 0.0...
3   TransMedics Group Stock Sinks On Q3 Earnings: ...  ...  [0.859546703295938, 0.015607193124252579, 0.01...
4   CVR Energy Reports Third Quarter 2024 Results ...  ...  [0.017173686382589804, 0.01717146003946983, 0....
5   Glancy Prongay & Murray LLP Reminds Investors ...  ...  [0.8622404318082306, 0.015305916001339091, 0.0...
6   Byline Bank Named a 2024 Best Workplace in Ill...  ...  [0.018954798274723874, 0.018950456306237984, 0...
7   If You Invested $100 In This Stock 5 Years Ago...  ...  [0.01611528401069086, 0.016115134165857047, 0....
8   $1000 Invested In This Stock 5 Years Ago Would...  ...  [0.8550613363341631, 0.016105400456720452, 0.0...
9   Prediction markets without funding friction: K...  ...  [0.015972934635045007, 0.01597326978128383, 0....
10  Symbotic Announces Date for Reporting Fourth Q...  ...  [0.0162649494494776, 0.016264277818879787, 0.0...
11  Dogecoin Price Pumps After Elon Musk Shares D....  ...  [0.017959608664666, 0.01795995930239413, 0.017...
12  VF Corp Q2 Earnings: Revenue Beat, EPS Beat, C...  ...  [0.016015798536591647, 0.8558715441150995, 0.0...
13  Glancy Prongay & Murray LLP Reminds Investors ...  ...  [0.015785702204711653, 0.015783429256604566, 0...
14  This Is What Whales Are Betting On Walmart - W...  ...  [0.016236476639460085, 0.01623666333947577, 0....
15  This Is What Whales Are Betting On Marvell Tec...  ...  [0.016843135641577245, 0.016843515763955815, 0...
16  Looking At Las Vegas Sands's Recent Unusual Op...  ...  [0.01670711875608747, 0.016708323082476956, 0....
17  Ring Energy Announces Timing of Third Quarter ...  ...  [0.8286377494716008, 0.019039507562596, 0.0190...
18  Ring Energy Announces Timing of Third Quarter ...  ...  [0.018533210288286348, 0.01852949105848632, 0....
19  Kamala Harris Connects With Gamers Via Fortnit...  ...  [0.016619693718536114, 0.8504230392925746, 0.0...
20  BEN BREAKING NEWS: Franklin Resources, Inc. In...  ...  [0.017260537323473817, 0.017262027910486172, 0...
21  Spartan Capital Securities, LLC Serves as Sole...  ...  [0.015536526780378347, 0.8601870004715346, 0.0...
22  Advisory: Fortis Inc. to Hold Teleconference o...  ...  [0.016465194418576613, 0.016468475049193965, 0...
23  Ford Q3 Earnings: Revenue Beat, EPS Beat, EV S...  ...  [0.015549370806469771, 0.015549266820280992, 0...
24  Navajo Power Home Delivers Affordable Clean En...  ...  [0.01510821624679643, 0.015105612359841692, 0....
25  A Look Into Flex Inc's Price Over Earnings - F...  ...  [0.019523770726278783, 0.8242966314411456, 0.0...
26  Here's How Much You Would Have Made Owning Ste...  ...  [0.01656746185103083, 0.016571288523156008, 0....
27  Bullish Monday For Marijuana Stocks - Greenlan...  ...  [0.0150257620579677, 0.015025395702741102, 0.0...
28                           FactSet to Acquire Irwin  ...  [0.022529651826930876, 0.02252989967388169, 0....
29         Interpublic Declares Common Stock Dividend  ...  [0.015852766946840187, 0.015850604760254895, 0...
30  NEO Battery Materials Announces Closing of Non...  ...  [0.8428858852503213, 0.017457897496647223, 0.0...
31  NewAmsterdam Pharma to Participate in Upcoming...  ...  [0.01598428457734334, 0.8561419976855965, 0.01...
32  NewAmsterdam Pharma to Participate in Upcoming...  ...  [0.021905058955505652, 0.02191583801990105, 0....
33  USCB Financial Holdings, Inc. Declares Quarter...  ...  [0.022147978853195235, 0.800651529605678, 0.02...
34  Interpublic Declares Common Stock Dividend - I...  ...  [0.015869118419386503, 0.015864738549323753, 0...
35  Inspirato Announces Third Quarter Financial an...  ...  [0.016317863714491464, 0.016313725794324364, 0...
36  FactSet to Acquire Irwin - FactSet Research Sy...  ...  [0.016330674447866587, 0.016331586052470124, 0...
37  USCB Financial Holdings, Inc. Declares Quarter...  ...  [0.016665251745203013, 0.016669888839712845, 0...
38  Nokia Corporation: Repurchase of own shares on...  ...  [0.02370698790832951, 0.02370485689133448, 0.0...
39  Origin Bancorp, Inc. Appoints Cecil Jones to B...  ...  [0.022677530823516936, 0.022677183676780677, 0...
40  Origin Bancorp, Inc. Appoints Cecil Jones to B...  ...  [0.02182966917015201, 0.021829312656930173, 0....
41  CPS Technologies Corp. Conference Call Notific...  ...  [0.01676195433035182, 0.016757461672452165, 0....
42  Alphabet Bulls Charge Ahead Of Q3: Will Meta's...  ...  [0.015148835744585722, 0.015149783516713571, 0...
43  AMD Q3 Earnings On Deck: Mixed Signals On Char...  ...  [0.014182812433392767, 0.014183268786281022, 0...
44  CRTC approves Google's application and paves w...  ...  [0.01600313063940817, 0.0160024070250853, 0.01...
45  Coinbase to sponsor NBA team in aftermath of F...  ...  [0.017392009854577, 0.01739171345651089, 0.017...
46  Jamie Dimon Rips 'Stupid Calculations' In Prop...  ...  [0.01562621640230079, 0.015626606020018526, 0....
47  APA Corporation Appoints Kenneth Fisher to Boa...  ...  [0.7971989555118763, 0.022531618572168895, 0.0...
48  APA Corporation Appoints Kenneth Fisher to Boa...  ...  [0.021758363848629697, 0.02175039449172035, 0....
49  PROCEPT BioRobotics Corporation Announces Prop...  ...  [0.0169357215839181, 0.016935994596011424, 0.0...

[50 rows x 13 columns]
[2024-10-29T20:29:37.941+0000] {taskinstance.py:441} INFO - ::group::Post task execution logs
[2024-10-29T20:29:37.985+0000] {taskinstance.py:1206} INFO - Marking task as SUCCESS. dag_id=feature_engineer_news_sentiment_data, task_id=engineer_sentiment_features, run_id=manual__2024-10-29T20:26:36.369839+00:00, execution_date=20241029T202636, start_date=20241029T202937, end_date=20241029T202937
[2024-10-29T20:29:38.058+0000] {local_task_job_runner.py:240} INFO - Task exited with return code 0
[2024-10-29T20:29:38.081+0000] {taskinstance.py:3503} INFO - 1 downstream tasks scheduled from follow-on schedule check
[2024-10-29T20:29:38.083+0000] {local_task_job_runner.py:222} INFO - ::endgroup::
