[2024-10-28T18:24:26.548+0000] {local_task_job_runner.py:120} INFO - ::group::Pre task execution logs
[2024-10-28T18:24:26.580+0000] {taskinstance.py:2076} INFO - Dependencies all met for dep_context=non-requeueable deps ti=<TaskInstance: fetch_and_clean_insider_transaction_data.fetch_insider_transaction_data manual__2024-10-28T15:53:59.592313+00:00 [queued]>
[2024-10-28T18:24:26.587+0000] {taskinstance.py:2076} INFO - Dependencies all met for dep_context=requeueable deps ti=<TaskInstance: fetch_and_clean_insider_transaction_data.fetch_insider_transaction_data manual__2024-10-28T15:53:59.592313+00:00 [queued]>
[2024-10-28T18:24:26.588+0000] {taskinstance.py:2306} INFO - Starting attempt 15 of 15
[2024-10-28T18:24:26.597+0000] {taskinstance.py:2330} INFO - Executing <Task(PythonOperator): fetch_insider_transaction_data> on 2024-10-28 15:53:59.592313+00:00
[2024-10-28T18:24:26.606+0000] {logging_mixin.py:188} WARNING - /home/***/.local/lib/python3.12/site-packages/***/task/task_runner/standard_task_runner.py:61 DeprecationWarning: This process (pid=7861) is multi-threaded, use of fork() may lead to deadlocks in the child.
[2024-10-28T18:24:26.608+0000] {standard_task_runner.py:63} INFO - Started process 7863 to run task
[2024-10-28T18:24:26.608+0000] {standard_task_runner.py:90} INFO - Running: ['***', 'tasks', 'run', 'fetch_and_clean_insider_transaction_data', 'fetch_insider_transaction_data', 'manual__2024-10-28T15:53:59.592313+00:00', '--job-id', '66', '--raw', '--subdir', 'DAGS_FOLDER/stock_data_pipelines.py', '--cfg-path', '/tmp/tmpmewrcw0q']
[2024-10-28T18:24:26.612+0000] {standard_task_runner.py:91} INFO - Job 66: Subtask fetch_insider_transaction_data
[2024-10-28T18:24:26.631+0000] {logging_mixin.py:188} WARNING - /home/***/.local/lib/python3.12/site-packages/***/settings.py:195 DeprecationWarning: The sql_alchemy_conn option in [core] has been moved to the sql_alchemy_conn option in [database] - the old setting has been used, but please update your config.
[2024-10-28T18:24:26.679+0000] {task_command.py:426} INFO - Running <TaskInstance: fetch_and_clean_insider_transaction_data.fetch_insider_transaction_data manual__2024-10-28T15:53:59.592313+00:00 [running]> on host 66a068bd0545
[2024-10-28T18:24:26.784+0000] {taskinstance.py:2648} INFO - Exporting env vars: AIRFLOW_CTX_DAG_OWNER='***' AIRFLOW_CTX_DAG_ID='fetch_and_clean_insider_transaction_data' AIRFLOW_CTX_TASK_ID='fetch_insider_transaction_data' AIRFLOW_CTX_EXECUTION_DATE='2024-10-28T15:53:59.592313+00:00' AIRFLOW_CTX_TRY_NUMBER='15' AIRFLOW_CTX_DAG_RUN_ID='manual__2024-10-28T15:53:59.592313+00:00'
[2024-10-28T18:24:26.786+0000] {taskinstance.py:430} INFO - ::endgroup::
[2024-10-28T18:24:28.290+0000] {python.py:237} INFO - Done. Returned value was:      transaction_date ticker  ... shares share_price
0          2024-09-30    IBM  ...  396.0      221.08
1          2024-09-30    IBM  ...  250.0      221.08
2          2024-09-30    IBM  ...  453.0      221.08
3          2024-09-30    IBM  ...  357.0      221.08
4          2024-09-30    IBM  ...  419.0      221.08
...               ...    ...  ...    ...         ...
4073       2012-08-14    IBM  ...   10.0         0.0
4074       2012-08-14    IBM  ...   20.0         0.0
4075       2012-08-13    IBM  ...   65.0         0.0
4076       2012-08-13    IBM  ...  655.0         0.0
4077       2012-08-13    IBM  ...   65.0         0.0

[4078 rows x 8 columns]
[2024-10-28T18:24:28.311+0000] {taskinstance.py:441} INFO - ::group::Post task execution logs
[2024-10-28T18:24:28.381+0000] {taskinstance.py:1206} INFO - Marking task as SUCCESS. dag_id=fetch_and_clean_insider_transaction_data, task_id=fetch_insider_transaction_data, run_id=manual__2024-10-28T15:53:59.592313+00:00, execution_date=20241028T155359, start_date=20241028T182426, end_date=20241028T182428
[2024-10-28T18:24:28.434+0000] {local_task_job_runner.py:240} INFO - Task exited with return code 0
[2024-10-28T18:24:28.462+0000] {taskinstance.py:3503} INFO - 1 downstream tasks scheduled from follow-on schedule check
[2024-10-28T18:24:28.464+0000] {local_task_job_runner.py:222} INFO - ::endgroup::
