[2024-10-28T15:54:00.943+0000] {local_task_job_runner.py:120} INFO - ::group::Pre task execution logs
[2024-10-28T15:54:00.974+0000] {taskinstance.py:2076} INFO - Dependencies all met for dep_context=non-requeueable deps ti=<TaskInstance: fetch_and_clean_insider_transaction_data.fetch_insider_transaction_data manual__2024-10-28T15:53:59.592313+00:00 [queued]>
[2024-10-28T15:54:00.980+0000] {taskinstance.py:2076} INFO - Dependencies all met for dep_context=requeueable deps ti=<TaskInstance: fetch_and_clean_insider_transaction_data.fetch_insider_transaction_data manual__2024-10-28T15:53:59.592313+00:00 [queued]>
[2024-10-28T15:54:00.981+0000] {taskinstance.py:2306} INFO - Starting attempt 1 of 1
[2024-10-28T15:54:00.990+0000] {taskinstance.py:2330} INFO - Executing <Task(PythonOperator): fetch_insider_transaction_data> on 2024-10-28 15:53:59.592313+00:00
[2024-10-28T15:54:00.998+0000] {logging_mixin.py:188} WARNING - /home/***/.local/lib/python3.12/site-packages/***/task/task_runner/standard_task_runner.py:61 DeprecationWarning: This process (pid=530) is multi-threaded, use of fork() may lead to deadlocks in the child.
[2024-10-28T15:54:00.999+0000] {standard_task_runner.py:63} INFO - Started process 532 to run task
[2024-10-28T15:54:00.999+0000] {standard_task_runner.py:90} INFO - Running: ['***', 'tasks', 'run', 'fetch_and_clean_insider_transaction_data', 'fetch_insider_transaction_data', 'manual__2024-10-28T15:53:59.592313+00:00', '--job-id', '40', '--raw', '--subdir', 'DAGS_FOLDER/stock_data_pipelines.py', '--cfg-path', '/tmp/tmp5d8b0fu2']
[2024-10-28T15:54:01.003+0000] {standard_task_runner.py:91} INFO - Job 40: Subtask fetch_insider_transaction_data
[2024-10-28T15:54:01.021+0000] {logging_mixin.py:188} WARNING - /home/***/.local/lib/python3.12/site-packages/***/settings.py:195 DeprecationWarning: The sql_alchemy_conn option in [core] has been moved to the sql_alchemy_conn option in [database] - the old setting has been used, but please update your config.
[2024-10-28T15:54:01.064+0000] {task_command.py:426} INFO - Running <TaskInstance: fetch_and_clean_insider_transaction_data.fetch_insider_transaction_data manual__2024-10-28T15:53:59.592313+00:00 [running]> on host 66a068bd0545
[2024-10-28T15:54:01.150+0000] {taskinstance.py:2648} INFO - Exporting env vars: AIRFLOW_CTX_DAG_OWNER='***' AIRFLOW_CTX_DAG_ID='fetch_and_clean_insider_transaction_data' AIRFLOW_CTX_TASK_ID='fetch_insider_transaction_data' AIRFLOW_CTX_EXECUTION_DATE='2024-10-28T15:53:59.592313+00:00' AIRFLOW_CTX_TRY_NUMBER='1' AIRFLOW_CTX_DAG_RUN_ID='manual__2024-10-28T15:53:59.592313+00:00'
[2024-10-28T15:54:01.151+0000] {taskinstance.py:430} INFO - ::endgroup::
[2024-10-28T15:54:10.063+0000] {python.py:237} INFO - Done. Returned value was:                                                     data
0      {'transaction_date': '2024-10-15', 'ticker': '...
1      {'transaction_date': '2024-10-15', 'ticker': '...
2      {'transaction_date': '2024-10-15', 'ticker': '...
3      {'transaction_date': '2024-10-15', 'ticker': '...
4      {'transaction_date': '2024-10-15', 'ticker': '...
...                                                  ...
32636  {'transaction_date': '2012-08-14', 'ticker': '...
32637  {'transaction_date': '2012-08-14', 'ticker': '...
32638  {'transaction_date': '2012-08-13', 'ticker': '...
32639  {'transaction_date': '2012-08-13', 'ticker': '...
32640  {'transaction_date': '2012-08-13', 'ticker': '...

[32641 rows x 1 columns]
[2024-10-28T15:54:10.077+0000] {taskinstance.py:441} INFO - ::group::Post task execution logs
[2024-10-28T15:54:10.242+0000] {taskinstance.py:1206} INFO - Marking task as SUCCESS. dag_id=fetch_and_clean_insider_transaction_data, task_id=fetch_insider_transaction_data, run_id=manual__2024-10-28T15:53:59.592313+00:00, execution_date=20241028T155359, start_date=20241028T155400, end_date=20241028T155410
[2024-10-28T15:54:10.279+0000] {local_task_job_runner.py:240} INFO - Task exited with return code 0
[2024-10-28T15:54:10.293+0000] {local_task_job_runner.py:222} INFO - ::endgroup::
