[2024-10-29T17:17:12.052+0000] {local_task_job_runner.py:120} INFO - ::group::Pre task execution logs
[2024-10-29T17:17:12.088+0000] {taskinstance.py:2076} INFO - Dependencies all met for dep_context=non-requeueable deps ti=<TaskInstance: join_and_feature_engineer_all_data.get_stock_data_s3 manual__2024-10-29T14:30:15.385142+00:00 [queued]>
[2024-10-29T17:17:12.095+0000] {taskinstance.py:2076} INFO - Dependencies all met for dep_context=requeueable deps ti=<TaskInstance: join_and_feature_engineer_all_data.get_stock_data_s3 manual__2024-10-29T14:30:15.385142+00:00 [queued]>
[2024-10-29T17:17:12.096+0000] {taskinstance.py:2306} INFO - Starting attempt 33 of 33
[2024-10-29T17:17:12.111+0000] {taskinstance.py:2330} INFO - Executing <Task(PythonOperator): get_stock_data_s3> on 2024-10-29 14:30:15.385142+00:00
[2024-10-29T17:17:12.128+0000] {logging_mixin.py:188} WARNING - /home/***/.local/lib/python3.12/site-packages/***/task/task_runner/standard_task_runner.py:61 DeprecationWarning: This process (pid=680) is multi-threaded, use of fork() may lead to deadlocks in the child.
[2024-10-29T17:17:12.130+0000] {standard_task_runner.py:63} INFO - Started process 696 to run task
[2024-10-29T17:17:12.128+0000] {standard_task_runner.py:90} INFO - Running: ['***', 'tasks', 'run', 'join_and_feature_engineer_all_data', 'get_stock_data_s3', 'manual__2024-10-29T14:30:15.385142+00:00', '--job-id', '216', '--raw', '--subdir', 'DAGS_FOLDER/stock_data_pipelines.py', '--cfg-path', '/tmp/tmpqgp3u1j0']
[2024-10-29T17:17:12.133+0000] {standard_task_runner.py:91} INFO - Job 216: Subtask get_stock_data_s3
[2024-10-29T17:17:12.161+0000] {logging_mixin.py:188} WARNING - /home/***/.local/lib/python3.12/site-packages/***/settings.py:195 DeprecationWarning: The sql_alchemy_conn option in [core] has been moved to the sql_alchemy_conn option in [database] - the old setting has been used, but please update your config.
[2024-10-29T17:17:12.242+0000] {task_command.py:426} INFO - Running <TaskInstance: join_and_feature_engineer_all_data.get_stock_data_s3 manual__2024-10-29T14:30:15.385142+00:00 [running]> on host a5e3407ec3e4
[2024-10-29T17:17:12.373+0000] {taskinstance.py:2648} INFO - Exporting env vars: AIRFLOW_CTX_DAG_OWNER='***' AIRFLOW_CTX_DAG_ID='join_and_feature_engineer_all_data' AIRFLOW_CTX_TASK_ID='get_stock_data_s3' AIRFLOW_CTX_EXECUTION_DATE='2024-10-29T14:30:15.385142+00:00' AIRFLOW_CTX_TRY_NUMBER='33' AIRFLOW_CTX_DAG_RUN_ID='manual__2024-10-29T14:30:15.385142+00:00'
[2024-10-29T17:17:12.376+0000] {taskinstance.py:430} INFO - ::endgroup::
[2024-10-29T17:17:12.390+0000] {logging_mixin.py:188} INFO - Downloading bronze/stock_data.parquet from S3
[2024-10-29T17:17:12.418+0000] {credentials.py:1147} INFO - Found credentials in environment variables.
[2024-10-29T17:17:13.709+0000] {python.py:237} INFO - Done. Returned value was: Empty DataFrame
Columns: [timestamp, open, high, low, close, volume, symbol, {]
Index: []
[2024-10-29T17:17:13.712+0000] {taskinstance.py:441} INFO - ::group::Post task execution logs
[2024-10-29T17:17:13.754+0000] {taskinstance.py:1206} INFO - Marking task as SUCCESS. dag_id=join_and_feature_engineer_all_data, task_id=get_stock_data_s3, run_id=manual__2024-10-29T14:30:15.385142+00:00, execution_date=20241029T143015, start_date=20241029T171712, end_date=20241029T171713
[2024-10-29T17:17:13.845+0000] {local_task_job_runner.py:240} INFO - Task exited with return code 0
[2024-10-29T17:17:13.874+0000] {taskinstance.py:3503} INFO - 0 downstream tasks scheduled from follow-on schedule check
[2024-10-29T17:17:13.876+0000] {local_task_job_runner.py:222} INFO - ::endgroup::
