[2024-10-29T18:28:02.144+0000] {local_task_job_runner.py:120} INFO - ::group::Pre task execution logs
[2024-10-29T18:28:02.176+0000] {taskinstance.py:2076} INFO - Dependencies all met for dep_context=non-requeueable deps ti=<TaskInstance: join_and_feature_engineer_all_data.get_stock_data_s3 manual__2024-10-29T14:30:15.385142+00:00 [queued]>
[2024-10-29T18:28:02.182+0000] {taskinstance.py:2076} INFO - Dependencies all met for dep_context=requeueable deps ti=<TaskInstance: join_and_feature_engineer_all_data.get_stock_data_s3 manual__2024-10-29T14:30:15.385142+00:00 [queued]>
[2024-10-29T18:28:02.183+0000] {taskinstance.py:2306} INFO - Starting attempt 34 of 34
[2024-10-29T18:28:02.193+0000] {taskinstance.py:2330} INFO - Executing <Task(PythonOperator): get_stock_data_s3> on 2024-10-29 14:30:15.385142+00:00
[2024-10-29T18:28:02.204+0000] {logging_mixin.py:188} WARNING - /home/***/.local/lib/python3.12/site-packages/***/task/task_runner/standard_task_runner.py:61 DeprecationWarning: This process (pid=5730) is multi-threaded, use of fork() may lead to deadlocks in the child.
[2024-10-29T18:28:02.206+0000] {standard_task_runner.py:63} INFO - Started process 5735 to run task
[2024-10-29T18:28:02.206+0000] {standard_task_runner.py:90} INFO - Running: ['***', 'tasks', 'run', 'join_and_feature_engineer_all_data', 'get_stock_data_s3', 'manual__2024-10-29T14:30:15.385142+00:00', '--job-id', '241', '--raw', '--subdir', 'DAGS_FOLDER/stock_data_pipelines.py', '--cfg-path', '/tmp/tmp09t8nicq']
[2024-10-29T18:28:02.209+0000] {standard_task_runner.py:91} INFO - Job 241: Subtask get_stock_data_s3
[2024-10-29T18:28:02.230+0000] {logging_mixin.py:188} WARNING - /home/***/.local/lib/python3.12/site-packages/***/settings.py:195 DeprecationWarning: The sql_alchemy_conn option in [core] has been moved to the sql_alchemy_conn option in [database] - the old setting has been used, but please update your config.
[2024-10-29T18:28:02.280+0000] {task_command.py:426} INFO - Running <TaskInstance: join_and_feature_engineer_all_data.get_stock_data_s3 manual__2024-10-29T14:30:15.385142+00:00 [running]> on host a5e3407ec3e4
[2024-10-29T18:28:02.376+0000] {taskinstance.py:2648} INFO - Exporting env vars: AIRFLOW_CTX_DAG_OWNER='***' AIRFLOW_CTX_DAG_ID='join_and_feature_engineer_all_data' AIRFLOW_CTX_TASK_ID='get_stock_data_s3' AIRFLOW_CTX_EXECUTION_DATE='2024-10-29T14:30:15.385142+00:00' AIRFLOW_CTX_TRY_NUMBER='34' AIRFLOW_CTX_DAG_RUN_ID='manual__2024-10-29T14:30:15.385142+00:00'
[2024-10-29T18:28:02.378+0000] {taskinstance.py:430} INFO - ::endgroup::
[2024-10-29T18:28:02.389+0000] {logging_mixin.py:188} INFO - Downloading bronze/stock_data.parquet from S3
[2024-10-29T18:28:02.409+0000] {credentials.py:1147} INFO - Found credentials in environment variables.
[2024-10-29T18:28:03.603+0000] {python.py:237} INFO - Done. Returned value was:     timestamp    open     high      low   close    volume symbol
99 2024-06-06  167.38  168.440  166.800  168.20   2207263    IBM
98 2024-06-07  168.18  171.305  168.060  170.01   3475495    IBM
97 2024-06-10  169.55  170.760  168.880  170.38   3444684    IBM
96 2024-06-11  169.98  170.000  166.810  169.32   2951251    IBM
95 2024-06-12  171.35  172.470  168.101  169.00   3522698    IBM
..        ...     ...      ...      ...     ...       ...    ...
4  2024-10-22  231.99  232.970  230.670  232.25   3180807    IBM
3  2024-10-23  230.41  233.340  230.260  232.75   5791002    IBM
2  2024-10-24  220.80  221.320  216.160  218.39  11193440    IBM
1  2024-10-25  216.80  218.650  214.385  214.67   8482235    IBM
0  2024-10-28  215.50  216.250  212.700  212.91   4993343    IBM

[100 rows x 7 columns]
[2024-10-29T18:28:03.617+0000] {taskinstance.py:441} INFO - ::group::Post task execution logs
[2024-10-29T18:28:03.655+0000] {taskinstance.py:1206} INFO - Marking task as SUCCESS. dag_id=join_and_feature_engineer_all_data, task_id=get_stock_data_s3, run_id=manual__2024-10-29T14:30:15.385142+00:00, execution_date=20241029T143015, start_date=20241029T182802, end_date=20241029T182803
[2024-10-29T18:28:03.722+0000] {local_task_job_runner.py:240} INFO - Task exited with return code 0
[2024-10-29T18:28:03.749+0000] {taskinstance.py:3503} INFO - 1 downstream tasks scheduled from follow-on schedule check
[2024-10-29T18:28:03.751+0000] {local_task_job_runner.py:222} INFO - ::endgroup::
