[2024-10-29T14:54:20.505+0000] {local_task_job_runner.py:120} INFO - ::group::Pre task execution logs
[2024-10-29T14:54:20.542+0000] {taskinstance.py:2076} INFO - Dependencies all met for dep_context=non-requeueable deps ti=<TaskInstance: join_and_feature_engineer_all_data.get_stock_data_s3 manual__2024-10-29T14:30:15.385142+00:00 [queued]>
[2024-10-29T14:54:20.550+0000] {taskinstance.py:2076} INFO - Dependencies all met for dep_context=requeueable deps ti=<TaskInstance: join_and_feature_engineer_all_data.get_stock_data_s3 manual__2024-10-29T14:30:15.385142+00:00 [queued]>
[2024-10-29T14:54:20.551+0000] {taskinstance.py:2306} INFO - Starting attempt 5 of 5
[2024-10-29T14:54:20.562+0000] {taskinstance.py:2330} INFO - Executing <Task(PythonOperator): get_stock_data_s3> on 2024-10-29 14:30:15.385142+00:00
[2024-10-29T14:54:20.580+0000] {logging_mixin.py:188} WARNING - /home/***/.local/lib/python3.12/site-packages/***/task/task_runner/standard_task_runner.py:61 DeprecationWarning: This process (pid=1949) is multi-threaded, use of fork() may lead to deadlocks in the child.
[2024-10-29T14:54:20.582+0000] {standard_task_runner.py:63} INFO - Started process 1963 to run task
[2024-10-29T14:54:20.580+0000] {standard_task_runner.py:90} INFO - Running: ['***', 'tasks', 'run', 'join_and_feature_engineer_all_data', 'get_stock_data_s3', 'manual__2024-10-29T14:30:15.385142+00:00', '--job-id', '124', '--raw', '--subdir', 'DAGS_FOLDER/stock_data_pipelines.py', '--cfg-path', '/tmp/tmppmbfgwtq']
[2024-10-29T14:54:20.584+0000] {standard_task_runner.py:91} INFO - Job 124: Subtask get_stock_data_s3
[2024-10-29T14:54:20.612+0000] {logging_mixin.py:188} WARNING - /home/***/.local/lib/python3.12/site-packages/***/settings.py:195 DeprecationWarning: The sql_alchemy_conn option in [core] has been moved to the sql_alchemy_conn option in [database] - the old setting has been used, but please update your config.
[2024-10-29T14:54:20.674+0000] {task_command.py:426} INFO - Running <TaskInstance: join_and_feature_engineer_all_data.get_stock_data_s3 manual__2024-10-29T14:30:15.385142+00:00 [running]> on host c64098c5955c
[2024-10-29T14:54:20.806+0000] {taskinstance.py:2648} INFO - Exporting env vars: AIRFLOW_CTX_DAG_OWNER='***' AIRFLOW_CTX_DAG_ID='join_and_feature_engineer_all_data' AIRFLOW_CTX_TASK_ID='get_stock_data_s3' AIRFLOW_CTX_EXECUTION_DATE='2024-10-29T14:30:15.385142+00:00' AIRFLOW_CTX_TRY_NUMBER='5' AIRFLOW_CTX_DAG_RUN_ID='manual__2024-10-29T14:30:15.385142+00:00'
[2024-10-29T14:54:20.809+0000] {taskinstance.py:430} INFO - ::endgroup::
[2024-10-29T14:54:20.851+0000] {credentials.py:1147} INFO - Found credentials in environment variables.
[2024-10-29T14:54:22.017+0000] {taskinstance.py:441} INFO - ::group::Post task execution logs
[2024-10-29T14:54:22.019+0000] {taskinstance.py:2905} ERROR - Task failed with exception
Traceback (most recent call last):
  File "/home/airflow/.local/lib/python3.12/site-packages/airflow/models/taskinstance.py", line 465, in _execute_task
    result = _execute_callable(context=context, **execute_callable_kwargs)
             ^^^^^^^^^^^^^^^^^^^^^^^^^^^^^^^^^^^^^^^^^^^^^^^^^^^^^^^^^^^^^
  File "/home/airflow/.local/lib/python3.12/site-packages/airflow/models/taskinstance.py", line 432, in _execute_callable
    return execute_callable(context=context, **execute_callable_kwargs)
           ^^^^^^^^^^^^^^^^^^^^^^^^^^^^^^^^^^^^^^^^^^^^^^^^^^^^^^^^^^^^
  File "/home/airflow/.local/lib/python3.12/site-packages/airflow/models/baseoperator.py", line 401, in wrapper
    return func(self, *args, **kwargs)
           ^^^^^^^^^^^^^^^^^^^^^^^^^^^
  File "/home/airflow/.local/lib/python3.12/site-packages/airflow/operators/python.py", line 235, in execute
    return_value = self.execute_callable()
                   ^^^^^^^^^^^^^^^^^^^^^^^
  File "/home/airflow/.local/lib/python3.12/site-packages/airflow/operators/python.py", line 252, in execute_callable
    return self.python_callable(*self.op_args, **self.op_kwargs)
           ^^^^^^^^^^^^^^^^^^^^^^^^^^^^^^^^^^^^^^^^^^^^^^^^^^^^^
  File "/opt/airflow/dags/utils/s3_helper.py", line 74, in get_stock_data_from_s3
    return get_from_s3(bronze_stock_data_file_name)
           ^^^^^^^^^^^^^^^^^^^^^^^^^^^^^^^^^^^^^^^^
  File "/opt/airflow/dags/utils/s3_helper.py", line 40, in get_from_s3
    s3.head_object(Bucket=bucket_name, Key=file_name)
  File "/home/airflow/.local/lib/python3.12/site-packages/botocore/client.py", line 565, in _api_call
    return self._make_api_call(operation_name, kwargs)
           ^^^^^^^^^^^^^^^^^^^^^^^^^^^^^^^^^^^^^^^^^^^
  File "/home/airflow/.local/lib/python3.12/site-packages/botocore/client.py", line 1021, in _make_api_call
    raise error_class(parsed_response, operation_name)
botocore.exceptions.ClientError: An error occurred (403) when calling the HeadObject operation: Forbidden
[2024-10-29T14:54:22.054+0000] {taskinstance.py:1206} INFO - Marking task as FAILED. dag_id=join_and_feature_engineer_all_data, task_id=get_stock_data_s3, run_id=manual__2024-10-29T14:30:15.385142+00:00, execution_date=20241029T143015, start_date=20241029T145420, end_date=20241029T145422
[2024-10-29T14:54:22.074+0000] {standard_task_runner.py:110} ERROR - Failed to execute job 124 for task get_stock_data_s3 (An error occurred (403) when calling the HeadObject operation: Forbidden; 1963)
[2024-10-29T14:54:22.135+0000] {local_task_job_runner.py:240} INFO - Task exited with return code 1
[2024-10-29T14:54:22.154+0000] {local_task_job_runner.py:222} INFO - ::endgroup::
