[2024-10-29T17:14:23.727+0000] {local_task_job_runner.py:120} INFO - ::group::Pre task execution logs
[2024-10-29T17:14:23.770+0000] {taskinstance.py:2076} INFO - Dependencies all met for dep_context=non-requeueable deps ti=<TaskInstance: join_and_feature_engineer_all_data.get_stock_data_s3 manual__2024-10-29T14:30:15.385142+00:00 [queued]>
[2024-10-29T17:14:23.782+0000] {taskinstance.py:2076} INFO - Dependencies all met for dep_context=requeueable deps ti=<TaskInstance: join_and_feature_engineer_all_data.get_stock_data_s3 manual__2024-10-29T14:30:15.385142+00:00 [queued]>
[2024-10-29T17:14:23.783+0000] {taskinstance.py:2306} INFO - Starting attempt 30 of 30
[2024-10-29T17:14:23.798+0000] {taskinstance.py:2330} INFO - Executing <Task(PythonOperator): get_stock_data_s3> on 2024-10-29 14:30:15.385142+00:00
[2024-10-29T17:14:23.819+0000] {logging_mixin.py:188} WARNING - /home/***/.local/lib/python3.12/site-packages/***/task/task_runner/standard_task_runner.py:61 DeprecationWarning: This process (pid=440) is multi-threaded, use of fork() may lead to deadlocks in the child.
[2024-10-29T17:14:23.823+0000] {standard_task_runner.py:63} INFO - Started process 461 to run task
[2024-10-29T17:14:23.835+0000] {standard_task_runner.py:90} INFO - Running: ['***', 'tasks', 'run', 'join_and_feature_engineer_all_data', 'get_stock_data_s3', 'manual__2024-10-29T14:30:15.385142+00:00', '--job-id', '208', '--raw', '--subdir', 'DAGS_FOLDER/stock_data_pipelines.py', '--cfg-path', '/tmp/tmpt6c9j7h2']
[2024-10-29T17:14:23.842+0000] {standard_task_runner.py:91} INFO - Job 208: Subtask get_stock_data_s3
[2024-10-29T17:14:23.895+0000] {logging_mixin.py:188} WARNING - /home/***/.local/lib/python3.12/site-packages/***/settings.py:195 DeprecationWarning: The sql_alchemy_conn option in [core] has been moved to the sql_alchemy_conn option in [database] - the old setting has been used, but please update your config.
[2024-10-29T17:14:23.987+0000] {task_command.py:426} INFO - Running <TaskInstance: join_and_feature_engineer_all_data.get_stock_data_s3 manual__2024-10-29T14:30:15.385142+00:00 [running]> on host a5e3407ec3e4
[2024-10-29T17:14:24.133+0000] {taskinstance.py:2648} INFO - Exporting env vars: AIRFLOW_CTX_DAG_OWNER='***' AIRFLOW_CTX_DAG_ID='join_and_feature_engineer_all_data' AIRFLOW_CTX_TASK_ID='get_stock_data_s3' AIRFLOW_CTX_EXECUTION_DATE='2024-10-29T14:30:15.385142+00:00' AIRFLOW_CTX_TRY_NUMBER='30' AIRFLOW_CTX_DAG_RUN_ID='manual__2024-10-29T14:30:15.385142+00:00'
[2024-10-29T17:14:24.138+0000] {taskinstance.py:430} INFO - ::endgroup::
[2024-10-29T17:14:24.187+0000] {credentials.py:1147} INFO - Found credentials in environment variables.
[2024-10-29T17:14:25.750+0000] {taskinstance.py:441} INFO - ::group::Post task execution logs
[2024-10-29T17:14:25.752+0000] {taskinstance.py:2905} ERROR - Task failed with exception
Traceback (most recent call last):
  File "/home/airflow/.local/lib/python3.12/site-packages/airflow/models/taskinstance.py", line 465, in _execute_task
    result = _execute_callable(context=context, **execute_callable_kwargs)
             ^^^^^^^^^^^^^^^^^^^^^^^^^^^^^^^^^^^^^^^^^^^^^^^^^^^^^^^^^^^^^
  File "/home/airflow/.local/lib/python3.12/site-packages/airflow/models/taskinstance.py", line 432, in _execute_callable
    return execute_callable(context=context, **execute_callable_kwargs)
           ^^^^^^^^^^^^^^^^^^^^^^^^^^^^^^^^^^^^^^^^^^^^^^^^^^^^^^^^^^^^
  File "/home/airflow/.local/lib/python3.12/site-packages/airflow/models/baseoperator.py", line 401, in wrapper
    return func(self, *args, **kwargs)
           ^^^^^^^^^^^^^^^^^^^^^^^^^^^
  File "/home/airflow/.local/lib/python3.12/site-packages/airflow/operators/python.py", line 235, in execute
    return_value = self.execute_callable()
                   ^^^^^^^^^^^^^^^^^^^^^^^
  File "/home/airflow/.local/lib/python3.12/site-packages/airflow/operators/python.py", line 252, in execute_callable
    return self.python_callable(*self.op_args, **self.op_kwargs)
           ^^^^^^^^^^^^^^^^^^^^^^^^^^^^^^^^^^^^^^^^^^^^^^^^^^^^^
  File "/opt/airflow/dags/utils/s3_helper.py", line 68, in get_stock_data_from_s3
    return get_from_s3(bronze_stock_data_file_name)
           ^^^^^^^^^^^^^^^^^^^^^^^^^^^^^^^^^^^^^^^^
  File "/opt/airflow/dags/utils/s3_helper.py", line 38, in get_from_s3
    s3.download_file(bucket_name, file_name, local_path)
  File "/home/airflow/.local/lib/python3.12/site-packages/boto3/s3/inject.py", line 192, in download_file
    return transfer.download_file(
           ^^^^^^^^^^^^^^^^^^^^^^^
  File "/home/airflow/.local/lib/python3.12/site-packages/boto3/s3/transfer.py", line 405, in download_file
    future.result()
  File "/home/airflow/.local/lib/python3.12/site-packages/s3transfer/futures.py", line 103, in result
    return self._coordinator.result()
           ^^^^^^^^^^^^^^^^^^^^^^^^^^
  File "/home/airflow/.local/lib/python3.12/site-packages/s3transfer/futures.py", line 266, in result
    raise self._exception
  File "/home/airflow/.local/lib/python3.12/site-packages/s3transfer/tasks.py", line 139, in __call__
    return self._execute_main(kwargs)
           ^^^^^^^^^^^^^^^^^^^^^^^^^^
  File "/home/airflow/.local/lib/python3.12/site-packages/s3transfer/tasks.py", line 162, in _execute_main
    return_value = self._main(**kwargs)
                   ^^^^^^^^^^^^^^^^^^^^
  File "/home/airflow/.local/lib/python3.12/site-packages/s3transfer/download.py", line 642, in _main
    fileobj.seek(offset)
  File "/home/airflow/.local/lib/python3.12/site-packages/s3transfer/utils.py", line 387, in seek
    self._open_if_needed()
  File "/home/airflow/.local/lib/python3.12/site-packages/s3transfer/utils.py", line 370, in _open_if_needed
    self._fileobj = self._open_function(self._filename, self._mode)
                    ^^^^^^^^^^^^^^^^^^^^^^^^^^^^^^^^^^^^^^^^^^^^^^^
  File "/home/airflow/.local/lib/python3.12/site-packages/s3transfer/utils.py", line 281, in open
    return open(filename, mode)
           ^^^^^^^^^^^^^^^^^^^^
FileNotFoundError: [Errno 2] No such file or directory: '/opt/airflow/data/downloads/bronze/stock_data.parquet.d9Bdcd00'
[2024-10-29T17:14:25.779+0000] {taskinstance.py:1206} INFO - Marking task as FAILED. dag_id=join_and_feature_engineer_all_data, task_id=get_stock_data_s3, run_id=manual__2024-10-29T14:30:15.385142+00:00, execution_date=20241029T143015, start_date=20241029T171423, end_date=20241029T171425
[2024-10-29T17:14:25.793+0000] {standard_task_runner.py:110} ERROR - Failed to execute job 208 for task get_stock_data_s3 ([Errno 2] No such file or directory: '/opt/airflow/data/downloads/bronze/stock_data.parquet.d9Bdcd00'; 461)
[2024-10-29T17:14:25.861+0000] {local_task_job_runner.py:240} INFO - Task exited with return code 1
[2024-10-29T17:14:25.891+0000] {taskinstance.py:3503} INFO - 0 downstream tasks scheduled from follow-on schedule check
[2024-10-29T17:14:25.896+0000] {local_task_job_runner.py:222} INFO - ::endgroup::
