[2024-10-30T14:48:37.679+0000] {local_task_job_runner.py:120} INFO - ::group::Pre task execution logs
[2024-10-30T14:48:37.717+0000] {taskinstance.py:2076} INFO - Dependencies all met for dep_context=non-requeueable deps ti=<TaskInstance: Stock-Data-Pipeline.engineer_ml_features manual__2024-10-30T00:33:57.081828+00:00 [queued]>
[2024-10-30T14:48:37.725+0000] {taskinstance.py:2076} INFO - Dependencies all met for dep_context=requeueable deps ti=<TaskInstance: Stock-Data-Pipeline.engineer_ml_features manual__2024-10-30T00:33:57.081828+00:00 [queued]>
[2024-10-30T14:48:37.726+0000] {taskinstance.py:2306} INFO - Starting attempt 4 of 4
[2024-10-30T14:48:37.735+0000] {taskinstance.py:2330} INFO - Executing <Task(PythonOperator): engineer_ml_features> on 2024-10-30 00:33:57.081828+00:00
[2024-10-30T14:48:37.751+0000] {logging_mixin.py:188} WARNING - /home/***/.local/lib/python3.12/site-packages/***/task/task_runner/standard_task_runner.py:61 DeprecationWarning: This process (pid=2191) is multi-threaded, use of fork() may lead to deadlocks in the child.
[2024-10-30T14:48:37.750+0000] {standard_task_runner.py:90} INFO - Running: ['***', 'tasks', 'run', 'Stock-Data-Pipeline', 'engineer_ml_features', 'manual__2024-10-30T00:33:57.081828+00:00', '--job-id', '304', '--raw', '--subdir', 'DAGS_FOLDER/stock_data_pipeline.py', '--cfg-path', '/tmp/tmpr34cfzjq']
[2024-10-30T14:48:37.755+0000] {standard_task_runner.py:63} INFO - Started process 2196 to run task
[2024-10-30T14:48:37.755+0000] {standard_task_runner.py:91} INFO - Job 304: Subtask engineer_ml_features
[2024-10-30T14:48:37.786+0000] {logging_mixin.py:188} WARNING - /home/***/.local/lib/python3.12/site-packages/***/settings.py:195 DeprecationWarning: The sql_alchemy_conn option in [core] has been moved to the sql_alchemy_conn option in [database] - the old setting has been used, but please update your config.
[2024-10-30T14:48:37.869+0000] {task_command.py:426} INFO - Running <TaskInstance: Stock-Data-Pipeline.engineer_ml_features manual__2024-10-30T00:33:57.081828+00:00 [running]> on host cf1c99cdc1a8
[2024-10-30T14:48:38.108+0000] {taskinstance.py:2648} INFO - Exporting env vars: AIRFLOW_CTX_DAG_OWNER='***' AIRFLOW_CTX_DAG_ID='Stock-Data-Pipeline' AIRFLOW_CTX_TASK_ID='engineer_ml_features' AIRFLOW_CTX_EXECUTION_DATE='2024-10-30T00:33:57.081828+00:00' AIRFLOW_CTX_TRY_NUMBER='4' AIRFLOW_CTX_DAG_RUN_ID='manual__2024-10-30T00:33:57.081828+00:00'
[2024-10-30T14:48:38.110+0000] {taskinstance.py:430} INFO - ::endgroup::
[2024-10-30T14:48:38.262+0000] {logging_mixin.py:188} INFO -    timestamp   open   high    low  close  ...  SMA EMA   WMA DEMA  T3
0 1999-11-01  80.00  80.69  77.37  77.62  ...  NaN NaN  None  NaN NaN
1 1999-11-01  98.50  98.81  96.37  96.75  ...  NaN NaN  None  NaN NaN
2 1999-11-02  78.00  81.69  77.31  80.25  ...  NaN NaN  None  NaN NaN
3 1999-11-02  96.75  96.81  93.69  94.81  ...  NaN NaN  None  NaN NaN
4 1999-11-03  95.87  95.94  93.50  94.37  ...  NaN NaN  None  NaN NaN
5 1999-11-03  81.62  83.25  81.00  81.50  ...  NaN NaN  None  NaN NaN
6 1999-11-04  94.44  94.44  90.00  91.56  ...  NaN NaN  None  NaN NaN
7 1999-11-04  82.06  85.37  80.62  83.62  ...  NaN NaN  None  NaN NaN
8 1999-11-05  84.62  88.37  84.00  88.31  ...  NaN NaN  None  NaN NaN
9 1999-11-05  92.75  92.94  90.19  90.25  ...  NaN NaN  None  NaN NaN

[10 rows x 20 columns]
[2024-10-30T14:48:38.300+0000] {logging_mixin.py:188} WARNING - /opt/***/dags/utils/feature_engineer_and_join_data.py:53 FutureWarning: DataFrame.fillna with 'method' is deprecated and will raise in a future version. Use obj.ffill() or obj.bfill() instead.
[2024-10-30T14:48:38.306+0000] {python.py:237} INFO - Done. Returned value was:        timestamp  ...  acquisition_or_disposal_D
0     1999-11-01  ...                      False
1     1999-11-01  ...                      False
2     1999-11-02  ...                      False
3     1999-11-02  ...                      False
4     1999-11-03  ...                      False
...          ...  ...                        ...
17657 2024-10-28  ...                      False
17658 2024-10-28  ...                      False
17659 2024-10-29  ...                      False
17660 2024-10-29  ...                      False
17661 2024-10-29  ...                      False

[17662 rows x 187 columns]
[2024-10-30T14:48:38.346+0000] {taskinstance.py:441} INFO - ::group::Post task execution logs
[2024-10-30T14:48:38.832+0000] {taskinstance.py:1206} INFO - Marking task as SUCCESS. dag_id=Stock-Data-Pipeline, task_id=engineer_ml_features, run_id=manual__2024-10-30T00:33:57.081828+00:00, execution_date=20241030T003357, start_date=20241030T144837, end_date=20241030T144838
[2024-10-30T14:48:38.889+0000] {local_task_job_runner.py:240} INFO - Task exited with return code 0
[2024-10-30T14:48:38.913+0000] {taskinstance.py:3503} INFO - 1 downstream tasks scheduled from follow-on schedule check
[2024-10-30T14:48:38.915+0000] {local_task_job_runner.py:222} INFO - ::endgroup::
