[2024-10-28T15:14:08.711+0000] {local_task_job_runner.py:120} INFO - ::group::Pre task execution logs
[2024-10-28T15:14:08.744+0000] {taskinstance.py:2076} INFO - Dependencies all met for dep_context=non-requeueable deps ti=<TaskInstance: fetch_and_clean_stock_data.clean_stock_data manual__2024-10-28T15:07:03.349825+00:00 [queued]>
[2024-10-28T15:14:08.751+0000] {taskinstance.py:2076} INFO - Dependencies all met for dep_context=requeueable deps ti=<TaskInstance: fetch_and_clean_stock_data.clean_stock_data manual__2024-10-28T15:07:03.349825+00:00 [queued]>
[2024-10-28T15:14:08.752+0000] {taskinstance.py:2306} INFO - Starting attempt 1 of 1
[2024-10-28T15:14:08.761+0000] {taskinstance.py:2330} INFO - Executing <Task(PythonOperator): clean_stock_data> on 2024-10-28 15:07:03.349825+00:00
[2024-10-28T15:14:08.771+0000] {logging_mixin.py:188} WARNING - /home/***/.local/lib/python3.12/site-packages/***/task/task_runner/standard_task_runner.py:61 DeprecationWarning: This process (pid=205) is multi-threaded, use of fork() may lead to deadlocks in the child.
[2024-10-28T15:14:08.774+0000] {standard_task_runner.py:63} INFO - Started process 207 to run task
[2024-10-28T15:14:08.772+0000] {standard_task_runner.py:90} INFO - Running: ['***', 'tasks', 'run', 'fetch_and_clean_stock_data', 'clean_stock_data', 'manual__2024-10-28T15:07:03.349825+00:00', '--job-id', '33', '--raw', '--subdir', 'DAGS_FOLDER/stock_data_pipelines.py', '--cfg-path', '/tmp/tmpui_u5uv3']
[2024-10-28T15:14:08.776+0000] {standard_task_runner.py:91} INFO - Job 33: Subtask clean_stock_data
[2024-10-28T15:14:08.799+0000] {logging_mixin.py:188} WARNING - /home/***/.local/lib/python3.12/site-packages/***/settings.py:195 DeprecationWarning: The sql_alchemy_conn option in [core] has been moved to the sql_alchemy_conn option in [database] - the old setting has been used, but please update your config.
[2024-10-28T15:14:08.851+0000] {task_command.py:426} INFO - Running <TaskInstance: fetch_and_clean_stock_data.clean_stock_data manual__2024-10-28T15:07:03.349825+00:00 [running]> on host 66a068bd0545
[2024-10-28T15:14:08.967+0000] {taskinstance.py:2648} INFO - Exporting env vars: AIRFLOW_CTX_DAG_OWNER='***' AIRFLOW_CTX_DAG_ID='fetch_and_clean_stock_data' AIRFLOW_CTX_TASK_ID='clean_stock_data' AIRFLOW_CTX_EXECUTION_DATE='2024-10-28T15:07:03.349825+00:00' AIRFLOW_CTX_TRY_NUMBER='1' AIRFLOW_CTX_DAG_RUN_ID='manual__2024-10-28T15:07:03.349825+00:00'
[2024-10-28T15:14:08.969+0000] {taskinstance.py:430} INFO - ::endgroup::
[2024-10-28T15:14:09.127+0000] {python.py:237} INFO - Done. Returned value was:        timestamp    open    high      low   close    volume symbol
30229 1999-11-01   98.50   98.81   96.370   96.75   9551800    IBM
17655 1999-11-01   93.25   94.19   92.120   92.37  26630600   MSFT
6286  1999-11-01   80.00   80.69   77.370   77.62   2487300   AAPL
23942 1999-11-01   68.06   71.88   66.310   69.13  12824100   AMZN
17654 1999-11-02   92.75   94.50   91.940   92.56  23174500   MSFT
...          ...     ...     ...      ...     ...       ...    ...
6287  2024-10-25  163.67  165.59  163.420  165.27  19828884  GOOGL
17656 2024-10-25  187.85  190.45  187.530  187.83  29362060   AMZN
23943 2024-10-25  216.80  218.65  214.385  214.67   8482235    IBM
11369 2024-10-25  426.76  432.52  426.565  428.15  16899064   MSFT
0     2024-10-25  229.74  233.22  229.570  231.41  38802304   AAPL

[30230 rows x 7 columns]
[2024-10-28T15:14:09.137+0000] {taskinstance.py:441} INFO - ::group::Post task execution logs
[2024-10-28T15:14:09.393+0000] {taskinstance.py:1206} INFO - Marking task as SUCCESS. dag_id=fetch_and_clean_stock_data, task_id=clean_stock_data, run_id=manual__2024-10-28T15:07:03.349825+00:00, execution_date=20241028T150703, start_date=20241028T151408, end_date=20241028T151409
[2024-10-28T15:14:09.441+0000] {local_task_job_runner.py:240} INFO - Task exited with return code 0
[2024-10-28T15:14:09.463+0000] {taskinstance.py:3503} INFO - 1 downstream tasks scheduled from follow-on schedule check
[2024-10-28T15:14:09.465+0000] {local_task_job_runner.py:222} INFO - ::endgroup::
