[2024-10-29T16:58:39.982+0000] {local_task_job_runner.py:120} INFO - ::group::Pre task execution logs
[2024-10-29T16:58:40.018+0000] {taskinstance.py:2076} INFO - Dependencies all met for dep_context=non-requeueable deps ti=<TaskInstance: fetch_and_clean_stock_data.clean_stock_data manual__2024-10-28T15:07:03.349825+00:00 [queued]>
[2024-10-29T16:58:40.025+0000] {taskinstance.py:2076} INFO - Dependencies all met for dep_context=requeueable deps ti=<TaskInstance: fetch_and_clean_stock_data.clean_stock_data manual__2024-10-28T15:07:03.349825+00:00 [queued]>
[2024-10-29T16:58:40.027+0000] {taskinstance.py:2306} INFO - Starting attempt 2 of 2
[2024-10-29T16:58:40.038+0000] {taskinstance.py:2330} INFO - Executing <Task(PythonOperator): clean_stock_data> on 2024-10-28 15:07:03.349825+00:00
[2024-10-29T16:58:40.049+0000] {logging_mixin.py:188} WARNING - /home/***/.local/lib/python3.12/site-packages/***/task/task_runner/standard_task_runner.py:61 DeprecationWarning: This process (pid=10745) is multi-threaded, use of fork() may lead to deadlocks in the child.
[2024-10-29T16:58:40.051+0000] {standard_task_runner.py:63} INFO - Started process 10750 to run task
[2024-10-29T16:58:40.051+0000] {standard_task_runner.py:90} INFO - Running: ['***', 'tasks', 'run', 'fetch_and_clean_stock_data', 'clean_stock_data', 'manual__2024-10-28T15:07:03.349825+00:00', '--job-id', '197', '--raw', '--subdir', 'DAGS_FOLDER/stock_data_pipelines.py', '--cfg-path', '/tmp/tmphezn8fcv']
[2024-10-29T16:58:40.054+0000] {standard_task_runner.py:91} INFO - Job 197: Subtask clean_stock_data
[2024-10-29T16:58:40.074+0000] {logging_mixin.py:188} WARNING - /home/***/.local/lib/python3.12/site-packages/***/settings.py:195 DeprecationWarning: The sql_alchemy_conn option in [core] has been moved to the sql_alchemy_conn option in [database] - the old setting has been used, but please update your config.
[2024-10-29T16:58:40.117+0000] {task_command.py:426} INFO - Running <TaskInstance: fetch_and_clean_stock_data.clean_stock_data manual__2024-10-28T15:07:03.349825+00:00 [running]> on host c64098c5955c
[2024-10-29T16:58:40.266+0000] {taskinstance.py:2648} INFO - Exporting env vars: AIRFLOW_CTX_DAG_OWNER='***' AIRFLOW_CTX_DAG_ID='fetch_and_clean_stock_data' AIRFLOW_CTX_TASK_ID='clean_stock_data' AIRFLOW_CTX_EXECUTION_DATE='2024-10-28T15:07:03.349825+00:00' AIRFLOW_CTX_TRY_NUMBER='2' AIRFLOW_CTX_DAG_RUN_ID='manual__2024-10-28T15:07:03.349825+00:00'
[2024-10-29T16:58:40.268+0000] {taskinstance.py:430} INFO - ::endgroup::
[2024-10-29T16:58:40.384+0000] {python.py:237} INFO - Done. Returned value was: Empty DataFrame
Columns: [timestamp, open, high, low, close, volume, symbol, {]
Index: []
[2024-10-29T16:58:40.386+0000] {taskinstance.py:441} INFO - ::group::Post task execution logs
[2024-10-29T16:58:40.418+0000] {taskinstance.py:1206} INFO - Marking task as SUCCESS. dag_id=fetch_and_clean_stock_data, task_id=clean_stock_data, run_id=manual__2024-10-28T15:07:03.349825+00:00, execution_date=20241028T150703, start_date=20241029T165840, end_date=20241029T165840
[2024-10-29T16:58:40.469+0000] {local_task_job_runner.py:240} INFO - Task exited with return code 0
[2024-10-29T16:58:40.491+0000] {taskinstance.py:3503} INFO - 1 downstream tasks scheduled from follow-on schedule check
[2024-10-29T16:58:40.493+0000] {local_task_job_runner.py:222} INFO - ::endgroup::
