[2024-10-30T15:47:42.465+0000] {local_task_job_runner.py:120} INFO - ::group::Pre task execution logs
[2024-10-30T15:47:42.487+0000] {taskinstance.py:2076} INFO - Dependencies all met for dep_context=non-requeueable deps ti=<TaskInstance: Predice-Stock-ML-Pipeline.run_ml_workload manual__2024-10-30T14:27:23.134497+00:00 [queued]>
[2024-10-30T15:47:42.492+0000] {taskinstance.py:2076} INFO - Dependencies all met for dep_context=requeueable deps ti=<TaskInstance: Predice-Stock-ML-Pipeline.run_ml_workload manual__2024-10-30T14:27:23.134497+00:00 [queued]>
[2024-10-30T15:47:42.493+0000] {taskinstance.py:2306} INFO - Starting attempt 16 of 16
[2024-10-30T15:47:42.499+0000] {taskinstance.py:2330} INFO - Executing <Task(PythonOperator): run_ml_workload> on 2024-10-30 14:27:23.134497+00:00
[2024-10-30T15:47:42.512+0000] {logging_mixin.py:188} WARNING - /home/***/.local/lib/python3.12/site-packages/***/task/task_runner/standard_task_runner.py:61 DeprecationWarning: This process (pid=7759) is multi-threaded, use of fork() may lead to deadlocks in the child.
[2024-10-30T15:47:42.514+0000] {standard_task_runner.py:63} INFO - Started process 7764 to run task
[2024-10-30T15:47:42.514+0000] {standard_task_runner.py:90} INFO - Running: ['***', 'tasks', 'run', 'Predice-Stock-ML-Pipeline', 'run_ml_workload', 'manual__2024-10-30T14:27:23.134497+00:00', '--job-id', '343', '--raw', '--subdir', 'DAGS_FOLDER/stock_and_sentiment_ml_pipeline.py', '--cfg-path', '/tmp/tmppuqlys6x']
[2024-10-30T15:47:42.517+0000] {standard_task_runner.py:91} INFO - Job 343: Subtask run_ml_workload
[2024-10-30T15:47:42.536+0000] {logging_mixin.py:188} WARNING - /home/***/.local/lib/python3.12/site-packages/***/settings.py:195 DeprecationWarning: The sql_alchemy_conn option in [core] has been moved to the sql_alchemy_conn option in [database] - the old setting has been used, but please update your config.
[2024-10-30T15:47:42.583+0000] {task_command.py:426} INFO - Running <TaskInstance: Predice-Stock-ML-Pipeline.run_ml_workload manual__2024-10-30T14:27:23.134497+00:00 [running]> on host cf1c99cdc1a8
[2024-10-30T15:47:42.892+0000] {taskinstance.py:2648} INFO - Exporting env vars: AIRFLOW_CTX_DAG_OWNER='***' AIRFLOW_CTX_DAG_ID='Predice-Stock-ML-Pipeline' AIRFLOW_CTX_TASK_ID='run_ml_workload' AIRFLOW_CTX_EXECUTION_DATE='2024-10-30T14:27:23.134497+00:00' AIRFLOW_CTX_TRY_NUMBER='16' AIRFLOW_CTX_DAG_RUN_ID='manual__2024-10-30T14:27:23.134497+00:00'
[2024-10-30T15:47:42.894+0000] {taskinstance.py:430} INFO - ::endgroup::
[2024-10-30T15:47:54.090+0000] {logging_mixin.py:188} INFO - Mean Squared Error for Random Forest Regression: 3.4913262575604404e-06
[2024-10-30T15:47:54.091+0000] {logging_mixin.py:188} INFO - Mean Squared Error for HistGradientBoostingRegressor: 9.76420857129024e-06
[2024-10-30T15:47:55.052+0000] {logging_mixin.py:188} INFO - Random Forest Regression model saved to file
[2024-10-30T15:47:55.061+0000] {logging_mixin.py:188} INFO - HistGradientBoostingRegressor model saved to file
[2024-10-30T15:47:55.067+0000] {python.py:237} INFO - Done. Returned value was: (3.4913262575604404e-06, 9.76420857129024e-06)
[2024-10-30T15:47:55.069+0000] {taskinstance.py:441} INFO - ::group::Post task execution logs
[2024-10-30T15:47:55.103+0000] {taskinstance.py:1206} INFO - Marking task as SUCCESS. dag_id=Predice-Stock-ML-Pipeline, task_id=run_ml_workload, run_id=manual__2024-10-30T14:27:23.134497+00:00, execution_date=20241030T142723, start_date=20241030T154742, end_date=20241030T154755
[2024-10-30T15:47:55.288+0000] {local_task_job_runner.py:240} INFO - Task exited with return code 0
[2024-10-30T15:47:55.316+0000] {taskinstance.py:3503} INFO - 1 downstream tasks scheduled from follow-on schedule check
[2024-10-30T15:47:55.318+0000] {local_task_job_runner.py:222} INFO - ::endgroup::
