[2024-10-30T15:39:28.515+0000] {local_task_job_runner.py:120} INFO - ::group::Pre task execution logs
[2024-10-30T15:39:28.550+0000] {taskinstance.py:2076} INFO - Dependencies all met for dep_context=non-requeueable deps ti=<TaskInstance: Predice-Stock-ML-Pipeline.run_ml_workload manual__2024-10-30T14:27:23.134497+00:00 [queued]>
[2024-10-30T15:39:28.558+0000] {taskinstance.py:2076} INFO - Dependencies all met for dep_context=requeueable deps ti=<TaskInstance: Predice-Stock-ML-Pipeline.run_ml_workload manual__2024-10-30T14:27:23.134497+00:00 [queued]>
[2024-10-30T15:39:28.558+0000] {taskinstance.py:2306} INFO - Starting attempt 13 of 13
[2024-10-30T15:39:28.568+0000] {taskinstance.py:2330} INFO - Executing <Task(PythonOperator): run_ml_workload> on 2024-10-30 14:27:23.134497+00:00
[2024-10-30T15:39:28.582+0000] {logging_mixin.py:188} WARNING - /home/***/.local/lib/python3.12/site-packages/***/task/task_runner/standard_task_runner.py:61 DeprecationWarning: This process (pid=6988) is multi-threaded, use of fork() may lead to deadlocks in the child.
[2024-10-30T15:39:28.585+0000] {standard_task_runner.py:63} INFO - Started process 7000 to run task
[2024-10-30T15:39:28.581+0000] {standard_task_runner.py:90} INFO - Running: ['***', 'tasks', 'run', 'Predice-Stock-ML-Pipeline', 'run_ml_workload', 'manual__2024-10-30T14:27:23.134497+00:00', '--job-id', '339', '--raw', '--subdir', 'DAGS_FOLDER/stock_and_sentiment_ml_pipeline.py', '--cfg-path', '/tmp/tmpx5wjjazw']
[2024-10-30T15:39:28.587+0000] {standard_task_runner.py:91} INFO - Job 339: Subtask run_ml_workload
[2024-10-30T15:39:28.618+0000] {logging_mixin.py:188} WARNING - /home/***/.local/lib/python3.12/site-packages/***/settings.py:195 DeprecationWarning: The sql_alchemy_conn option in [core] has been moved to the sql_alchemy_conn option in [database] - the old setting has been used, but please update your config.
[2024-10-30T15:39:28.669+0000] {task_command.py:426} INFO - Running <TaskInstance: Predice-Stock-ML-Pipeline.run_ml_workload manual__2024-10-30T14:27:23.134497+00:00 [running]> on host cf1c99cdc1a8
[2024-10-30T15:39:28.948+0000] {taskinstance.py:2648} INFO - Exporting env vars: AIRFLOW_CTX_DAG_OWNER='***' AIRFLOW_CTX_DAG_ID='Predice-Stock-ML-Pipeline' AIRFLOW_CTX_TASK_ID='run_ml_workload' AIRFLOW_CTX_EXECUTION_DATE='2024-10-30T14:27:23.134497+00:00' AIRFLOW_CTX_TRY_NUMBER='13' AIRFLOW_CTX_DAG_RUN_ID='manual__2024-10-30T14:27:23.134497+00:00'
[2024-10-30T15:39:28.949+0000] {taskinstance.py:430} INFO - ::endgroup::
[2024-10-30T15:39:40.054+0000] {logging_mixin.py:188} INFO - Mean Squared Error for Random Forest Regression: 3.4913262575604404e-06
[2024-10-30T15:39:40.055+0000] {logging_mixin.py:188} INFO - Mean Squared Error for HistGradientBoostingRegressor: 9.76420857129024e-06
[2024-10-30T15:39:41.032+0000] {logging_mixin.py:188} INFO - Random Forest Regression model saved to file
[2024-10-30T15:39:41.041+0000] {logging_mixin.py:188} INFO - HistGradientBoostingRegressor model saved to file
[2024-10-30T15:39:41.052+0000] {python.py:237} INFO - Done. Returned value was: (3.4913262575604404e-06, 9.76420857129024e-06)
[2024-10-30T15:39:41.054+0000] {taskinstance.py:441} INFO - ::group::Post task execution logs
[2024-10-30T15:39:41.106+0000] {taskinstance.py:1206} INFO - Marking task as SUCCESS. dag_id=Predice-Stock-ML-Pipeline, task_id=run_ml_workload, run_id=manual__2024-10-30T14:27:23.134497+00:00, execution_date=20241030T142723, start_date=20241030T153928, end_date=20241030T153941
[2024-10-30T15:39:41.271+0000] {local_task_job_runner.py:240} INFO - Task exited with return code 0
[2024-10-30T15:39:41.300+0000] {taskinstance.py:3503} INFO - 1 downstream tasks scheduled from follow-on schedule check
[2024-10-30T15:39:41.302+0000] {local_task_job_runner.py:222} INFO - ::endgroup::
