[2024-10-30T16:36:35.163+0000] {local_task_job_runner.py:120} INFO - ::group::Pre task execution logs
[2024-10-30T16:36:35.198+0000] {taskinstance.py:2076} INFO - Dependencies all met for dep_context=non-requeueable deps ti=<TaskInstance: Predice-Stock-ML-Pipeline.run_ml_workload manual__2024-10-30T14:27:23.134497+00:00 [queued]>
[2024-10-30T16:36:35.205+0000] {taskinstance.py:2076} INFO - Dependencies all met for dep_context=requeueable deps ti=<TaskInstance: Predice-Stock-ML-Pipeline.run_ml_workload manual__2024-10-30T14:27:23.134497+00:00 [queued]>
[2024-10-30T16:36:35.206+0000] {taskinstance.py:2306} INFO - Starting attempt 17 of 17
[2024-10-30T16:36:35.215+0000] {taskinstance.py:2330} INFO - Executing <Task(PythonOperator): run_ml_workload> on 2024-10-30 14:27:23.134497+00:00
[2024-10-30T16:36:35.233+0000] {logging_mixin.py:188} WARNING - /home/***/.local/lib/python3.12/site-packages/***/task/task_runner/standard_task_runner.py:61 DeprecationWarning: This process (pid=9063) is multi-threaded, use of fork() may lead to deadlocks in the child.
[2024-10-30T16:36:35.235+0000] {standard_task_runner.py:63} INFO - Started process 9070 to run task
[2024-10-30T16:36:35.235+0000] {standard_task_runner.py:90} INFO - Running: ['***', 'tasks', 'run', 'Predice-Stock-ML-Pipeline', 'run_ml_workload', 'manual__2024-10-30T14:27:23.134497+00:00', '--job-id', '345', '--raw', '--subdir', 'DAGS_FOLDER/stock_and_sentiment_ml_pipeline.py', '--cfg-path', '/tmp/tmp8_eaf35m']
[2024-10-30T16:36:35.238+0000] {standard_task_runner.py:91} INFO - Job 345: Subtask run_ml_workload
[2024-10-30T16:36:35.262+0000] {logging_mixin.py:188} WARNING - /home/***/.local/lib/python3.12/site-packages/***/settings.py:195 DeprecationWarning: The sql_alchemy_conn option in [core] has been moved to the sql_alchemy_conn option in [database] - the old setting has been used, but please update your config.
[2024-10-30T16:36:35.330+0000] {task_command.py:426} INFO - Running <TaskInstance: Predice-Stock-ML-Pipeline.run_ml_workload manual__2024-10-30T14:27:23.134497+00:00 [running]> on host cf1c99cdc1a8
[2024-10-30T16:36:35.662+0000] {taskinstance.py:2648} INFO - Exporting env vars: AIRFLOW_CTX_DAG_OWNER='***' AIRFLOW_CTX_DAG_ID='Predice-Stock-ML-Pipeline' AIRFLOW_CTX_TASK_ID='run_ml_workload' AIRFLOW_CTX_EXECUTION_DATE='2024-10-30T14:27:23.134497+00:00' AIRFLOW_CTX_TRY_NUMBER='17' AIRFLOW_CTX_DAG_RUN_ID='manual__2024-10-30T14:27:23.134497+00:00'
[2024-10-30T16:36:35.663+0000] {taskinstance.py:430} INFO - ::endgroup::
[2024-10-30T16:36:55.897+0000] {logging_mixin.py:188} INFO - Mean Squared Error for Random Forest Regression: 3.4913262575604404e-06
[2024-10-30T16:36:55.899+0000] {logging_mixin.py:188} INFO - Mean Squared Error for HistGradientBoostingRegressor: 9.76420857129024e-06
[2024-10-30T16:36:57.415+0000] {logging_mixin.py:188} INFO - Random Forest Regression model saved to file
[2024-10-30T16:36:57.426+0000] {logging_mixin.py:188} INFO - HistGradientBoostingRegressor model saved to file
[2024-10-30T16:36:57.448+0000] {python.py:237} INFO - Done. Returned value was: (3.4913262575604404e-06, 9.76420857129024e-06)
[2024-10-30T16:36:57.451+0000] {taskinstance.py:441} INFO - ::group::Post task execution logs
[2024-10-30T16:36:57.513+0000] {taskinstance.py:1206} INFO - Marking task as SUCCESS. dag_id=Predice-Stock-ML-Pipeline, task_id=run_ml_workload, run_id=manual__2024-10-30T14:27:23.134497+00:00, execution_date=20241030T142723, start_date=20241030T163635, end_date=20241030T163657
[2024-10-30T16:36:57.856+0000] {local_task_job_runner.py:240} INFO - Task exited with return code 0
[2024-10-30T16:36:57.897+0000] {taskinstance.py:3503} INFO - 0 downstream tasks scheduled from follow-on schedule check
[2024-10-30T16:36:57.899+0000] {local_task_job_runner.py:222} INFO - ::endgroup::
