[2024-10-30T15:00:32.642+0000] {local_task_job_runner.py:120} INFO - ::group::Pre task execution logs
[2024-10-30T15:00:32.664+0000] {taskinstance.py:2076} INFO - Dependencies all met for dep_context=non-requeueable deps ti=<TaskInstance: Predice-Stock-ML-Pipeline.run_ml_workload manual__2024-10-30T14:27:23.134497+00:00 [queued]>
[2024-10-30T15:00:32.669+0000] {taskinstance.py:2076} INFO - Dependencies all met for dep_context=requeueable deps ti=<TaskInstance: Predice-Stock-ML-Pipeline.run_ml_workload manual__2024-10-30T14:27:23.134497+00:00 [queued]>
[2024-10-30T15:00:32.669+0000] {taskinstance.py:2306} INFO - Starting attempt 3 of 3
[2024-10-30T15:00:32.676+0000] {taskinstance.py:2330} INFO - Executing <Task(PythonOperator): run_ml_workload> on 2024-10-30 14:27:23.134497+00:00
[2024-10-30T15:00:32.685+0000] {logging_mixin.py:188} WARNING - /home/***/.local/lib/python3.12/site-packages/***/task/task_runner/standard_task_runner.py:61 DeprecationWarning: This process (pid=3393) is multi-threaded, use of fork() may lead to deadlocks in the child.
[2024-10-30T15:00:32.687+0000] {standard_task_runner.py:63} INFO - Started process 3402 to run task
[2024-10-30T15:00:32.686+0000] {standard_task_runner.py:90} INFO - Running: ['***', 'tasks', 'run', 'Predice-Stock-ML-Pipeline', 'run_ml_workload', 'manual__2024-10-30T14:27:23.134497+00:00', '--job-id', '319', '--raw', '--subdir', 'DAGS_FOLDER/stock_and_sentiment_ml_pipeline.py', '--cfg-path', '/tmp/tmp15_x6ieo']
[2024-10-30T15:00:32.689+0000] {standard_task_runner.py:91} INFO - Job 319: Subtask run_ml_workload
[2024-10-30T15:00:32.703+0000] {logging_mixin.py:188} WARNING - /home/***/.local/lib/python3.12/site-packages/***/settings.py:195 DeprecationWarning: The sql_alchemy_conn option in [core] has been moved to the sql_alchemy_conn option in [database] - the old setting has been used, but please update your config.
[2024-10-30T15:00:32.735+0000] {task_command.py:426} INFO - Running <TaskInstance: Predice-Stock-ML-Pipeline.run_ml_workload manual__2024-10-30T14:27:23.134497+00:00 [running]> on host cf1c99cdc1a8
[2024-10-30T15:00:33.013+0000] {taskinstance.py:2648} INFO - Exporting env vars: AIRFLOW_CTX_DAG_OWNER='***' AIRFLOW_CTX_DAG_ID='Predice-Stock-ML-Pipeline' AIRFLOW_CTX_TASK_ID='run_ml_workload' AIRFLOW_CTX_EXECUTION_DATE='2024-10-30T14:27:23.134497+00:00' AIRFLOW_CTX_TRY_NUMBER='3' AIRFLOW_CTX_DAG_RUN_ID='manual__2024-10-30T14:27:23.134497+00:00'
[2024-10-30T15:00:33.014+0000] {taskinstance.py:430} INFO - ::endgroup::
[2024-10-30T15:00:33.114+0000] {taskinstance.py:441} INFO - ::group::Post task execution logs
[2024-10-30T15:00:33.115+0000] {taskinstance.py:2905} ERROR - Task failed with exception
Traceback (most recent call last):
  File "/home/airflow/.local/lib/python3.12/site-packages/airflow/models/taskinstance.py", line 465, in _execute_task
    result = _execute_callable(context=context, **execute_callable_kwargs)
             ^^^^^^^^^^^^^^^^^^^^^^^^^^^^^^^^^^^^^^^^^^^^^^^^^^^^^^^^^^^^^
  File "/home/airflow/.local/lib/python3.12/site-packages/airflow/models/taskinstance.py", line 432, in _execute_callable
    return execute_callable(context=context, **execute_callable_kwargs)
           ^^^^^^^^^^^^^^^^^^^^^^^^^^^^^^^^^^^^^^^^^^^^^^^^^^^^^^^^^^^^
  File "/home/airflow/.local/lib/python3.12/site-packages/airflow/models/baseoperator.py", line 401, in wrapper
    return func(self, *args, **kwargs)
           ^^^^^^^^^^^^^^^^^^^^^^^^^^^
  File "/home/airflow/.local/lib/python3.12/site-packages/airflow/operators/python.py", line 235, in execute
    return_value = self.execute_callable()
                   ^^^^^^^^^^^^^^^^^^^^^^^
  File "/home/airflow/.local/lib/python3.12/site-packages/airflow/operators/python.py", line 252, in execute_callable
    return self.python_callable(*self.op_args, **self.op_kwargs)
           ^^^^^^^^^^^^^^^^^^^^^^^^^^^^^^^^^^^^^^^^^^^^^^^^^^^^^
  File "/opt/airflow/dags/utils/ml_pipeline_helper.py", line 66, in run_ml
    model_lr, model_rf = train_model(merged_data)
                         ^^^^^^^^^^^^^^^^^^^^^^^^
  File "/opt/airflow/dags/utils/ml_pipeline_helper.py", line 39, in train_model
    model_lr.fit(X_train, y_train)
  File "/home/airflow/.local/lib/python3.12/site-packages/sklearn/base.py", line 1473, in wrapper
    return fit_method(estimator, *args, **kwargs)
           ^^^^^^^^^^^^^^^^^^^^^^^^^^^^^^^^^^^^^^
  File "/home/airflow/.local/lib/python3.12/site-packages/sklearn/linear_model/_base.py", line 609, in fit
    X, y = self._validate_data(
           ^^^^^^^^^^^^^^^^^^^^
  File "/home/airflow/.local/lib/python3.12/site-packages/sklearn/base.py", line 650, in _validate_data
    X, y = check_X_y(X, y, **check_params)
           ^^^^^^^^^^^^^^^^^^^^^^^^^^^^^^^
  File "/home/airflow/.local/lib/python3.12/site-packages/sklearn/utils/validation.py", line 1301, in check_X_y
    X = check_array(
        ^^^^^^^^^^^^
  File "/home/airflow/.local/lib/python3.12/site-packages/sklearn/utils/validation.py", line 929, in check_array
    array = array.astype(new_dtype)
            ^^^^^^^^^^^^^^^^^^^^^^^
  File "/home/airflow/.local/lib/python3.12/site-packages/pandas/core/generic.py", line 6534, in astype
    new_data = self._mgr.astype(dtype=dtype, copy=copy, errors=errors)
               ^^^^^^^^^^^^^^^^^^^^^^^^^^^^^^^^^^^^^^^^^^^^^^^^^^^^^^^
  File "/home/airflow/.local/lib/python3.12/site-packages/pandas/core/internals/managers.py", line 414, in astype
    return self.apply(
           ^^^^^^^^^^^
  File "/home/airflow/.local/lib/python3.12/site-packages/pandas/core/internals/managers.py", line 354, in apply
    applied = getattr(b, f)(**kwargs)
              ^^^^^^^^^^^^^^^^^^^^^^^
  File "/home/airflow/.local/lib/python3.12/site-packages/pandas/core/internals/blocks.py", line 616, in astype
    new_values = astype_array_safe(values, dtype, copy=copy, errors=errors)
                 ^^^^^^^^^^^^^^^^^^^^^^^^^^^^^^^^^^^^^^^^^^^^^^^^^^^^^^^^^^
  File "/home/airflow/.local/lib/python3.12/site-packages/pandas/core/dtypes/astype.py", line 238, in astype_array_safe
    new_values = astype_array(values, dtype, copy=copy)
                 ^^^^^^^^^^^^^^^^^^^^^^^^^^^^^^^^^^^^^^
  File "/home/airflow/.local/lib/python3.12/site-packages/pandas/core/dtypes/astype.py", line 183, in astype_array
    values = _astype_nansafe(values, dtype, copy=copy)
             ^^^^^^^^^^^^^^^^^^^^^^^^^^^^^^^^^^^^^^^^^
  File "/home/airflow/.local/lib/python3.12/site-packages/pandas/core/dtypes/astype.py", line 134, in _astype_nansafe
    return arr.astype(dtype, copy=True)
           ^^^^^^^^^^^^^^^^^^^^^^^^^^^^
ValueError: could not convert string to float: 'GOOGL'
[2024-10-30T15:00:33.132+0000] {taskinstance.py:1206} INFO - Marking task as FAILED. dag_id=Predice-Stock-ML-Pipeline, task_id=run_ml_workload, run_id=manual__2024-10-30T14:27:23.134497+00:00, execution_date=20241030T142723, start_date=20241030T150032, end_date=20241030T150033
[2024-10-30T15:00:33.140+0000] {standard_task_runner.py:110} ERROR - Failed to execute job 319 for task run_ml_workload (could not convert string to float: 'GOOGL'; 3402)
[2024-10-30T15:00:33.186+0000] {local_task_job_runner.py:240} INFO - Task exited with return code 1
[2024-10-30T15:00:33.205+0000] {taskinstance.py:3503} INFO - 0 downstream tasks scheduled from follow-on schedule check
[2024-10-30T15:00:33.208+0000] {local_task_job_runner.py:222} INFO - ::endgroup::
