[2024-10-30T11:06:57.579+0000] {local_task_job_runner.py:120} INFO - ::group::Pre task execution logs
[2024-10-30T11:06:57.851+0000] {taskinstance.py:2076} INFO - Dependencies all met for dep_context=non-requeueable deps ti=<TaskInstance: Stock-Data-Pipeline.fetch_technical_indicators_data manual__2024-10-30T00:33:57.081828+00:00 [queued]>
[2024-10-30T11:06:58.042+0000] {taskinstance.py:2076} INFO - Dependencies all met for dep_context=requeueable deps ti=<TaskInstance: Stock-Data-Pipeline.fetch_technical_indicators_data manual__2024-10-30T00:33:57.081828+00:00 [queued]>
[2024-10-30T11:06:58.052+0000] {taskinstance.py:2306} INFO - Starting attempt 2 of 2
[2024-10-30T11:06:58.272+0000] {taskinstance.py:2330} INFO - Executing <Task(PythonOperator): fetch_technical_indicators_data> on 2024-10-30 00:33:57.081828+00:00
[2024-10-30T11:06:58.417+0000] {standard_task_runner.py:90} INFO - Running: ['***', 'tasks', 'run', 'Stock-Data-Pipeline', 'fetch_technical_indicators_data', 'manual__2024-10-30T00:33:57.081828+00:00', '--job-id', '265', '--raw', '--subdir', 'DAGS_FOLDER/stock_data_pipeline.py', '--cfg-path', '/tmp/tmpkkt8pdf3']
[2024-10-30T11:06:58.434+0000] {standard_task_runner.py:91} INFO - Job 265: Subtask fetch_technical_indicators_data
[2024-10-30T11:06:58.423+0000] {logging_mixin.py:188} WARNING - /home/***/.local/lib/python3.12/site-packages/***/task/task_runner/standard_task_runner.py:61 DeprecationWarning: This process (pid=19900) is multi-threaded, use of fork() may lead to deadlocks in the child.
[2024-10-30T11:06:58.452+0000] {standard_task_runner.py:63} INFO - Started process 19956 to run task
[2024-10-30T11:06:58.580+0000] {logging_mixin.py:188} WARNING - /home/***/.local/lib/python3.12/site-packages/***/settings.py:195 DeprecationWarning: The sql_alchemy_conn option in [core] has been moved to the sql_alchemy_conn option in [database] - the old setting has been used, but please update your config.
[2024-10-30T11:06:59.092+0000] {task_command.py:426} INFO - Running <TaskInstance: Stock-Data-Pipeline.fetch_technical_indicators_data manual__2024-10-30T00:33:57.081828+00:00 [running]> on host cf1c99cdc1a8
[2024-10-30T11:06:59.709+0000] {taskinstance.py:2648} INFO - Exporting env vars: AIRFLOW_CTX_DAG_OWNER='***' AIRFLOW_CTX_DAG_ID='Stock-Data-Pipeline' AIRFLOW_CTX_TASK_ID='fetch_technical_indicators_data' AIRFLOW_CTX_EXECUTION_DATE='2024-10-30T00:33:57.081828+00:00' AIRFLOW_CTX_TRY_NUMBER='2' AIRFLOW_CTX_DAG_RUN_ID='manual__2024-10-30T00:33:57.081828+00:00'
[2024-10-30T11:06:59.718+0000] {taskinstance.py:430} INFO - ::endgroup::
[2024-10-30T11:07:31.036+0000] {python.py:237} INFO - Done. Returned value was:              date symbol       SMA       EMA       WMA      DEMA
0      1999-11-12   AAPL    0.6485    0.6485    0.6674      None
1      1999-11-12    IBM   48.6306   48.6306   48.5340      None
2      1999-11-15   AAPL    0.6558    0.6535    0.6724      None
3      1999-11-15    IBM   48.5093   48.7108   48.6141      None
4      1999-11-16   AAPL    0.6648    0.6580    0.6765      None
...           ...    ...       ...       ...       ...       ...
17630  2024-10-28  GOOGL  164.5175  164.6498  164.6166  165.3010
17631  2024-10-28    IBM  227.9140  224.7749  224.6865  221.7854
17632  2024-10-29   AAPL  232.9765  232.0773  232.6794  233.1767
17633  2024-10-29  GOOGL  164.7120  165.2098  165.2007  166.2008
17634  2024-10-29    IBM  225.4730  222.4504  221.7913  218.1026

[17635 rows x 6 columns]
[2024-10-30T11:07:31.051+0000] {taskinstance.py:441} INFO - ::group::Post task execution logs
[2024-10-30T11:07:31.256+0000] {taskinstance.py:1206} INFO - Marking task as SUCCESS. dag_id=Stock-Data-Pipeline, task_id=fetch_technical_indicators_data, run_id=manual__2024-10-30T00:33:57.081828+00:00, execution_date=20241030T003357, start_date=20241030T110657, end_date=20241030T110731
[2024-10-30T11:07:31.326+0000] {local_task_job_runner.py:240} INFO - Task exited with return code 0
[2024-10-30T11:07:31.367+0000] {taskinstance.py:3503} INFO - 1 downstream tasks scheduled from follow-on schedule check
[2024-10-30T11:07:31.369+0000] {local_task_job_runner.py:222} INFO - ::endgroup::
