[2024-10-30T00:33:59.567+0000] {local_task_job_runner.py:120} INFO - ::group::Pre task execution logs
[2024-10-30T00:33:59.604+0000] {taskinstance.py:2076} INFO - Dependencies all met for dep_context=non-requeueable deps ti=<TaskInstance: Stock-Data-Pipeline.fetch_stock_data manual__2024-10-30T00:33:57.081828+00:00 [queued]>
[2024-10-30T00:33:59.612+0000] {taskinstance.py:2076} INFO - Dependencies all met for dep_context=requeueable deps ti=<TaskInstance: Stock-Data-Pipeline.fetch_stock_data manual__2024-10-30T00:33:57.081828+00:00 [queued]>
[2024-10-30T00:33:59.613+0000] {taskinstance.py:2306} INFO - Starting attempt 1 of 1
[2024-10-30T00:33:59.626+0000] {taskinstance.py:2330} INFO - Executing <Task(PythonOperator): fetch_stock_data> on 2024-10-30 00:33:57.081828+00:00
[2024-10-30T00:33:59.641+0000] {logging_mixin.py:188} WARNING - /home/***/.local/lib/python3.12/site-packages/***/task/task_runner/standard_task_runner.py:61 DeprecationWarning: This process (pid=16223) is multi-threaded, use of fork() may lead to deadlocks in the child.
[2024-10-30T00:33:59.645+0000] {standard_task_runner.py:63} INFO - Started process 16239 to run task
[2024-10-30T00:33:59.643+0000] {standard_task_runner.py:90} INFO - Running: ['***', 'tasks', 'run', 'Stock-Data-Pipeline', 'fetch_stock_data', 'manual__2024-10-30T00:33:57.081828+00:00', '--job-id', '257', '--raw', '--subdir', 'DAGS_FOLDER/stock_data_pipeline.py', '--cfg-path', '/tmp/tmp4ml41vos']
[2024-10-30T00:33:59.647+0000] {standard_task_runner.py:91} INFO - Job 257: Subtask fetch_stock_data
[2024-10-30T00:33:59.674+0000] {logging_mixin.py:188} WARNING - /home/***/.local/lib/python3.12/site-packages/***/settings.py:195 DeprecationWarning: The sql_alchemy_conn option in [core] has been moved to the sql_alchemy_conn option in [database] - the old setting has been used, but please update your config.
[2024-10-30T00:33:59.749+0000] {task_command.py:426} INFO - Running <TaskInstance: Stock-Data-Pipeline.fetch_stock_data manual__2024-10-30T00:33:57.081828+00:00 [running]> on host cf1c99cdc1a8
[2024-10-30T00:33:59.873+0000] {taskinstance.py:2648} INFO - Exporting env vars: AIRFLOW_CTX_DAG_OWNER='***' AIRFLOW_CTX_DAG_ID='Stock-Data-Pipeline' AIRFLOW_CTX_TASK_ID='fetch_stock_data' AIRFLOW_CTX_EXECUTION_DATE='2024-10-30T00:33:57.081828+00:00' AIRFLOW_CTX_TRY_NUMBER='1' AIRFLOW_CTX_DAG_RUN_ID='manual__2024-10-30T00:33:57.081828+00:00'
[2024-10-30T00:33:59.878+0000] {taskinstance.py:430} INFO - ::endgroup::
[2024-10-30T00:34:06.182+0000] {python.py:237} INFO - Done. Returned value was:                                                    { symbol
0      "Information": "Thank you for using Alpha ...    IBM
1                                                  }    IBM
2      "Information": "Thank you for using Alpha ...   AAPL
3                                                  }   AAPL
4      "Information": "Thank you for using Alpha ...  GOOGL
5                                                  }  GOOGL
6      "Information": "Thank you for using Alpha ...   MSFT
7                                                  }   MSFT
8      "Information": "Thank you for using Alpha ...   AMZN
9                                                  }   AMZN
[2024-10-30T00:34:06.193+0000] {taskinstance.py:441} INFO - ::group::Post task execution logs
[2024-10-30T00:34:06.257+0000] {taskinstance.py:1206} INFO - Marking task as SUCCESS. dag_id=Stock-Data-Pipeline, task_id=fetch_stock_data, run_id=manual__2024-10-30T00:33:57.081828+00:00, execution_date=20241030T003357, start_date=20241030T003359, end_date=20241030T003406
[2024-10-30T00:34:06.303+0000] {local_task_job_runner.py:240} INFO - Task exited with return code 0
[2024-10-30T00:34:06.344+0000] {taskinstance.py:3503} INFO - 3 downstream tasks scheduled from follow-on schedule check
[2024-10-30T00:34:06.346+0000] {local_task_job_runner.py:222} INFO - ::endgroup::
