[2024-10-30T12:22:44.735+0000] {local_task_job_runner.py:120} INFO - ::group::Pre task execution logs
[2024-10-30T12:22:44.767+0000] {taskinstance.py:2076} INFO - Dependencies all met for dep_context=non-requeueable deps ti=<TaskInstance: Stock-Data-Pipeline.store_engineered_data_s3 manual__2024-10-30T00:33:57.081828+00:00 [queued]>
[2024-10-30T12:22:44.775+0000] {taskinstance.py:2076} INFO - Dependencies all met for dep_context=requeueable deps ti=<TaskInstance: Stock-Data-Pipeline.store_engineered_data_s3 manual__2024-10-30T00:33:57.081828+00:00 [queued]>
[2024-10-30T12:22:44.775+0000] {taskinstance.py:2306} INFO - Starting attempt 3 of 3
[2024-10-30T12:22:44.785+0000] {taskinstance.py:2330} INFO - Executing <Task(PythonOperator): store_engineered_data_s3> on 2024-10-30 00:33:57.081828+00:00
[2024-10-30T12:22:44.797+0000] {logging_mixin.py:188} WARNING - /home/***/.local/lib/python3.12/site-packages/***/task/task_runner/standard_task_runner.py:61 DeprecationWarning: This process (pid=25331) is multi-threaded, use of fork() may lead to deadlocks in the child.
[2024-10-30T12:22:44.799+0000] {standard_task_runner.py:63} INFO - Started process 25336 to run task
[2024-10-30T12:22:44.799+0000] {standard_task_runner.py:90} INFO - Running: ['***', 'tasks', 'run', 'Stock-Data-Pipeline', 'store_engineered_data_s3', 'manual__2024-10-30T00:33:57.081828+00:00', '--job-id', '295', '--raw', '--subdir', 'DAGS_FOLDER/stock_data_pipeline.py', '--cfg-path', '/tmp/tmpd5qkpo2f']
[2024-10-30T12:22:44.802+0000] {standard_task_runner.py:91} INFO - Job 295: Subtask store_engineered_data_s3
[2024-10-30T12:22:44.822+0000] {logging_mixin.py:188} WARNING - /home/***/.local/lib/python3.12/site-packages/***/settings.py:195 DeprecationWarning: The sql_alchemy_conn option in [core] has been moved to the sql_alchemy_conn option in [database] - the old setting has been used, but please update your config.
[2024-10-30T12:22:44.874+0000] {task_command.py:426} INFO - Running <TaskInstance: Stock-Data-Pipeline.store_engineered_data_s3 manual__2024-10-30T00:33:57.081828+00:00 [running]> on host cf1c99cdc1a8
[2024-10-30T12:22:44.972+0000] {taskinstance.py:2648} INFO - Exporting env vars: AIRFLOW_CTX_DAG_OWNER='***' AIRFLOW_CTX_DAG_ID='Stock-Data-Pipeline' AIRFLOW_CTX_TASK_ID='store_engineered_data_s3' AIRFLOW_CTX_EXECUTION_DATE='2024-10-30T00:33:57.081828+00:00' AIRFLOW_CTX_TRY_NUMBER='3' AIRFLOW_CTX_DAG_RUN_ID='manual__2024-10-30T00:33:57.081828+00:00'
[2024-10-30T12:22:44.973+0000] {taskinstance.py:430} INFO - ::endgroup::
[2024-10-30T12:22:48.745+0000] {credentials.py:1147} INFO - Found credentials in environment variables.
[2024-10-30T12:22:51.705+0000] {python.py:237} INFO - Done. Returned value was: None
[2024-10-30T12:22:51.707+0000] {taskinstance.py:441} INFO - ::group::Post task execution logs
[2024-10-30T12:22:51.737+0000] {taskinstance.py:1206} INFO - Marking task as SUCCESS. dag_id=Stock-Data-Pipeline, task_id=store_engineered_data_s3, run_id=manual__2024-10-30T00:33:57.081828+00:00, execution_date=20241030T003357, start_date=20241030T122244, end_date=20241030T122251
[2024-10-30T12:22:52.080+0000] {local_task_job_runner.py:240} INFO - Task exited with return code 0
[2024-10-30T12:22:52.102+0000] {taskinstance.py:3503} INFO - 0 downstream tasks scheduled from follow-on schedule check
[2024-10-30T12:22:52.104+0000] {local_task_job_runner.py:222} INFO - ::endgroup::
