[2024-10-28T13:36:23.792+0000] {local_task_job_runner.py:120} INFO - ::group::Pre task execution logs
[2024-10-28T13:36:23.812+0000] {taskinstance.py:2076} INFO - Dependencies all met for dep_context=non-requeueable deps ti=<TaskInstance: fetch_and_preprocess_stock_data.fetch_stock_data manual__2024-10-28T13:06:16.622464+00:00 [queued]>
[2024-10-28T13:36:23.816+0000] {taskinstance.py:2076} INFO - Dependencies all met for dep_context=requeueable deps ti=<TaskInstance: fetch_and_preprocess_stock_data.fetch_stock_data manual__2024-10-28T13:06:16.622464+00:00 [queued]>
[2024-10-28T13:36:23.816+0000] {taskinstance.py:2306} INFO - Starting attempt 3 of 3
[2024-10-28T13:36:23.822+0000] {taskinstance.py:2330} INFO - Executing <Task(PythonOperator): fetch_stock_data> on 2024-10-28 13:06:16.622464+00:00
[2024-10-28T13:36:23.828+0000] {logging_mixin.py:188} WARNING - /home/***/.local/lib/python3.12/site-packages/***/task/task_runner/standard_task_runner.py:61 DeprecationWarning: This process (pid=241) is multi-threaded, use of fork() may lead to deadlocks in the child.
[2024-10-28T13:36:23.829+0000] {standard_task_runner.py:63} INFO - Started process 243 to run task
[2024-10-28T13:36:23.829+0000] {standard_task_runner.py:90} INFO - Running: ['***', 'tasks', 'run', 'fetch_and_preprocess_stock_data', 'fetch_stock_data', 'manual__2024-10-28T13:06:16.622464+00:00', '--job-id', '8', '--raw', '--subdir', 'DAGS_FOLDER/stock_data_pipelines.py', '--cfg-path', '/tmp/tmpyicl3i45']
[2024-10-28T13:36:23.831+0000] {standard_task_runner.py:91} INFO - Job 8: Subtask fetch_stock_data
[2024-10-28T13:36:23.844+0000] {logging_mixin.py:188} WARNING - /home/***/.local/lib/python3.12/site-packages/***/settings.py:195 DeprecationWarning: The sql_alchemy_conn option in [core] has been moved to the sql_alchemy_conn option in [database] - the old setting has been used, but please update your config.
[2024-10-28T13:36:23.872+0000] {task_command.py:426} INFO - Running <TaskInstance: fetch_and_preprocess_stock_data.fetch_stock_data manual__2024-10-28T13:06:16.622464+00:00 [running]> on host 9c1e41f547e2
[2024-10-28T13:36:23.936+0000] {taskinstance.py:2648} INFO - Exporting env vars: AIRFLOW_CTX_DAG_OWNER='***' AIRFLOW_CTX_DAG_ID='fetch_and_preprocess_stock_data' AIRFLOW_CTX_TASK_ID='fetch_stock_data' AIRFLOW_CTX_EXECUTION_DATE='2024-10-28T13:06:16.622464+00:00' AIRFLOW_CTX_TRY_NUMBER='3' AIRFLOW_CTX_DAG_RUN_ID='manual__2024-10-28T13:06:16.622464+00:00'
[2024-10-28T13:36:23.937+0000] {taskinstance.py:430} INFO - ::endgroup::
[2024-10-28T13:36:25.936+0000] {python.py:237} INFO - Done. Returned value was:        timestamp     open     high     low   close    volume
0     2024-10-25  229.740  233.220  229.57  231.41  38802304
1     2024-10-24  229.980  230.820  228.41  230.57  31109503
2     2024-10-23  234.080  235.144  227.76  230.76  52286979
3     2024-10-22  233.885  236.220  232.60  235.86  38846578
4     2024-10-21  234.450  236.850  234.45  236.48  36254470
...          ...      ...      ...     ...     ...       ...
6282  1999-11-05   84.620   88.370   84.00   88.31   3721500
6283  1999-11-04   82.060   85.370   80.62   83.62   3384700
6284  1999-11-03   81.620   83.250   81.00   81.50   2932700
6285  1999-11-02   78.000   81.690   77.31   80.25   3564600
6286  1999-11-01   80.000   80.690   77.37   77.62   2487300

[6287 rows x 6 columns]
[2024-10-28T13:36:25.943+0000] {taskinstance.py:441} INFO - ::group::Post task execution logs
[2024-10-28T13:36:26.012+0000] {taskinstance.py:1206} INFO - Marking task as SUCCESS. dag_id=fetch_and_preprocess_stock_data, task_id=fetch_stock_data, run_id=manual__2024-10-28T13:06:16.622464+00:00, execution_date=20241028T130616, start_date=20241028T133623, end_date=20241028T133626
[2024-10-28T13:36:26.033+0000] {local_task_job_runner.py:240} INFO - Task exited with return code 0
[2024-10-28T13:36:26.048+0000] {taskinstance.py:3503} INFO - 1 downstream tasks scheduled from follow-on schedule check
[2024-10-28T13:36:26.050+0000] {local_task_job_runner.py:222} INFO - ::endgroup::
