[2024-10-30T14:41:52.319+0000] {local_task_job_runner.py:120} INFO - ::group::Pre task execution logs
[2024-10-30T14:41:52.355+0000] {taskinstance.py:2076} INFO - Dependencies all met for dep_context=non-requeueable deps ti=<TaskInstance: Predice-Stock-ML-Pipeline.combine_data_for_ml manual__2024-10-30T14:27:23.134497+00:00 [queued]>
[2024-10-30T14:41:52.362+0000] {taskinstance.py:2076} INFO - Dependencies all met for dep_context=requeueable deps ti=<TaskInstance: Predice-Stock-ML-Pipeline.combine_data_for_ml manual__2024-10-30T14:27:23.134497+00:00 [queued]>
[2024-10-30T14:41:52.363+0000] {taskinstance.py:2306} INFO - Starting attempt 5 of 5
[2024-10-30T14:41:52.373+0000] {taskinstance.py:2330} INFO - Executing <Task(PythonOperator): combine_data_for_ml> on 2024-10-30 14:27:23.134497+00:00
[2024-10-30T14:41:52.384+0000] {logging_mixin.py:188} WARNING - /home/***/.local/lib/python3.12/site-packages/***/task/task_runner/standard_task_runner.py:61 DeprecationWarning: This process (pid=1617) is multi-threaded, use of fork() may lead to deadlocks in the child.
[2024-10-30T14:41:52.386+0000] {standard_task_runner.py:63} INFO - Started process 1636 to run task
[2024-10-30T14:41:52.385+0000] {standard_task_runner.py:90} INFO - Running: ['***', 'tasks', 'run', 'Predice-Stock-ML-Pipeline', 'combine_data_for_ml', 'manual__2024-10-30T14:27:23.134497+00:00', '--job-id', '303', '--raw', '--subdir', 'DAGS_FOLDER/stock_and_sentiment_ml_pipeline.py', '--cfg-path', '/tmp/tmpn26bmj59']
[2024-10-30T14:41:52.389+0000] {standard_task_runner.py:91} INFO - Job 303: Subtask combine_data_for_ml
[2024-10-30T14:41:52.408+0000] {logging_mixin.py:188} WARNING - /home/***/.local/lib/python3.12/site-packages/***/settings.py:195 DeprecationWarning: The sql_alchemy_conn option in [core] has been moved to the sql_alchemy_conn option in [database] - the old setting has been used, but please update your config.
[2024-10-30T14:41:52.454+0000] {task_command.py:426} INFO - Running <TaskInstance: Predice-Stock-ML-Pipeline.combine_data_for_ml manual__2024-10-30T14:27:23.134497+00:00 [running]> on host cf1c99cdc1a8
[2024-10-30T14:41:52.736+0000] {taskinstance.py:2648} INFO - Exporting env vars: AIRFLOW_CTX_DAG_OWNER='***' AIRFLOW_CTX_DAG_ID='Predice-Stock-ML-Pipeline' AIRFLOW_CTX_TASK_ID='combine_data_for_ml' AIRFLOW_CTX_EXECUTION_DATE='2024-10-30T14:27:23.134497+00:00' AIRFLOW_CTX_TRY_NUMBER='5' AIRFLOW_CTX_DAG_RUN_ID='manual__2024-10-30T14:27:23.134497+00:00'
[2024-10-30T14:41:52.738+0000] {taskinstance.py:430} INFO - ::endgroup::
[2024-10-30T14:41:52.919+0000] {logging_mixin.py:188} INFO - Index(['timestamp', 'open', 'high', 'low', 'close', 'volume', 'date', 'SMA',
       'EMA', 'WMA', 'DEMA', 'T3', 'year', 'month', 'day', 'day_of_week',
       'symbol_AAPL', 'symbol_GOOGL', 'symbol_IBM',
       'security_type_BOD Stock Option (right to buy)',
       'security_type_Cash-Settled Swap', 'security_type_Class A Common Stock',
       'security_type_Class A Google Stock Unit',
       'security_type_Class A Google Stock Units',
       'security_type_Class A Restricted Stock Unit',
       'security_type_Class B Common Stock',
       'security_type_Class C Capital Stock',
       'security_type_Class C Google Stock Unit',
       'security_type_Class C Google Stock Units',
       'security_type_Common Stock', 'security_type_Common Stock (ESPP)',
       'security_type_Common stock, par value $0.01 per share',
       'security_type_Director Stock Option',
       'security_type_Director Stock Option (Right to Buy)',
       'security_type_Director Stock Option (right to buy)',
       'security_type_Director Stock Options',
       'security_type_Emp. Stock Option (right to buy)',
       'security_type_Employee Stock Option',
       'security_type_Option to Purchase Class A Common Stock',
       'security_type_Option to Purchase Class C Capital Stock',
       'security_type_Option to Purchase Class C Capital Stock (right to buy)',
       'security_type_Phantom Stock Unit', 'security_type_Promised Fee Share',
       'security_type_Restricted Stock Unit',
       'security_type_Restricted Stock Units', 'security_type_Rst. Stock Unit',
       'security_type_Series A Convertible Preferred Stock',
       'security_type_Series D Preferred Stock',
       'security_type_Series D-1 Redeemable Convertible Preferred Stock',
       'security_type_Series E Redeemable Convertible Preferred Stock',
       'acquisition_or_disposal_A', 'acquisition_or_disposal_D'],
      dtype='object')
[2024-10-30T14:41:52.921+0000] {logging_mixin.py:188} INFO - Index(['symbol', 'ticker_sentiment', 'combined_text', 'sentiment_score',
       'word_count', 'char_count', 'topic_probabilities', 'timestamp'],
      dtype='object')
[2024-10-30T14:41:52.921+0000] {taskinstance.py:441} INFO - ::group::Post task execution logs
[2024-10-30T14:41:52.922+0000] {taskinstance.py:2905} ERROR - Task failed with exception
Traceback (most recent call last):
  File "/home/airflow/.local/lib/python3.12/site-packages/airflow/models/taskinstance.py", line 465, in _execute_task
    result = _execute_callable(context=context, **execute_callable_kwargs)
             ^^^^^^^^^^^^^^^^^^^^^^^^^^^^^^^^^^^^^^^^^^^^^^^^^^^^^^^^^^^^^
  File "/home/airflow/.local/lib/python3.12/site-packages/airflow/models/taskinstance.py", line 432, in _execute_callable
    return execute_callable(context=context, **execute_callable_kwargs)
           ^^^^^^^^^^^^^^^^^^^^^^^^^^^^^^^^^^^^^^^^^^^^^^^^^^^^^^^^^^^^
  File "/home/airflow/.local/lib/python3.12/site-packages/airflow/models/baseoperator.py", line 401, in wrapper
    return func(self, *args, **kwargs)
           ^^^^^^^^^^^^^^^^^^^^^^^^^^^
  File "/home/airflow/.local/lib/python3.12/site-packages/airflow/operators/python.py", line 235, in execute
    return_value = self.execute_callable()
                   ^^^^^^^^^^^^^^^^^^^^^^^
  File "/home/airflow/.local/lib/python3.12/site-packages/airflow/operators/python.py", line 252, in execute_callable
    return self.python_callable(*self.op_args, **self.op_kwargs)
           ^^^^^^^^^^^^^^^^^^^^^^^^^^^^^^^^^^^^^^^^^^^^^^^^^^^^^
  File "/opt/airflow/dags/utils/ml_pipeline_helper.py", line 63, in combine_data_for_ml
    merged_data = preprocess_data(stock_data, news_sentiment_data)
                  ^^^^^^^^^^^^^^^^^^^^^^^^^^^^^^^^^^^^^^^^^^^^^^^^
  File "/opt/airflow/dags/utils/ml_pipeline_helper.py", line 24, in preprocess_data
    merged_data = pd.merge(stock_data, news_data, on=['symbol', 'timestamp'], how='left')
                  ^^^^^^^^^^^^^^^^^^^^^^^^^^^^^^^^^^^^^^^^^^^^^^^^^^^^^^^^^^^^^^^^^^^^^^^
  File "/home/airflow/.local/lib/python3.12/site-packages/pandas/core/reshape/merge.py", line 169, in merge
    op = _MergeOperation(
         ^^^^^^^^^^^^^^^^
  File "/home/airflow/.local/lib/python3.12/site-packages/pandas/core/reshape/merge.py", line 791, in __init__
    ) = self._get_merge_keys()
        ^^^^^^^^^^^^^^^^^^^^^^
  File "/home/airflow/.local/lib/python3.12/site-packages/pandas/core/reshape/merge.py", line 1287, in _get_merge_keys
    left_keys.append(left._get_label_or_level_values(lk))
                     ^^^^^^^^^^^^^^^^^^^^^^^^^^^^^^^^^^^
  File "/home/airflow/.local/lib/python3.12/site-packages/pandas/core/generic.py", line 1844, in _get_label_or_level_values
    raise KeyError(key)
KeyError: 'symbol'
[2024-10-30T14:41:52.944+0000] {taskinstance.py:1206} INFO - Marking task as FAILED. dag_id=Predice-Stock-ML-Pipeline, task_id=combine_data_for_ml, run_id=manual__2024-10-30T14:27:23.134497+00:00, execution_date=20241030T142723, start_date=20241030T144152, end_date=20241030T144152
[2024-10-30T14:41:52.954+0000] {standard_task_runner.py:110} ERROR - Failed to execute job 303 for task combine_data_for_ml ('symbol'; 1636)
[2024-10-30T14:41:53.043+0000] {local_task_job_runner.py:240} INFO - Task exited with return code 1
[2024-10-30T14:41:53.082+0000] {taskinstance.py:3503} INFO - 0 downstream tasks scheduled from follow-on schedule check
[2024-10-30T14:41:53.097+0000] {local_task_job_runner.py:222} INFO - ::endgroup::
