[2024-10-30T15:00:30.215+0000] {local_task_job_runner.py:120} INFO - ::group::Pre task execution logs
[2024-10-30T15:00:30.237+0000] {taskinstance.py:2076} INFO - Dependencies all met for dep_context=non-requeueable deps ti=<TaskInstance: Predice-Stock-ML-Pipeline.combine_data_for_ml manual__2024-10-30T14:27:23.134497+00:00 [queued]>
[2024-10-30T15:00:30.242+0000] {taskinstance.py:2076} INFO - Dependencies all met for dep_context=requeueable deps ti=<TaskInstance: Predice-Stock-ML-Pipeline.combine_data_for_ml manual__2024-10-30T14:27:23.134497+00:00 [queued]>
[2024-10-30T15:00:30.242+0000] {taskinstance.py:2306} INFO - Starting attempt 10 of 10
[2024-10-30T15:00:30.248+0000] {taskinstance.py:2330} INFO - Executing <Task(PythonOperator): combine_data_for_ml> on 2024-10-30 14:27:23.134497+00:00
[2024-10-30T15:00:30.259+0000] {logging_mixin.py:188} WARNING - /home/***/.local/lib/python3.12/site-packages/***/task/task_runner/standard_task_runner.py:61 DeprecationWarning: This process (pid=3377) is multi-threaded, use of fork() may lead to deadlocks in the child.
[2024-10-30T15:00:30.261+0000] {standard_task_runner.py:63} INFO - Started process 3382 to run task
[2024-10-30T15:00:30.260+0000] {standard_task_runner.py:90} INFO - Running: ['***', 'tasks', 'run', 'Predice-Stock-ML-Pipeline', 'combine_data_for_ml', 'manual__2024-10-30T14:27:23.134497+00:00', '--job-id', '318', '--raw', '--subdir', 'DAGS_FOLDER/stock_and_sentiment_ml_pipeline.py', '--cfg-path', '/tmp/tmpubkwlvlg']
[2024-10-30T15:00:30.264+0000] {standard_task_runner.py:91} INFO - Job 318: Subtask combine_data_for_ml
[2024-10-30T15:00:30.296+0000] {logging_mixin.py:188} WARNING - /home/***/.local/lib/python3.12/site-packages/***/settings.py:195 DeprecationWarning: The sql_alchemy_conn option in [core] has been moved to the sql_alchemy_conn option in [database] - the old setting has been used, but please update your config.
[2024-10-30T15:00:30.339+0000] {task_command.py:426} INFO - Running <TaskInstance: Predice-Stock-ML-Pipeline.combine_data_for_ml manual__2024-10-30T14:27:23.134497+00:00 [running]> on host cf1c99cdc1a8
[2024-10-30T15:00:30.582+0000] {taskinstance.py:2648} INFO - Exporting env vars: AIRFLOW_CTX_DAG_OWNER='***' AIRFLOW_CTX_DAG_ID='Predice-Stock-ML-Pipeline' AIRFLOW_CTX_TASK_ID='combine_data_for_ml' AIRFLOW_CTX_EXECUTION_DATE='2024-10-30T14:27:23.134497+00:00' AIRFLOW_CTX_TRY_NUMBER='10' AIRFLOW_CTX_DAG_RUN_ID='manual__2024-10-30T14:27:23.134497+00:00'
[2024-10-30T15:00:30.583+0000] {taskinstance.py:430} INFO - ::endgroup::
[2024-10-30T15:00:30.699+0000] {logging_mixin.py:188} WARNING - /opt/***/dags/utils/ml_pipeline_helper.py:25 FutureWarning: DataFrame.fillna with 'method' is deprecated and will raise in a future version. Use obj.ffill() or obj.bfill() instead.
[2024-10-30T15:00:30.708+0000] {python.py:237} INFO - Done. Returned value was:            open      high  ...  char_count  topic_probabilities
0      0.022248  0.022368  ...         NaN                  NaN
1      0.028390  0.028372  ...         NaN                  NaN
2      0.021584  0.022699  ...         NaN                  NaN
3      0.027809  0.027709  ...         NaN                  NaN
4      0.027517  0.027421  ...         NaN                  NaN
...         ...       ...  ...         ...                  ...
17657  0.067234  0.067289  ...         NaN                  NaN
17658  0.073150  0.073413  ...         NaN                  NaN
17659  0.073077  0.073278  ...         NaN                  NaN
17660  0.051374  0.052089  ...         NaN                  NaN
17661  0.066069  0.066324  ...         NaN                  NaN

[17662 rows x 55 columns]
[2024-10-30T15:00:30.727+0000] {taskinstance.py:441} INFO - ::group::Post task execution logs
[2024-10-30T15:00:30.879+0000] {taskinstance.py:1206} INFO - Marking task as SUCCESS. dag_id=Predice-Stock-ML-Pipeline, task_id=combine_data_for_ml, run_id=manual__2024-10-30T14:27:23.134497+00:00, execution_date=20241030T142723, start_date=20241030T150030, end_date=20241030T150030
[2024-10-30T15:00:30.936+0000] {local_task_job_runner.py:240} INFO - Task exited with return code 0
[2024-10-30T15:00:30.955+0000] {taskinstance.py:3503} INFO - 2 downstream tasks scheduled from follow-on schedule check
[2024-10-30T15:00:30.957+0000] {local_task_job_runner.py:222} INFO - ::endgroup::
