[2024-10-30T14:50:53.011+0000] {local_task_job_runner.py:120} INFO - ::group::Pre task execution logs
[2024-10-30T14:50:53.048+0000] {taskinstance.py:2076} INFO - Dependencies all met for dep_context=non-requeueable deps ti=<TaskInstance: Predice-Stock-ML-Pipeline.combine_data_for_ml manual__2024-10-30T14:27:23.134497+00:00 [queued]>
[2024-10-30T14:50:53.055+0000] {taskinstance.py:2076} INFO - Dependencies all met for dep_context=requeueable deps ti=<TaskInstance: Predice-Stock-ML-Pipeline.combine_data_for_ml manual__2024-10-30T14:27:23.134497+00:00 [queued]>
[2024-10-30T14:50:53.056+0000] {taskinstance.py:2306} INFO - Starting attempt 7 of 7
[2024-10-30T14:50:53.066+0000] {taskinstance.py:2330} INFO - Executing <Task(PythonOperator): combine_data_for_ml> on 2024-10-30 14:27:23.134497+00:00
[2024-10-30T14:50:53.079+0000] {logging_mixin.py:188} WARNING - /home/***/.local/lib/python3.12/site-packages/***/task/task_runner/standard_task_runner.py:61 DeprecationWarning: This process (pid=2462) is multi-threaded, use of fork() may lead to deadlocks in the child.
[2024-10-30T14:50:53.082+0000] {standard_task_runner.py:63} INFO - Started process 2468 to run task
[2024-10-30T14:50:53.081+0000] {standard_task_runner.py:90} INFO - Running: ['***', 'tasks', 'run', 'Predice-Stock-ML-Pipeline', 'combine_data_for_ml', 'manual__2024-10-30T14:27:23.134497+00:00', '--job-id', '311', '--raw', '--subdir', 'DAGS_FOLDER/stock_and_sentiment_ml_pipeline.py', '--cfg-path', '/tmp/tmp6y1ufxw8']
[2024-10-30T14:50:53.086+0000] {standard_task_runner.py:91} INFO - Job 311: Subtask combine_data_for_ml
[2024-10-30T14:50:53.112+0000] {logging_mixin.py:188} WARNING - /home/***/.local/lib/python3.12/site-packages/***/settings.py:195 DeprecationWarning: The sql_alchemy_conn option in [core] has been moved to the sql_alchemy_conn option in [database] - the old setting has been used, but please update your config.
[2024-10-30T14:50:53.184+0000] {task_command.py:426} INFO - Running <TaskInstance: Predice-Stock-ML-Pipeline.combine_data_for_ml manual__2024-10-30T14:27:23.134497+00:00 [running]> on host cf1c99cdc1a8
[2024-10-30T14:50:53.616+0000] {taskinstance.py:2648} INFO - Exporting env vars: AIRFLOW_CTX_DAG_OWNER='***' AIRFLOW_CTX_DAG_ID='Predice-Stock-ML-Pipeline' AIRFLOW_CTX_TASK_ID='combine_data_for_ml' AIRFLOW_CTX_EXECUTION_DATE='2024-10-30T14:27:23.134497+00:00' AIRFLOW_CTX_TRY_NUMBER='7' AIRFLOW_CTX_DAG_RUN_ID='manual__2024-10-30T14:27:23.134497+00:00'
[2024-10-30T14:50:53.618+0000] {taskinstance.py:430} INFO - ::endgroup::
[2024-10-30T14:50:53.836+0000] {logging_mixin.py:188} INFO - Index(['timestamp', 'open', 'high', 'low', 'close', 'volume', 'symbol', 'date',
       'SMA', 'EMA', 'WMA', 'DEMA', 'T3', 'year', 'month', 'day',
       'day_of_week', 'security_type_BOD Stock Option (right to buy)',
       'security_type_Cash-Settled Swap', 'security_type_Class A Common Stock',
       'security_type_Class A Google Stock Unit',
       'security_type_Class A Google Stock Units',
       'security_type_Class A Restricted Stock Unit',
       'security_type_Class B Common Stock',
       'security_type_Class C Capital Stock',
       'security_type_Class C Google Stock Unit',
       'security_type_Class C Google Stock Units',
       'security_type_Common Stock', 'security_type_Common Stock (ESPP)',
       'security_type_Common stock, par value $0.01 per share',
       'security_type_Director Stock Option',
       'security_type_Director Stock Option (Right to Buy)',
       'security_type_Director Stock Option (right to buy)',
       'security_type_Director Stock Options',
       'security_type_Emp. Stock Option (right to buy)',
       'security_type_Employee Stock Option',
       'security_type_Option to Purchase Class A Common Stock',
       'security_type_Option to Purchase Class C Capital Stock',
       'security_type_Option to Purchase Class C Capital Stock (right to buy)',
       'security_type_Phantom Stock Unit', 'security_type_Promised Fee Share',
       'security_type_Restricted Stock Unit',
       'security_type_Restricted Stock Units', 'security_type_Rst. Stock Unit',
       'security_type_Series A Convertible Preferred Stock',
       'security_type_Series D Preferred Stock',
       'security_type_Series D-1 Redeemable Convertible Preferred Stock',
       'security_type_Series E Redeemable Convertible Preferred Stock',
       'acquisition_or_disposal_A', 'acquisition_or_disposal_D'],
      dtype='object')
[2024-10-30T14:50:53.838+0000] {logging_mixin.py:188} INFO - Index(['symbol', 'ticker_sentiment', 'combined_text', 'sentiment_score',
       'word_count', 'char_count', 'topic_probabilities', 'timestamp'],
      dtype='object')
[2024-10-30T14:50:53.848+0000] {logging_mixin.py:188} WARNING - /opt/***/dags/utils/ml_pipeline_helper.py:27 FutureWarning: DataFrame.fillna with 'method' is deprecated and will raise in a future version. Use obj.ffill() or obj.bfill() instead.
[2024-10-30T14:50:53.860+0000] {python.py:237} INFO - Done. Returned value was:        timestamp      open  ...  char_count  topic_probabilities
0     1999-11-01  0.022248  ...         NaN                  NaN
1     1999-11-01  0.028390  ...         NaN                  NaN
2     1999-11-02  0.021584  ...         NaN                  NaN
3     1999-11-02  0.027809  ...         NaN                  NaN
4     1999-11-03  0.027517  ...         NaN                  NaN
...          ...       ...  ...         ...                  ...
17657 2024-10-28  0.067234  ...         NaN                  NaN
17658 2024-10-28  0.073150  ...         NaN                  NaN
17659 2024-10-29  0.073077  ...         NaN                  NaN
17660 2024-10-29  0.051374  ...         NaN                  NaN
17661 2024-10-29  0.066069  ...         NaN                  NaN

[17662 rows x 56 columns]
[2024-10-30T14:50:53.896+0000] {taskinstance.py:441} INFO - ::group::Post task execution logs
[2024-10-30T14:50:54.165+0000] {taskinstance.py:1206} INFO - Marking task as SUCCESS. dag_id=Predice-Stock-ML-Pipeline, task_id=combine_data_for_ml, run_id=manual__2024-10-30T14:27:23.134497+00:00, execution_date=20241030T142723, start_date=20241030T145053, end_date=20241030T145054
[2024-10-30T14:50:54.235+0000] {local_task_job_runner.py:240} INFO - Task exited with return code 0
[2024-10-30T14:50:54.265+0000] {taskinstance.py:3503} INFO - 2 downstream tasks scheduled from follow-on schedule check
[2024-10-30T14:50:54.267+0000] {local_task_job_runner.py:222} INFO - ::endgroup::
