[2024-10-30T14:27:31.592+0000] {local_task_job_runner.py:120} INFO - ::group::Pre task execution logs
[2024-10-30T14:27:31.628+0000] {taskinstance.py:2076} INFO - Dependencies all met for dep_context=non-requeueable deps ti=<TaskInstance: Predice-Stock-ML-Pipeline.combine_data_for_ml manual__2024-10-30T14:27:23.134497+00:00 [queued]>
[2024-10-30T14:27:31.635+0000] {taskinstance.py:2076} INFO - Dependencies all met for dep_context=requeueable deps ti=<TaskInstance: Predice-Stock-ML-Pipeline.combine_data_for_ml manual__2024-10-30T14:27:23.134497+00:00 [queued]>
[2024-10-30T14:27:31.636+0000] {taskinstance.py:2306} INFO - Starting attempt 1 of 1
[2024-10-30T14:27:31.646+0000] {taskinstance.py:2330} INFO - Executing <Task(PythonOperator): combine_data_for_ml> on 2024-10-30 14:27:23.134497+00:00
[2024-10-30T14:27:31.664+0000] {logging_mixin.py:188} WARNING - /home/***/.local/lib/python3.12/site-packages/***/task/task_runner/standard_task_runner.py:61 DeprecationWarning: This process (pid=376) is multi-threaded, use of fork() may lead to deadlocks in the child.
[2024-10-30T14:27:31.667+0000] {standard_task_runner.py:63} INFO - Started process 398 to run task
[2024-10-30T14:27:31.666+0000] {standard_task_runner.py:90} INFO - Running: ['***', 'tasks', 'run', 'Predice-Stock-ML-Pipeline', 'combine_data_for_ml', 'manual__2024-10-30T14:27:23.134497+00:00', '--job-id', '299', '--raw', '--subdir', 'DAGS_FOLDER/stock_and_sentiment_ml_pipeline.py', '--cfg-path', '/tmp/tmp3lt46zpo']
[2024-10-30T14:27:31.672+0000] {standard_task_runner.py:91} INFO - Job 299: Subtask combine_data_for_ml
[2024-10-30T14:27:31.695+0000] {logging_mixin.py:188} WARNING - /home/***/.local/lib/python3.12/site-packages/***/settings.py:195 DeprecationWarning: The sql_alchemy_conn option in [core] has been moved to the sql_alchemy_conn option in [database] - the old setting has been used, but please update your config.
[2024-10-30T14:27:31.743+0000] {task_command.py:426} INFO - Running <TaskInstance: Predice-Stock-ML-Pipeline.combine_data_for_ml manual__2024-10-30T14:27:23.134497+00:00 [running]> on host cf1c99cdc1a8
[2024-10-30T14:27:32.079+0000] {taskinstance.py:2648} INFO - Exporting env vars: AIRFLOW_CTX_DAG_OWNER='***' AIRFLOW_CTX_DAG_ID='Predice-Stock-ML-Pipeline' AIRFLOW_CTX_TASK_ID='combine_data_for_ml' AIRFLOW_CTX_EXECUTION_DATE='2024-10-30T14:27:23.134497+00:00' AIRFLOW_CTX_TRY_NUMBER='1' AIRFLOW_CTX_DAG_RUN_ID='manual__2024-10-30T14:27:23.134497+00:00'
[2024-10-30T14:27:32.081+0000] {taskinstance.py:430} INFO - ::endgroup::
[2024-10-30T14:27:32.269+0000] {taskinstance.py:441} INFO - ::group::Post task execution logs
[2024-10-30T14:27:32.270+0000] {taskinstance.py:2905} ERROR - Task failed with exception
Traceback (most recent call last):
  File "/home/airflow/.local/lib/python3.12/site-packages/pandas/core/indexes/base.py", line 3791, in get_loc
    return self._engine.get_loc(casted_key)
           ^^^^^^^^^^^^^^^^^^^^^^^^^^^^^^^^
  File "index.pyx", line 152, in pandas._libs.index.IndexEngine.get_loc
  File "index.pyx", line 181, in pandas._libs.index.IndexEngine.get_loc
  File "pandas/_libs/hashtable_class_helper.pxi", line 7080, in pandas._libs.hashtable.PyObjectHashTable.get_item
  File "pandas/_libs/hashtable_class_helper.pxi", line 7088, in pandas._libs.hashtable.PyObjectHashTable.get_item
KeyError: 'acquisition_or_disposal'

The above exception was the direct cause of the following exception:

Traceback (most recent call last):
  File "/home/airflow/.local/lib/python3.12/site-packages/airflow/models/taskinstance.py", line 465, in _execute_task
    result = _execute_callable(context=context, **execute_callable_kwargs)
             ^^^^^^^^^^^^^^^^^^^^^^^^^^^^^^^^^^^^^^^^^^^^^^^^^^^^^^^^^^^^^
  File "/home/airflow/.local/lib/python3.12/site-packages/airflow/models/taskinstance.py", line 432, in _execute_callable
    return execute_callable(context=context, **execute_callable_kwargs)
           ^^^^^^^^^^^^^^^^^^^^^^^^^^^^^^^^^^^^^^^^^^^^^^^^^^^^^^^^^^^^
  File "/home/airflow/.local/lib/python3.12/site-packages/airflow/models/baseoperator.py", line 401, in wrapper
    return func(self, *args, **kwargs)
           ^^^^^^^^^^^^^^^^^^^^^^^^^^^
  File "/home/airflow/.local/lib/python3.12/site-packages/airflow/operators/python.py", line 235, in execute
    return_value = self.execute_callable()
                   ^^^^^^^^^^^^^^^^^^^^^^^
  File "/home/airflow/.local/lib/python3.12/site-packages/airflow/operators/python.py", line 252, in execute_callable
    return self.python_callable(*self.op_args, **self.op_kwargs)
           ^^^^^^^^^^^^^^^^^^^^^^^^^^^^^^^^^^^^^^^^^^^^^^^^^^^^^
  File "/opt/airflow/dags/utils/ml_pipeline_helper.py", line 60, in combine_data_for_ml
    merged_data = preprocess_data(stock_data, news_sentiment_data)
                  ^^^^^^^^^^^^^^^^^^^^^^^^^^^^^^^^^^^^^^^^^^^^^^^^
  File "/opt/airflow/dags/utils/ml_pipeline_helper.py", line 9, in preprocess_data
    stock_data['transaction_that_day'] = stock_data['acquisition_or_disposal'].apply(lambda x: 1 if x == 'Acquisition' else 0)
                                         ~~~~~~~~~~^^^^^^^^^^^^^^^^^^^^^^^^^^^
  File "/home/airflow/.local/lib/python3.12/site-packages/pandas/core/frame.py", line 3893, in __getitem__
    indexer = self.columns.get_loc(key)
              ^^^^^^^^^^^^^^^^^^^^^^^^^
  File "/home/airflow/.local/lib/python3.12/site-packages/pandas/core/indexes/base.py", line 3798, in get_loc
    raise KeyError(key) from err
KeyError: 'acquisition_or_disposal'
[2024-10-30T14:27:32.291+0000] {taskinstance.py:1206} INFO - Marking task as FAILED. dag_id=Predice-Stock-ML-Pipeline, task_id=combine_data_for_ml, run_id=manual__2024-10-30T14:27:23.134497+00:00, execution_date=20241030T142723, start_date=20241030T142731, end_date=20241030T142732
[2024-10-30T14:27:32.304+0000] {standard_task_runner.py:110} ERROR - Failed to execute job 299 for task combine_data_for_ml ('acquisition_or_disposal'; 398)
[2024-10-30T14:27:32.370+0000] {local_task_job_runner.py:240} INFO - Task exited with return code 1
[2024-10-30T14:27:32.403+0000] {taskinstance.py:3503} INFO - 0 downstream tasks scheduled from follow-on schedule check
[2024-10-30T14:27:32.408+0000] {local_task_job_runner.py:222} INFO - ::endgroup::
