[2024-10-30T15:01:31.262+0000] {local_task_job_runner.py:120} INFO - ::group::Pre task execution logs
[2024-10-30T15:01:31.287+0000] {taskinstance.py:2076} INFO - Dependencies all met for dep_context=non-requeueable deps ti=<TaskInstance: Predice-Stock-ML-Pipeline.combine_data_for_ml manual__2024-10-30T14:27:23.134497+00:00 [queued]>
[2024-10-30T15:01:31.291+0000] {taskinstance.py:2076} INFO - Dependencies all met for dep_context=requeueable deps ti=<TaskInstance: Predice-Stock-ML-Pipeline.combine_data_for_ml manual__2024-10-30T14:27:23.134497+00:00 [queued]>
[2024-10-30T15:01:31.292+0000] {taskinstance.py:2306} INFO - Starting attempt 11 of 11
[2024-10-30T15:01:31.298+0000] {taskinstance.py:2330} INFO - Executing <Task(PythonOperator): combine_data_for_ml> on 2024-10-30 14:27:23.134497+00:00
[2024-10-30T15:01:31.307+0000] {logging_mixin.py:188} WARNING - /home/***/.local/lib/python3.12/site-packages/***/task/task_runner/standard_task_runner.py:61 DeprecationWarning: This process (pid=3509) is multi-threaded, use of fork() may lead to deadlocks in the child.
[2024-10-30T15:01:31.308+0000] {standard_task_runner.py:63} INFO - Started process 3514 to run task
[2024-10-30T15:01:31.308+0000] {standard_task_runner.py:90} INFO - Running: ['***', 'tasks', 'run', 'Predice-Stock-ML-Pipeline', 'combine_data_for_ml', 'manual__2024-10-30T14:27:23.134497+00:00', '--job-id', '321', '--raw', '--subdir', 'DAGS_FOLDER/stock_and_sentiment_ml_pipeline.py', '--cfg-path', '/tmp/tmppuf0bo4z']
[2024-10-30T15:01:31.310+0000] {standard_task_runner.py:91} INFO - Job 321: Subtask combine_data_for_ml
[2024-10-30T15:01:31.324+0000] {logging_mixin.py:188} WARNING - /home/***/.local/lib/python3.12/site-packages/***/settings.py:195 DeprecationWarning: The sql_alchemy_conn option in [core] has been moved to the sql_alchemy_conn option in [database] - the old setting has been used, but please update your config.
[2024-10-30T15:01:31.353+0000] {task_command.py:426} INFO - Running <TaskInstance: Predice-Stock-ML-Pipeline.combine_data_for_ml manual__2024-10-30T14:27:23.134497+00:00 [running]> on host cf1c99cdc1a8
[2024-10-30T15:01:31.572+0000] {taskinstance.py:2648} INFO - Exporting env vars: AIRFLOW_CTX_DAG_OWNER='***' AIRFLOW_CTX_DAG_ID='Predice-Stock-ML-Pipeline' AIRFLOW_CTX_TASK_ID='combine_data_for_ml' AIRFLOW_CTX_EXECUTION_DATE='2024-10-30T14:27:23.134497+00:00' AIRFLOW_CTX_TRY_NUMBER='11' AIRFLOW_CTX_DAG_RUN_ID='manual__2024-10-30T14:27:23.134497+00:00'
[2024-10-30T15:01:31.573+0000] {taskinstance.py:430} INFO - ::endgroup::
[2024-10-30T15:01:31.688+0000] {logging_mixin.py:188} WARNING - /opt/***/dags/utils/ml_pipeline_helper.py:28 FutureWarning: DataFrame.fillna with 'method' is deprecated and will raise in a future version. Use obj.ffill() or obj.bfill() instead.
[2024-10-30T15:01:31.694+0000] {python.py:237} INFO - Done. Returned value was:            open      high       low  ...  symbol_AAPL  symbol_GOOGL symbol_IBM
0      0.022248  0.022368  0.021802  ...         True         False      False
1      0.028390  0.028372  0.028210  ...        False         False       True
2      0.021584  0.022699  0.021782  ...         True         False      False
3      0.027809  0.027709  0.027306  ...        False         False       True
4      0.027517  0.027421  0.027242  ...        False         False       True
...         ...       ...       ...  ...          ...           ...        ...
17657  0.067234  0.067289  0.067441  ...        False         False       True
17658  0.073150  0.073413  0.074135  ...         True         False      False
17659  0.073077  0.073278  0.074058  ...         True         False      False
17660  0.051374  0.052089  0.052059  ...        False          True      False
17661  0.066069  0.066324  0.066480  ...        False         False       True

[17662 rows x 57 columns]
[2024-10-30T15:01:31.715+0000] {taskinstance.py:441} INFO - ::group::Post task execution logs
[2024-10-30T15:01:31.893+0000] {taskinstance.py:1206} INFO - Marking task as SUCCESS. dag_id=Predice-Stock-ML-Pipeline, task_id=combine_data_for_ml, run_id=manual__2024-10-30T14:27:23.134497+00:00, execution_date=20241030T142723, start_date=20241030T150131, end_date=20241030T150131
[2024-10-30T15:01:31.975+0000] {local_task_job_runner.py:240} INFO - Task exited with return code 0
[2024-10-30T15:01:31.993+0000] {taskinstance.py:3503} INFO - 2 downstream tasks scheduled from follow-on schedule check
[2024-10-30T15:01:31.995+0000] {local_task_job_runner.py:222} INFO - ::endgroup::
