[2024-10-29T17:17:12.052+0000] {local_task_job_runner.py:120} INFO - ::group::Pre task execution logs
[2024-10-29T17:17:12.090+0000] {taskinstance.py:2076} INFO - Dependencies all met for dep_context=non-requeueable deps ti=<TaskInstance: join_and_feature_engineer_all_data.get_technical_indicators_s3 manual__2024-10-29T14:30:15.385142+00:00 [queued]>
[2024-10-29T17:17:12.102+0000] {taskinstance.py:2076} INFO - Dependencies all met for dep_context=requeueable deps ti=<TaskInstance: join_and_feature_engineer_all_data.get_technical_indicators_s3 manual__2024-10-29T14:30:15.385142+00:00 [queued]>
[2024-10-29T17:17:12.104+0000] {taskinstance.py:2306} INFO - Starting attempt 32 of 32
[2024-10-29T17:17:12.117+0000] {taskinstance.py:2330} INFO - Executing <Task(PythonOperator): get_technical_indicators_s3> on 2024-10-29 14:30:15.385142+00:00
[2024-10-29T17:17:12.134+0000] {logging_mixin.py:188} WARNING - /home/***/.local/lib/python3.12/site-packages/***/task/task_runner/standard_task_runner.py:61 DeprecationWarning: This process (pid=681) is multi-threaded, use of fork() may lead to deadlocks in the child.
[2024-10-29T17:17:12.137+0000] {standard_task_runner.py:63} INFO - Started process 697 to run task
[2024-10-29T17:17:12.144+0000] {standard_task_runner.py:90} INFO - Running: ['***', 'tasks', 'run', 'join_and_feature_engineer_all_data', 'get_technical_indicators_s3', 'manual__2024-10-29T14:30:15.385142+00:00', '--job-id', '217', '--raw', '--subdir', 'DAGS_FOLDER/stock_data_pipelines.py', '--cfg-path', '/tmp/tmpjb395rht']
[2024-10-29T17:17:12.148+0000] {standard_task_runner.py:91} INFO - Job 217: Subtask get_technical_indicators_s3
[2024-10-29T17:17:12.176+0000] {logging_mixin.py:188} WARNING - /home/***/.local/lib/python3.12/site-packages/***/settings.py:195 DeprecationWarning: The sql_alchemy_conn option in [core] has been moved to the sql_alchemy_conn option in [database] - the old setting has been used, but please update your config.
[2024-10-29T17:17:12.248+0000] {task_command.py:426} INFO - Running <TaskInstance: join_and_feature_engineer_all_data.get_technical_indicators_s3 manual__2024-10-29T14:30:15.385142+00:00 [running]> on host a5e3407ec3e4
[2024-10-29T17:17:12.366+0000] {taskinstance.py:2648} INFO - Exporting env vars: AIRFLOW_CTX_DAG_OWNER='***' AIRFLOW_CTX_DAG_ID='join_and_feature_engineer_all_data' AIRFLOW_CTX_TASK_ID='get_technical_indicators_s3' AIRFLOW_CTX_EXECUTION_DATE='2024-10-29T14:30:15.385142+00:00' AIRFLOW_CTX_TRY_NUMBER='32' AIRFLOW_CTX_DAG_RUN_ID='manual__2024-10-29T14:30:15.385142+00:00'
[2024-10-29T17:17:12.368+0000] {taskinstance.py:430} INFO - ::endgroup::
[2024-10-29T17:17:12.384+0000] {logging_mixin.py:188} INFO - Downloading bronze/technical_indicators_data.parquet from S3
[2024-10-29T17:17:12.410+0000] {credentials.py:1147} INFO - Found credentials in environment variables.
[2024-10-29T17:17:14.181+0000] {python.py:237} INFO - Done. Returned value was:            date symbol       SMA       EMA       WMA      DEMA        T3
0    2000-01-14   AAPL    0.7472    0.7472    0.7679       NaN       NaN
1    2000-01-14   AMZN    4.2343    4.2343    4.3191       NaN       NaN
2    2000-01-14    IBM   54.5151   54.5151   56.3007       NaN       NaN
3    2000-01-14   MSFT   31.0721   31.0721   32.9764       NaN       NaN
4    2000-01-21   AAPL    0.7572    0.7498    0.7705       NaN       NaN
...         ...    ...       ...       ...       ...       ...       ...
6222 2024-10-28  GOOGL  162.8209  164.8753  163.9057  164.3533  163.9471
6223 2024-10-28    IBM  216.0040  215.6309  221.1849  228.1437  213.3045
6220 2024-10-28   AAPL  227.1020  226.9323  228.6140  233.2498  229.5555
6221 2024-10-28   AMZN  184.3195  185.4626  186.6287  188.2526  182.1488
6224 2024-10-28   MSFT  421.6150  422.8427  422.7774  422.7184  421.8436

[6225 rows x 7 columns]
[2024-10-29T17:17:14.194+0000] {taskinstance.py:441} INFO - ::group::Post task execution logs
[2024-10-29T17:17:14.285+0000] {taskinstance.py:1206} INFO - Marking task as SUCCESS. dag_id=join_and_feature_engineer_all_data, task_id=get_technical_indicators_s3, run_id=manual__2024-10-29T14:30:15.385142+00:00, execution_date=20241029T143015, start_date=20241029T171712, end_date=20241029T171714
[2024-10-29T17:17:14.367+0000] {local_task_job_runner.py:240} INFO - Task exited with return code 0
[2024-10-29T17:17:14.404+0000] {taskinstance.py:3503} INFO - 0 downstream tasks scheduled from follow-on schedule check
[2024-10-29T17:17:14.407+0000] {local_task_job_runner.py:222} INFO - ::endgroup::
