[2024-10-30T12:22:40.042+0000] {local_task_job_runner.py:120} INFO - ::group::Pre task execution logs
[2024-10-30T12:22:40.089+0000] {taskinstance.py:2076} INFO - Dependencies all met for dep_context=non-requeueable deps ti=<TaskInstance: Stock-Data-Pipeline.join_and_merge manual__2024-10-30T00:33:57.081828+00:00 [queued]>
[2024-10-30T12:22:40.099+0000] {taskinstance.py:2076} INFO - Dependencies all met for dep_context=requeueable deps ti=<TaskInstance: Stock-Data-Pipeline.join_and_merge manual__2024-10-30T00:33:57.081828+00:00 [queued]>
[2024-10-30T12:22:40.100+0000] {taskinstance.py:2306} INFO - Starting attempt 3 of 3
[2024-10-30T12:22:40.110+0000] {taskinstance.py:2330} INFO - Executing <Task(PythonOperator): join_and_merge> on 2024-10-30 00:33:57.081828+00:00
[2024-10-30T12:22:40.122+0000] {logging_mixin.py:188} WARNING - /home/***/.local/lib/python3.12/site-packages/***/task/task_runner/standard_task_runner.py:61 DeprecationWarning: This process (pid=25289) is multi-threaded, use of fork() may lead to deadlocks in the child.
[2024-10-30T12:22:40.125+0000] {standard_task_runner.py:63} INFO - Started process 25301 to run task
[2024-10-30T12:22:40.124+0000] {standard_task_runner.py:90} INFO - Running: ['***', 'tasks', 'run', 'Stock-Data-Pipeline', 'join_and_merge', 'manual__2024-10-30T00:33:57.081828+00:00', '--job-id', '293', '--raw', '--subdir', 'DAGS_FOLDER/stock_data_pipeline.py', '--cfg-path', '/tmp/tmpwdptpo5d']
[2024-10-30T12:22:40.128+0000] {standard_task_runner.py:91} INFO - Job 293: Subtask join_and_merge
[2024-10-30T12:22:40.152+0000] {logging_mixin.py:188} WARNING - /home/***/.local/lib/python3.12/site-packages/***/settings.py:195 DeprecationWarning: The sql_alchemy_conn option in [core] has been moved to the sql_alchemy_conn option in [database] - the old setting has been used, but please update your config.
[2024-10-30T12:22:40.209+0000] {task_command.py:426} INFO - Running <TaskInstance: Stock-Data-Pipeline.join_and_merge manual__2024-10-30T00:33:57.081828+00:00 [running]> on host cf1c99cdc1a8
[2024-10-30T12:22:40.379+0000] {taskinstance.py:2648} INFO - Exporting env vars: AIRFLOW_CTX_DAG_OWNER='***' AIRFLOW_CTX_DAG_ID='Stock-Data-Pipeline' AIRFLOW_CTX_TASK_ID='join_and_merge' AIRFLOW_CTX_EXECUTION_DATE='2024-10-30T00:33:57.081828+00:00' AIRFLOW_CTX_TRY_NUMBER='3' AIRFLOW_CTX_DAG_RUN_ID='manual__2024-10-30T00:33:57.081828+00:00'
[2024-10-30T12:22:40.381+0000] {taskinstance.py:430} INFO - ::endgroup::
[2024-10-30T12:22:40.494+0000] {logging_mixin.py:188} INFO -        timestamp   open   high    low  close    volume symbol
12577 1999-11-01  80.00  80.69  77.37  77.62   2487300   AAPL
6288  1999-11-01  98.50  98.81  96.37  96.75   9551800    IBM
12576 1999-11-02  78.00  81.69  77.31  80.25   3564600   AAPL
6287  1999-11-02  96.75  96.81  93.69  94.81  11105400    IBM
6286  1999-11-03  95.87  95.94  93.50  94.37  10369100    IBM
12575 1999-11-03  81.62  83.25  81.00  81.50   2932700   AAPL
6285  1999-11-04  94.44  94.44  90.00  91.56  16697600    IBM
12574 1999-11-04  82.06  85.37  80.62  83.62   3384700   AAPL
12573 1999-11-05  84.62  88.37  84.00  88.31   3721500   AAPL
6284  1999-11-05  92.75  92.94  90.19  90.25  13737600    IBM
[2024-10-30T12:22:40.544+0000] {logging_mixin.py:188} INFO -   transaction_date ticker  ... shares share_price
0       2024-09-30    IBM  ...  396.0      221.08
1       2024-09-30    IBM  ...  250.0      221.08
2       2024-09-30    IBM  ...  453.0      221.08
3       2024-09-30    IBM  ...  357.0      221.08
4       2024-09-30    IBM  ...  419.0      221.08
5       2024-09-30    IBM  ...  396.0      221.08
6       2024-09-30    IBM  ...  396.0      221.08
7       2024-09-30    IBM  ...  396.0      221.08
8       2024-09-30    IBM  ...  419.0      221.08
9       2024-09-30    IBM  ...  250.0      221.08

[10 rows x 8 columns]
[2024-10-30T12:22:40.587+0000] {logging_mixin.py:188} INFO -         date symbol      SMA      EMA      WMA  DEMA  T3
0 2000-01-14   AAPL   0.7472   0.7472   0.7679   NaN NaN
1 2000-01-14   AMZN   4.2343   4.2343   4.3191   NaN NaN
2 2000-01-14    IBM  54.5151  54.5151  56.3007   NaN NaN
3 2000-01-14   MSFT  31.0721  31.0721  32.9764   NaN NaN
4 2000-01-21   AAPL   0.7572   0.7498   0.7705   NaN NaN
5 2000-01-21   AMZN   4.2274   4.0412   4.1260   NaN NaN
6 2000-01-21    IBM  56.0072  55.7270  57.5127   NaN NaN
7 2000-01-21   MSFT  31.9062  31.7033  33.6077   NaN NaN
8 2000-01-28   AAPL   0.7714   0.7621   0.7815   NaN NaN
9 2000-01-28   AMZN   4.1871   3.9206   3.9716   NaN NaN
[2024-10-30T12:22:40.659+0000] {python.py:237} INFO - Done. Returned value was:        timestamp    open     high  ...       WMA      DEMA        T3
0     1999-11-01   80.00   80.690  ...       NaN       NaN       NaN
1     1999-11-01   98.50   98.810  ...       NaN       NaN       NaN
2     1999-11-02   78.00   81.690  ...       NaN       NaN       NaN
3     1999-11-02   96.75   96.810  ...       NaN       NaN       NaN
4     1999-11-03   95.87   95.940  ...       NaN       NaN       NaN
...          ...     ...      ...  ...       ...       ...       ...
17657 2024-10-28  215.50  216.250  ...  221.1849  228.1437  213.3045
17658 2024-10-28  233.32  234.730  ...  228.6140  233.2498  229.5555
17659 2024-10-29  233.10  234.325  ...  228.6140  233.2498  229.5555
17660 2024-10-29  167.73  170.380  ...  163.9057  164.3533  163.9471
17661 2024-10-29  211.99  213.340  ...  221.1849  228.1437  213.3045

[17662 rows x 20 columns]
[2024-10-30T12:22:40.673+0000] {taskinstance.py:441} INFO - ::group::Post task execution logs
[2024-10-30T12:22:40.862+0000] {taskinstance.py:1206} INFO - Marking task as SUCCESS. dag_id=Stock-Data-Pipeline, task_id=join_and_merge, run_id=manual__2024-10-30T00:33:57.081828+00:00, execution_date=20241030T003357, start_date=20241030T122240, end_date=20241030T122240
[2024-10-30T12:22:40.907+0000] {local_task_job_runner.py:240} INFO - Task exited with return code 0
[2024-10-30T12:22:40.934+0000] {taskinstance.py:3503} INFO - 1 downstream tasks scheduled from follow-on schedule check
[2024-10-30T12:22:40.936+0000] {local_task_job_runner.py:222} INFO - ::endgroup::
