[2024-10-30T11:07:16.016+0000] {local_task_job_runner.py:120} INFO - ::group::Pre task execution logs
[2024-10-30T11:07:16.053+0000] {taskinstance.py:2076} INFO - Dependencies all met for dep_context=non-requeueable deps ti=<TaskInstance: Stock-Data-Pipeline.clean_stock_data manual__2024-10-30T00:33:57.081828+00:00 [queued]>
[2024-10-30T11:07:16.063+0000] {taskinstance.py:2076} INFO - Dependencies all met for dep_context=requeueable deps ti=<TaskInstance: Stock-Data-Pipeline.clean_stock_data manual__2024-10-30T00:33:57.081828+00:00 [queued]>
[2024-10-30T11:07:16.064+0000] {taskinstance.py:2306} INFO - Starting attempt 2 of 2
[2024-10-30T11:07:16.076+0000] {taskinstance.py:2330} INFO - Executing <Task(PythonOperator): clean_stock_data> on 2024-10-30 00:33:57.081828+00:00
[2024-10-30T11:07:16.088+0000] {logging_mixin.py:188} WARNING - /home/***/.local/lib/python3.12/site-packages/***/task/task_runner/standard_task_runner.py:61 DeprecationWarning: This process (pid=20034) is multi-threaded, use of fork() may lead to deadlocks in the child.
[2024-10-30T11:07:16.090+0000] {standard_task_runner.py:63} INFO - Started process 20046 to run task
[2024-10-30T11:07:16.089+0000] {standard_task_runner.py:90} INFO - Running: ['***', 'tasks', 'run', 'Stock-Data-Pipeline', 'clean_stock_data', 'manual__2024-10-30T00:33:57.081828+00:00', '--job-id', '272', '--raw', '--subdir', 'DAGS_FOLDER/stock_data_pipeline.py', '--cfg-path', '/tmp/tmpkhmdz5aj']
[2024-10-30T11:07:16.093+0000] {standard_task_runner.py:91} INFO - Job 272: Subtask clean_stock_data
[2024-10-30T11:07:16.117+0000] {logging_mixin.py:188} WARNING - /home/***/.local/lib/python3.12/site-packages/***/settings.py:195 DeprecationWarning: The sql_alchemy_conn option in [core] has been moved to the sql_alchemy_conn option in [database] - the old setting has been used, but please update your config.
[2024-10-30T11:07:16.168+0000] {task_command.py:426} INFO - Running <TaskInstance: Stock-Data-Pipeline.clean_stock_data manual__2024-10-30T00:33:57.081828+00:00 [running]> on host cf1c99cdc1a8
[2024-10-30T11:07:16.279+0000] {taskinstance.py:2648} INFO - Exporting env vars: AIRFLOW_CTX_DAG_OWNER='***' AIRFLOW_CTX_DAG_ID='Stock-Data-Pipeline' AIRFLOW_CTX_TASK_ID='clean_stock_data' AIRFLOW_CTX_EXECUTION_DATE='2024-10-30T00:33:57.081828+00:00' AIRFLOW_CTX_TRY_NUMBER='2' AIRFLOW_CTX_DAG_RUN_ID='manual__2024-10-30T00:33:57.081828+00:00'
[2024-10-30T11:07:16.281+0000] {taskinstance.py:430} INFO - ::endgroup::
[2024-10-30T11:07:16.478+0000] {python.py:237} INFO - Done. Returned value was:        timestamp    open     high       low   close    volume symbol
12577 1999-11-01   80.00   80.690   77.3700   77.62   2487300   AAPL
6288  1999-11-01   98.50   98.810   96.3700   96.75   9551800    IBM
12576 1999-11-02   78.00   81.690   77.3100   80.25   3564600   AAPL
6287  1999-11-02   96.75   96.810   93.6900   94.81  11105400    IBM
6286  1999-11-03   95.87   95.940   93.5000   94.37  10369100    IBM
...          ...     ...      ...       ...     ...       ...    ...
1     2024-10-28  215.50  216.250  212.7000  212.91   4993343    IBM
6290  2024-10-28  233.32  234.730  232.5500  233.40  36087134   AAPL
6289  2024-10-29  233.10  234.325  232.3200  233.67  35417247   AAPL
12578 2024-10-29  167.73  170.380  167.0896  169.68  42169025  GOOGL
0     2024-10-29  211.99  213.340  209.8500  210.43   5258366    IBM

[17662 rows x 7 columns]
[2024-10-30T11:07:16.497+0000] {taskinstance.py:441} INFO - ::group::Post task execution logs
[2024-10-30T11:07:16.705+0000] {taskinstance.py:1206} INFO - Marking task as SUCCESS. dag_id=Stock-Data-Pipeline, task_id=clean_stock_data, run_id=manual__2024-10-30T00:33:57.081828+00:00, execution_date=20241030T003357, start_date=20241030T110716, end_date=20241030T110716
[2024-10-30T11:07:16.748+0000] {local_task_job_runner.py:240} INFO - Task exited with return code 0
[2024-10-30T11:07:16.782+0000] {taskinstance.py:3503} INFO - 1 downstream tasks scheduled from follow-on schedule check
[2024-10-30T11:07:16.784+0000] {local_task_job_runner.py:222} INFO - ::endgroup::
