[2024-10-30T11:07:33.752+0000] {local_task_job_runner.py:120} INFO - ::group::Pre task execution logs
[2024-10-30T11:07:33.791+0000] {taskinstance.py:2076} INFO - Dependencies all met for dep_context=non-requeueable deps ti=<TaskInstance: Stock-Data-Pipeline.clean_technical_indicators_data manual__2024-10-30T00:33:57.081828+00:00 [queued]>
[2024-10-30T11:07:33.800+0000] {taskinstance.py:2076} INFO - Dependencies all met for dep_context=requeueable deps ti=<TaskInstance: Stock-Data-Pipeline.clean_technical_indicators_data manual__2024-10-30T00:33:57.081828+00:00 [queued]>
[2024-10-30T11:07:33.801+0000] {taskinstance.py:2306} INFO - Starting attempt 1 of 1
[2024-10-30T11:07:33.811+0000] {taskinstance.py:2330} INFO - Executing <Task(PythonOperator): clean_technical_indicators_data> on 2024-10-30 00:33:57.081828+00:00
[2024-10-30T11:07:33.827+0000] {logging_mixin.py:188} WARNING - /home/***/.local/lib/python3.12/site-packages/***/task/task_runner/standard_task_runner.py:61 DeprecationWarning: This process (pid=20114) is multi-threaded, use of fork() may lead to deadlocks in the child.
[2024-10-30T11:07:33.830+0000] {standard_task_runner.py:63} INFO - Started process 20119 to run task
[2024-10-30T11:07:33.827+0000] {standard_task_runner.py:90} INFO - Running: ['***', 'tasks', 'run', 'Stock-Data-Pipeline', 'clean_technical_indicators_data', 'manual__2024-10-30T00:33:57.081828+00:00', '--job-id', '275', '--raw', '--subdir', 'DAGS_FOLDER/stock_data_pipeline.py', '--cfg-path', '/tmp/tmppo9xt_wg']
[2024-10-30T11:07:33.832+0000] {standard_task_runner.py:91} INFO - Job 275: Subtask clean_technical_indicators_data
[2024-10-30T11:07:33.859+0000] {logging_mixin.py:188} WARNING - /home/***/.local/lib/python3.12/site-packages/***/settings.py:195 DeprecationWarning: The sql_alchemy_conn option in [core] has been moved to the sql_alchemy_conn option in [database] - the old setting has been used, but please update your config.
[2024-10-30T11:07:33.916+0000] {task_command.py:426} INFO - Running <TaskInstance: Stock-Data-Pipeline.clean_technical_indicators_data manual__2024-10-30T00:33:57.081828+00:00 [running]> on host cf1c99cdc1a8
[2024-10-30T11:07:34.025+0000] {taskinstance.py:2648} INFO - Exporting env vars: AIRFLOW_CTX_DAG_OWNER='***' AIRFLOW_CTX_DAG_ID='Stock-Data-Pipeline' AIRFLOW_CTX_TASK_ID='clean_technical_indicators_data' AIRFLOW_CTX_EXECUTION_DATE='2024-10-30T00:33:57.081828+00:00' AIRFLOW_CTX_TRY_NUMBER='1' AIRFLOW_CTX_DAG_RUN_ID='manual__2024-10-30T00:33:57.081828+00:00'
[2024-10-30T11:07:34.027+0000] {taskinstance.py:430} INFO - ::endgroup::
[2024-10-30T11:07:34.149+0000] {logging_mixin.py:188} INFO - Warning: DataFrame contains missing values.
[2024-10-30T11:07:34.151+0000] {logging_mixin.py:188} INFO - Warning: Column 'SMA' is not numeric.
[2024-10-30T11:07:34.158+0000] {logging_mixin.py:188} INFO - Warning: Column 'EMA' is not numeric.
[2024-10-30T11:07:34.164+0000] {logging_mixin.py:188} INFO - Warning: Column 'DEMA' is not numeric.
[2024-10-30T11:07:34.170+0000] {taskinstance.py:441} INFO - ::group::Post task execution logs
[2024-10-30T11:07:34.171+0000] {taskinstance.py:2905} ERROR - Task failed with exception
Traceback (most recent call last):
  File "/home/airflow/.local/lib/python3.12/site-packages/pandas/core/indexes/base.py", line 3791, in get_loc
    return self._engine.get_loc(casted_key)
           ^^^^^^^^^^^^^^^^^^^^^^^^^^^^^^^^
  File "index.pyx", line 152, in pandas._libs.index.IndexEngine.get_loc
  File "index.pyx", line 181, in pandas._libs.index.IndexEngine.get_loc
  File "pandas/_libs/hashtable_class_helper.pxi", line 7080, in pandas._libs.hashtable.PyObjectHashTable.get_item
  File "pandas/_libs/hashtable_class_helper.pxi", line 7088, in pandas._libs.hashtable.PyObjectHashTable.get_item
KeyError: 'T3'

The above exception was the direct cause of the following exception:

Traceback (most recent call last):
  File "/home/airflow/.local/lib/python3.12/site-packages/airflow/models/taskinstance.py", line 465, in _execute_task
    result = _execute_callable(context=context, **execute_callable_kwargs)
             ^^^^^^^^^^^^^^^^^^^^^^^^^^^^^^^^^^^^^^^^^^^^^^^^^^^^^^^^^^^^^
  File "/home/airflow/.local/lib/python3.12/site-packages/airflow/models/taskinstance.py", line 432, in _execute_callable
    return execute_callable(context=context, **execute_callable_kwargs)
           ^^^^^^^^^^^^^^^^^^^^^^^^^^^^^^^^^^^^^^^^^^^^^^^^^^^^^^^^^^^^
  File "/home/airflow/.local/lib/python3.12/site-packages/airflow/models/baseoperator.py", line 401, in wrapper
    return func(self, *args, **kwargs)
           ^^^^^^^^^^^^^^^^^^^^^^^^^^^
  File "/home/airflow/.local/lib/python3.12/site-packages/airflow/operators/python.py", line 235, in execute
    return_value = self.execute_callable()
                   ^^^^^^^^^^^^^^^^^^^^^^^
  File "/home/airflow/.local/lib/python3.12/site-packages/airflow/operators/python.py", line 252, in execute_callable
    return self.python_callable(*self.op_args, **self.op_kwargs)
           ^^^^^^^^^^^^^^^^^^^^^^^^^^^^^^^^^^^^^^^^^^^^^^^^^^^^^
  File "/opt/airflow/dags/utils/stock_data_elt.py", line 163, in clean_technical_indicators_data
    if not pd.api.types.is_numeric_dtype(df[col]):
                                         ~~^^^^^
  File "/home/airflow/.local/lib/python3.12/site-packages/pandas/core/frame.py", line 3893, in __getitem__
    indexer = self.columns.get_loc(key)
              ^^^^^^^^^^^^^^^^^^^^^^^^^
  File "/home/airflow/.local/lib/python3.12/site-packages/pandas/core/indexes/base.py", line 3798, in get_loc
    raise KeyError(key) from err
KeyError: 'T3'
[2024-10-30T11:07:34.191+0000] {taskinstance.py:1206} INFO - Marking task as FAILED. dag_id=Stock-Data-Pipeline, task_id=clean_technical_indicators_data, run_id=manual__2024-10-30T00:33:57.081828+00:00, execution_date=20241030T003357, start_date=20241030T110733, end_date=20241030T110734
[2024-10-30T11:07:34.201+0000] {standard_task_runner.py:110} ERROR - Failed to execute job 275 for task clean_technical_indicators_data ('T3'; 20119)
[2024-10-30T11:07:34.247+0000] {local_task_job_runner.py:240} INFO - Task exited with return code 1
[2024-10-30T11:07:34.272+0000] {taskinstance.py:3503} INFO - 0 downstream tasks scheduled from follow-on schedule check
[2024-10-30T11:07:34.276+0000] {local_task_job_runner.py:222} INFO - ::endgroup::
