[2024-10-29T12:02:14.399+0000] {local_task_job_runner.py:120} INFO - ::group::Pre task execution logs
[2024-10-29T12:02:14.431+0000] {taskinstance.py:2076} INFO - Dependencies all met for dep_context=non-requeueable deps ti=<TaskInstance: fetch_and_clean_technical_indicators_data.fetch_technical_indicators_data manual__2024-10-28T18:18:35.942088+00:00 [queued]>
[2024-10-29T12:02:14.438+0000] {taskinstance.py:2076} INFO - Dependencies all met for dep_context=requeueable deps ti=<TaskInstance: fetch_and_clean_technical_indicators_data.fetch_technical_indicators_data manual__2024-10-28T18:18:35.942088+00:00 [queued]>
[2024-10-29T12:02:14.439+0000] {taskinstance.py:2306} INFO - Starting attempt 11 of 11
[2024-10-29T12:02:14.450+0000] {taskinstance.py:2330} INFO - Executing <Task(PythonOperator): fetch_technical_indicators_data> on 2024-10-28 18:18:35.942088+00:00
[2024-10-29T12:02:14.463+0000] {logging_mixin.py:188} WARNING - /home/***/.local/lib/python3.12/site-packages/***/task/task_runner/standard_task_runner.py:61 DeprecationWarning: This process (pid=33053) is multi-threaded, use of fork() may lead to deadlocks in the child.
[2024-10-29T12:02:14.466+0000] {standard_task_runner.py:63} INFO - Started process 33055 to run task
[2024-10-29T12:02:14.464+0000] {standard_task_runner.py:90} INFO - Running: ['***', 'tasks', 'run', 'fetch_and_clean_technical_indicators_data', 'fetch_technical_indicators_data', 'manual__2024-10-28T18:18:35.942088+00:00', '--job-id', '108', '--raw', '--subdir', 'DAGS_FOLDER/stock_data_pipelines.py', '--cfg-path', '/tmp/tmp3llju4dl']
[2024-10-29T12:02:14.468+0000] {standard_task_runner.py:91} INFO - Job 108: Subtask fetch_technical_indicators_data
[2024-10-29T12:02:14.489+0000] {logging_mixin.py:188} WARNING - /home/***/.local/lib/python3.12/site-packages/***/settings.py:195 DeprecationWarning: The sql_alchemy_conn option in [core] has been moved to the sql_alchemy_conn option in [database] - the old setting has been used, but please update your config.
[2024-10-29T12:02:14.541+0000] {task_command.py:426} INFO - Running <TaskInstance: fetch_and_clean_technical_indicators_data.fetch_technical_indicators_data manual__2024-10-28T18:18:35.942088+00:00 [running]> on host 66a068bd0545
[2024-10-29T12:02:14.636+0000] {taskinstance.py:2648} INFO - Exporting env vars: AIRFLOW_CTX_DAG_OWNER='***' AIRFLOW_CTX_DAG_ID='fetch_and_clean_technical_indicators_data' AIRFLOW_CTX_TASK_ID='fetch_technical_indicators_data' AIRFLOW_CTX_EXECUTION_DATE='2024-10-28T18:18:35.942088+00:00' AIRFLOW_CTX_TRY_NUMBER='11' AIRFLOW_CTX_DAG_RUN_ID='manual__2024-10-28T18:18:35.942088+00:00'
[2024-10-29T12:02:14.641+0000] {taskinstance.py:430} INFO - ::endgroup::
[2024-10-29T12:03:51.740+0000] {python.py:237} INFO - Done. Returned value was:             date symbol       SMA       EMA       WMA      DEMA        T3
0     2000-01-14   AAPL    0.7472    0.7472    0.7679      None      None
1     2000-01-14   AMZN    4.2343    4.2343    4.3191      None      None
2     2000-01-14    IBM   54.5151   54.5151   56.3007      None      None
3     2000-01-14   MSFT   31.0721   31.0721   32.9764      None      None
4     2000-01-21   AAPL    0.7572    0.7498    0.7705      None      None
...          ...    ...       ...       ...       ...       ...       ...
6220  2024-10-28   AAPL  227.1020  226.9323  228.6140  233.2498  229.5555
6221  2024-10-28   AMZN  184.3195  185.4626  186.6287  188.2526  182.1488
6222  2024-10-28  GOOGL  162.8209  164.8753  163.9057  164.3533  163.9471
6223  2024-10-28    IBM  216.0040  215.6309  221.1849  228.1437  213.3045
6224  2024-10-28   MSFT  421.6150  422.8427  422.7774  422.7184  421.8436

[6225 rows x 7 columns]
[2024-10-29T12:03:51.756+0000] {taskinstance.py:441} INFO - ::group::Post task execution logs
[2024-10-29T12:03:51.877+0000] {taskinstance.py:1206} INFO - Marking task as SUCCESS. dag_id=fetch_and_clean_technical_indicators_data, task_id=fetch_technical_indicators_data, run_id=manual__2024-10-28T18:18:35.942088+00:00, execution_date=20241028T181835, start_date=20241029T120214, end_date=20241029T120351
[2024-10-29T12:03:51.949+0000] {local_task_job_runner.py:240} INFO - Task exited with return code 0
[2024-10-29T12:03:51.990+0000] {taskinstance.py:3503} INFO - 1 downstream tasks scheduled from follow-on schedule check
[2024-10-29T12:03:51.992+0000] {local_task_job_runner.py:222} INFO - ::endgroup::
