[2024-10-28T22:01:45.395+0000] {local_task_job_runner.py:120} INFO - ::group::Pre task execution logs
[2024-10-28T22:01:45.416+0000] {taskinstance.py:2076} INFO - Dependencies all met for dep_context=non-requeueable deps ti=<TaskInstance: fetch_and_clean_technical_indicators_data.fetch_technical_indicators_data manual__2024-10-28T18:18:35.942088+00:00 [queued]>
[2024-10-28T22:01:45.420+0000] {taskinstance.py:2076} INFO - Dependencies all met for dep_context=requeueable deps ti=<TaskInstance: fetch_and_clean_technical_indicators_data.fetch_technical_indicators_data manual__2024-10-28T18:18:35.942088+00:00 [queued]>
[2024-10-28T22:01:45.421+0000] {taskinstance.py:2306} INFO - Starting attempt 5 of 5
[2024-10-28T22:01:45.427+0000] {taskinstance.py:2330} INFO - Executing <Task(PythonOperator): fetch_technical_indicators_data> on 2024-10-28 18:18:35.942088+00:00
[2024-10-28T22:01:45.433+0000] {logging_mixin.py:188} WARNING - /home/***/.local/lib/python3.12/site-packages/***/task/task_runner/standard_task_runner.py:61 DeprecationWarning: This process (pid=21226) is multi-threaded, use of fork() may lead to deadlocks in the child.
[2024-10-28T22:01:45.435+0000] {standard_task_runner.py:63} INFO - Started process 21228 to run task
[2024-10-28T22:01:45.434+0000] {standard_task_runner.py:90} INFO - Running: ['***', 'tasks', 'run', 'fetch_and_clean_technical_indicators_data', 'fetch_technical_indicators_data', 'manual__2024-10-28T18:18:35.942088+00:00', '--job-id', '102', '--raw', '--subdir', 'DAGS_FOLDER/stock_data_pipelines.py', '--cfg-path', '/tmp/tmppsa7qdm4']
[2024-10-28T22:01:45.436+0000] {standard_task_runner.py:91} INFO - Job 102: Subtask fetch_technical_indicators_data
[2024-10-28T22:01:45.450+0000] {logging_mixin.py:188} WARNING - /home/***/.local/lib/python3.12/site-packages/***/settings.py:195 DeprecationWarning: The sql_alchemy_conn option in [core] has been moved to the sql_alchemy_conn option in [database] - the old setting has been used, but please update your config.
[2024-10-28T22:01:45.485+0000] {task_command.py:426} INFO - Running <TaskInstance: fetch_and_clean_technical_indicators_data.fetch_technical_indicators_data manual__2024-10-28T18:18:35.942088+00:00 [running]> on host 66a068bd0545
[2024-10-28T22:01:45.560+0000] {taskinstance.py:2648} INFO - Exporting env vars: AIRFLOW_CTX_DAG_OWNER='***' AIRFLOW_CTX_DAG_ID='fetch_and_clean_technical_indicators_data' AIRFLOW_CTX_TASK_ID='fetch_technical_indicators_data' AIRFLOW_CTX_EXECUTION_DATE='2024-10-28T18:18:35.942088+00:00' AIRFLOW_CTX_TRY_NUMBER='5' AIRFLOW_CTX_DAG_RUN_ID='manual__2024-10-28T18:18:35.942088+00:00'
[2024-10-28T22:01:45.561+0000] {taskinstance.py:430} INFO - ::endgroup::
[2024-10-28T22:02:02.762+0000] {taskinstance.py:441} INFO - ::group::Post task execution logs
[2024-10-28T22:02:02.764+0000] {taskinstance.py:2905} ERROR - Task failed with exception
Traceback (most recent call last):
  File "/home/airflow/.local/lib/python3.12/site-packages/airflow/models/taskinstance.py", line 465, in _execute_task
    result = _execute_callable(context=context, **execute_callable_kwargs)
             ^^^^^^^^^^^^^^^^^^^^^^^^^^^^^^^^^^^^^^^^^^^^^^^^^^^^^^^^^^^^^
  File "/home/airflow/.local/lib/python3.12/site-packages/airflow/models/taskinstance.py", line 432, in _execute_callable
    return execute_callable(context=context, **execute_callable_kwargs)
           ^^^^^^^^^^^^^^^^^^^^^^^^^^^^^^^^^^^^^^^^^^^^^^^^^^^^^^^^^^^^
  File "/home/airflow/.local/lib/python3.12/site-packages/airflow/models/baseoperator.py", line 401, in wrapper
    return func(self, *args, **kwargs)
           ^^^^^^^^^^^^^^^^^^^^^^^^^^^
  File "/home/airflow/.local/lib/python3.12/site-packages/airflow/operators/python.py", line 235, in execute
    return_value = self.execute_callable()
                   ^^^^^^^^^^^^^^^^^^^^^^^
  File "/home/airflow/.local/lib/python3.12/site-packages/airflow/operators/python.py", line 252, in execute_callable
    return self.python_callable(*self.op_args, **self.op_kwargs)
           ^^^^^^^^^^^^^^^^^^^^^^^^^^^^^^^^^^^^^^^^^^^^^^^^^^^^^
  File "/opt/airflow/dags/utils/stock_data_elt.py", line 116, in fetch_technical_indicators_data
    df = extract_indicator_data(data, indicator)
         ^^^^^^^^^^^^^^^^^^^^^^^^^^^^^^^^^^^^^^^
  File "/opt/airflow/dags/utils/stock_data_elt.py", line 137, in extract_indicator_data
    indicator_data = response_data[f'Technical Analysis: {indicator}']
                     ~~~~~~~~~~~~~^^^^^^^^^^^^^^^^^^^^^^^^^^^^^^^^^^^^
KeyError: 'Technical Analysis: DEMA'
[2024-10-28T22:02:02.783+0000] {taskinstance.py:1206} INFO - Marking task as FAILED. dag_id=fetch_and_clean_technical_indicators_data, task_id=fetch_technical_indicators_data, run_id=manual__2024-10-28T18:18:35.942088+00:00, execution_date=20241028T181835, start_date=20241028T220145, end_date=20241028T220202
[2024-10-28T22:02:02.792+0000] {standard_task_runner.py:110} ERROR - Failed to execute job 102 for task fetch_technical_indicators_data ('Technical Analysis: DEMA'; 21228)
[2024-10-28T22:02:02.842+0000] {local_task_job_runner.py:240} INFO - Task exited with return code 1
[2024-10-28T22:02:02.861+0000] {taskinstance.py:3503} INFO - 0 downstream tasks scheduled from follow-on schedule check
[2024-10-28T22:02:02.864+0000] {local_task_job_runner.py:222} INFO - ::endgroup::
