[2024-10-29T17:17:12.038+0000] {local_task_job_runner.py:120} INFO - ::group::Pre task execution logs
[2024-10-29T17:17:12.076+0000] {taskinstance.py:2076} INFO - Dependencies all met for dep_context=non-requeueable deps ti=<TaskInstance: join_and_feature_engineer_all_data.get_insider_transactions_s3 manual__2024-10-29T14:30:15.385142+00:00 [queued]>
[2024-10-29T17:17:12.083+0000] {taskinstance.py:2076} INFO - Dependencies all met for dep_context=requeueable deps ti=<TaskInstance: join_and_feature_engineer_all_data.get_insider_transactions_s3 manual__2024-10-29T14:30:15.385142+00:00 [queued]>
[2024-10-29T17:17:12.085+0000] {taskinstance.py:2306} INFO - Starting attempt 32 of 32
[2024-10-29T17:17:12.095+0000] {taskinstance.py:2330} INFO - Executing <Task(PythonOperator): get_insider_transactions_s3> on 2024-10-29 14:30:15.385142+00:00
[2024-10-29T17:17:12.108+0000] {logging_mixin.py:188} WARNING - /home/***/.local/lib/python3.12/site-packages/***/task/task_runner/standard_task_runner.py:61 DeprecationWarning: This process (pid=682) is multi-threaded, use of fork() may lead to deadlocks in the child.
[2024-10-29T17:17:12.109+0000] {standard_task_runner.py:63} INFO - Started process 695 to run task
[2024-10-29T17:17:12.113+0000] {standard_task_runner.py:90} INFO - Running: ['***', 'tasks', 'run', 'join_and_feature_engineer_all_data', 'get_insider_transactions_s3', 'manual__2024-10-29T14:30:15.385142+00:00', '--job-id', '215', '--raw', '--subdir', 'DAGS_FOLDER/stock_data_pipelines.py', '--cfg-path', '/tmp/tmpypab6i8i']
[2024-10-29T17:17:12.117+0000] {standard_task_runner.py:91} INFO - Job 215: Subtask get_insider_transactions_s3
[2024-10-29T17:17:12.150+0000] {logging_mixin.py:188} WARNING - /home/***/.local/lib/python3.12/site-packages/***/settings.py:195 DeprecationWarning: The sql_alchemy_conn option in [core] has been moved to the sql_alchemy_conn option in [database] - the old setting has been used, but please update your config.
[2024-10-29T17:17:12.213+0000] {task_command.py:426} INFO - Running <TaskInstance: join_and_feature_engineer_all_data.get_insider_transactions_s3 manual__2024-10-29T14:30:15.385142+00:00 [running]> on host a5e3407ec3e4
[2024-10-29T17:17:12.346+0000] {taskinstance.py:2648} INFO - Exporting env vars: AIRFLOW_CTX_DAG_OWNER='***' AIRFLOW_CTX_DAG_ID='join_and_feature_engineer_all_data' AIRFLOW_CTX_TASK_ID='get_insider_transactions_s3' AIRFLOW_CTX_EXECUTION_DATE='2024-10-29T14:30:15.385142+00:00' AIRFLOW_CTX_TRY_NUMBER='32' AIRFLOW_CTX_DAG_RUN_ID='manual__2024-10-29T14:30:15.385142+00:00'
[2024-10-29T17:17:12.349+0000] {taskinstance.py:430} INFO - ::endgroup::
[2024-10-29T17:17:12.363+0000] {logging_mixin.py:188} INFO - Downloading bronze/insider_transaction_data.parquet from S3
[2024-10-29T17:17:12.391+0000] {credentials.py:1147} INFO - Found credentials in environment variables.
[2024-10-29T17:17:14.362+0000] {python.py:237} INFO - Done. Returned value was:       transaction_date ticker  ...   shares share_price
0           2024-09-30    IBM  ...    396.0    221.0800
1           2024-09-30    IBM  ...    250.0    221.0800
2           2024-09-30    IBM  ...    453.0    221.0800
3           2024-09-30    IBM  ...    357.0    221.0800
4           2024-09-30    IBM  ...    419.0    221.0800
...                ...    ...  ...      ...         ...
32636       2003-08-15   AMZN  ...   1300.0      0.0000
32637       2003-08-14   AMZN  ...  37502.0      7.9300
32638       2003-08-14   AMZN  ...  37502.0      0.0000
32639       2003-08-14   AMZN  ...  37502.0     39.8960
32640              NaT   AMZN  ...   7500.0     52.4367

[31570 rows x 8 columns]
[2024-10-29T17:17:14.379+0000] {taskinstance.py:441} INFO - ::group::Post task execution logs
[2024-10-29T17:17:14.541+0000] {taskinstance.py:1206} INFO - Marking task as SUCCESS. dag_id=join_and_feature_engineer_all_data, task_id=get_insider_transactions_s3, run_id=manual__2024-10-29T14:30:15.385142+00:00, execution_date=20241029T143015, start_date=20241029T171712, end_date=20241029T171714
[2024-10-29T17:17:14.626+0000] {local_task_job_runner.py:240} INFO - Task exited with return code 0
[2024-10-29T17:17:14.659+0000] {taskinstance.py:3503} INFO - 0 downstream tasks scheduled from follow-on schedule check
[2024-10-29T17:17:14.662+0000] {local_task_job_runner.py:222} INFO - ::endgroup::
