[2024-10-30T14:27:26.056+0000] {local_task_job_runner.py:120} INFO - ::group::Pre task execution logs
[2024-10-30T14:27:26.100+0000] {taskinstance.py:2076} INFO - Dependencies all met for dep_context=non-requeueable deps ti=<TaskInstance: Predice-Stock-ML-Pipeline.get_engineered_news_sentiment_data_s3 manual__2024-10-30T14:27:23.134497+00:00 [queued]>
[2024-10-30T14:27:26.108+0000] {taskinstance.py:2076} INFO - Dependencies all met for dep_context=requeueable deps ti=<TaskInstance: Predice-Stock-ML-Pipeline.get_engineered_news_sentiment_data_s3 manual__2024-10-30T14:27:23.134497+00:00 [queued]>
[2024-10-30T14:27:26.109+0000] {taskinstance.py:2306} INFO - Starting attempt 1 of 1
[2024-10-30T14:27:26.121+0000] {taskinstance.py:2330} INFO - Executing <Task(PythonOperator): get_engineered_news_sentiment_data_s3> on 2024-10-30 14:27:23.134497+00:00
[2024-10-30T14:27:26.139+0000] {logging_mixin.py:188} WARNING - /home/***/.local/lib/python3.12/site-packages/***/task/task_runner/standard_task_runner.py:61 DeprecationWarning: This process (pid=343) is multi-threaded, use of fork() may lead to deadlocks in the child.
[2024-10-30T14:27:26.140+0000] {standard_task_runner.py:90} INFO - Running: ['***', 'tasks', 'run', 'Predice-Stock-ML-Pipeline', 'get_engineered_news_sentiment_data_s3', 'manual__2024-10-30T14:27:23.134497+00:00', '--job-id', '298', '--raw', '--subdir', 'DAGS_FOLDER/stock_and_sentiment_ml_pipeline.py', '--cfg-path', '/tmp/tmpgwa92hns']
[2024-10-30T14:27:26.144+0000] {standard_task_runner.py:63} INFO - Started process 352 to run task
[2024-10-30T14:27:26.144+0000] {standard_task_runner.py:91} INFO - Job 298: Subtask get_engineered_news_sentiment_data_s3
[2024-10-30T14:27:26.200+0000] {logging_mixin.py:188} WARNING - /home/***/.local/lib/python3.12/site-packages/***/settings.py:195 DeprecationWarning: The sql_alchemy_conn option in [core] has been moved to the sql_alchemy_conn option in [database] - the old setting has been used, but please update your config.
[2024-10-30T14:27:26.293+0000] {task_command.py:426} INFO - Running <TaskInstance: Predice-Stock-ML-Pipeline.get_engineered_news_sentiment_data_s3 manual__2024-10-30T14:27:23.134497+00:00 [running]> on host cf1c99cdc1a8
[2024-10-30T14:27:26.699+0000] {taskinstance.py:2648} INFO - Exporting env vars: AIRFLOW_CTX_DAG_OWNER='***' AIRFLOW_CTX_DAG_ID='Predice-Stock-ML-Pipeline' AIRFLOW_CTX_TASK_ID='get_engineered_news_sentiment_data_s3' AIRFLOW_CTX_EXECUTION_DATE='2024-10-30T14:27:23.134497+00:00' AIRFLOW_CTX_TRY_NUMBER='1' AIRFLOW_CTX_DAG_RUN_ID='manual__2024-10-30T14:27:23.134497+00:00'
[2024-10-30T14:27:26.700+0000] {taskinstance.py:430} INFO - ::endgroup::
[2024-10-30T14:27:26.713+0000] {logging_mixin.py:188} INFO - Downloading silver/engineered_sentiment_data.parquet from S3
[2024-10-30T14:27:26.732+0000] {credentials.py:1147} INFO - Found credentials in environment variables.
[2024-10-30T14:27:28.123+0000] {python.py:237} INFO - Done. Returned value was:                                                 title  ...                                topic_probabilities
0          PayPoint completes investment in obconnect  ...  [0.028150367634185793, 0.028150411046450382, 0...
1   Brookfield Acquires Share of Four UK Offshore ...  ...  [0.01731661782335065, 0.017317646724430282, 0....
2   Brookfield Acquires Share of Four UK Offshore ...  ...  [0.015470434474215046, 0.015471094632377669, 0...
3   Capri-Tapestry Merger Blocked. What Should Inv...  ...  [0.01976650511610907, 0.01976662143077265, 0.0...
4   Martin Marietta Reports Third-Quarter 2024 Res...  ...  [0.018671926792058587, 0.018674519978899445, 0...
5   Invitation: Vallourec Q3 2024 Results Release ...  ...  [0.5499999966452906, 0.0500000003316217, 0.050...
6   Invitation: Vallourec Q3 2024 Results Release ...  ...  [0.5499999966452906, 0.0500000003316217, 0.050...
7   Asia Ex-Japan And Europe Markets Dip; Gold Clo...  ...  [0.01377120545054821, 0.013772114656958566, 0....
8   Should You Forget Costco Wholesale? This Stock...  ...  [0.0177914761635314, 0.017791552134410176, 0.0...
9   CSW Industrials Reports Record Fiscal 2025 Sec...  ...  [0.01755968258613612, 0.5216929560839545, 0.01...
10  Universal Stainless Reports Record Sales and N...  ...  [0.016646652074206764, 0.016647458319479374, 0...
11  W&T Offshore Announces Timing of Third Quarter...  ...  [0.019062369517058385, 0.01906274905091556, 0....
12      Glatfelter Reports Third Quarter 2024 Results  ...  [0.022624745069231823, 0.6094540740169636, 0.0...
13             XPO Reports Third Quarter 2024 Results  ...  [0.016532002468788103, 0.016567230666245714, 0...
14  Newcore Gold Drilling Intersects 0.94 g/t Gold...  ...  [0.017210961111004546, 0.017229521005820564, 0...
15   1 Chart That Shows Why Tesla Is Still Overvalued  ...  [0.02024215065268302, 0.020242147625865643, 0....
16  Bitcoin well-positioned to hit $100K by Januar...  ...  [0.8405040398090908, 0.017721867714642143, 0.0...
17  At 3.9% CAGR Sealants Market Size to Reach $14...  ...  [0.014621587693257434, 0.014623923385780379, 0...
18  Studio City Announces Earnings Release Date - ...  ...  [0.015426067434049383, 0.01542988211172495, 0....
19  Telix Partners with Subtle Medical on AI-Enabl...  ...  [0.01604002773793959, 0.01604010441317521, 0.0...
20        Studio City Announces Earnings Release Date  ...  [0.015719085559056423, 0.3079747842904778, 0.0...
21  Melco Announces Earnings Release Date - Melco ...  ...  [0.01581319004157338, 0.01581319645597136, 0.0...
22  Reykjavík Energy's Financing Framework Remains...  ...  [0.01796041666596364, 0.017986115351059387, 0....
23              Melco Announces Earnings Release Date  ...  [0.015454043532237793, 0.015454043419376576, 0...
24  GameStop Jumps 3.4% After Roaring Kitty Dumps ...  ...  [0.015922532318814082, 0.01592313037532518, 0....
25  Planet 13 Honors Florida Veterans and First Re...  ...  [0.016753841831126208, 0.016754539748708552, 0...
26  XPENG Now on Fortune China's "Tech 50" and "Ch...  ...  [0.017808733143861694, 0.017808754584670516, 0...
27  Mega Matrix Announces that the Werewolf Romanc...  ...  [0.7328682608134993, 0.015123863226739125, 0.0...
28  Parsons Reports Record Results Since IPO for t...  ...  [0.021594001653110127, 0.021594103448017005, 0...
29  Radisson Announces Additional High-Grade Drill...  ...  [0.018807012827263495, 0.018807876695665204, 0...
30  Fireweed Intersects 31 m True Width of 8.68% Z...  ...  [0.013613072310920906, 0.013614510460255797, 0...
31  Automotive Metal Timing Chain Market Size Pred...  ...  [0.014134987028097483, 0.7793007193126569, 0.0...
32                                Before you continue  ...  [0.021859907171107945, 0.021859918939015135, 0...
33            Man Group PLC : Form 8.3 - DS SMITH PLC  ...  [0.02515152920868598, 0.5386063213302985, 0.02...
34  Man Group PLC : Form 8.3 - SPIRENT COMMUNICATI...  ...  [0.02515152590289719, 0.7736360314429499, 0.02...
35  BRICS+ group's share in global goods exports c...  ...  [0.015847352139734212, 0.8573670655962272, 0.0...
36    Man Group PLC : Form 8.3 - TI FLUID SYSTEMS PLC  ...  [0.024180306376859566, 0.7823768790998074, 0.0...
37           How Blockchain Tech Impacts Penny Stocks  ...  [0.0171135836428782, 0.017114072714162452, 0.0...
38  Why Alphabet Shares Are Trading Higher By Arou...  ...  [0.01447355565438096, 0.014474799519199291, 0....
39  Amazon India Units Trims Losses, Posts Moderat...  ...  [0.01660684003008758, 0.8504405951553058, 0.01...
40  Man Group PLC : Form 8.3 - INTERNATIONAL PAPER...  ...  [0.02407510684100243, 0.49975859569551623, 0.0...
41  This Big New Development Could Be Bullish for ...  ...  [0.019340743317818737, 0.01934047281161088, 0....
42  Clearway Energy, Inc. Reports Third Quarter 20...  ...  [0.01566689632787488, 0.015703534774226226, 0....
43  Lexeo Therapeutics Announces Positive Interim ...  ...  [0.017786421426439377, 0.017786424473741284, 0...
44  Decentralized network Uplink tops 40K routers,...  ...  [0.0180757753996474, 0.01809685677631557, 0.01...
45  nCino Signs Definitive Agreement to Acquire Fu...  ...  [0.017649688877640422, 0.01764973823219952, 0....
46  Jitterbit Expands Global Availability of 24-7 ...  ...  [0.015013352016320598, 0.015014019136194576, 0...
47  nCino Signs Definitive Agreement to Acquire Fu...  ...  [0.017198671641673196, 0.017198644347720365, 0...
48                                Before you continue  ...  [0.019255463495595534, 0.019255470668583786, 0...
49                                Before you continue  ...  [0.020637685146098247, 0.020637695946899466, 0...

[50 rows x 13 columns]
[2024-10-30T14:27:28.148+0000] {taskinstance.py:441} INFO - ::group::Post task execution logs
[2024-10-30T14:27:28.203+0000] {taskinstance.py:1206} INFO - Marking task as SUCCESS. dag_id=Predice-Stock-ML-Pipeline, task_id=get_engineered_news_sentiment_data_s3, run_id=manual__2024-10-30T14:27:23.134497+00:00, execution_date=20241030T142723, start_date=20241030T142726, end_date=20241030T142728
[2024-10-30T14:27:28.279+0000] {local_task_job_runner.py:240} INFO - Task exited with return code 0
[2024-10-30T14:27:28.306+0000] {taskinstance.py:3503} INFO - 0 downstream tasks scheduled from follow-on schedule check
[2024-10-30T14:27:28.308+0000] {local_task_job_runner.py:222} INFO - ::endgroup::
