[2024-10-31T12:05:18.491+0000] {local_task_job_runner.py:120} INFO - ::group::Pre task execution logs
[2024-10-31T12:05:18.622+0000] {taskinstance.py:2076} INFO - Dependencies all met for dep_context=non-requeueable deps ti=<TaskInstance: Stock-Data-Pipeline.fetch_stock_data manual__2024-10-30T11:06:50.919751+00:00 [queued]>
[2024-10-31T12:05:18.639+0000] {taskinstance.py:2076} INFO - Dependencies all met for dep_context=requeueable deps ti=<TaskInstance: Stock-Data-Pipeline.fetch_stock_data manual__2024-10-30T11:06:50.919751+00:00 [queued]>
[2024-10-31T12:05:18.640+0000] {taskinstance.py:2306} INFO - Starting attempt 2 of 2
[2024-10-31T12:05:18.658+0000] {taskinstance.py:2330} INFO - Executing <Task(PythonOperator): fetch_stock_data> on 2024-10-30 11:06:50.919751+00:00
[2024-10-31T12:05:18.718+0000] {logging_mixin.py:188} WARNING - /home/***/.local/lib/python3.12/site-packages/***/task/task_runner/standard_task_runner.py:61 DeprecationWarning: This process (pid=48467) is multi-threaded, use of fork() may lead to deadlocks in the child.
[2024-10-31T12:05:18.723+0000] {standard_task_runner.py:63} INFO - Started process 48524 to run task
[2024-10-31T12:05:18.734+0000] {standard_task_runner.py:90} INFO - Running: ['***', 'tasks', 'run', 'Stock-Data-Pipeline', 'fetch_stock_data', 'manual__2024-10-30T11:06:50.919751+00:00', '--job-id', '347', '--raw', '--subdir', 'DAGS_FOLDER/stock_data_pipeline.py', '--cfg-path', '/tmp/tmpzwmgjsa1']
[2024-10-31T12:05:18.742+0000] {standard_task_runner.py:91} INFO - Job 347: Subtask fetch_stock_data
[2024-10-31T12:05:18.836+0000] {logging_mixin.py:188} WARNING - /home/***/.local/lib/python3.12/site-packages/***/settings.py:195 DeprecationWarning: The sql_alchemy_conn option in [core] has been moved to the sql_alchemy_conn option in [database] - the old setting has been used, but please update your config.
[2024-10-31T12:05:19.023+0000] {task_command.py:426} INFO - Running <TaskInstance: Stock-Data-Pipeline.fetch_stock_data manual__2024-10-30T11:06:50.919751+00:00 [running]> on host cf1c99cdc1a8
[2024-10-31T12:05:19.379+0000] {taskinstance.py:2648} INFO - Exporting env vars: AIRFLOW_CTX_DAG_OWNER='***' AIRFLOW_CTX_DAG_ID='Stock-Data-Pipeline' AIRFLOW_CTX_TASK_ID='fetch_stock_data' AIRFLOW_CTX_EXECUTION_DATE='2024-10-30T11:06:50.919751+00:00' AIRFLOW_CTX_TRY_NUMBER='2' AIRFLOW_CTX_DAG_RUN_ID='manual__2024-10-30T11:06:50.919751+00:00'
[2024-10-31T12:05:19.383+0000] {taskinstance.py:430} INFO - ::endgroup::
[2024-10-31T12:05:25.229+0000] {python.py:237} INFO - Done. Returned value was:         timestamp    open    high      low    close    volume symbol
0      2024-10-30  209.48  211.12  204.260  204.900   6956624    IBM
1      2024-10-29  211.99  213.34  209.850  210.430   5258366    IBM
2      2024-10-28  215.50  216.25  212.700  212.910   4993343    IBM
3      2024-10-25  216.80  218.65  214.385  214.670   8482235    IBM
4      2024-10-24  220.80  221.32  216.160  218.390  11193440    IBM
...           ...     ...     ...      ...      ...       ...    ...
17660  2004-08-25  104.76  108.00  103.880  106.000   9188600  GOOGL
17661  2004-08-24  111.24  111.60  103.570  104.870  15247300  GOOGL
17662  2004-08-23  110.76  113.48  109.050  109.400  18256100  GOOGL
17663  2004-08-20  101.01  109.08  100.500  108.310  22834300  GOOGL
17664  2004-08-19  100.01  104.06   95.960  100.335  44659000  GOOGL

[17665 rows x 7 columns]
[2024-10-31T12:05:25.257+0000] {taskinstance.py:441} INFO - ::group::Post task execution logs
[2024-10-31T12:05:25.475+0000] {taskinstance.py:1206} INFO - Marking task as SUCCESS. dag_id=Stock-Data-Pipeline, task_id=fetch_stock_data, run_id=manual__2024-10-30T11:06:50.919751+00:00, execution_date=20241030T110650, start_date=20241031T120518, end_date=20241031T120525
[2024-10-31T12:05:25.585+0000] {local_task_job_runner.py:240} INFO - Task exited with return code 0
[2024-10-31T12:05:25.652+0000] {taskinstance.py:3503} INFO - 1 downstream tasks scheduled from follow-on schedule check
[2024-10-31T12:05:25.663+0000] {local_task_job_runner.py:222} INFO - ::endgroup::
