[2024-10-30T11:06:58.797+0000] {local_task_job_runner.py:120} INFO - ::group::Pre task execution logs
[2024-10-30T11:06:59.194+0000] {taskinstance.py:2076} INFO - Dependencies all met for dep_context=non-requeueable deps ti=<TaskInstance: Stock-Data-Pipeline.fetch_stock_data manual__2024-10-30T11:06:50.919751+00:00 [queued]>
[2024-10-30T11:06:59.272+0000] {taskinstance.py:2076} INFO - Dependencies all met for dep_context=requeueable deps ti=<TaskInstance: Stock-Data-Pipeline.fetch_stock_data manual__2024-10-30T11:06:50.919751+00:00 [queued]>
[2024-10-30T11:06:59.278+0000] {taskinstance.py:2306} INFO - Starting attempt 1 of 1
[2024-10-30T11:06:59.386+0000] {taskinstance.py:2330} INFO - Executing <Task(PythonOperator): fetch_stock_data> on 2024-10-30 11:06:50.919751+00:00
[2024-10-30T11:06:59.506+0000] {logging_mixin.py:188} WARNING - /home/***/.local/lib/python3.12/site-packages/***/task/task_runner/standard_task_runner.py:61 DeprecationWarning: This process (pid=19902) is multi-threaded, use of fork() may lead to deadlocks in the child.
[2024-10-30T11:06:59.526+0000] {standard_task_runner.py:63} INFO - Started process 19968 to run task
[2024-10-30T11:06:59.540+0000] {standard_task_runner.py:90} INFO - Running: ['***', 'tasks', 'run', 'Stock-Data-Pipeline', 'fetch_stock_data', 'manual__2024-10-30T11:06:50.919751+00:00', '--job-id', '270', '--raw', '--subdir', 'DAGS_FOLDER/stock_data_pipeline.py', '--cfg-path', '/tmp/tmplvlza3sy']
[2024-10-30T11:06:59.579+0000] {standard_task_runner.py:91} INFO - Job 270: Subtask fetch_stock_data
[2024-10-30T11:06:59.661+0000] {logging_mixin.py:188} WARNING - /home/***/.local/lib/python3.12/site-packages/***/settings.py:195 DeprecationWarning: The sql_alchemy_conn option in [core] has been moved to the sql_alchemy_conn option in [database] - the old setting has been used, but please update your config.
[2024-10-30T11:06:59.883+0000] {task_command.py:426} INFO - Running <TaskInstance: Stock-Data-Pipeline.fetch_stock_data manual__2024-10-30T11:06:50.919751+00:00 [running]> on host cf1c99cdc1a8
[2024-10-30T11:07:00.296+0000] {taskinstance.py:2648} INFO - Exporting env vars: AIRFLOW_CTX_DAG_OWNER='***' AIRFLOW_CTX_DAG_ID='Stock-Data-Pipeline' AIRFLOW_CTX_TASK_ID='fetch_stock_data' AIRFLOW_CTX_EXECUTION_DATE='2024-10-30T11:06:50.919751+00:00' AIRFLOW_CTX_TRY_NUMBER='1' AIRFLOW_CTX_DAG_RUN_ID='manual__2024-10-30T11:06:50.919751+00:00'
[2024-10-30T11:07:00.310+0000] {taskinstance.py:430} INFO - ::endgroup::
[2024-10-30T11:07:09.708+0000] {local_task_job_runner.py:310} WARNING - State of this instance has been externally set to failed. Terminating instance.
[2024-10-30T11:07:09.714+0000] {local_task_job_runner.py:222} INFO - ::endgroup::
[2024-10-30T11:07:09.720+0000] {process_utils.py:132} INFO - Sending 15 to group 19968. PIDs of all processes in the group: [19968]
[2024-10-30T11:07:09.722+0000] {process_utils.py:87} INFO - Sending the signal 15 to group 19968
[2024-10-30T11:07:09.724+0000] {taskinstance.py:2611} ERROR - Received SIGTERM. Terminating subprocesses.
[2024-10-30T11:07:09.728+0000] {taskinstance.py:441} INFO - ::group::Post task execution logs
[2024-10-30T11:07:09.857+0000] {process_utils.py:80} INFO - Process psutil.Process(pid=19968, status='terminated', exitcode=0, started='11:06:59') (19968) terminated with exit code 0
