[2024-10-28T15:10:32.921+0000] {local_task_job_runner.py:120} INFO - ::group::Pre task execution logs
[2024-10-28T15:10:32.953+0000] {taskinstance.py:2076} INFO - Dependencies all met for dep_context=non-requeueable deps ti=<TaskInstance: fetch_and_clean_stock_data.store_data_in_s3 manual__2024-10-28T15:07:03.349825+00:00 [queued]>
[2024-10-28T15:10:32.960+0000] {taskinstance.py:2076} INFO - Dependencies all met for dep_context=requeueable deps ti=<TaskInstance: fetch_and_clean_stock_data.store_data_in_s3 manual__2024-10-28T15:07:03.349825+00:00 [queued]>
[2024-10-28T15:10:32.961+0000] {taskinstance.py:2306} INFO - Starting attempt 1 of 1
[2024-10-28T15:10:32.970+0000] {taskinstance.py:2330} INFO - Executing <Task(PythonOperator): store_data_in_s3> on 2024-10-28 15:07:03.349825+00:00
[2024-10-28T15:10:32.980+0000] {logging_mixin.py:188} WARNING - /home/***/.local/lib/python3.12/site-packages/***/task/task_runner/standard_task_runner.py:61 DeprecationWarning: This process (pid=211) is multi-threaded, use of fork() may lead to deadlocks in the child.
[2024-10-28T15:10:32.982+0000] {standard_task_runner.py:63} INFO - Started process 220 to run task
[2024-10-28T15:10:32.981+0000] {standard_task_runner.py:90} INFO - Running: ['***', 'tasks', 'run', 'fetch_and_clean_stock_data', 'store_data_in_s3', 'manual__2024-10-28T15:07:03.349825+00:00', '--job-id', '30', '--raw', '--subdir', 'DAGS_FOLDER/stock_data_pipelines.py', '--cfg-path', '/tmp/tmpk0li_hl5']
[2024-10-28T15:10:32.987+0000] {standard_task_runner.py:91} INFO - Job 30: Subtask store_data_in_s3
[2024-10-28T15:10:33.010+0000] {logging_mixin.py:188} WARNING - /home/***/.local/lib/python3.12/site-packages/***/settings.py:195 DeprecationWarning: The sql_alchemy_conn option in [core] has been moved to the sql_alchemy_conn option in [database] - the old setting has been used, but please update your config.
[2024-10-28T15:10:33.059+0000] {task_command.py:426} INFO - Running <TaskInstance: fetch_and_clean_stock_data.store_data_in_s3 manual__2024-10-28T15:07:03.349825+00:00 [running]> on host 66a068bd0545
[2024-10-28T15:10:33.151+0000] {taskinstance.py:2648} INFO - Exporting env vars: AIRFLOW_CTX_DAG_OWNER='***' AIRFLOW_CTX_DAG_ID='fetch_and_clean_stock_data' AIRFLOW_CTX_TASK_ID='store_data_in_s3' AIRFLOW_CTX_EXECUTION_DATE='2024-10-28T15:07:03.349825+00:00' AIRFLOW_CTX_TRY_NUMBER='1' AIRFLOW_CTX_DAG_RUN_ID='manual__2024-10-28T15:07:03.349825+00:00'
[2024-10-28T15:10:33.153+0000] {taskinstance.py:430} INFO - ::endgroup::
[2024-10-28T15:10:33.179+0000] {taskinstance.py:441} INFO - ::group::Post task execution logs
[2024-10-28T15:10:33.180+0000] {taskinstance.py:2905} ERROR - Task failed with exception
Traceback (most recent call last):
  File "/home/airflow/.local/lib/python3.12/site-packages/airflow/models/taskinstance.py", line 465, in _execute_task
    result = _execute_callable(context=context, **execute_callable_kwargs)
             ^^^^^^^^^^^^^^^^^^^^^^^^^^^^^^^^^^^^^^^^^^^^^^^^^^^^^^^^^^^^^
  File "/home/airflow/.local/lib/python3.12/site-packages/airflow/models/taskinstance.py", line 432, in _execute_callable
    return execute_callable(context=context, **execute_callable_kwargs)
           ^^^^^^^^^^^^^^^^^^^^^^^^^^^^^^^^^^^^^^^^^^^^^^^^^^^^^^^^^^^^
  File "/home/airflow/.local/lib/python3.12/site-packages/airflow/models/baseoperator.py", line 401, in wrapper
    return func(self, *args, **kwargs)
           ^^^^^^^^^^^^^^^^^^^^^^^^^^^
  File "/home/airflow/.local/lib/python3.12/site-packages/airflow/operators/python.py", line 235, in execute
    return_value = self.execute_callable()
                   ^^^^^^^^^^^^^^^^^^^^^^^
  File "/home/airflow/.local/lib/python3.12/site-packages/airflow/operators/python.py", line 252, in execute_callable
    return self.python_callable(*self.op_args, **self.op_kwargs)
           ^^^^^^^^^^^^^^^^^^^^^^^^^^^^^^^^^^^^^^^^^^^^^^^^^^^^^
  File "/opt/airflow/dags/utils/s3_helper.py", line 15, in store_bronze_data_in_s3
    save_to_s3(df, file_name)
  File "/opt/airflow/dags/utils/s3_helper.py", line 18, in save_to_s3
    df.to_parquet(file_name)
    ^^^^^^^^^^^^^
AttributeError: 'NoneType' object has no attribute 'to_parquet'
[2024-10-28T15:10:33.198+0000] {taskinstance.py:1206} INFO - Marking task as FAILED. dag_id=fetch_and_clean_stock_data, task_id=store_data_in_s3, run_id=manual__2024-10-28T15:07:03.349825+00:00, execution_date=20241028T150703, start_date=20241028T151032, end_date=20241028T151033
[2024-10-28T15:10:33.207+0000] {standard_task_runner.py:110} ERROR - Failed to execute job 30 for task store_data_in_s3 ('NoneType' object has no attribute 'to_parquet'; 220)
[2024-10-28T15:10:33.240+0000] {local_task_job_runner.py:240} INFO - Task exited with return code 1
[2024-10-28T15:10:33.260+0000] {taskinstance.py:3503} INFO - 0 downstream tasks scheduled from follow-on schedule check
[2024-10-28T15:10:33.262+0000] {local_task_job_runner.py:222} INFO - ::endgroup::
