[2024-10-30T15:39:42.756+0000] {local_task_job_runner.py:120} INFO - ::group::Pre task execution logs
[2024-10-30T15:39:42.777+0000] {taskinstance.py:2076} INFO - Dependencies all met for dep_context=non-requeueable deps ti=<TaskInstance: Predice-Stock-ML-Pipeline.store_ml_model_in_s3 manual__2024-10-30T14:27:23.134497+00:00 [queued]>
[2024-10-30T15:39:42.782+0000] {taskinstance.py:2076} INFO - Dependencies all met for dep_context=requeueable deps ti=<TaskInstance: Predice-Stock-ML-Pipeline.store_ml_model_in_s3 manual__2024-10-30T14:27:23.134497+00:00 [queued]>
[2024-10-30T15:39:42.783+0000] {taskinstance.py:2306} INFO - Starting attempt 6 of 6
[2024-10-30T15:39:42.789+0000] {taskinstance.py:2330} INFO - Executing <Task(PythonOperator): store_ml_model_in_s3> on 2024-10-30 14:27:23.134497+00:00
[2024-10-30T15:39:42.798+0000] {logging_mixin.py:188} WARNING - /home/***/.local/lib/python3.12/site-packages/***/task/task_runner/standard_task_runner.py:61 DeprecationWarning: This process (pid=7044) is multi-threaded, use of fork() may lead to deadlocks in the child.
[2024-10-30T15:39:42.799+0000] {standard_task_runner.py:63} INFO - Started process 7049 to run task
[2024-10-30T15:39:42.799+0000] {standard_task_runner.py:90} INFO - Running: ['***', 'tasks', 'run', 'Predice-Stock-ML-Pipeline', 'store_ml_model_in_s3', 'manual__2024-10-30T14:27:23.134497+00:00', '--job-id', '340', '--raw', '--subdir', 'DAGS_FOLDER/stock_and_sentiment_ml_pipeline.py', '--cfg-path', '/tmp/tmp2ehpwo0b']
[2024-10-30T15:39:42.801+0000] {standard_task_runner.py:91} INFO - Job 340: Subtask store_ml_model_in_s3
[2024-10-30T15:39:42.814+0000] {logging_mixin.py:188} WARNING - /home/***/.local/lib/python3.12/site-packages/***/settings.py:195 DeprecationWarning: The sql_alchemy_conn option in [core] has been moved to the sql_alchemy_conn option in [database] - the old setting has been used, but please update your config.
[2024-10-30T15:39:42.848+0000] {task_command.py:426} INFO - Running <TaskInstance: Predice-Stock-ML-Pipeline.store_ml_model_in_s3 manual__2024-10-30T14:27:23.134497+00:00 [running]> on host cf1c99cdc1a8
[2024-10-30T15:39:43.053+0000] {taskinstance.py:2648} INFO - Exporting env vars: AIRFLOW_CTX_DAG_OWNER='***' AIRFLOW_CTX_DAG_ID='Predice-Stock-ML-Pipeline' AIRFLOW_CTX_TASK_ID='store_ml_model_in_s3' AIRFLOW_CTX_EXECUTION_DATE='2024-10-30T14:27:23.134497+00:00' AIRFLOW_CTX_TRY_NUMBER='6' AIRFLOW_CTX_DAG_RUN_ID='manual__2024-10-30T14:27:23.134497+00:00'
[2024-10-30T15:39:43.054+0000] {taskinstance.py:430} INFO - ::endgroup::
[2024-10-30T15:39:43.081+0000] {credentials.py:1147} INFO - Found credentials in environment variables.
[2024-10-30T15:39:44.024+0000] {python.py:237} INFO - Done. Returned value was: None
[2024-10-30T15:39:44.028+0000] {taskinstance.py:441} INFO - ::group::Post task execution logs
[2024-10-30T15:39:44.068+0000] {taskinstance.py:1206} INFO - Marking task as SUCCESS. dag_id=Predice-Stock-ML-Pipeline, task_id=store_ml_model_in_s3, run_id=manual__2024-10-30T14:27:23.134497+00:00, execution_date=20241030T142723, start_date=20241030T153942, end_date=20241030T153944
[2024-10-30T15:39:44.163+0000] {local_task_job_runner.py:240} INFO - Task exited with return code 0
[2024-10-30T15:39:44.179+0000] {taskinstance.py:3503} INFO - 0 downstream tasks scheduled from follow-on schedule check
[2024-10-30T15:39:44.181+0000] {local_task_job_runner.py:222} INFO - ::endgroup::
