[2024-10-31T12:41:17.742+0000] {processor.py:161} INFO - Started process (PID=52168) to work on /opt/airflow/dags/bronze/stock_data.py
[2024-10-31T12:41:17.744+0000] {processor.py:830} INFO - Processing file /opt/airflow/dags/bronze/stock_data.py for tasks to queue
[2024-10-31T12:41:17.745+0000] {logging_mixin.py:188} INFO - [2024-10-31T12:41:17.745+0000] {dagbag.py:545} INFO - Filling up the DagBag from /opt/airflow/dags/bronze/stock_data.py
[2024-10-31T12:41:19.495+0000] {processor.py:840} INFO - DAG(s) 'Stock-Data-Pipeline' retrieved from /opt/airflow/dags/bronze/stock_data.py
[2024-10-31T12:41:19.598+0000] {logging_mixin.py:188} INFO - [2024-10-31T12:41:19.598+0000] {dag.py:3096} INFO - Sync 1 DAGs
[2024-10-31T12:41:19.607+0000] {logging_mixin.py:188} INFO - [2024-10-31T12:41:19.607+0000] {dag.py:3954} INFO - Setting next_dagrun for Stock-Data-Pipeline to None, run_after=None
[2024-10-31T12:41:19.625+0000] {processor.py:183} INFO - Processing /opt/airflow/dags/bronze/stock_data.py took 1.892 seconds
[2024-10-31T12:41:50.057+0000] {processor.py:161} INFO - Started process (PID=52207) to work on /opt/airflow/dags/bronze/stock_data.py
[2024-10-31T12:41:50.060+0000] {processor.py:830} INFO - Processing file /opt/airflow/dags/bronze/stock_data.py for tasks to queue
[2024-10-31T12:41:50.062+0000] {logging_mixin.py:188} INFO - [2024-10-31T12:41:50.061+0000] {dagbag.py:545} INFO - Filling up the DagBag from /opt/airflow/dags/bronze/stock_data.py
[2024-10-31T12:41:51.602+0000] {processor.py:840} INFO - DAG(s) 'Stock-Data-Pipeline' retrieved from /opt/airflow/dags/bronze/stock_data.py
[2024-10-31T12:41:51.638+0000] {logging_mixin.py:188} INFO - [2024-10-31T12:41:51.638+0000] {dag.py:3096} INFO - Sync 1 DAGs
[2024-10-31T12:41:51.650+0000] {logging_mixin.py:188} INFO - [2024-10-31T12:41:51.650+0000] {dag.py:3954} INFO - Setting next_dagrun for Stock-Data-Pipeline to None, run_after=None
[2024-10-31T12:41:51.667+0000] {processor.py:183} INFO - Processing /opt/airflow/dags/bronze/stock_data.py took 1.621 seconds
[2024-10-31T12:42:22.433+0000] {processor.py:161} INFO - Started process (PID=52255) to work on /opt/airflow/dags/bronze/stock_data.py
[2024-10-31T12:42:22.437+0000] {processor.py:830} INFO - Processing file /opt/airflow/dags/bronze/stock_data.py for tasks to queue
[2024-10-31T12:42:22.439+0000] {logging_mixin.py:188} INFO - [2024-10-31T12:42:22.438+0000] {dagbag.py:545} INFO - Filling up the DagBag from /opt/airflow/dags/bronze/stock_data.py
[2024-10-31T12:42:24.779+0000] {processor.py:840} INFO - DAG(s) 'Stock-Data-Pipeline' retrieved from /opt/airflow/dags/bronze/stock_data.py
[2024-10-31T12:42:24.816+0000] {logging_mixin.py:188} INFO - [2024-10-31T12:42:24.816+0000] {dag.py:3096} INFO - Sync 1 DAGs
[2024-10-31T12:42:24.827+0000] {logging_mixin.py:188} INFO - [2024-10-31T12:42:24.827+0000] {dag.py:3954} INFO - Setting next_dagrun for Stock-Data-Pipeline to None, run_after=None
[2024-10-31T12:42:24.841+0000] {processor.py:183} INFO - Processing /opt/airflow/dags/bronze/stock_data.py took 2.420 seconds
[2024-10-31T12:42:55.186+0000] {processor.py:161} INFO - Started process (PID=52292) to work on /opt/airflow/dags/bronze/stock_data.py
[2024-10-31T12:42:55.188+0000] {processor.py:830} INFO - Processing file /opt/airflow/dags/bronze/stock_data.py for tasks to queue
[2024-10-31T12:42:55.190+0000] {logging_mixin.py:188} INFO - [2024-10-31T12:42:55.189+0000] {dagbag.py:545} INFO - Filling up the DagBag from /opt/airflow/dags/bronze/stock_data.py
[2024-10-31T12:42:57.329+0000] {processor.py:840} INFO - DAG(s) 'Stock-Data-Pipeline' retrieved from /opt/airflow/dags/bronze/stock_data.py
[2024-10-31T12:42:57.365+0000] {logging_mixin.py:188} INFO - [2024-10-31T12:42:57.365+0000] {dag.py:3096} INFO - Sync 1 DAGs
[2024-10-31T12:42:57.374+0000] {logging_mixin.py:188} INFO - [2024-10-31T12:42:57.374+0000] {dag.py:3954} INFO - Setting next_dagrun for Stock-Data-Pipeline to None, run_after=None
[2024-10-31T12:42:57.386+0000] {processor.py:183} INFO - Processing /opt/airflow/dags/bronze/stock_data.py took 2.211 seconds
[2024-10-31T12:46:17.970+0000] {processor.py:161} INFO - Started process (PID=52420) to work on /opt/airflow/dags/bronze/stock_data.py
[2024-10-31T12:46:17.973+0000] {processor.py:830} INFO - Processing file /opt/airflow/dags/bronze/stock_data.py for tasks to queue
[2024-10-31T12:46:17.976+0000] {logging_mixin.py:188} INFO - [2024-10-31T12:46:17.975+0000] {dagbag.py:545} INFO - Filling up the DagBag from /opt/airflow/dags/bronze/stock_data.py
[2024-10-31T12:46:20.331+0000] {logging_mixin.py:188} INFO - [2024-10-31T12:46:20.327+0000] {dagbag.py:355} ERROR - Failed to import: /opt/airflow/dags/bronze/stock_data.py
Traceback (most recent call last):
  File "/home/airflow/.local/lib/python3.12/site-packages/airflow/models/dagbag.py", line 351, in parse
    loader.exec_module(new_module)
  File "<frozen importlib._bootstrap_external>", line 995, in exec_module
  File "<frozen importlib._bootstrap>", line 488, in _call_with_frames_removed
  File "/opt/airflow/dags/bronze/stock_data.py", line 18, in <module>
    from utils.stock_data_elt import (
ModuleNotFoundError: No module named 'utils.stock_data_elt'
[2024-10-31T12:46:20.333+0000] {processor.py:842} WARNING - No viable dags retrieved from /opt/airflow/dags/bronze/stock_data.py
[2024-10-31T12:46:20.371+0000] {processor.py:183} INFO - Processing /opt/airflow/dags/bronze/stock_data.py took 2.413 seconds
[2024-10-31T12:46:50.701+0000] {processor.py:161} INFO - Started process (PID=52484) to work on /opt/airflow/dags/bronze/stock_data.py
[2024-10-31T12:46:50.703+0000] {processor.py:830} INFO - Processing file /opt/airflow/dags/bronze/stock_data.py for tasks to queue
[2024-10-31T12:46:50.705+0000] {logging_mixin.py:188} INFO - [2024-10-31T12:46:50.704+0000] {dagbag.py:545} INFO - Filling up the DagBag from /opt/airflow/dags/bronze/stock_data.py
[2024-10-31T12:46:52.593+0000] {logging_mixin.py:188} INFO - [2024-10-31T12:46:52.591+0000] {dagbag.py:355} ERROR - Failed to import: /opt/airflow/dags/bronze/stock_data.py
Traceback (most recent call last):
  File "/home/airflow/.local/lib/python3.12/site-packages/airflow/models/dagbag.py", line 351, in parse
    loader.exec_module(new_module)
  File "<frozen importlib._bootstrap_external>", line 995, in exec_module
  File "<frozen importlib._bootstrap>", line 488, in _call_with_frames_removed
  File "/opt/airflow/dags/bronze/stock_data.py", line 18, in <module>
    from utils.stock_data_elt import (
ModuleNotFoundError: No module named 'utils.stock_data_elt'
[2024-10-31T12:46:52.594+0000] {processor.py:842} WARNING - No viable dags retrieved from /opt/airflow/dags/bronze/stock_data.py
[2024-10-31T12:46:52.622+0000] {processor.py:183} INFO - Processing /opt/airflow/dags/bronze/stock_data.py took 1.932 seconds
